        -:    0:Source:D:/Project Workspace/Year3/VIS/src/Error.cpp
        -:    0:Graph:D:\Project Workspace\Year3\VIS\cmake-build-debug\tests\CMakeFiles\vis_tests.dir\__\src\Error.cpp.gcno
        -:    0:Data:D:\Project Workspace\Year3\VIS\cmake-build-debug\tests\CMakeFiles\vis_tests.dir\__\src\Error.cpp.gcda
        -:    0:Runs:1
        -:    1:#include "error.h"
        -:    2:
        -:    3:// Definition of the Error constructor
function _ZN5ErrorC2ERKNSt7__cxx1112basic_stringIcSt11char_traitsIcESaIcEEE called 5 returned 100% blocks executed 100%
        5:    4:Error::Error(const std::string& message): std::runtime_error(message) {
        5:    4-block  0
call    0 returned 5
        5:    5:}
        -:    6:
        -:    7:// Definition of the getMessage method
function _ZNK5Error10getMessageB5cxx11Ev called 0 returned 0% blocks executed 0%
    #####:    8:std::string Error::getMessage() const {
    %%%%%:    8-block  0
    #####:    9:    return what();
    %%%%%:    9-block  0
call    0 never executed
call    1 never executed
branch  2 never executed (fallthrough)
branch  3 never executed (throw)
    %%%%%:    9-block  1
        -:   10:}
        -:   11:
        -:   12:
function _ZN16IllegalCharErrorC2ERKNSt7__cxx1112basic_stringIcSt11char_traitsIcESaIcEEE called 2 returned 100% blocks executed 71%
        2:   13:IllegalCharError::IllegalCharError(const std::string& message): Error("Illegal Character Error: " + message) {
        2:   13-block  0
call    0 returned 2
branch  1 taken 2 (fallthrough)
branch  2 taken 0 (throw)
        2:   13-block  1
call    3 returned 2
branch  4 taken 2 (fallthrough)
branch  5 taken 0 (throw)
        2:   13-block  2
call    6 returned 2
    $$$$$:   13-block  3
call    7 never executed
        2:   14:}
        -:   15:
function _ZN10LexerErrorC2ERKNSt7__cxx1112basic_stringIcSt11char_traitsIcESaIcEEE called 0 returned 0% blocks executed 0%
    #####:   16:LexerError::LexerError(const std::string& message): Error("Lexer Error: " + message) {
    %%%%%:   16-block  0
call    0 never executed
branch  1 never executed (fallthrough)
branch  2 never executed (throw)
    %%%%%:   16-block  1
call    3 never executed
branch  4 never executed (fallthrough)
branch  5 never executed (throw)
    %%%%%:   16-block  2
call    6 never executed
    $$$$$:   16-block  3
call    7 never executed
    #####:   17:}
        -:   18:
function _ZN18InvalidSyntaxErrorC2ERKNSt7__cxx1112basic_stringIcSt11char_traitsIcESaIcEEE called 2 returned 100% blocks executed 71%
        2:   19:InvalidSyntaxError::InvalidSyntaxError(const std::string& message): Error("Syntax Error: " + message) {
        2:   19-block  0
call    0 returned 2
branch  1 taken 2 (fallthrough)
branch  2 taken 0 (throw)
        2:   19-block  1
call    3 returned 2
branch  4 taken 2 (fallthrough)
branch  5 taken 0 (throw)
        2:   19-block  2
call    6 returned 2
    $$$$$:   19-block  3
call    7 never executed
        2:   20:}
        -:   21:
function _ZN17ExpectedCharErrorC2ERKNSt7__cxx1112basic_stringIcSt11char_traitsIcESaIcEEE called 1 returned 100% blocks executed 71%
        1:   22:ExpectedCharError::ExpectedCharError(const std::string& message): Error("Expected Char Error: " + message) {
        1:   22-block  0
call    0 returned 1
branch  1 taken 1 (fallthrough)
branch  2 taken 0 (throw)
        1:   22-block  1
call    3 returned 1
branch  4 taken 1 (fallthrough)
branch  5 taken 0 (throw)
        1:   22-block  2
call    6 returned 1
    $$$$$:   22-block  3
call    7 never executed
        1:   23:}
        -:   24:
function _ZN10ParseErrorC2ERKNSt7__cxx1112basic_stringIcSt11char_traitsIcESaIcEEE called 0 returned 0% blocks executed 0%
    #####:   25:ParseError::ParseError(const std::string& message): Error("Parse Error: " + message) {
    %%%%%:   25-block  0
call    0 never executed
branch  1 never executed (fallthrough)
branch  2 never executed (throw)
    %%%%%:   25-block  1
call    3 never executed
branch  4 never executed (fallthrough)
branch  5 never executed (throw)
    %%%%%:   25-block  2
call    6 never executed
    $$$$$:   25-block  3
call    7 never executed
    #####:   26:}
        -:   27:
function _ZN14InterpretErrorC2ERKNSt7__cxx1112basic_stringIcSt11char_traitsIcESaIcEEE called 0 returned 0% blocks executed 0%
    #####:   28:InterpretError::InterpretError(const std::string& message): Error(
    #####:   29:    "Interpreter Error (if you are seeing this logic has gone wrong): " + message
    %%%%%:   29-block  0
call    0 never executed
    $$$$$:   29-block  1
call    1 never executed
    #####:   30:    ) {
    %%%%%:   30-block  0
call    0 never executed
branch  1 never executed (fallthrough)
branch  2 never executed (throw)
    %%%%%:   30-block  1
call    3 never executed
branch  4 never executed (fallthrough)
branch  5 never executed (throw)
    #####:   31:}
        -:   32:
function _ZN15VisRunTimeErrorC2ERKNSt7__cxx1112basic_stringIcSt11char_traitsIcESaIcEEE called 0 returned 0% blocks executed 0%
    #####:   33:VisRunTimeError::VisRunTimeError(const std::string& message): Error("RunTime Error: " + message) {
    %%%%%:   33-block  0
call    0 never executed
branch  1 never executed (fallthrough)
branch  2 never executed (throw)
    %%%%%:   33-block  1
call    3 never executed
branch  4 never executed (fallthrough)
branch  5 never executed (throw)
    %%%%%:   33-block  2
call    6 never executed
    $$$$$:   33-block  3
call    7 never executed
    #####:   34:}
        -:   35:
