        -:    0:Source:D:/Project Workspace/Year3/VIS/tests/TestParser.cpp
        -:    0:Graph:D:\Project Workspace\Year3\VIS\cmake-build-debug\tests\CMakeFiles\vis_tests.dir\TestParser.cpp.gcno
        -:    0:Data:D:\Project Workspace\Year3\VIS\cmake-build-debug\tests\CMakeFiles\vis_tests.dir\TestParser.cpp.gcda
        -:    0:Runs:1
        -:    1:#include <gmock/gmock.h>
        -:    2:#include <gtest/gtest.h>
        -:    3:#include "TestHelpers.h"
        -:    4:#include "Parser.h"
        -:    5:#include "Token.h"
        -:    6:#include "Node.h"
        -:    7:
        4:    8:TEST(ParserTest, ParsesSimpleVariableAssignment) {
        -:    9:    std::vector<Token> tokens = {
        -:   10:        Token(TokenType::KEYWORD, dummyPos, "var"),
        -:   11:        Token(TokenType::IDENTIFIER, dummyPos, "x"),
        -:   12:        Token(TokenType::EQUALS, dummyPos),
    #####:   13:        Token(TokenType::INT, dummyPos, 42),
        -:   14:        Token(TokenType::EOL, dummyPos)
        7:   15:    };
        5:   16:    std::map<int, std::vector<Token>> tokenMap = { {0, tokens}, {1, {Token(TokenType::EOF_, dummyPos)}} };
        1:   17:    Parser parser(tokenMap);
        1:   18:    std::unique_ptr<Node> node = parser.parse();
       1*:   19:    ASSERT_NE(node, nullptr);
       1*:   20:    EXPECT_EQ(node->getType(), NodeType::VarAssgnment);
       1*:   21:    auto* varAssign = dynamic_cast<VarAssignment*>(node.get());
       1*:   22:    ASSERT_NE(varAssign, nullptr);
       1*:   23:    EXPECT_EQ(std::get<std::string>(varAssign->getToken().getValue()), "x");
       1*:   24:    auto* valueNode = dynamic_cast<Number*>(varAssign->getValue().get());
       1*:   25:    ASSERT_NE(valueNode, nullptr);
       1*:   26:    EXPECT_EQ(valueNode->getType(), NodeType::Number);
       1*:   27:    EXPECT_EQ(std::get<int>(valueNode->getToken().getValue()), 42);
        7:   28:}
------------------
_ZN46ParserTest_ParsesSimpleVariableAssignment_TestC1Ev:
function _ZN46ParserTest_ParsesSimpleVariableAssignment_TestC1Ev called 1 returned 100% blocks executed 100%
        1:    8:TEST(ParserTest, ParsesSimpleVariableAssignment) {
        1:    8-block  0
call    0 returned 1
------------------
_ZN46ParserTest_ParsesSimpleVariableAssignment_TestD0Ev:
function _ZN46ParserTest_ParsesSimpleVariableAssignment_TestD0Ev called 1 returned 100% blocks executed 100%
        1:    8:TEST(ParserTest, ParsesSimpleVariableAssignment) {
        1:    8-block  0
call    0 returned 1
call    1 returned 1
------------------
_ZN46ParserTest_ParsesSimpleVariableAssignment_TestD1Ev:
function _ZN46ParserTest_ParsesSimpleVariableAssignment_TestD1Ev called 1 returned 100% blocks executed 100%
        1:    8:TEST(ParserTest, ParsesSimpleVariableAssignment) {
        1:    8-block  0
call    0 returned 1
------------------
_ZN46ParserTest_ParsesSimpleVariableAssignment_Test8TestBodyEv:
function _ZN46ParserTest_ParsesSimpleVariableAssignment_Test8TestBodyEv called 1 returned 100% blocks executed 35%
        1:    8:TEST(ParserTest, ParsesSimpleVariableAssignment) {
        -:    9:    std::vector<Token> tokens = {
        -:   10:        Token(TokenType::KEYWORD, dummyPos, "var"),
        -:   11:        Token(TokenType::IDENTIFIER, dummyPos, "x"),
        -:   12:        Token(TokenType::EQUALS, dummyPos),
    #####:   13:        Token(TokenType::INT, dummyPos, 42),
    $$$$$:   13-block  0
        -:   14:        Token(TokenType::EOL, dummyPos)
        7:   15:    };
        1:   15-block  0
call    0 returned 1
branch  1 taken 1 (fallthrough)
branch  2 taken 0 (throw)
        6:   15-block  1
branch  3 taken 5 (fallthrough)
branch  4 taken 1
        5:   15-block  2
call    5 returned 5
    $$$$$:   15-block  3
    $$$$$:   15-block  4
    $$$$$:   15-block  5
branch  6 never executed (fallthrough)
branch  7 never executed
    $$$$$:   15-block  6
call    8 never executed
    $$$$$:   15-block  7
        5:   16:    std::map<int, std::vector<Token>> tokenMap = { {0, tokens}, {1, {Token(TokenType::EOF_, dummyPos)}} };
        1:   16-block  0
call    0 returned 1
branch  1 taken 1 (fallthrough)
branch  2 taken 0 (throw)
        3:   16-block  1
branch  3 taken 2 (fallthrough)
branch  4 taken 1
        2:   16-block  2
call    5 returned 2
        1:   16-block  3
call    6 returned 1
    $$$$$:   16-block  4
    $$$$$:   16-block  5
    $$$$$:   16-block  6
    $$$$$:   16-block  7
branch  7 never executed (fallthrough)
branch  8 never executed
    $$$$$:   16-block  8
call    9 never executed
    $$$$$:   16-block  9
    $$$$$:   16-block 10
call   10 never executed
    $$$$$:   16-block 11
    $$$$$:   16-block 12
    $$$$$:   16-block 13
        1:   17:    Parser parser(tokenMap);
        1:   17-block  0
call    0 returned 1
branch  1 taken 1 (fallthrough)
branch  2 taken 0 (throw)
        1:   17-block  1
call    3 returned 1
    $$$$$:   17-block  2
call    4 never executed
    $$$$$:   17-block  3
        1:   18:    std::unique_ptr<Node> node = parser.parse();
call    0 returned 1
branch  1 taken 1 (fallthrough)
branch  2 taken 0 (throw)
       1*:   19:    ASSERT_NE(node, nullptr);
        1:   19-block  0
call    0 returned 1
branch  1 taken 1 (fallthrough)
branch  2 taken 0 (throw)
        1:   19-block  1
call    3 returned 1
branch  4 taken 0 (fallthrough)
branch  5 taken 1
    %%%%%:   19-block  2
call    6 never executed
branch  7 never executed (fallthrough)
branch  8 never executed (throw)
    %%%%%:   19-block  3
call    9 never executed
call   10 never executed
branch 11 never executed (fallthrough)
branch 12 never executed (throw)
    %%%%%:   19-block  4
call   13 never executed
branch 14 never executed (fallthrough)
branch 15 never executed (throw)
    %%%%%:   19-block  5
call   16 never executed
call   17 never executed
        1:   19-block  6
        1:   19-block  7
call   18 returned 1
branch 19 taken 1 (fallthrough)
branch 20 taken 0
        1:   19-block  8
    $$$$$:   19-block  9
    $$$$$:   19-block 10
call   21 never executed
    $$$$$:   19-block 11
    $$$$$:   19-block 12
call   22 never executed
    $$$$$:   19-block 13
    $$$$$:   19-block 14
call   23 never executed
       1*:   20:    EXPECT_EQ(node->getType(), NodeType::VarAssgnment);
        1:   20-block  0
call    0 returned 1
call    1 returned 1
branch  2 taken 1 (fallthrough)
branch  3 taken 0 (throw)
        1:   20-block  1
call    4 returned 1
branch  5 taken 1 (fallthrough)
branch  6 taken 0 (throw)
        1:   20-block  2
call    7 returned 1
branch  8 taken 0 (fallthrough)
branch  9 taken 1
    %%%%%:   20-block  3
call   10 never executed
branch 11 never executed (fallthrough)
branch 12 never executed (throw)
    %%%%%:   20-block  4
call   13 never executed
call   14 never executed
branch 15 never executed (fallthrough)
branch 16 never executed (throw)
    %%%%%:   20-block  5
call   17 never executed
branch 18 never executed (fallthrough)
branch 19 never executed (throw)
    %%%%%:   20-block  6
call   20 never executed
call   21 never executed
        1:   20-block  7
call   22 returned 1
    $$$$$:   20-block  8
    $$$$$:   20-block  9
    $$$$$:   20-block 10
call   23 never executed
    $$$$$:   20-block 11
    $$$$$:   20-block 12
call   24 never executed
    $$$$$:   20-block 13
    $$$$$:   20-block 14
call   25 never executed
       1*:   21:    auto* varAssign = dynamic_cast<VarAssignment*>(node.get());
call    0 returned 1
branch  1 taken 1 (fallthrough)
branch  2 taken 0
        1:   21-block  0
    %%%%%:   21-block  1
       1*:   22:    ASSERT_NE(varAssign, nullptr);
        1:   22-block  0
call    0 returned 1
branch  1 taken 1 (fallthrough)
branch  2 taken 0 (throw)
        1:   22-block  1
call    3 returned 1
branch  4 taken 0 (fallthrough)
branch  5 taken 1
    %%%%%:   22-block  2
call    6 never executed
branch  7 never executed (fallthrough)
branch  8 never executed (throw)
    %%%%%:   22-block  3
call    9 never executed
call   10 never executed
branch 11 never executed (fallthrough)
branch 12 never executed (throw)
    %%%%%:   22-block  4
call   13 never executed
branch 14 never executed (fallthrough)
branch 15 never executed (throw)
    %%%%%:   22-block  5
call   16 never executed
call   17 never executed
        1:   22-block  6
        1:   22-block  7
call   18 returned 1
branch 19 taken 1 (fallthrough)
branch 20 taken 0
        1:   22-block  8
    $$$$$:   22-block  9
    $$$$$:   22-block 10
call   21 never executed
    $$$$$:   22-block 11
    $$$$$:   22-block 12
call   22 never executed
    $$$$$:   22-block 13
    $$$$$:   22-block 14
call   23 never executed
       1*:   23:    EXPECT_EQ(std::get<std::string>(varAssign->getToken().getValue()), "x");
        1:   23-block  0
call    0 returned 1
branch  1 taken 1 (fallthrough)
branch  2 taken 0 (throw)
        1:   23-block  1
call    3 returned 1
branch  4 taken 1 (fallthrough)
branch  5 taken 0 (throw)
        1:   23-block  2
call    6 returned 1
branch  7 taken 1 (fallthrough)
branch  8 taken 0 (throw)
        1:   23-block  3
call    9 returned 1
branch 10 taken 1 (fallthrough)
branch 11 taken 0 (throw)
        1:   23-block  4
call   12 returned 1
call   13 returned 1
call   14 returned 1
branch 15 taken 0 (fallthrough)
branch 16 taken 1
    %%%%%:   23-block  5
call   17 never executed
branch 18 never executed (fallthrough)
branch 19 never executed (throw)
    %%%%%:   23-block  6
call   20 never executed
call   21 never executed
branch 22 never executed (fallthrough)
branch 23 never executed (throw)
    %%%%%:   23-block  7
call   24 never executed
branch 25 never executed (fallthrough)
branch 26 never executed (throw)
    %%%%%:   23-block  8
call   27 never executed
call   28 never executed
        1:   23-block  9
call   29 returned 1
    $$$$$:   23-block 10
call   30 never executed
    $$$$$:   23-block 11
call   31 never executed
    $$$$$:   23-block 12
    $$$$$:   23-block 13
    $$$$$:   23-block 14
call   32 never executed
    $$$$$:   23-block 15
    $$$$$:   23-block 16
call   33 never executed
    $$$$$:   23-block 17
    $$$$$:   23-block 18
call   34 never executed
       1*:   24:    auto* valueNode = dynamic_cast<Number*>(varAssign->getValue().get());
call    0 returned 1
branch  1 taken 1 (fallthrough)
branch  2 taken 0 (throw)
        1:   24-block  0
call    3 returned 1
branch  4 taken 1 (fallthrough)
branch  5 taken 0
        1:   24-block  1
    %%%%%:   24-block  2
       1*:   25:    ASSERT_NE(valueNode, nullptr);
        1:   25-block  0
call    0 returned 1
branch  1 taken 1 (fallthrough)
branch  2 taken 0 (throw)
        1:   25-block  1
call    3 returned 1
branch  4 taken 0 (fallthrough)
branch  5 taken 1
    %%%%%:   25-block  2
call    6 never executed
branch  7 never executed (fallthrough)
branch  8 never executed (throw)
    %%%%%:   25-block  3
call    9 never executed
call   10 never executed
branch 11 never executed (fallthrough)
branch 12 never executed (throw)
    %%%%%:   25-block  4
call   13 never executed
branch 14 never executed (fallthrough)
branch 15 never executed (throw)
    %%%%%:   25-block  5
call   16 never executed
call   17 never executed
        1:   25-block  6
        1:   25-block  7
call   18 returned 1
branch 19 taken 1 (fallthrough)
branch 20 taken 0
        1:   25-block  8
    $$$$$:   25-block  9
    $$$$$:   25-block 10
call   21 never executed
    $$$$$:   25-block 11
    $$$$$:   25-block 12
call   22 never executed
    $$$$$:   25-block 13
    $$$$$:   25-block 14
call   23 never executed
       1*:   26:    EXPECT_EQ(valueNode->getType(), NodeType::Number);
        1:   26-block  0
call    0 returned 1
branch  1 taken 1 (fallthrough)
branch  2 taken 0 (throw)
        1:   26-block  1
call    3 returned 1
branch  4 taken 1 (fallthrough)
branch  5 taken 0 (throw)
        1:   26-block  2
call    6 returned 1
branch  7 taken 0 (fallthrough)
branch  8 taken 1
    %%%%%:   26-block  3
call    9 never executed
branch 10 never executed (fallthrough)
branch 11 never executed (throw)
    %%%%%:   26-block  4
call   12 never executed
call   13 never executed
branch 14 never executed (fallthrough)
branch 15 never executed (throw)
    %%%%%:   26-block  5
call   16 never executed
branch 17 never executed (fallthrough)
branch 18 never executed (throw)
    %%%%%:   26-block  6
call   19 never executed
call   20 never executed
        1:   26-block  7
call   21 returned 1
    $$$$$:   26-block  8
    $$$$$:   26-block  9
    $$$$$:   26-block 10
call   22 never executed
    $$$$$:   26-block 11
    $$$$$:   26-block 12
call   23 never executed
    $$$$$:   26-block 13
    $$$$$:   26-block 14
call   24 never executed
       1*:   27:    EXPECT_EQ(std::get<int>(valueNode->getToken().getValue()), 42);
call    0 returned 1
branch  1 taken 1 (fallthrough)
branch  2 taken 0 (throw)
        1:   27-block  0
call    3 returned 1
branch  4 taken 1 (fallthrough)
branch  5 taken 0 (throw)
        1:   27-block  1
call    6 returned 1
branch  7 taken 1 (fallthrough)
branch  8 taken 0 (throw)
        1:   27-block  2
call    9 returned 1
branch 10 taken 1 (fallthrough)
branch 11 taken 0 (throw)
        1:   27-block  3
call   12 returned 1
call   13 returned 1
call   14 returned 1
branch 15 taken 0 (fallthrough)
branch 16 taken 1
    %%%%%:   27-block  4
call   17 never executed
branch 18 never executed (fallthrough)
branch 19 never executed (throw)
    %%%%%:   27-block  5
call   20 never executed
call   21 never executed
branch 22 never executed (fallthrough)
branch 23 never executed (throw)
    %%%%%:   27-block  6
call   24 never executed
branch 25 never executed (fallthrough)
branch 26 never executed (throw)
    %%%%%:   27-block  7
call   27 never executed
call   28 never executed
        1:   27-block  8
call   29 returned 1
    $$$$$:   27-block  9
call   30 never executed
    $$$$$:   27-block 10
call   31 never executed
    $$$$$:   27-block 11
    $$$$$:   27-block 12
    $$$$$:   27-block 13
    $$$$$:   27-block 14
call   32 never executed
    $$$$$:   27-block 15
    $$$$$:   27-block 16
call   33 never executed
    $$$$$:   27-block 17
    $$$$$:   27-block 18
call   34 never executed
        7:   28:}
        1:   28-block  0
call    0 returned 1
branch  1 taken 1 (fallthrough)
branch  2 taken 0 (throw)
        1:   28-block  1
call    3 returned 1
branch  4 taken 1 (fallthrough)
branch  5 taken 0 (throw)
        1:   28-block  2
call    6 returned 1
branch  7 taken 1 (fallthrough)
branch  8 taken 0 (throw)
        1:   28-block  3
call    9 returned 1
branch 10 taken 1 (fallthrough)
branch 11 taken 0 (throw)
        1:   28-block  4
call   12 returned 1
call   13 returned 1
branch 14 taken 1 (fallthrough)
branch 15 taken 0 (throw)
        1:   28-block  5
call   16 returned 1
call   17 returned 1
branch 18 taken 1 (fallthrough)
branch 19 taken 0 (throw)
        1:   28-block  6
call   20 returned 1
call   21 returned 1
branch 22 taken 1 (fallthrough)
branch 23 taken 0 (throw)
        1:   28-block  7
        1:   28-block  8
call   24 returned 1
call   25 returned 1
call   26 returned 1
call   27 returned 1
call   28 returned 1
call   29 returned 1
branch 30 taken 1 (fallthrough)
branch 31 taken 0 (throw)
        1:   28-block  9
call   32 returned 1
call   33 returned 1
branch 34 taken 1 (fallthrough)
branch 35 taken 0 (throw)
        1:   28-block 10
        1:   28-block 11
call   36 returned 1
branch 37 taken 1 (fallthrough)
branch 38 taken 0 (throw)
        1:   28-block 12
call   39 returned 1
branch 40 taken 1 (fallthrough)
branch 41 taken 0 (throw)
        1:   28-block 13
        1:   28-block 14
call   42 returned 1
        2:   28-block 15
branch 43 taken 1 (fallthrough)
branch 44 taken 1
        1:   28-block 16
call   45 returned 1
call   46 returned 1
branch 47 taken 1 (fallthrough)
branch 48 taken 0 (throw)
        1:   28-block 17
call   49 returned 1
branch 50 taken 1 (fallthrough)
branch 51 taken 0
        1:   28-block 18
        1:   28-block 19
call   52 returned 1
branch 53 taken 1 (fallthrough)
branch 54 taken 0
        1:   28-block 20
        1:   28-block 21
call   55 returned 1
branch 56 taken 1 (fallthrough)
branch 57 taken 0
        1:   28-block 22
        1:   28-block 23
call   58 returned 1
branch 59 taken 1 (fallthrough)
branch 60 taken 0
    $$$$$:   28-block 24
call   61 never executed
    $$$$$:   28-block 25
    $$$$$:   28-block 26
    $$$$$:   28-block 27
call   62 never executed
    $$$$$:   28-block 28
    $$$$$:   28-block 29
call   63 never executed
    $$$$$:   28-block 30
    $$$$$:   28-block 31
    $$$$$:   28-block 32
call   64 never executed
    $$$$$:   28-block 33
    $$$$$:   28-block 34
call   65 never executed
    $$$$$:   28-block 35
    $$$$$:   28-block 36
branch 66 never executed (fallthrough)
branch 67 never executed
    $$$$$:   28-block 37
    $$$$$:   28-block 38
branch 68 never executed (fallthrough)
branch 69 never executed
    $$$$$:   28-block 39
call   70 never executed
    $$$$$:   28-block 40
call   71 never executed
    $$$$$:   28-block 41
    $$$$$:   28-block 42
branch 72 never executed (fallthrough)
branch 73 never executed
    $$$$$:   28-block 43
call   74 never executed
    $$$$$:   28-block 44
    $$$$$:   28-block 45
    $$$$$:   28-block 46
branch 75 never executed (fallthrough)
branch 76 never executed
    $$$$$:   28-block 47
    $$$$$:   28-block 48
branch 77 never executed (fallthrough)
branch 78 never executed
    $$$$$:   28-block 49
call   79 never executed
    $$$$$:   28-block 50
    $$$$$:   28-block 51
    $$$$$:   28-block 52
branch 80 never executed (fallthrough)
branch 81 never executed
    $$$$$:   28-block 53
    $$$$$:   28-block 54
branch 82 never executed (fallthrough)
branch 83 never executed
    $$$$$:   28-block 55
call   84 never executed
    $$$$$:   28-block 56
call   85 never executed
    $$$$$:   28-block 57
call   86 never executed
    $$$$$:   28-block 58
call   87 never executed
    $$$$$:   28-block 59
call   88 never executed
------------------
        -:   29:
        4:   30:TEST(ParserTest, ParsesIncorrectSyntax) {
        -:   31:    std::vector<Token> tokens = {
        -:   32:        Token(TokenType::KEYWORD, dummyPos, "var"),
        -:   33:        Token(TokenType::KEYWORD, dummyPos, "var"),
        -:   34:        Token(TokenType::EQUALS, dummyPos),
    #####:   35:        Token(TokenType::INT, dummyPos, 42),
        -:   36:        Token(TokenType::EOL, dummyPos)
        7:   37:    };
        5:   38:    std::map<int, std::vector<Token>> tokenMap = { {0, tokens}, {1, {Token(TokenType::EOF_, dummyPos)}} };
        1:   39:    Parser parser(tokenMap);
       1*:   40:    EXPECT_THROW(parser.parse(), InvalidSyntaxError);
        7:   41:}
------------------
_ZN37ParserTest_ParsesIncorrectSyntax_TestC1Ev:
function _ZN37ParserTest_ParsesIncorrectSyntax_TestC1Ev called 1 returned 100% blocks executed 100%
        1:   30:TEST(ParserTest, ParsesIncorrectSyntax) {
        1:   30-block  0
call    0 returned 1
------------------
_ZN37ParserTest_ParsesIncorrectSyntax_TestD0Ev:
function _ZN37ParserTest_ParsesIncorrectSyntax_TestD0Ev called 1 returned 100% blocks executed 100%
        1:   30:TEST(ParserTest, ParsesIncorrectSyntax) {
        1:   30-block  0
call    0 returned 1
call    1 returned 1
------------------
_ZN37ParserTest_ParsesIncorrectSyntax_TestD1Ev:
function _ZN37ParserTest_ParsesIncorrectSyntax_TestD1Ev called 1 returned 100% blocks executed 100%
        1:   30:TEST(ParserTest, ParsesIncorrectSyntax) {
        1:   30-block  0
call    0 returned 1
------------------
_ZN37ParserTest_ParsesIncorrectSyntax_Test8TestBodyEv:
function _ZN37ParserTest_ParsesIncorrectSyntax_Test8TestBodyEv called 1 returned 100% blocks executed 35%
        1:   30:TEST(ParserTest, ParsesIncorrectSyntax) {
        -:   31:    std::vector<Token> tokens = {
        -:   32:        Token(TokenType::KEYWORD, dummyPos, "var"),
        -:   33:        Token(TokenType::KEYWORD, dummyPos, "var"),
        -:   34:        Token(TokenType::EQUALS, dummyPos),
    #####:   35:        Token(TokenType::INT, dummyPos, 42),
    $$$$$:   35-block  0
        -:   36:        Token(TokenType::EOL, dummyPos)
        7:   37:    };
        1:   37-block  0
call    0 returned 1
branch  1 taken 1 (fallthrough)
branch  2 taken 0 (throw)
        6:   37-block  1
branch  3 taken 5 (fallthrough)
branch  4 taken 1
        5:   37-block  2
call    5 returned 5
    $$$$$:   37-block  3
    $$$$$:   37-block  4
    $$$$$:   37-block  5
branch  6 never executed (fallthrough)
branch  7 never executed
    $$$$$:   37-block  6
call    8 never executed
    $$$$$:   37-block  7
        5:   38:    std::map<int, std::vector<Token>> tokenMap = { {0, tokens}, {1, {Token(TokenType::EOF_, dummyPos)}} };
        1:   38-block  0
call    0 returned 1
branch  1 taken 1 (fallthrough)
branch  2 taken 0 (throw)
        3:   38-block  1
branch  3 taken 2 (fallthrough)
branch  4 taken 1
        2:   38-block  2
call    5 returned 2
        1:   38-block  3
call    6 returned 1
    $$$$$:   38-block  4
    $$$$$:   38-block  5
    $$$$$:   38-block  6
    $$$$$:   38-block  7
branch  7 never executed (fallthrough)
branch  8 never executed
    $$$$$:   38-block  8
call    9 never executed
    $$$$$:   38-block  9
    $$$$$:   38-block 10
call   10 never executed
    $$$$$:   38-block 11
    $$$$$:   38-block 12
    $$$$$:   38-block 13
        1:   39:    Parser parser(tokenMap);
        1:   39-block  0
call    0 returned 1
branch  1 taken 1 (fallthrough)
branch  2 taken 0 (throw)
        1:   39-block  1
call    3 returned 1
    $$$$$:   39-block  2
call    4 never executed
    $$$$$:   39-block  3
       1*:   40:    EXPECT_THROW(parser.parse(), InvalidSyntaxError);
call    0 returned 1
call    1 returned 1
branch  2 taken 1 (fallthrough)
branch  3 taken 0
        1:   40-block  0
call    4 returned 1
branch  5 taken 1 (fallthrough)
branch  6 taken 0 (throw)
        1:   40-block  1
branch  7 taken 1 (fallthrough)
branch  8 taken 0
        1:   40-block  2
call    9 returned 1
branch 10 taken 0 (fallthrough)
branch 11 taken 1 (throw)
    %%%%%:   40-block  3
call   12 never executed
        1:   40-block  4
branch 13 taken 0 (fallthrough)
branch 14 taken 1
    %%%%%:   40-block  5
call   15 never executed
branch 16 never executed (fallthrough)
branch 17 never executed (throw)
    %%%%%:   40-block  6
    %%%%%:   40-block  7
call   18 never executed
branch 19 never executed (fallthrough)
branch 20 never executed (throw)
    %%%%%:   40-block  8
call   21 never executed
call   22 never executed
branch 23 never executed (fallthrough)
branch 24 never executed (throw)
    %%%%%:   40-block  9
call   25 never executed
branch 26 never executed (fallthrough)
branch 27 never executed (throw)
    %%%%%:   40-block 10
call   28 never executed
call   29 never executed
        1:   40-block 11
call   30 returned 1
        1:   40-block 12
        1:   40-block 13
branch 31 taken 1
branch 32 taken 0
branch 33 taken 0
        1:   40-block 14
call   34 returned 1
call   35 returned 1
branch 36 taken 1 (fallthrough)
branch 37 taken 0 (throw)
    $$$$$:   40-block 15
call   38 never executed
call   39 never executed
branch 40 never executed (fallthrough)
branch 41 never executed (throw)
    $$$$$:   40-block 16
call   42 never executed
branch 43 never executed (fallthrough)
branch 44 never executed (throw)
    $$$$$:   40-block 17
call   45 never executed
branch 46 never executed (fallthrough)
branch 47 never executed (throw)
    $$$$$:   40-block 18
call   48 never executed
call   49 never executed
branch 50 never executed (fallthrough)
branch 51 never executed (throw)
    $$$$$:   40-block 19
call   52 never executed
call   53 never executed
branch 54 never executed (fallthrough)
branch 55 never executed (throw)
    $$$$$:   40-block 20
call   56 never executed
branch 57 never executed (fallthrough)
branch 58 never executed (throw)
    $$$$$:   40-block 21
    $$$$$:   40-block 22
call   59 never executed
    $$$$$:   40-block 23
call   60 never executed
call   61 never executed
branch 62 never executed (fallthrough)
branch 63 never executed (throw)
    $$$$$:   40-block 24
    $$$$$:   40-block 25
call   64 never executed
branch 65 never executed (fallthrough)
branch 66 never executed (throw)
    $$$$$:   40-block 26
call   67 never executed
    $$$$$:   40-block 27
    $$$$$:   40-block 28
call   68 never executed
    $$$$$:   40-block 29
call   69 never executed
    $$$$$:   40-block 30
call   70 never executed
    $$$$$:   40-block 31
    $$$$$:   40-block 32
call   71 never executed
    $$$$$:   40-block 33
    $$$$$:   40-block 34
call   72 never executed
        7:   41:}
        1:   41-block  0
call    0 returned 1
branch  1 taken 1 (fallthrough)
branch  2 taken 0 (throw)
        1:   41-block  1
call    3 returned 1
branch  4 taken 1 (fallthrough)
branch  5 taken 0 (throw)
        1:   41-block  2
call    6 returned 1
branch  7 taken 1 (fallthrough)
branch  8 taken 0 (throw)
        1:   41-block  3
call    9 returned 1
branch 10 taken 1 (fallthrough)
branch 11 taken 0 (throw)
        1:   41-block  4
call   12 returned 1
call   13 returned 1
branch 14 taken 1 (fallthrough)
branch 15 taken 0 (throw)
        1:   41-block  5
call   16 returned 1
call   17 returned 1
branch 18 taken 1 (fallthrough)
branch 19 taken 0 (throw)
        1:   41-block  6
call   20 returned 1
call   21 returned 1
branch 22 taken 1 (fallthrough)
branch 23 taken 0 (throw)
        1:   41-block  7
        1:   41-block  8
call   24 returned 1
call   25 returned 1
call   26 returned 1
call   27 returned 1
call   28 returned 1
call   29 returned 1
branch 30 taken 1 (fallthrough)
branch 31 taken 0 (throw)
        1:   41-block  9
call   32 returned 1
call   33 returned 1
branch 34 taken 1 (fallthrough)
branch 35 taken 0 (throw)
        1:   41-block 10
        1:   41-block 11
call   36 returned 1
branch 37 taken 1 (fallthrough)
branch 38 taken 0 (throw)
        1:   41-block 12
call   39 returned 1
branch 40 taken 1 (fallthrough)
branch 41 taken 0 (throw)
        1:   41-block 13
        1:   41-block 14
call   42 returned 1
        2:   41-block 15
branch 43 taken 1 (fallthrough)
branch 44 taken 1
        1:   41-block 16
call   45 returned 1
call   46 returned 1
branch 47 taken 1 (fallthrough)
branch 48 taken 0 (throw)
call   49 returned 1
call   50 returned 1
call   51 returned 1
    $$$$$:   41-block 17
call   52 never executed
    $$$$$:   41-block 18
    $$$$$:   41-block 19
    $$$$$:   41-block 20
call   53 never executed
    $$$$$:   41-block 21
    $$$$$:   41-block 22
call   54 never executed
    $$$$$:   41-block 23
    $$$$$:   41-block 24
    $$$$$:   41-block 25
call   55 never executed
    $$$$$:   41-block 26
    $$$$$:   41-block 27
call   56 never executed
    $$$$$:   41-block 28
    $$$$$:   41-block 29
branch 57 never executed (fallthrough)
branch 58 never executed
    $$$$$:   41-block 30
    $$$$$:   41-block 31
branch 59 never executed (fallthrough)
branch 60 never executed
    $$$$$:   41-block 32
call   61 never executed
    $$$$$:   41-block 33
call   62 never executed
    $$$$$:   41-block 34
    $$$$$:   41-block 35
branch 63 never executed (fallthrough)
branch 64 never executed
    $$$$$:   41-block 36
call   65 never executed
    $$$$$:   41-block 37
    $$$$$:   41-block 38
    $$$$$:   41-block 39
branch 66 never executed (fallthrough)
branch 67 never executed
    $$$$$:   41-block 40
    $$$$$:   41-block 41
branch 68 never executed (fallthrough)
branch 69 never executed
    $$$$$:   41-block 42
call   70 never executed
    $$$$$:   41-block 43
    $$$$$:   41-block 44
    $$$$$:   41-block 45
branch 71 never executed (fallthrough)
branch 72 never executed
    $$$$$:   41-block 46
    $$$$$:   41-block 47
branch 73 never executed (fallthrough)
branch 74 never executed
    $$$$$:   41-block 48
call   75 never executed
    $$$$$:   41-block 49
call   76 never executed
    $$$$$:   41-block 50
call   77 never executed
    $$$$$:   41-block 51
call   78 never executed
------------------
        -:   42:
        4:   43:TEST(ParserTest, ParsesFuncCall) {
        -:   44:    std::vector<Token> tokens = {
        -:   45:        Token(TokenType::IDENTIFIER, dummyPos, "testName"),
        -:   46:        Token(TokenType::OPENPAREN, dummyPos),
        -:   47:        Token(TokenType::STRING, dummyPos, "test"),
        -:   48:        Token(TokenType::CLOSEPAREN, dummyPos),
        -:   49:        Token(TokenType::EOL, dummyPos)
        7:   50:    };
        -:   51:    std::map<int, std::vector<Token>> tokenMap = {
    #####:   52:        {0, tokens},
    #####:   53:        {1, {Token(TokenType::EOF_, dummyPos)}}
        5:   54:    };
        1:   55:    Parser parser(tokenMap);
        1:   56:    std::unique_ptr<Node> result = parser.parse();
       1*:   57:    ASSERT_NE(result, nullptr);
       1*:   58:    EXPECT_EQ(result->getType(), NodeType::FuncCall);
       1*:   59:    auto* call = dynamic_cast<FuncCall*>(result.get());
       1*:   60:    ASSERT_NE(call, nullptr);
        1:   61:    const auto& arguments = call->getArguments();
       1*:   62:    ASSERT_EQ(arguments.size(), 1);  // One expression inside the true block
        1:   63:    const Node* argument = arguments.at(0).get();
       1*:   64:    EXPECT_EQ(argument->getType(), NodeType::String);
        7:   65:}
------------------
_ZN30ParserTest_ParsesFuncCall_TestC1Ev:
function _ZN30ParserTest_ParsesFuncCall_TestC1Ev called 1 returned 100% blocks executed 100%
        1:   43:TEST(ParserTest, ParsesFuncCall) {
        1:   43-block  0
call    0 returned 1
------------------
_ZN30ParserTest_ParsesFuncCall_TestD0Ev:
function _ZN30ParserTest_ParsesFuncCall_TestD0Ev called 1 returned 100% blocks executed 100%
        1:   43:TEST(ParserTest, ParsesFuncCall) {
        1:   43-block  0
call    0 returned 1
call    1 returned 1
------------------
_ZN30ParserTest_ParsesFuncCall_TestD1Ev:
function _ZN30ParserTest_ParsesFuncCall_TestD1Ev called 1 returned 100% blocks executed 100%
        1:   43:TEST(ParserTest, ParsesFuncCall) {
        1:   43-block  0
call    0 returned 1
------------------
_ZN30ParserTest_ParsesFuncCall_Test8TestBodyEv:
function _ZN30ParserTest_ParsesFuncCall_Test8TestBodyEv called 1 returned 100% blocks executed 37%
        1:   43:TEST(ParserTest, ParsesFuncCall) {
        -:   44:    std::vector<Token> tokens = {
        -:   45:        Token(TokenType::IDENTIFIER, dummyPos, "testName"),
        -:   46:        Token(TokenType::OPENPAREN, dummyPos),
        -:   47:        Token(TokenType::STRING, dummyPos, "test"),
        -:   48:        Token(TokenType::CLOSEPAREN, dummyPos),
        -:   49:        Token(TokenType::EOL, dummyPos)
        7:   50:    };
        1:   50-block  0
call    0 returned 1
branch  1 taken 1 (fallthrough)
branch  2 taken 0 (throw)
        6:   50-block  1
branch  3 taken 5 (fallthrough)
branch  4 taken 1
        5:   50-block  2
call    5 returned 5
    $$$$$:   50-block  3
    $$$$$:   50-block  4
    $$$$$:   50-block  5
branch  6 never executed (fallthrough)
branch  7 never executed
    $$$$$:   50-block  6
call    8 never executed
    $$$$$:   50-block  7
        -:   51:    std::map<int, std::vector<Token>> tokenMap = {
    #####:   52:        {0, tokens},
    $$$$$:   52-block  0
    #####:   53:        {1, {Token(TokenType::EOF_, dummyPos)}}
    $$$$$:   53-block  0
        5:   54:    };
        1:   54-block  0
call    0 returned 1
branch  1 taken 1 (fallthrough)
branch  2 taken 0 (throw)
        3:   54-block  1
branch  3 taken 2 (fallthrough)
branch  4 taken 1
        2:   54-block  2
call    5 returned 2
        1:   54-block  3
call    6 returned 1
    $$$$$:   54-block  4
    $$$$$:   54-block  5
    $$$$$:   54-block  6
    $$$$$:   54-block  7
branch  7 never executed (fallthrough)
branch  8 never executed
    $$$$$:   54-block  8
call    9 never executed
    $$$$$:   54-block  9
    $$$$$:   54-block 10
call   10 never executed
    $$$$$:   54-block 11
        1:   55:    Parser parser(tokenMap);
        1:   55-block  0
call    0 returned 1
branch  1 taken 1 (fallthrough)
branch  2 taken 0 (throw)
        1:   55-block  1
call    3 returned 1
    $$$$$:   55-block  2
call    4 never executed
    $$$$$:   55-block  3
        1:   56:    std::unique_ptr<Node> result = parser.parse();
call    0 returned 1
branch  1 taken 1 (fallthrough)
branch  2 taken 0 (throw)
       1*:   57:    ASSERT_NE(result, nullptr);
        1:   57-block  0
call    0 returned 1
branch  1 taken 1 (fallthrough)
branch  2 taken 0 (throw)
        1:   57-block  1
call    3 returned 1
branch  4 taken 0 (fallthrough)
branch  5 taken 1
    %%%%%:   57-block  2
call    6 never executed
branch  7 never executed (fallthrough)
branch  8 never executed (throw)
    %%%%%:   57-block  3
call    9 never executed
call   10 never executed
branch 11 never executed (fallthrough)
branch 12 never executed (throw)
    %%%%%:   57-block  4
call   13 never executed
branch 14 never executed (fallthrough)
branch 15 never executed (throw)
    %%%%%:   57-block  5
call   16 never executed
call   17 never executed
        1:   57-block  6
        1:   57-block  7
call   18 returned 1
branch 19 taken 1 (fallthrough)
branch 20 taken 0
        1:   57-block  8
    $$$$$:   57-block  9
    $$$$$:   57-block 10
call   21 never executed
    $$$$$:   57-block 11
    $$$$$:   57-block 12
call   22 never executed
    $$$$$:   57-block 13
    $$$$$:   57-block 14
call   23 never executed
       1*:   58:    EXPECT_EQ(result->getType(), NodeType::FuncCall);
        1:   58-block  0
call    0 returned 1
call    1 returned 1
branch  2 taken 1 (fallthrough)
branch  3 taken 0 (throw)
        1:   58-block  1
call    4 returned 1
branch  5 taken 1 (fallthrough)
branch  6 taken 0 (throw)
        1:   58-block  2
call    7 returned 1
branch  8 taken 0 (fallthrough)
branch  9 taken 1
    %%%%%:   58-block  3
call   10 never executed
branch 11 never executed (fallthrough)
branch 12 never executed (throw)
    %%%%%:   58-block  4
call   13 never executed
call   14 never executed
branch 15 never executed (fallthrough)
branch 16 never executed (throw)
    %%%%%:   58-block  5
call   17 never executed
branch 18 never executed (fallthrough)
branch 19 never executed (throw)
    %%%%%:   58-block  6
call   20 never executed
call   21 never executed
        1:   58-block  7
call   22 returned 1
    $$$$$:   58-block  8
    $$$$$:   58-block  9
    $$$$$:   58-block 10
call   23 never executed
    $$$$$:   58-block 11
    $$$$$:   58-block 12
call   24 never executed
    $$$$$:   58-block 13
    $$$$$:   58-block 14
call   25 never executed
       1*:   59:    auto* call = dynamic_cast<FuncCall*>(result.get());
call    0 returned 1
branch  1 taken 1 (fallthrough)
branch  2 taken 0
        1:   59-block  0
    %%%%%:   59-block  1
       1*:   60:    ASSERT_NE(call, nullptr);
        1:   60-block  0
call    0 returned 1
branch  1 taken 1 (fallthrough)
branch  2 taken 0 (throw)
        1:   60-block  1
call    3 returned 1
branch  4 taken 0 (fallthrough)
branch  5 taken 1
    %%%%%:   60-block  2
call    6 never executed
branch  7 never executed (fallthrough)
branch  8 never executed (throw)
    %%%%%:   60-block  3
call    9 never executed
call   10 never executed
branch 11 never executed (fallthrough)
branch 12 never executed (throw)
    %%%%%:   60-block  4
call   13 never executed
branch 14 never executed (fallthrough)
branch 15 never executed (throw)
    %%%%%:   60-block  5
call   16 never executed
call   17 never executed
        1:   60-block  6
        1:   60-block  7
call   18 returned 1
branch 19 taken 1 (fallthrough)
branch 20 taken 0
        1:   60-block  8
    $$$$$:   60-block  9
    $$$$$:   60-block 10
call   21 never executed
    $$$$$:   60-block 11
    $$$$$:   60-block 12
call   22 never executed
    $$$$$:   60-block 13
    $$$$$:   60-block 14
call   23 never executed
        1:   61:    const auto& arguments = call->getArguments();
        1:   61-block  0
call    0 returned 1
branch  1 taken 1 (fallthrough)
branch  2 taken 0 (throw)
       1*:   62:    ASSERT_EQ(arguments.size(), 1);  // One expression inside the true block
        1:   62-block  0
call    0 returned 1
call    1 returned 1
branch  2 taken 1 (fallthrough)
branch  3 taken 0 (throw)
        1:   62-block  1
call    4 returned 1
branch  5 taken 0 (fallthrough)
branch  6 taken 1
    %%%%%:   62-block  2
call    7 never executed
branch  8 never executed (fallthrough)
branch  9 never executed (throw)
    %%%%%:   62-block  3
call   10 never executed
call   11 never executed
branch 12 never executed (fallthrough)
branch 13 never executed (throw)
    %%%%%:   62-block  4
call   14 never executed
branch 15 never executed (fallthrough)
branch 16 never executed (throw)
    %%%%%:   62-block  5
call   17 never executed
call   18 never executed
        1:   62-block  6
        1:   62-block  7
call   19 returned 1
branch 20 taken 1 (fallthrough)
branch 21 taken 0
        1:   62-block  8
    $$$$$:   62-block  9
    $$$$$:   62-block 10
    $$$$$:   62-block 11
call   22 never executed
    $$$$$:   62-block 12
    $$$$$:   62-block 13
call   23 never executed
    $$$$$:   62-block 14
    $$$$$:   62-block 15
call   24 never executed
        1:   63:    const Node* argument = arguments.at(0).get();
        1:   63-block  0
call    0 returned 1
branch  1 taken 1 (fallthrough)
branch  2 taken 0 (throw)
        1:   63-block  1
call    3 returned 1
       1*:   64:    EXPECT_EQ(argument->getType(), NodeType::String);
call    0 returned 1
branch  1 taken 1 (fallthrough)
branch  2 taken 0 (throw)
        1:   64-block  0
call    3 returned 1
branch  4 taken 1 (fallthrough)
branch  5 taken 0 (throw)
        1:   64-block  1
call    6 returned 1
branch  7 taken 0 (fallthrough)
branch  8 taken 1
    %%%%%:   64-block  2
call    9 never executed
branch 10 never executed (fallthrough)
branch 11 never executed (throw)
    %%%%%:   64-block  3
call   12 never executed
call   13 never executed
branch 14 never executed (fallthrough)
branch 15 never executed (throw)
    %%%%%:   64-block  4
call   16 never executed
branch 17 never executed (fallthrough)
branch 18 never executed (throw)
    %%%%%:   64-block  5
call   19 never executed
call   20 never executed
        1:   64-block  6
call   21 returned 1
    $$$$$:   64-block  7
    $$$$$:   64-block  8
    $$$$$:   64-block  9
call   22 never executed
    $$$$$:   64-block 10
    $$$$$:   64-block 11
call   23 never executed
    $$$$$:   64-block 12
    $$$$$:   64-block 13
call   24 never executed
        7:   65:}
        1:   65-block  0
call    0 returned 1
branch  1 taken 1 (fallthrough)
branch  2 taken 0 (throw)
        1:   65-block  1
call    3 returned 1
branch  4 taken 1 (fallthrough)
branch  5 taken 0 (throw)
        1:   65-block  2
call    6 returned 1
call    7 returned 1
branch  8 taken 1 (fallthrough)
branch  9 taken 0 (throw)
        1:   65-block  3
call   10 returned 1
branch 11 taken 1 (fallthrough)
branch 12 taken 0 (throw)
        1:   65-block  4
call   13 returned 1
branch 14 taken 1 (fallthrough)
branch 15 taken 0 (throw)
        1:   65-block  5
call   16 returned 1
call   17 returned 1
branch 18 taken 1 (fallthrough)
branch 19 taken 0 (throw)
        1:   65-block  6
call   20 returned 1
call   21 returned 1
branch 22 taken 1 (fallthrough)
branch 23 taken 0 (throw)
        1:   65-block  7
        1:   65-block  8
call   24 returned 1
call   25 returned 1
call   26 returned 1
call   27 returned 1
call   28 returned 1
call   29 returned 1
branch 30 taken 1 (fallthrough)
branch 31 taken 0 (throw)
        1:   65-block  9
call   32 returned 1
call   33 returned 1
branch 34 taken 1 (fallthrough)
branch 35 taken 0 (throw)
        1:   65-block 10
        1:   65-block 11
call   36 returned 1
branch 37 taken 1 (fallthrough)
branch 38 taken 0 (throw)
        1:   65-block 12
call   39 returned 1
branch 40 taken 1 (fallthrough)
branch 41 taken 0 (throw)
        1:   65-block 13
        1:   65-block 14
call   42 returned 1
        2:   65-block 15
branch 43 taken 1 (fallthrough)
branch 44 taken 1
        1:   65-block 16
call   45 returned 1
call   46 returned 1
branch 47 taken 1 (fallthrough)
branch 48 taken 0 (throw)
        1:   65-block 17
call   49 returned 1
branch 50 taken 1 (fallthrough)
branch 51 taken 0
        1:   65-block 18
        1:   65-block 19
call   52 returned 1
branch 53 taken 1 (fallthrough)
branch 54 taken 0
        1:   65-block 20
        1:   65-block 21
call   55 returned 1
branch 56 taken 1 (fallthrough)
branch 57 taken 0
        1:   65-block 22
        1:   65-block 23
call   58 returned 1
branch 59 taken 1 (fallthrough)
branch 60 taken 0
    $$$$$:   65-block 24
call   61 never executed
    $$$$$:   65-block 25
    $$$$$:   65-block 26
    $$$$$:   65-block 27
call   62 never executed
    $$$$$:   65-block 28
    $$$$$:   65-block 29
    $$$$$:   65-block 30
call   63 never executed
    $$$$$:   65-block 31
    $$$$$:   65-block 32
call   64 never executed
    $$$$$:   65-block 33
    $$$$$:   65-block 34
    $$$$$:   65-block 35
call   65 never executed
    $$$$$:   65-block 36
    $$$$$:   65-block 37
branch 66 never executed (fallthrough)
branch 67 never executed
    $$$$$:   65-block 38
    $$$$$:   65-block 39
branch 68 never executed (fallthrough)
branch 69 never executed
    $$$$$:   65-block 40
call   70 never executed
    $$$$$:   65-block 41
call   71 never executed
    $$$$$:   65-block 42
    $$$$$:   65-block 43
branch 72 never executed (fallthrough)
branch 73 never executed
    $$$$$:   65-block 44
call   74 never executed
    $$$$$:   65-block 45
    $$$$$:   65-block 46
    $$$$$:   65-block 47
branch 75 never executed (fallthrough)
branch 76 never executed
    $$$$$:   65-block 48
    $$$$$:   65-block 49
branch 77 never executed (fallthrough)
branch 78 never executed
    $$$$$:   65-block 50
call   79 never executed
    $$$$$:   65-block 51
    $$$$$:   65-block 52
    $$$$$:   65-block 53
branch 80 never executed (fallthrough)
branch 81 never executed
    $$$$$:   65-block 54
    $$$$$:   65-block 55
branch 82 never executed (fallthrough)
branch 83 never executed
    $$$$$:   65-block 56
call   84 never executed
    $$$$$:   65-block 57
call   85 never executed
    $$$$$:   65-block 58
call   86 never executed
    $$$$$:   65-block 59
call   87 never executed
    $$$$$:   65-block 60
call   88 never executed
------------------
        -:   66:
        4:   67:TEST(ParserTest, ParsesLibCallToOutWithString) {
        -:   68:    std::vector<Token> tokens = {
        -:   69:        Token(TokenType::KEYWORD, dummyPos, "out"),
        -:   70:        Token(TokenType::OPENPAREN, dummyPos),
        -:   71:        Token(TokenType::STRING, dummyPos, "test"),
        -:   72:        Token(TokenType::CLOSEPAREN, dummyPos),
        -:   73:        Token(TokenType::EOL, dummyPos)
        7:   74:    };
        -:   75:    std::map<int, std::vector<Token>> tokenMap = {
    #####:   76:        {0, tokens},
    #####:   77:        {1, {Token(TokenType::EOF_, dummyPos)}}
        5:   78:    };
        1:   79:    Parser parser(tokenMap);
        1:   80:    std::unique_ptr<Node> result = parser.parse();
       1*:   81:    ASSERT_NE(result, nullptr);
       1*:   82:    EXPECT_EQ(result->getType(), NodeType::LibCall);
       1*:   83:    auto* call = dynamic_cast<LibCall*>(result.get());
       1*:   84:    ASSERT_NE(call, nullptr);
       1*:   85:    EXPECT_EQ(std::get<std::string>(call->getToken().getValue()), "out");
        7:   86:}
------------------
_ZN44ParserTest_ParsesLibCallToOutWithString_TestC1Ev:
function _ZN44ParserTest_ParsesLibCallToOutWithString_TestC1Ev called 1 returned 100% blocks executed 100%
        1:   67:TEST(ParserTest, ParsesLibCallToOutWithString) {
        1:   67-block  0
call    0 returned 1
------------------
_ZN44ParserTest_ParsesLibCallToOutWithString_TestD0Ev:
function _ZN44ParserTest_ParsesLibCallToOutWithString_TestD0Ev called 1 returned 100% blocks executed 100%
        1:   67:TEST(ParserTest, ParsesLibCallToOutWithString) {
        1:   67-block  0
call    0 returned 1
call    1 returned 1
------------------
_ZN44ParserTest_ParsesLibCallToOutWithString_TestD1Ev:
function _ZN44ParserTest_ParsesLibCallToOutWithString_TestD1Ev called 1 returned 100% blocks executed 100%
        1:   67:TEST(ParserTest, ParsesLibCallToOutWithString) {
        1:   67-block  0
call    0 returned 1
------------------
_ZN44ParserTest_ParsesLibCallToOutWithString_Test8TestBodyEv:
function _ZN44ParserTest_ParsesLibCallToOutWithString_Test8TestBodyEv called 1 returned 100% blocks executed 37%
        1:   67:TEST(ParserTest, ParsesLibCallToOutWithString) {
        -:   68:    std::vector<Token> tokens = {
        -:   69:        Token(TokenType::KEYWORD, dummyPos, "out"),
        -:   70:        Token(TokenType::OPENPAREN, dummyPos),
        -:   71:        Token(TokenType::STRING, dummyPos, "test"),
        -:   72:        Token(TokenType::CLOSEPAREN, dummyPos),
        -:   73:        Token(TokenType::EOL, dummyPos)
        7:   74:    };
        1:   74-block  0
call    0 returned 1
branch  1 taken 1 (fallthrough)
branch  2 taken 0 (throw)
        6:   74-block  1
branch  3 taken 5 (fallthrough)
branch  4 taken 1
        5:   74-block  2
call    5 returned 5
    $$$$$:   74-block  3
    $$$$$:   74-block  4
    $$$$$:   74-block  5
branch  6 never executed (fallthrough)
branch  7 never executed
    $$$$$:   74-block  6
call    8 never executed
    $$$$$:   74-block  7
        -:   75:    std::map<int, std::vector<Token>> tokenMap = {
    #####:   76:        {0, tokens},
    $$$$$:   76-block  0
    #####:   77:        {1, {Token(TokenType::EOF_, dummyPos)}}
    $$$$$:   77-block  0
        5:   78:    };
        1:   78-block  0
call    0 returned 1
branch  1 taken 1 (fallthrough)
branch  2 taken 0 (throw)
        3:   78-block  1
branch  3 taken 2 (fallthrough)
branch  4 taken 1
        2:   78-block  2
call    5 returned 2
        1:   78-block  3
call    6 returned 1
    $$$$$:   78-block  4
    $$$$$:   78-block  5
    $$$$$:   78-block  6
    $$$$$:   78-block  7
branch  7 never executed (fallthrough)
branch  8 never executed
    $$$$$:   78-block  8
call    9 never executed
    $$$$$:   78-block  9
    $$$$$:   78-block 10
call   10 never executed
    $$$$$:   78-block 11
        1:   79:    Parser parser(tokenMap);
        1:   79-block  0
call    0 returned 1
branch  1 taken 1 (fallthrough)
branch  2 taken 0 (throw)
        1:   79-block  1
call    3 returned 1
    $$$$$:   79-block  2
call    4 never executed
    $$$$$:   79-block  3
        1:   80:    std::unique_ptr<Node> result = parser.parse();
call    0 returned 1
branch  1 taken 1 (fallthrough)
branch  2 taken 0 (throw)
       1*:   81:    ASSERT_NE(result, nullptr);
        1:   81-block  0
call    0 returned 1
branch  1 taken 1 (fallthrough)
branch  2 taken 0 (throw)
        1:   81-block  1
call    3 returned 1
branch  4 taken 0 (fallthrough)
branch  5 taken 1
    %%%%%:   81-block  2
call    6 never executed
branch  7 never executed (fallthrough)
branch  8 never executed (throw)
    %%%%%:   81-block  3
call    9 never executed
call   10 never executed
branch 11 never executed (fallthrough)
branch 12 never executed (throw)
    %%%%%:   81-block  4
call   13 never executed
branch 14 never executed (fallthrough)
branch 15 never executed (throw)
    %%%%%:   81-block  5
call   16 never executed
call   17 never executed
        1:   81-block  6
        1:   81-block  7
call   18 returned 1
branch 19 taken 1 (fallthrough)
branch 20 taken 0
        1:   81-block  8
    $$$$$:   81-block  9
    $$$$$:   81-block 10
call   21 never executed
    $$$$$:   81-block 11
    $$$$$:   81-block 12
call   22 never executed
    $$$$$:   81-block 13
    $$$$$:   81-block 14
call   23 never executed
       1*:   82:    EXPECT_EQ(result->getType(), NodeType::LibCall);
        1:   82-block  0
call    0 returned 1
call    1 returned 1
branch  2 taken 1 (fallthrough)
branch  3 taken 0 (throw)
        1:   82-block  1
call    4 returned 1
branch  5 taken 1 (fallthrough)
branch  6 taken 0 (throw)
        1:   82-block  2
call    7 returned 1
branch  8 taken 0 (fallthrough)
branch  9 taken 1
    %%%%%:   82-block  3
call   10 never executed
branch 11 never executed (fallthrough)
branch 12 never executed (throw)
    %%%%%:   82-block  4
call   13 never executed
call   14 never executed
branch 15 never executed (fallthrough)
branch 16 never executed (throw)
    %%%%%:   82-block  5
call   17 never executed
branch 18 never executed (fallthrough)
branch 19 never executed (throw)
    %%%%%:   82-block  6
call   20 never executed
call   21 never executed
        1:   82-block  7
call   22 returned 1
    $$$$$:   82-block  8
    $$$$$:   82-block  9
    $$$$$:   82-block 10
call   23 never executed
    $$$$$:   82-block 11
    $$$$$:   82-block 12
call   24 never executed
    $$$$$:   82-block 13
    $$$$$:   82-block 14
call   25 never executed
       1*:   83:    auto* call = dynamic_cast<LibCall*>(result.get());
call    0 returned 1
branch  1 taken 1 (fallthrough)
branch  2 taken 0
        1:   83-block  0
    %%%%%:   83-block  1
       1*:   84:    ASSERT_NE(call, nullptr);
        1:   84-block  0
call    0 returned 1
branch  1 taken 1 (fallthrough)
branch  2 taken 0 (throw)
        1:   84-block  1
call    3 returned 1
branch  4 taken 0 (fallthrough)
branch  5 taken 1
    %%%%%:   84-block  2
call    6 never executed
branch  7 never executed (fallthrough)
branch  8 never executed (throw)
    %%%%%:   84-block  3
call    9 never executed
call   10 never executed
branch 11 never executed (fallthrough)
branch 12 never executed (throw)
    %%%%%:   84-block  4
call   13 never executed
branch 14 never executed (fallthrough)
branch 15 never executed (throw)
    %%%%%:   84-block  5
call   16 never executed
call   17 never executed
        1:   84-block  6
        1:   84-block  7
call   18 returned 1
branch 19 taken 1 (fallthrough)
branch 20 taken 0
        1:   84-block  8
    $$$$$:   84-block  9
    $$$$$:   84-block 10
call   21 never executed
    $$$$$:   84-block 11
    $$$$$:   84-block 12
call   22 never executed
    $$$$$:   84-block 13
    $$$$$:   84-block 14
call   23 never executed
       1*:   85:    EXPECT_EQ(std::get<std::string>(call->getToken().getValue()), "out");
        1:   85-block  0
call    0 returned 1
branch  1 taken 1 (fallthrough)
branch  2 taken 0 (throw)
        1:   85-block  1
call    3 returned 1
branch  4 taken 1 (fallthrough)
branch  5 taken 0 (throw)
        1:   85-block  2
call    6 returned 1
branch  7 taken 1 (fallthrough)
branch  8 taken 0 (throw)
        1:   85-block  3
call    9 returned 1
branch 10 taken 1 (fallthrough)
branch 11 taken 0 (throw)
        1:   85-block  4
call   12 returned 1
call   13 returned 1
call   14 returned 1
branch 15 taken 0 (fallthrough)
branch 16 taken 1
    %%%%%:   85-block  5
call   17 never executed
branch 18 never executed (fallthrough)
branch 19 never executed (throw)
    %%%%%:   85-block  6
call   20 never executed
call   21 never executed
branch 22 never executed (fallthrough)
branch 23 never executed (throw)
    %%%%%:   85-block  7
call   24 never executed
branch 25 never executed (fallthrough)
branch 26 never executed (throw)
    %%%%%:   85-block  8
call   27 never executed
call   28 never executed
        1:   85-block  9
call   29 returned 1
    $$$$$:   85-block 10
call   30 never executed
    $$$$$:   85-block 11
call   31 never executed
    $$$$$:   85-block 12
    $$$$$:   85-block 13
    $$$$$:   85-block 14
call   32 never executed
    $$$$$:   85-block 15
    $$$$$:   85-block 16
call   33 never executed
    $$$$$:   85-block 17
    $$$$$:   85-block 18
call   34 never executed
        7:   86:}
        1:   86-block  0
call    0 returned 1
branch  1 taken 1 (fallthrough)
branch  2 taken 0 (throw)
        1:   86-block  1
call    3 returned 1
branch  4 taken 1 (fallthrough)
branch  5 taken 0 (throw)
        1:   86-block  2
call    6 returned 1
call    7 returned 1
branch  8 taken 1 (fallthrough)
branch  9 taken 0 (throw)
        1:   86-block  3
call   10 returned 1
branch 11 taken 1 (fallthrough)
branch 12 taken 0 (throw)
        1:   86-block  4
call   13 returned 1
branch 14 taken 1 (fallthrough)
branch 15 taken 0 (throw)
        1:   86-block  5
call   16 returned 1
call   17 returned 1
branch 18 taken 1 (fallthrough)
branch 19 taken 0 (throw)
        1:   86-block  6
call   20 returned 1
call   21 returned 1
branch 22 taken 1 (fallthrough)
branch 23 taken 0 (throw)
        1:   86-block  7
        1:   86-block  8
call   24 returned 1
call   25 returned 1
call   26 returned 1
call   27 returned 1
call   28 returned 1
call   29 returned 1
branch 30 taken 1 (fallthrough)
branch 31 taken 0 (throw)
        1:   86-block  9
call   32 returned 1
call   33 returned 1
branch 34 taken 1 (fallthrough)
branch 35 taken 0 (throw)
        1:   86-block 10
        1:   86-block 11
call   36 returned 1
branch 37 taken 1 (fallthrough)
branch 38 taken 0 (throw)
        1:   86-block 12
call   39 returned 1
branch 40 taken 1 (fallthrough)
branch 41 taken 0 (throw)
        1:   86-block 13
        1:   86-block 14
call   42 returned 1
        2:   86-block 15
branch 43 taken 1 (fallthrough)
branch 44 taken 1
        1:   86-block 16
call   45 returned 1
call   46 returned 1
branch 47 taken 1 (fallthrough)
branch 48 taken 0 (throw)
        1:   86-block 17
call   49 returned 1
branch 50 taken 1 (fallthrough)
branch 51 taken 0
        1:   86-block 18
        1:   86-block 19
call   52 returned 1
branch 53 taken 1 (fallthrough)
branch 54 taken 0
        1:   86-block 20
        1:   86-block 21
call   55 returned 1
branch 56 taken 1 (fallthrough)
branch 57 taken 0
        1:   86-block 22
        1:   86-block 23
call   58 returned 1
branch 59 taken 1 (fallthrough)
branch 60 taken 0
    $$$$$:   86-block 24
call   61 never executed
    $$$$$:   86-block 25
    $$$$$:   86-block 26
    $$$$$:   86-block 27
call   62 never executed
    $$$$$:   86-block 28
    $$$$$:   86-block 29
    $$$$$:   86-block 30
call   63 never executed
    $$$$$:   86-block 31
    $$$$$:   86-block 32
call   64 never executed
    $$$$$:   86-block 33
    $$$$$:   86-block 34
    $$$$$:   86-block 35
call   65 never executed
    $$$$$:   86-block 36
    $$$$$:   86-block 37
branch 66 never executed (fallthrough)
branch 67 never executed
    $$$$$:   86-block 38
    $$$$$:   86-block 39
branch 68 never executed (fallthrough)
branch 69 never executed
    $$$$$:   86-block 40
call   70 never executed
    $$$$$:   86-block 41
call   71 never executed
    $$$$$:   86-block 42
    $$$$$:   86-block 43
branch 72 never executed (fallthrough)
branch 73 never executed
    $$$$$:   86-block 44
call   74 never executed
    $$$$$:   86-block 45
    $$$$$:   86-block 46
    $$$$$:   86-block 47
branch 75 never executed (fallthrough)
branch 76 never executed
    $$$$$:   86-block 48
    $$$$$:   86-block 49
branch 77 never executed (fallthrough)
branch 78 never executed
    $$$$$:   86-block 50
call   79 never executed
    $$$$$:   86-block 51
    $$$$$:   86-block 52
    $$$$$:   86-block 53
branch 80 never executed (fallthrough)
branch 81 never executed
    $$$$$:   86-block 54
    $$$$$:   86-block 55
branch 82 never executed (fallthrough)
branch 83 never executed
    $$$$$:   86-block 56
call   84 never executed
    $$$$$:   86-block 57
call   85 never executed
    $$$$$:   86-block 58
call   86 never executed
    $$$$$:   86-block 59
call   87 never executed
    $$$$$:   86-block 60
call   88 never executed
------------------
        -:   87:
        4:   88:TEST(ParserTest, ParsesFuncDefinition) {
        -:   89:    std::vector<Token> tokenLine1 = {
        -:   90:        Token(TokenType::KEYWORD, dummyPos, "func"),
        -:   91:        Token(TokenType::IDENTIFIER, dummyPos, "testFunc"),
        -:   92:        Token(TokenType::OPENPAREN, dummyPos),
        -:   93:        Token(TokenType::CLOSEPAREN, dummyPos),
        -:   94:        Token(TokenType::OPENBRACE, dummyPos),
        -:   95:        Token(TokenType::EOL, dummyPos)
        8:   96:    };
        -:   97:    std::vector<Token> tokenLine2 = {
        -:   98:        Token(TokenType::KEYWORD, dummyPos, "return"),
    #####:   99:        Token(TokenType::INT, dummyPos, 5),
        -:  100:        Token(TokenType::EOL, dummyPos)
        5:  101:    };
        -:  102:    std::vector<Token> tokenLine3 = {
        -:  103:        Token(TokenType::CLOSEBRACE, dummyPos),
        -:  104:        Token(TokenType::EOL, dummyPos)
        4:  105:    };
        -:  106:    const std::map<int, std::vector<Token>> tokenMap =
        -:  107:        {
    #####:  108:        {0, tokenLine1},
    #####:  109:        {1, tokenLine2},
    #####:  110:        {2, tokenLine3},
    #####:  111:        {3, {Token(TokenType::EOF_, dummyPos)} }
        7:  112:        };
        -:  113:
        1:  114:    Parser parser(tokenMap);
        -:  115:    // Act: Parse the tokens
        1:  116:    const std::unique_ptr<Node> node = parser.parse();
        -:  117:
        -:  118:    // Assert: Check the returned Node
       1*:  119:    ASSERT_NE(node, nullptr);
       1*:  120:    EXPECT_EQ(node->getType(), NodeType::FuncDef);
        -:  121:
       1*:  122:    auto* funcDefinition = dynamic_cast<FuncDef*>(node.get());
       1*:  123:    ASSERT_NE(funcDefinition, nullptr);
       1*:  124:    EXPECT_EQ(funcDefinition->getName(), "testFunc");
       1*:  125:    EXPECT_EQ(funcDefinition->getArguments().size(), 0);
        -:  126:
        1:  127:    const auto& bodyNodes = funcDefinition->getFunctionBody();
       1*:  128:    ASSERT_EQ(bodyNodes.size(), 1);
        -:  129:
        1:  130:    const Node* bodyNode = bodyNodes.at(0).get();
       1*:  131:    ASSERT_NE(bodyNode, nullptr);
       1*:  132:    EXPECT_EQ(bodyNode->getType(), NodeType::ReturnCall);
        -:  133:
       1*:  134:    const ReturnCall* returnCast = dynamic_cast<const ReturnCall*>(bodyNode);
       1*:  135:    ASSERT_NE(returnCast, nullptr);
        -:  136:
        1:  137:    const Node* valueNode = returnCast->getExpression().get();
       1*:  138:    ASSERT_NE(valueNode, nullptr);
       1*:  139:    EXPECT_EQ(valueNode->getType(), NodeType::Number);
        -:  140:
       1*:  141:    const auto* numberNode = dynamic_cast<const Number*>(valueNode);
       1*:  142:    ASSERT_NE(numberNode, nullptr);
       1*:  143:    EXPECT_EQ(std::get<int>(numberNode->getToken().getValue()), 5);
        9:  144:}
------------------
_ZN36ParserTest_ParsesFuncDefinition_TestC1Ev:
function _ZN36ParserTest_ParsesFuncDefinition_TestC1Ev called 1 returned 100% blocks executed 100%
        1:   88:TEST(ParserTest, ParsesFuncDefinition) {
        1:   88-block  0
call    0 returned 1
------------------
_ZN36ParserTest_ParsesFuncDefinition_TestD0Ev:
function _ZN36ParserTest_ParsesFuncDefinition_TestD0Ev called 1 returned 100% blocks executed 100%
        1:   88:TEST(ParserTest, ParsesFuncDefinition) {
        1:   88-block  0
call    0 returned 1
call    1 returned 1
------------------
_ZN36ParserTest_ParsesFuncDefinition_TestD1Ev:
function _ZN36ParserTest_ParsesFuncDefinition_TestD1Ev called 1 returned 100% blocks executed 100%
        1:   88:TEST(ParserTest, ParsesFuncDefinition) {
        1:   88-block  0
call    0 returned 1
------------------
_ZN36ParserTest_ParsesFuncDefinition_Test8TestBodyEv:
function _ZN36ParserTest_ParsesFuncDefinition_Test8TestBodyEv called 1 returned 100% blocks executed 34%
        1:   88:TEST(ParserTest, ParsesFuncDefinition) {
        -:   89:    std::vector<Token> tokenLine1 = {
        -:   90:        Token(TokenType::KEYWORD, dummyPos, "func"),
        -:   91:        Token(TokenType::IDENTIFIER, dummyPos, "testFunc"),
        -:   92:        Token(TokenType::OPENPAREN, dummyPos),
        -:   93:        Token(TokenType::CLOSEPAREN, dummyPos),
        -:   94:        Token(TokenType::OPENBRACE, dummyPos),
        -:   95:        Token(TokenType::EOL, dummyPos)
        8:   96:    };
        1:   96-block  0
call    0 returned 1
branch  1 taken 1 (fallthrough)
branch  2 taken 0 (throw)
        7:   96-block  1
branch  3 taken 6 (fallthrough)
branch  4 taken 1
        6:   96-block  2
call    5 returned 6
    $$$$$:   96-block  3
    $$$$$:   96-block  4
    $$$$$:   96-block  5
branch  6 never executed (fallthrough)
branch  7 never executed
    $$$$$:   96-block  6
call    8 never executed
    $$$$$:   96-block  7
        -:   97:    std::vector<Token> tokenLine2 = {
        -:   98:        Token(TokenType::KEYWORD, dummyPos, "return"),
    #####:   99:        Token(TokenType::INT, dummyPos, 5),
    $$$$$:   99-block  0
        -:  100:        Token(TokenType::EOL, dummyPos)
        5:  101:    };
        1:  101-block  0
call    0 returned 1
branch  1 taken 1 (fallthrough)
branch  2 taken 0 (throw)
        4:  101-block  1
branch  3 taken 3 (fallthrough)
branch  4 taken 1
        3:  101-block  2
call    5 returned 3
    $$$$$:  101-block  3
    $$$$$:  101-block  4
    $$$$$:  101-block  5
branch  6 never executed (fallthrough)
branch  7 never executed
    $$$$$:  101-block  6
call    8 never executed
    $$$$$:  101-block  7
        -:  102:    std::vector<Token> tokenLine3 = {
        -:  103:        Token(TokenType::CLOSEBRACE, dummyPos),
        -:  104:        Token(TokenType::EOL, dummyPos)
        4:  105:    };
        1:  105-block  0
call    0 returned 1
branch  1 taken 1 (fallthrough)
branch  2 taken 0 (throw)
        3:  105-block  1
branch  3 taken 2 (fallthrough)
branch  4 taken 1
        2:  105-block  2
call    5 returned 2
    $$$$$:  105-block  3
    $$$$$:  105-block  4
    $$$$$:  105-block  5
branch  6 never executed (fallthrough)
branch  7 never executed
    $$$$$:  105-block  6
call    8 never executed
    $$$$$:  105-block  7
        -:  106:    const std::map<int, std::vector<Token>> tokenMap =
        -:  107:        {
    #####:  108:        {0, tokenLine1},
    $$$$$:  108-block  0
    #####:  109:        {1, tokenLine2},
    $$$$$:  109-block  0
    #####:  110:        {2, tokenLine3},
    $$$$$:  110-block  0
    #####:  111:        {3, {Token(TokenType::EOF_, dummyPos)} }
    $$$$$:  111-block  0
        7:  112:        };
        1:  112-block  0
call    0 returned 1
branch  1 taken 1 (fallthrough)
branch  2 taken 0 (throw)
        5:  112-block  1
branch  3 taken 4 (fallthrough)
branch  4 taken 1
        4:  112-block  2
call    5 returned 4
        1:  112-block  3
call    6 returned 1
    $$$$$:  112-block  4
    $$$$$:  112-block  5
    $$$$$:  112-block  6
    $$$$$:  112-block  7
branch  7 never executed (fallthrough)
branch  8 never executed
    $$$$$:  112-block  8
call    9 never executed
    $$$$$:  112-block  9
    $$$$$:  112-block 10
call   10 never executed
    $$$$$:  112-block 11
        -:  113:
        1:  114:    Parser parser(tokenMap);
        1:  114-block  0
call    0 returned 1
branch  1 taken 1 (fallthrough)
branch  2 taken 0 (throw)
        1:  114-block  1
call    3 returned 1
    $$$$$:  114-block  2
call    4 never executed
    $$$$$:  114-block  3
        -:  115:    // Act: Parse the tokens
        1:  116:    const std::unique_ptr<Node> node = parser.parse();
call    0 returned 1
branch  1 taken 1 (fallthrough)
branch  2 taken 0 (throw)
        -:  117:
        -:  118:    // Assert: Check the returned Node
       1*:  119:    ASSERT_NE(node, nullptr);
        1:  119-block  0
call    0 returned 1
branch  1 taken 1 (fallthrough)
branch  2 taken 0 (throw)
        1:  119-block  1
call    3 returned 1
branch  4 taken 0 (fallthrough)
branch  5 taken 1
    %%%%%:  119-block  2
call    6 never executed
branch  7 never executed (fallthrough)
branch  8 never executed (throw)
    %%%%%:  119-block  3
call    9 never executed
call   10 never executed
branch 11 never executed (fallthrough)
branch 12 never executed (throw)
    %%%%%:  119-block  4
call   13 never executed
branch 14 never executed (fallthrough)
branch 15 never executed (throw)
    %%%%%:  119-block  5
call   16 never executed
call   17 never executed
        1:  119-block  6
        1:  119-block  7
call   18 returned 1
branch 19 taken 1 (fallthrough)
branch 20 taken 0
        1:  119-block  8
    $$$$$:  119-block  9
    $$$$$:  119-block 10
call   21 never executed
    $$$$$:  119-block 11
    $$$$$:  119-block 12
call   22 never executed
    $$$$$:  119-block 13
    $$$$$:  119-block 14
call   23 never executed
       1*:  120:    EXPECT_EQ(node->getType(), NodeType::FuncDef);
        1:  120-block  0
call    0 returned 1
call    1 returned 1
branch  2 taken 1 (fallthrough)
branch  3 taken 0 (throw)
        1:  120-block  1
call    4 returned 1
branch  5 taken 1 (fallthrough)
branch  6 taken 0 (throw)
        1:  120-block  2
call    7 returned 1
branch  8 taken 0 (fallthrough)
branch  9 taken 1
    %%%%%:  120-block  3
call   10 never executed
branch 11 never executed (fallthrough)
branch 12 never executed (throw)
    %%%%%:  120-block  4
call   13 never executed
call   14 never executed
branch 15 never executed (fallthrough)
branch 16 never executed (throw)
    %%%%%:  120-block  5
call   17 never executed
branch 18 never executed (fallthrough)
branch 19 never executed (throw)
    %%%%%:  120-block  6
call   20 never executed
call   21 never executed
        1:  120-block  7
call   22 returned 1
    $$$$$:  120-block  8
    $$$$$:  120-block  9
    $$$$$:  120-block 10
call   23 never executed
    $$$$$:  120-block 11
    $$$$$:  120-block 12
call   24 never executed
    $$$$$:  120-block 13
    $$$$$:  120-block 14
call   25 never executed
        -:  121:
       1*:  122:    auto* funcDefinition = dynamic_cast<FuncDef*>(node.get());
call    0 returned 1
branch  1 taken 1 (fallthrough)
branch  2 taken 0
        1:  122-block  0
    %%%%%:  122-block  1
       1*:  123:    ASSERT_NE(funcDefinition, nullptr);
        1:  123-block  0
call    0 returned 1
branch  1 taken 1 (fallthrough)
branch  2 taken 0 (throw)
        1:  123-block  1
call    3 returned 1
branch  4 taken 0 (fallthrough)
branch  5 taken 1
    %%%%%:  123-block  2
call    6 never executed
branch  7 never executed (fallthrough)
branch  8 never executed (throw)
    %%%%%:  123-block  3
call    9 never executed
call   10 never executed
branch 11 never executed (fallthrough)
branch 12 never executed (throw)
    %%%%%:  123-block  4
call   13 never executed
branch 14 never executed (fallthrough)
branch 15 never executed (throw)
    %%%%%:  123-block  5
call   16 never executed
call   17 never executed
        1:  123-block  6
        1:  123-block  7
call   18 returned 1
branch 19 taken 1 (fallthrough)
branch 20 taken 0
        1:  123-block  8
    $$$$$:  123-block  9
    $$$$$:  123-block 10
call   21 never executed
    $$$$$:  123-block 11
    $$$$$:  123-block 12
call   22 never executed
    $$$$$:  123-block 13
    $$$$$:  123-block 14
call   23 never executed
       1*:  124:    EXPECT_EQ(funcDefinition->getName(), "testFunc");
        1:  124-block  0
call    0 returned 1
branch  1 taken 1 (fallthrough)
branch  2 taken 0 (throw)
        1:  124-block  1
call    3 returned 1
branch  4 taken 1 (fallthrough)
branch  5 taken 0 (throw)
        1:  124-block  2
call    6 returned 1
call    7 returned 1
branch  8 taken 0 (fallthrough)
branch  9 taken 1
    %%%%%:  124-block  3
call   10 never executed
branch 11 never executed (fallthrough)
branch 12 never executed (throw)
    %%%%%:  124-block  4
call   13 never executed
call   14 never executed
branch 15 never executed (fallthrough)
branch 16 never executed (throw)
    %%%%%:  124-block  5
call   17 never executed
branch 18 never executed (fallthrough)
branch 19 never executed (throw)
    %%%%%:  124-block  6
call   20 never executed
call   21 never executed
        1:  124-block  7
call   22 returned 1
    $$$$$:  124-block  8
call   23 never executed
    $$$$$:  124-block  9
    $$$$$:  124-block 10
call   24 never executed
    $$$$$:  124-block 11
    $$$$$:  124-block 12
call   25 never executed
    $$$$$:  124-block 13
    $$$$$:  124-block 14
call   26 never executed
       1*:  125:    EXPECT_EQ(funcDefinition->getArguments().size(), 0);
call    0 returned 1
branch  1 taken 1 (fallthrough)
branch  2 taken 0 (throw)
        1:  125-block  0
call    3 returned 1
call    4 returned 1
branch  5 taken 1 (fallthrough)
branch  6 taken 0 (throw)
        1:  125-block  1
call    7 returned 1
branch  8 taken 0 (fallthrough)
branch  9 taken 1
    %%%%%:  125-block  2
call   10 never executed
branch 11 never executed (fallthrough)
branch 12 never executed (throw)
    %%%%%:  125-block  3
call   13 never executed
call   14 never executed
branch 15 never executed (fallthrough)
branch 16 never executed (throw)
    %%%%%:  125-block  4
call   17 never executed
branch 18 never executed (fallthrough)
branch 19 never executed (throw)
    %%%%%:  125-block  5
call   20 never executed
call   21 never executed
        1:  125-block  6
call   22 returned 1
    $$$$$:  125-block  7
    $$$$$:  125-block  8
    $$$$$:  125-block  9
call   23 never executed
    $$$$$:  125-block 10
    $$$$$:  125-block 11
call   24 never executed
    $$$$$:  125-block 12
    $$$$$:  125-block 13
call   25 never executed
        -:  126:
        1:  127:    const auto& bodyNodes = funcDefinition->getFunctionBody();
call    0 returned 1
branch  1 taken 1 (fallthrough)
branch  2 taken 0 (throw)
       1*:  128:    ASSERT_EQ(bodyNodes.size(), 1);
        1:  128-block  0
call    0 returned 1
call    1 returned 1
branch  2 taken 1 (fallthrough)
branch  3 taken 0 (throw)
        1:  128-block  1
call    4 returned 1
branch  5 taken 0 (fallthrough)
branch  6 taken 1
    %%%%%:  128-block  2
call    7 never executed
branch  8 never executed (fallthrough)
branch  9 never executed (throw)
    %%%%%:  128-block  3
call   10 never executed
call   11 never executed
branch 12 never executed (fallthrough)
branch 13 never executed (throw)
    %%%%%:  128-block  4
call   14 never executed
branch 15 never executed (fallthrough)
branch 16 never executed (throw)
    %%%%%:  128-block  5
call   17 never executed
call   18 never executed
        1:  128-block  6
        1:  128-block  7
call   19 returned 1
branch 20 taken 1 (fallthrough)
branch 21 taken 0
        1:  128-block  8
    $$$$$:  128-block  9
    $$$$$:  128-block 10
    $$$$$:  128-block 11
call   22 never executed
    $$$$$:  128-block 12
    $$$$$:  128-block 13
call   23 never executed
    $$$$$:  128-block 14
    $$$$$:  128-block 15
call   24 never executed
        -:  129:
        1:  130:    const Node* bodyNode = bodyNodes.at(0).get();
        1:  130-block  0
call    0 returned 1
branch  1 taken 1 (fallthrough)
branch  2 taken 0 (throw)
        1:  130-block  1
call    3 returned 1
       1*:  131:    ASSERT_NE(bodyNode, nullptr);
call    0 returned 1
branch  1 taken 1 (fallthrough)
branch  2 taken 0 (throw)
        1:  131-block  0
call    3 returned 1
branch  4 taken 0 (fallthrough)
branch  5 taken 1
    %%%%%:  131-block  1
call    6 never executed
branch  7 never executed (fallthrough)
branch  8 never executed (throw)
    %%%%%:  131-block  2
call    9 never executed
call   10 never executed
branch 11 never executed (fallthrough)
branch 12 never executed (throw)
    %%%%%:  131-block  3
call   13 never executed
branch 14 never executed (fallthrough)
branch 15 never executed (throw)
    %%%%%:  131-block  4
call   16 never executed
call   17 never executed
        1:  131-block  5
        1:  131-block  6
call   18 returned 1
branch 19 taken 1 (fallthrough)
branch 20 taken 0
        1:  131-block  7
    $$$$$:  131-block  8
    $$$$$:  131-block  9
call   21 never executed
    $$$$$:  131-block 10
    $$$$$:  131-block 11
call   22 never executed
    $$$$$:  131-block 12
    $$$$$:  131-block 13
call   23 never executed
       1*:  132:    EXPECT_EQ(bodyNode->getType(), NodeType::ReturnCall);
        1:  132-block  0
call    0 returned 1
branch  1 taken 1 (fallthrough)
branch  2 taken 0 (throw)
        1:  132-block  1
call    3 returned 1
branch  4 taken 1 (fallthrough)
branch  5 taken 0 (throw)
        1:  132-block  2
call    6 returned 1
branch  7 taken 0 (fallthrough)
branch  8 taken 1
    %%%%%:  132-block  3
call    9 never executed
branch 10 never executed (fallthrough)
branch 11 never executed (throw)
    %%%%%:  132-block  4
call   12 never executed
call   13 never executed
branch 14 never executed (fallthrough)
branch 15 never executed (throw)
    %%%%%:  132-block  5
call   16 never executed
branch 17 never executed (fallthrough)
branch 18 never executed (throw)
    %%%%%:  132-block  6
call   19 never executed
call   20 never executed
        1:  132-block  7
call   21 returned 1
    $$$$$:  132-block  8
    $$$$$:  132-block  9
    $$$$$:  132-block 10
call   22 never executed
    $$$$$:  132-block 11
    $$$$$:  132-block 12
call   23 never executed
    $$$$$:  132-block 13
    $$$$$:  132-block 14
call   24 never executed
        -:  133:
       1*:  134:    const ReturnCall* returnCast = dynamic_cast<const ReturnCall*>(bodyNode);
branch  0 taken 1 (fallthrough)
branch  1 taken 0
        1:  134-block  0
    %%%%%:  134-block  1
       1*:  135:    ASSERT_NE(returnCast, nullptr);
        1:  135-block  0
call    0 returned 1
branch  1 taken 1 (fallthrough)
branch  2 taken 0 (throw)
        1:  135-block  1
call    3 returned 1
branch  4 taken 0 (fallthrough)
branch  5 taken 1
    %%%%%:  135-block  2
call    6 never executed
branch  7 never executed (fallthrough)
branch  8 never executed (throw)
    %%%%%:  135-block  3
call    9 never executed
call   10 never executed
branch 11 never executed (fallthrough)
branch 12 never executed (throw)
    %%%%%:  135-block  4
call   13 never executed
branch 14 never executed (fallthrough)
branch 15 never executed (throw)
    %%%%%:  135-block  5
call   16 never executed
call   17 never executed
        1:  135-block  6
        1:  135-block  7
call   18 returned 1
branch 19 taken 1 (fallthrough)
branch 20 taken 0
        1:  135-block  8
    $$$$$:  135-block  9
    $$$$$:  135-block 10
call   21 never executed
    $$$$$:  135-block 11
    $$$$$:  135-block 12
call   22 never executed
    $$$$$:  135-block 13
    $$$$$:  135-block 14
call   23 never executed
        -:  136:
        1:  137:    const Node* valueNode = returnCast->getExpression().get();
        1:  137-block  0
call    0 returned 1
branch  1 taken 1 (fallthrough)
branch  2 taken 0 (throw)
        1:  137-block  1
call    3 returned 1
       1*:  138:    ASSERT_NE(valueNode, nullptr);
call    0 returned 1
branch  1 taken 1 (fallthrough)
branch  2 taken 0 (throw)
        1:  138-block  0
call    3 returned 1
branch  4 taken 0 (fallthrough)
branch  5 taken 1
    %%%%%:  138-block  1
call    6 never executed
branch  7 never executed (fallthrough)
branch  8 never executed (throw)
    %%%%%:  138-block  2
call    9 never executed
call   10 never executed
branch 11 never executed (fallthrough)
branch 12 never executed (throw)
    %%%%%:  138-block  3
call   13 never executed
branch 14 never executed (fallthrough)
branch 15 never executed (throw)
    %%%%%:  138-block  4
call   16 never executed
call   17 never executed
        1:  138-block  5
        1:  138-block  6
call   18 returned 1
branch 19 taken 1 (fallthrough)
branch 20 taken 0
        1:  138-block  7
    $$$$$:  138-block  8
    $$$$$:  138-block  9
call   21 never executed
    $$$$$:  138-block 10
    $$$$$:  138-block 11
call   22 never executed
    $$$$$:  138-block 12
    $$$$$:  138-block 13
call   23 never executed
       1*:  139:    EXPECT_EQ(valueNode->getType(), NodeType::Number);
        1:  139-block  0
call    0 returned 1
branch  1 taken 1 (fallthrough)
branch  2 taken 0 (throw)
        1:  139-block  1
call    3 returned 1
branch  4 taken 1 (fallthrough)
branch  5 taken 0 (throw)
        1:  139-block  2
call    6 returned 1
branch  7 taken 0 (fallthrough)
branch  8 taken 1
    %%%%%:  139-block  3
call    9 never executed
branch 10 never executed (fallthrough)
branch 11 never executed (throw)
    %%%%%:  139-block  4
call   12 never executed
call   13 never executed
branch 14 never executed (fallthrough)
branch 15 never executed (throw)
    %%%%%:  139-block  5
call   16 never executed
branch 17 never executed (fallthrough)
branch 18 never executed (throw)
    %%%%%:  139-block  6
call   19 never executed
call   20 never executed
        1:  139-block  7
call   21 returned 1
    $$$$$:  139-block  8
    $$$$$:  139-block  9
    $$$$$:  139-block 10
call   22 never executed
    $$$$$:  139-block 11
    $$$$$:  139-block 12
call   23 never executed
    $$$$$:  139-block 13
    $$$$$:  139-block 14
call   24 never executed
        -:  140:
       1*:  141:    const auto* numberNode = dynamic_cast<const Number*>(valueNode);
branch  0 taken 1 (fallthrough)
branch  1 taken 0
        1:  141-block  0
    %%%%%:  141-block  1
       1*:  142:    ASSERT_NE(numberNode, nullptr);
        1:  142-block  0
call    0 returned 1
branch  1 taken 1 (fallthrough)
branch  2 taken 0 (throw)
        1:  142-block  1
call    3 returned 1
branch  4 taken 0 (fallthrough)
branch  5 taken 1
    %%%%%:  142-block  2
call    6 never executed
branch  7 never executed (fallthrough)
branch  8 never executed (throw)
    %%%%%:  142-block  3
call    9 never executed
call   10 never executed
branch 11 never executed (fallthrough)
branch 12 never executed (throw)
    %%%%%:  142-block  4
call   13 never executed
branch 14 never executed (fallthrough)
branch 15 never executed (throw)
    %%%%%:  142-block  5
call   16 never executed
call   17 never executed
        1:  142-block  6
        1:  142-block  7
call   18 returned 1
branch 19 taken 1 (fallthrough)
branch 20 taken 0
        1:  142-block  8
    $$$$$:  142-block  9
    $$$$$:  142-block 10
call   21 never executed
    $$$$$:  142-block 11
    $$$$$:  142-block 12
call   22 never executed
    $$$$$:  142-block 13
    $$$$$:  142-block 14
call   23 never executed
       1*:  143:    EXPECT_EQ(std::get<int>(numberNode->getToken().getValue()), 5);
        1:  143-block  0
call    0 returned 1
branch  1 taken 1 (fallthrough)
branch  2 taken 0 (throw)
        1:  143-block  1
call    3 returned 1
branch  4 taken 1 (fallthrough)
branch  5 taken 0 (throw)
        1:  143-block  2
call    6 returned 1
branch  7 taken 1 (fallthrough)
branch  8 taken 0 (throw)
        1:  143-block  3
call    9 returned 1
branch 10 taken 1 (fallthrough)
branch 11 taken 0 (throw)
        1:  143-block  4
call   12 returned 1
call   13 returned 1
call   14 returned 1
branch 15 taken 0 (fallthrough)
branch 16 taken 1
    %%%%%:  143-block  5
call   17 never executed
branch 18 never executed (fallthrough)
branch 19 never executed (throw)
    %%%%%:  143-block  6
call   20 never executed
call   21 never executed
branch 22 never executed (fallthrough)
branch 23 never executed (throw)
    %%%%%:  143-block  7
call   24 never executed
branch 25 never executed (fallthrough)
branch 26 never executed (throw)
    %%%%%:  143-block  8
call   27 never executed
call   28 never executed
        1:  143-block  9
call   29 returned 1
    $$$$$:  143-block 10
call   30 never executed
    $$$$$:  143-block 11
call   31 never executed
    $$$$$:  143-block 12
    $$$$$:  143-block 13
    $$$$$:  143-block 14
    $$$$$:  143-block 15
call   32 never executed
    $$$$$:  143-block 16
    $$$$$:  143-block 17
call   33 never executed
    $$$$$:  143-block 18
    $$$$$:  143-block 19
call   34 never executed
        9:  144:}
        1:  144-block  0
call    0 returned 1
branch  1 taken 1 (fallthrough)
branch  2 taken 0 (throw)
        1:  144-block  1
[...]
    %%%%%:  412-block  3
call    9 never executed
call   10 never executed
branch 11 never executed (fallthrough)
branch 12 never executed (throw)
    %%%%%:  412-block  4
call   13 never executed
branch 14 never executed (fallthrough)
branch 15 never executed (throw)
    %%%%%:  412-block  5
call   16 never executed
call   17 never executed
        1:  412-block  6
        1:  412-block  7
call   18 returned 1
branch 19 taken 1 (fallthrough)
branch 20 taken 0
        1:  412-block  8
    $$$$$:  412-block  9
    $$$$$:  412-block 10
call   21 never executed
    $$$$$:  412-block 11
    $$$$$:  412-block 12
call   22 never executed
    $$$$$:  412-block 13
    $$$$$:  412-block 14
call   23 never executed
        -:  413:
       1*:  414:    EXPECT_EQ(leftOperand->getType(), NodeType::Number);
        1:  414-block  0
call    0 returned 1
branch  1 taken 1 (fallthrough)
branch  2 taken 0 (throw)
        1:  414-block  1
call    3 returned 1
branch  4 taken 1 (fallthrough)
branch  5 taken 0 (throw)
        1:  414-block  2
call    6 returned 1
branch  7 taken 0 (fallthrough)
branch  8 taken 1
    %%%%%:  414-block  3
call    9 never executed
branch 10 never executed (fallthrough)
branch 11 never executed (throw)
    %%%%%:  414-block  4
call   12 never executed
call   13 never executed
branch 14 never executed (fallthrough)
branch 15 never executed (throw)
    %%%%%:  414-block  5
call   16 never executed
branch 17 never executed (fallthrough)
branch 18 never executed (throw)
    %%%%%:  414-block  6
call   19 never executed
call   20 never executed
        1:  414-block  7
call   21 returned 1
    $$$$$:  414-block  8
    $$$$$:  414-block  9
    $$$$$:  414-block 10
call   22 never executed
    $$$$$:  414-block 11
    $$$$$:  414-block 12
call   23 never executed
    $$$$$:  414-block 13
    $$$$$:  414-block 14
call   24 never executed
       1*:  415:    EXPECT_EQ(rightOperand->getType(), NodeType::Number);
call    0 returned 1
branch  1 taken 1 (fallthrough)
branch  2 taken 0 (throw)
        1:  415-block  0
call    3 returned 1
branch  4 taken 1 (fallthrough)
branch  5 taken 0 (throw)
        1:  415-block  1
call    6 returned 1
branch  7 taken 0 (fallthrough)
branch  8 taken 1
    %%%%%:  415-block  2
call    9 never executed
branch 10 never executed (fallthrough)
branch 11 never executed (throw)
    %%%%%:  415-block  3
call   12 never executed
call   13 never executed
branch 14 never executed (fallthrough)
branch 15 never executed (throw)
    %%%%%:  415-block  4
call   16 never executed
branch 17 never executed (fallthrough)
branch 18 never executed (throw)
    %%%%%:  415-block  5
call   19 never executed
call   20 never executed
        1:  415-block  6
call   21 returned 1
    $$$$$:  415-block  7
    $$$$$:  415-block  8
    $$$$$:  415-block  9
call   22 never executed
    $$$$$:  415-block 10
    $$$$$:  415-block 11
call   23 never executed
    $$$$$:  415-block 12
    $$$$$:  415-block 13
call   24 never executed
        -:  416:
       1*:  417:    const auto* leftNum = dynamic_cast<const Number*>(leftOperand);
branch  0 taken 1 (fallthrough)
branch  1 taken 0
        1:  417-block  0
    %%%%%:  417-block  1
       1*:  418:    const auto* rightNum = dynamic_cast<const Number*>(rightOperand);
        1:  418-block  0
branch  0 taken 1 (fallthrough)
branch  1 taken 0
        1:  418-block  1
    %%%%%:  418-block  2
       1*:  419:    ASSERT_NE(leftNum, nullptr);
        1:  419-block  0
call    0 returned 1
branch  1 taken 1 (fallthrough)
branch  2 taken 0 (throw)
        1:  419-block  1
call    3 returned 1
branch  4 taken 0 (fallthrough)
branch  5 taken 1
    %%%%%:  419-block  2
call    6 never executed
branch  7 never executed (fallthrough)
branch  8 never executed (throw)
    %%%%%:  419-block  3
call    9 never executed
call   10 never executed
branch 11 never executed (fallthrough)
branch 12 never executed (throw)
    %%%%%:  419-block  4
call   13 never executed
branch 14 never executed (fallthrough)
branch 15 never executed (throw)
    %%%%%:  419-block  5
call   16 never executed
call   17 never executed
        1:  419-block  6
        1:  419-block  7
call   18 returned 1
branch 19 taken 1 (fallthrough)
branch 20 taken 0
        1:  419-block  8
    $$$$$:  419-block  9
    $$$$$:  419-block 10
call   21 never executed
    $$$$$:  419-block 11
    $$$$$:  419-block 12
call   22 never executed
    $$$$$:  419-block 13
    $$$$$:  419-block 14
call   23 never executed
       1*:  420:    ASSERT_NE(rightNum, nullptr);
        1:  420-block  0
call    0 returned 1
branch  1 taken 1 (fallthrough)
branch  2 taken 0 (throw)
        1:  420-block  1
call    3 returned 1
branch  4 taken 0 (fallthrough)
branch  5 taken 1
    %%%%%:  420-block  2
call    6 never executed
branch  7 never executed (fallthrough)
branch  8 never executed (throw)
    %%%%%:  420-block  3
call    9 never executed
call   10 never executed
branch 11 never executed (fallthrough)
branch 12 never executed (throw)
    %%%%%:  420-block  4
call   13 never executed
branch 14 never executed (fallthrough)
branch 15 never executed (throw)
    %%%%%:  420-block  5
call   16 never executed
call   17 never executed
        1:  420-block  6
        1:  420-block  7
call   18 returned 1
branch 19 taken 1 (fallthrough)
branch 20 taken 0
        1:  420-block  8
    $$$$$:  420-block  9
    $$$$$:  420-block 10
call   21 never executed
    $$$$$:  420-block 11
    $$$$$:  420-block 12
call   22 never executed
    $$$$$:  420-block 13
    $$$$$:  420-block 14
call   23 never executed
        -:  421:
       1*:  422:    EXPECT_EQ(std::get<int>(leftNum->getToken().getValue()), 1);
        1:  422-block  0
call    0 returned 1
branch  1 taken 1 (fallthrough)
branch  2 taken 0 (throw)
        1:  422-block  1
call    3 returned 1
branch  4 taken 1 (fallthrough)
branch  5 taken 0 (throw)
        1:  422-block  2
call    6 returned 1
branch  7 taken 1 (fallthrough)
branch  8 taken 0 (throw)
        1:  422-block  3
call    9 returned 1
branch 10 taken 1 (fallthrough)
branch 11 taken 0 (throw)
        1:  422-block  4
call   12 returned 1
call   13 returned 1
call   14 returned 1
branch 15 taken 0 (fallthrough)
branch 16 taken 1
    %%%%%:  422-block  5
call   17 never executed
branch 18 never executed (fallthrough)
branch 19 never executed (throw)
    %%%%%:  422-block  6
call   20 never executed
call   21 never executed
branch 22 never executed (fallthrough)
branch 23 never executed (throw)
    %%%%%:  422-block  7
call   24 never executed
branch 25 never executed (fallthrough)
branch 26 never executed (throw)
    %%%%%:  422-block  8
call   27 never executed
call   28 never executed
        1:  422-block  9
call   29 returned 1
    $$$$$:  422-block 10
call   30 never executed
    $$$$$:  422-block 11
call   31 never executed
    $$$$$:  422-block 12
    $$$$$:  422-block 13
    $$$$$:  422-block 14
    $$$$$:  422-block 15
call   32 never executed
    $$$$$:  422-block 16
    $$$$$:  422-block 17
call   33 never executed
    $$$$$:  422-block 18
    $$$$$:  422-block 19
call   34 never executed
       1*:  423:    EXPECT_EQ(std::get<int>(rightNum->getToken().getValue()), 2);
call    0 returned 1
branch  1 taken 1 (fallthrough)
branch  2 taken 0 (throw)
        1:  423-block  0
call    3 returned 1
branch  4 taken 1 (fallthrough)
branch  5 taken 0 (throw)
        1:  423-block  1
call    6 returned 1
branch  7 taken 1 (fallthrough)
branch  8 taken 0 (throw)
        1:  423-block  2
call    9 returned 1
branch 10 taken 1 (fallthrough)
branch 11 taken 0 (throw)
        1:  423-block  3
call   12 returned 1
call   13 returned 1
call   14 returned 1
branch 15 taken 0 (fallthrough)
branch 16 taken 1
    %%%%%:  423-block  4
call   17 never executed
branch 18 never executed (fallthrough)
branch 19 never executed (throw)
    %%%%%:  423-block  5
call   20 never executed
call   21 never executed
branch 22 never executed (fallthrough)
branch 23 never executed (throw)
    %%%%%:  423-block  6
call   24 never executed
branch 25 never executed (fallthrough)
branch 26 never executed (throw)
    %%%%%:  423-block  7
call   27 never executed
call   28 never executed
        1:  423-block  8
call   29 returned 1
    $$$$$:  423-block  9
call   30 never executed
    $$$$$:  423-block 10
call   31 never executed
    $$$$$:  423-block 11
    $$$$$:  423-block 12
    $$$$$:  423-block 13
    $$$$$:  423-block 14
call   32 never executed
    $$$$$:  423-block 15
    $$$$$:  423-block 16
call   33 never executed
    $$$$$:  423-block 17
    $$$$$:  423-block 18
call   34 never executed
        -:  424:
        -:  425:    // Check that the binary operator is PLUS
       1*:  426:    EXPECT_EQ(trueBinOp->getOperatorNode().getToken().getType(), TokenType::PLUS);
call    0 returned 1
branch  1 taken 1 (fallthrough)
branch  2 taken 0 (throw)
        1:  426-block  0
call    3 returned 1
branch  4 taken 1 (fallthrough)
branch  5 taken 0 (throw)
        1:  426-block  1
call    6 returned 1
branch  7 taken 1 (fallthrough)
branch  8 taken 0 (throw)
        1:  426-block  2
call    9 returned 1
branch 10 taken 1 (fallthrough)
branch 11 taken 0 (throw)
        1:  426-block  3
call   12 returned 1
call   13 returned 1
call   14 returned 1
branch 15 taken 0 (fallthrough)
branch 16 taken 1
    %%%%%:  426-block  4
call   17 never executed
branch 18 never executed (fallthrough)
branch 19 never executed (throw)
    %%%%%:  426-block  5
call   20 never executed
call   21 never executed
branch 22 never executed (fallthrough)
branch 23 never executed (throw)
    %%%%%:  426-block  6
call   24 never executed
branch 25 never executed (fallthrough)
branch 26 never executed (throw)
    %%%%%:  426-block  7
call   27 never executed
call   28 never executed
        1:  426-block  8
call   29 returned 1
    $$$$$:  426-block  9
call   30 never executed
    $$$$$:  426-block 10
call   31 never executed
    $$$$$:  426-block 11
    $$$$$:  426-block 12
    $$$$$:  426-block 13
    $$$$$:  426-block 14
    $$$$$:  426-block 15
call   32 never executed
    $$$$$:  426-block 16
    $$$$$:  426-block 17
call   33 never executed
    $$$$$:  426-block 18
    $$$$$:  426-block 19
call   34 never executed
        9:  427:}
        1:  427-block  0
call    0 returned 1
branch  1 taken 1 (fallthrough)
branch  2 taken 0 (throw)
        1:  427-block  1
call    3 returned 1
branch  4 taken 1 (fallthrough)
branch  5 taken 0 (throw)
        1:  427-block  2
call    6 returned 1
call    7 returned 1
branch  8 taken 1 (fallthrough)
branch  9 taken 0 (throw)
        1:  427-block  3
call   10 returned 1
branch 11 taken 1 (fallthrough)
branch 12 taken 0 (throw)
        1:  427-block  4
call   13 returned 1
branch 14 taken 1 (fallthrough)
branch 15 taken 0 (throw)
        1:  427-block  5
call   16 returned 1
branch 17 taken 1 (fallthrough)
branch 18 taken 0 (throw)
        1:  427-block  6
call   19 returned 1
branch 20 taken 1 (fallthrough)
branch 21 taken 0 (throw)
        1:  427-block  7
call   22 returned 1
call   23 returned 1
branch 24 taken 1 (fallthrough)
branch 25 taken 0 (throw)
        1:  427-block  8
call   26 returned 1
call   27 returned 1
branch 28 taken 1 (fallthrough)
branch 29 taken 0 (throw)
        1:  427-block  9
call   30 returned 1
call   31 returned 1
branch 32 taken 1 (fallthrough)
branch 33 taken 0 (throw)
        1:  427-block 10
call   34 returned 1
branch 35 taken 1 (fallthrough)
branch 36 taken 0 (throw)
        1:  427-block 11
call   37 returned 1
branch 38 taken 1 (fallthrough)
branch 39 taken 0 (throw)
        1:  427-block 12
call   40 returned 1
call   41 returned 1
branch 42 taken 1 (fallthrough)
branch 43 taken 0 (throw)
        1:  427-block 13
call   44 returned 1
call   45 returned 1
branch 46 taken 1 (fallthrough)
branch 47 taken 0 (throw)
        1:  427-block 14
call   48 returned 1
call   49 returned 1
branch 50 taken 1 (fallthrough)
branch 51 taken 0 (throw)
        1:  427-block 15
call   52 returned 1
branch 53 taken 1 (fallthrough)
branch 54 taken 0 (throw)
        1:  427-block 16
call   55 returned 1
branch 56 taken 1 (fallthrough)
branch 57 taken 0 (throw)
        1:  427-block 17
call   58 returned 1
branch 59 taken 1 (fallthrough)
branch 60 taken 0 (throw)
        1:  427-block 18
call   61 returned 1
branch 62 taken 1 (fallthrough)
branch 63 taken 0 (throw)
        1:  427-block 19
call   64 returned 1
call   65 returned 1
branch 66 taken 1 (fallthrough)
branch 67 taken 0 (throw)
        1:  427-block 20
call   68 returned 1
call   69 returned 1
branch 70 taken 1 (fallthrough)
branch 71 taken 0 (throw)
        1:  427-block 21
call   72 returned 1
call   73 returned 1
branch 74 taken 1 (fallthrough)
branch 75 taken 0 (throw)
        1:  427-block 22
call   76 returned 1
call   77 returned 1
branch 78 taken 1 (fallthrough)
branch 79 taken 0 (throw)
        1:  427-block 23
        1:  427-block 24
call   80 returned 1
call   81 returned 1
call   82 returned 1
call   83 returned 1
call   84 returned 1
call   85 returned 1
call   86 returned 1
call   87 returned 1
call   88 returned 1
call   89 returned 1
call   90 returned 1
call   91 returned 1
call   92 returned 1
call   93 returned 1
call   94 returned 1
call   95 returned 1
call   96 returned 1
call   97 returned 1
call   98 returned 1
branch 99 taken 1 (fallthrough)
branch 100 taken 0 (throw)
        1:  427-block 25
call   101 returned 1
call   102 returned 1
branch 103 taken 1 (fallthrough)
branch 104 taken 0 (throw)
        1:  427-block 26
call   105 returned 1
call   106 returned 1
branch 107 taken 1 (fallthrough)
branch 108 taken 0 (throw)
        1:  427-block 27
call   109 returned 1
call   110 returned 1
branch 111 taken 1 (fallthrough)
branch 112 taken 0 (throw)
        1:  427-block 28
        1:  427-block 29
call   113 returned 1
call   114 returned 1
call   115 returned 1
call   116 returned 1
call   117 returned 1
call   118 returned 1
branch 119 taken 1 (fallthrough)
branch 120 taken 0 (throw)
        1:  427-block 30
call   121 returned 1
call   122 returned 1
branch 123 taken 1 (fallthrough)
branch 124 taken 0 (throw)
        1:  427-block 31
        1:  427-block 32
call   125 returned 1
call   126 returned 1
call   127 returned 1
branch 128 taken 1 (fallthrough)
branch 129 taken 0 (throw)
        1:  427-block 33
call   130 returned 1
branch 131 taken 1 (fallthrough)
branch 132 taken 0 (throw)
        1:  427-block 34
call   133 returned 1
branch 134 taken 1 (fallthrough)
branch 135 taken 0 (throw)
        1:  427-block 35
call   136 returned 1
call   137 returned 1
branch 138 taken 1 (fallthrough)
branch 139 taken 0 (throw)
        1:  427-block 36
        1:  427-block 37
call   140 returned 1
branch 141 taken 1 (fallthrough)
branch 142 taken 0 (throw)
        1:  427-block 38
call   143 returned 1
branch 144 taken 1 (fallthrough)
branch 145 taken 0 (throw)
        1:  427-block 39
        1:  427-block 40
call   146 returned 1
        2:  427-block 41
branch 147 taken 1 (fallthrough)
branch 148 taken 1
        1:  427-block 42
call   149 returned 1
call   150 returned 1
branch 151 taken 1 (fallthrough)
branch 152 taken 0 (throw)
        1:  427-block 43
call   153 returned 1
branch 154 taken 1 (fallthrough)
branch 155 taken 0
        1:  427-block 44
        1:  427-block 45
call   156 returned 1
branch 157 taken 1 (fallthrough)
branch 158 taken 0
        1:  427-block 46
        1:  427-block 47
call   159 returned 1
branch 160 taken 1 (fallthrough)
branch 161 taken 0
        1:  427-block 48
        1:  427-block 49
call   162 returned 1
branch 163 taken 1 (fallthrough)
branch 164 taken 0
        1:  427-block 50
        1:  427-block 51
call   165 returned 1
branch 166 taken 1 (fallthrough)
branch 167 taken 0
        1:  427-block 52
        1:  427-block 53
call   168 returned 1
branch 169 taken 1 (fallthrough)
branch 170 taken 0
    $$$$$:  427-block 54
call   171 never executed
    $$$$$:  427-block 55
    $$$$$:  427-block 56
    $$$$$:  427-block 57
call   172 never executed
    $$$$$:  427-block 58
    $$$$$:  427-block 59
    $$$$$:  427-block 60
call   173 never executed
    $$$$$:  427-block 61
    $$$$$:  427-block 62
    $$$$$:  427-block 63
call   174 never executed
    $$$$$:  427-block 64
    $$$$$:  427-block 65
    $$$$$:  427-block 66
call   175 never executed
    $$$$$:  427-block 67
    $$$$$:  427-block 68
call   176 never executed
    $$$$$:  427-block 69
    $$$$$:  427-block 70
call   177 never executed
    $$$$$:  427-block 71
    $$$$$:  427-block 72
    $$$$$:  427-block 73
call   178 never executed
    $$$$$:  427-block 74
    $$$$$:  427-block 75
call   179 never executed
    $$$$$:  427-block 76
    $$$$$:  427-block 77
    $$$$$:  427-block 78
call   180 never executed
    $$$$$:  427-block 79
    $$$$$:  427-block 80
call   181 never executed
    $$$$$:  427-block 81
    $$$$$:  427-block 82
    $$$$$:  427-block 83
call   182 never executed
    $$$$$:  427-block 84
    $$$$$:  427-block 85
call   183 never executed
    $$$$$:  427-block 86
    $$$$$:  427-block 87
    $$$$$:  427-block 88
call   184 never executed
    $$$$$:  427-block 89
    $$$$$:  427-block 90
call   185 never executed
    $$$$$:  427-block 91
    $$$$$:  427-block 92
call   186 never executed
    $$$$$:  427-block 93
    $$$$$:  427-block 94
    $$$$$:  427-block 95
call   187 never executed
    $$$$$:  427-block 96
    $$$$$:  427-block 97
branch 188 never executed (fallthrough)
branch 189 never executed
    $$$$$:  427-block 98
    $$$$$:  427-block 99
branch 190 never executed (fallthrough)
branch 191 never executed
    $$$$$:  427-block 100
call   192 never executed
    $$$$$:  427-block 101
call   193 never executed
    $$$$$:  427-block 102
    $$$$$:  427-block 103
    $$$$$:  427-block 104
call   194 never executed
    $$$$$:  427-block 105
    $$$$$:  427-block 106
call   195 never executed
    $$$$$:  427-block 107
    $$$$$:  427-block 108
    $$$$$:  427-block 109
call   196 never executed
    $$$$$:  427-block 110
    $$$$$:  427-block 111
branch 197 never executed (fallthrough)
branch 198 never executed
    $$$$$:  427-block 112
    $$$$$:  427-block 113
branch 199 never executed (fallthrough)
branch 200 never executed
    $$$$$:  427-block 114
call   201 never executed
    $$$$$:  427-block 115
call   202 never executed
    $$$$$:  427-block 116
    $$$$$:  427-block 117
    $$$$$:  427-block 118
call   203 never executed
    $$$$$:  427-block 119
    $$$$$:  427-block 120
    $$$$$:  427-block 121
branch 204 never executed (fallthrough)
branch 205 never executed
    $$$$$:  427-block 122
    $$$$$:  427-block 123
branch 206 never executed (fallthrough)
branch 207 never executed
    $$$$$:  427-block 124
call   208 never executed
    $$$$$:  427-block 125
call   209 never executed
    $$$$$:  427-block 126
    $$$$$:  427-block 127
branch 210 never executed (fallthrough)
branch 211 never executed
    $$$$$:  427-block 128
call   212 never executed
    $$$$$:  427-block 129
    $$$$$:  427-block 130
    $$$$$:  427-block 131
branch 213 never executed (fallthrough)
branch 214 never executed
    $$$$$:  427-block 132
    $$$$$:  427-block 133
branch 215 never executed (fallthrough)
branch 216 never executed
    $$$$$:  427-block 134
call   217 never executed
    $$$$$:  427-block 135
    $$$$$:  427-block 136
    $$$$$:  427-block 137
branch 218 never executed (fallthrough)
branch 219 never executed
    $$$$$:  427-block 138
    $$$$$:  427-block 139
branch 220 never executed (fallthrough)
branch 221 never executed
    $$$$$:  427-block 140
call   222 never executed
    $$$$$:  427-block 141
call   223 never executed
    $$$$$:  427-block 142
call   224 never executed
    $$$$$:  427-block 143
call   225 never executed
    $$$$$:  427-block 144
call   226 never executed
    $$$$$:  427-block 145
call   227 never executed
    $$$$$:  427-block 146
call   228 never executed
------------------
        -:  428:
        -:  429:
        -:  430:
