        -:    0:Source:D:/JetBrains/CLion 2024.1.4/bin/mingw/lib/gcc/x86_64-w64-mingw32/13.1.0/include/c++/variant
        -:    0:Graph:D:\Project Workspace\Year3\VIS\cmake-build-debug\tests\CMakeFiles\vis_tests.dir\__\src\Token.cpp.gcno
        -:    0:Data:D:\Project Workspace\Year3\VIS\cmake-build-debug\tests\CMakeFiles\vis_tests.dir\__\src\Token.cpp.gcda
        -:    0:Runs:1
        -:    1:// <variant> -*- C++ -*-
        -:    2:
        -:    3:// Copyright (C) 2016-2023 Free Software Foundation, Inc.
        -:    4://
        -:    5:// This file is part of the GNU ISO C++ Library.  This library is free
        -:    6:// software; you can redistribute it and/or modify it under the
        -:    7:// terms of the GNU General Public License as published by the
        -:    8:// Free Software Foundation; either version 3, or (at your option)
        -:    9:// any later version.
        -:   10:
        -:   11:// This library is distributed in the hope that it will be useful,
        -:   12:// but WITHOUT ANY WARRANTY; without even the implied warranty of
        -:   13:// MERCHANTABILITY or FITNESS FOR A PARTICULAR PURPOSE.  See the
        -:   14:// GNU General Public License for more details.
        -:   15:
        -:   16:// Under Section 7 of GPL version 3, you are granted additional
        -:   17:// permissions described in the GCC Runtime Library Exception, version
        -:   18:// 3.1, as published by the Free Software Foundation.
        -:   19:
        -:   20:// You should have received a copy of the GNU General Public License and
        -:   21:// a copy of the GCC Runtime Library Exception along with this program;
        -:   22:// see the files COPYING3 and COPYING.RUNTIME respectively.  If not, see
        -:   23:// <http://www.gnu.org/licenses/>.
        -:   24:
        -:   25:/** @file variant
        -:   26: *  This is the `<variant>` C++ Library header.
        -:   27: */
        -:   28:
        -:   29:#ifndef _GLIBCXX_VARIANT
        -:   30:#define _GLIBCXX_VARIANT 1
        -:   31:
        -:   32:#pragma GCC system_header
        -:   33:
        -:   34:#if __cplusplus >= 201703L
        -:   35:
        -:   36:#include <initializer_list>
        -:   37:#include <type_traits>
        -:   38:#include <bits/enable_special_members.h>
        -:   39:#include <bits/exception_defines.h>
        -:   40:#include <bits/functional_hash.h>
        -:   41:#include <bits/invoke.h>
        -:   42:#include <bits/parse_numbers.h>
        -:   43:#include <bits/stl_iterator_base_funcs.h>
        -:   44:#include <bits/stl_construct.h>
        -:   45:#include <bits/utility.h> // in_place_index_t
        -:   46:#if __cplusplus >= 202002L
        -:   47:# include <compare>
        -:   48:#endif
        -:   49:
        -:   50:#if __cpp_concepts >= 202002L && __cpp_constexpr >= 201811L
        -:   51:// P2231R1 constexpr needs constexpr unions and constrained destructors.
        -:   52:# define __cpp_lib_variant 202106L
        -:   53:#else
        -:   54:# include <ext/aligned_buffer.h> // Use __aligned_membuf instead of union.
        -:   55:# define __cpp_lib_variant 202102L
        -:   56:#endif
        -:   57:
        -:   58:namespace std _GLIBCXX_VISIBILITY(default)
        -:   59:{
        -:   60:_GLIBCXX_BEGIN_NAMESPACE_VERSION
        -:   61:
        -:   62:  template<typename... _Types> class tuple;
        -:   63:  template<typename... _Types> class variant;
        -:   64:  template <typename> struct hash;
        -:   65:
        -:   66:  template<typename _Variant>
        -:   67:    struct variant_size;
        -:   68:
        -:   69:  template<typename _Variant>
        -:   70:    struct variant_size<const _Variant> : variant_size<_Variant> {};
        -:   71:
        -:   72:  template<typename _Variant>
        -:   73:    struct variant_size<volatile _Variant> : variant_size<_Variant> {};
        -:   74:
        -:   75:  template<typename _Variant>
        -:   76:    struct variant_size<const volatile _Variant> : variant_size<_Variant> {};
        -:   77:
        -:   78:  template<typename... _Types>
        -:   79:    struct variant_size<variant<_Types...>>
        -:   80:    : std::integral_constant<size_t, sizeof...(_Types)> {};
        -:   81:
        -:   82:  template<typename _Variant>
        -:   83:    inline constexpr size_t variant_size_v = variant_size<_Variant>::value;
        -:   84:
        -:   85:  template<typename... _Types>
        -:   86:    inline constexpr size_t
        -:   87:    variant_size_v<variant<_Types...>> = sizeof...(_Types);
        -:   88:
        -:   89:  template<typename... _Types>
        -:   90:    inline constexpr size_t
        -:   91:    variant_size_v<const variant<_Types...>> = sizeof...(_Types);
        -:   92:
        -:   93:  template<size_t _Np, typename _Variant>
        -:   94:    struct variant_alternative;
        -:   95:
        -:   96:  template<size_t _Np, typename... _Types>
        -:   97:    struct variant_alternative<_Np, variant<_Types...>>
        -:   98:    {
        -:   99:      static_assert(_Np < sizeof...(_Types));
        -:  100:
        -:  101:      using type = typename _Nth_type<_Np, _Types...>::type;
        -:  102:    };
        -:  103:
        -:  104:  template<size_t _Np, typename _Variant>
        -:  105:    using variant_alternative_t =
        -:  106:      typename variant_alternative<_Np, _Variant>::type;
        -:  107:
        -:  108:  template<size_t _Np, typename _Variant>
        -:  109:    struct variant_alternative<_Np, const _Variant>
        -:  110:    { using type = const variant_alternative_t<_Np, _Variant>; };
        -:  111:
        -:  112:  template<size_t _Np, typename _Variant>
        -:  113:    struct variant_alternative<_Np, volatile _Variant>
        -:  114:    { using type = volatile variant_alternative_t<_Np, _Variant>; };
        -:  115:
        -:  116:  template<size_t _Np, typename _Variant>
        -:  117:    struct variant_alternative<_Np, const volatile _Variant>
        -:  118:    { using type = const volatile variant_alternative_t<_Np, _Variant>; };
        -:  119:
        -:  120:  inline constexpr size_t variant_npos = -1;
        -:  121:
        -:  122:  template<size_t _Np, typename... _Types>
        -:  123:    constexpr variant_alternative_t<_Np, variant<_Types...>>&
        -:  124:    get(variant<_Types...>&);
        -:  125:
        -:  126:  template<size_t _Np, typename... _Types>
        -:  127:    constexpr variant_alternative_t<_Np, variant<_Types...>>&&
        -:  128:    get(variant<_Types...>&&);
        -:  129:
        -:  130:  template<size_t _Np, typename... _Types>
        -:  131:    constexpr variant_alternative_t<_Np, variant<_Types...>> const&
        -:  132:    get(const variant<_Types...>&);
        -:  133:
        -:  134:  template<size_t _Np, typename... _Types>
        -:  135:    constexpr variant_alternative_t<_Np, variant<_Types...>> const&&
        -:  136:    get(const variant<_Types...>&&);
        -:  137:
        -:  138:  template<typename _Result_type, typename _Visitor, typename... _Variants>
        -:  139:    constexpr decltype(auto)
        -:  140:    __do_visit(_Visitor&& __visitor, _Variants&&... __variants);
        -:  141:
        -:  142:  template <typename... _Types, typename _Tp>
        -:  143:    _GLIBCXX20_CONSTEXPR
        -:  144:    decltype(auto)
    #####:  145:    __variant_cast(_Tp&& __rhs)
        -:  146:    {
        -:  147:      if constexpr (is_lvalue_reference_v<_Tp>)
        -:  148:	{
        -:  149:	  if constexpr (is_const_v<remove_reference_t<_Tp>>)
    #####:  150:	    return static_cast<const variant<_Types...>&>(__rhs);
        -:  151:	  else
    #####:  152:	    return static_cast<variant<_Types...>&>(__rhs);
        -:  153:	}
        -:  154:      else
    #####:  155:        return static_cast<variant<_Types...>&&>(__rhs);
        -:  156:    }
------------------
_ZSt14__variant_castIJSt9monostatebifNSt7__cxx1112basic_stringIcSt11char_traitsIcESaIcEEEERNSt8__detail9__variant16_Variant_storageILb0EJS0_bifS6_EEEEDcOT0_:
function _ZSt14__variant_castIJSt9monostatebifNSt7__cxx1112basic_stringIcSt11char_traitsIcESaIcEEEERNSt8__detail9__variant16_Variant_storageILb0EJS0_bifS6_EEEEDcOT0_ called 0 returned 0% blocks executed 0%
    #####:  145:    __variant_cast(_Tp&& __rhs)
        -:  146:    {
        -:  147:      if constexpr (is_lvalue_reference_v<_Tp>)
        -:  148:	{
        -:  149:	  if constexpr (is_const_v<remove_reference_t<_Tp>>)
        -:  150:	    return static_cast<const variant<_Types...>&>(__rhs);
        -:  151:	  else
    #####:  152:	    return static_cast<variant<_Types...>&>(__rhs);
    %%%%%:  152-block  0
        -:  153:	}
        -:  154:      else
        -:  155:        return static_cast<variant<_Types...>&&>(__rhs);
        -:  156:    }
------------------
_ZSt14__variant_castIJSt9monostatebifNSt7__cxx1112basic_stringIcSt11char_traitsIcESaIcEEEERKNSt8__detail9__variant15_Copy_ctor_baseILb0EJS0_bifS6_EEEEDcOT0_:
function _ZSt14__variant_castIJSt9monostatebifNSt7__cxx1112basic_stringIcSt11char_traitsIcESaIcEEEERKNSt8__detail9__variant15_Copy_ctor_baseILb0EJS0_bifS6_EEEEDcOT0_ called 0 returned 0% blocks executed 0%
    #####:  145:    __variant_cast(_Tp&& __rhs)
        -:  146:    {
        -:  147:      if constexpr (is_lvalue_reference_v<_Tp>)
        -:  148:	{
        -:  149:	  if constexpr (is_const_v<remove_reference_t<_Tp>>)
    #####:  150:	    return static_cast<const variant<_Types...>&>(__rhs);
    %%%%%:  150-block  0
        -:  151:	  else
        -:  152:	    return static_cast<variant<_Types...>&>(__rhs);
        -:  153:	}
        -:  154:      else
        -:  155:        return static_cast<variant<_Types...>&&>(__rhs);
        -:  156:    }
------------------
_ZSt14__variant_castIJSt9monostatebifNSt7__cxx1112basic_stringIcSt11char_traitsIcESaIcEEEENSt8__detail9__variant15_Move_ctor_baseILb0EJS0_bifS6_EEEEDcOT0_:
function _ZSt14__variant_castIJSt9monostatebifNSt7__cxx1112basic_stringIcSt11char_traitsIcESaIcEEEENSt8__detail9__variant15_Move_ctor_baseILb0EJS0_bifS6_EEEEDcOT0_ called 0 returned 0% blocks executed 0%
    #####:  145:    __variant_cast(_Tp&& __rhs)
        -:  146:    {
        -:  147:      if constexpr (is_lvalue_reference_v<_Tp>)
        -:  148:	{
        -:  149:	  if constexpr (is_const_v<remove_reference_t<_Tp>>)
        -:  150:	    return static_cast<const variant<_Types...>&>(__rhs);
        -:  151:	  else
        -:  152:	    return static_cast<variant<_Types...>&>(__rhs);
        -:  153:	}
        -:  154:      else
    #####:  155:        return static_cast<variant<_Types...>&&>(__rhs);
    %%%%%:  155-block  0
        -:  156:    }
------------------
        -:  157:
        -:  158:namespace __detail
        -:  159:{
        -:  160:namespace __variant
        -:  161:{
        -:  162:  // used for raw visitation
        -:  163:  struct __variant_cookie {};
        -:  164:  // used for raw visitation with indices passed in
        -:  165:  struct __variant_idx_cookie { using type = __variant_idx_cookie; };
        -:  166:  // Used to enable deduction (and same-type checking) for std::visit:
        -:  167:  template<typename _Tp> struct __deduce_visit_result { using type = _Tp; };
        -:  168:
        -:  169:  // Visit variants that might be valueless.
        -:  170:  template<typename _Visitor, typename... _Variants>
        -:  171:    constexpr void
        -:  172:    __raw_visit(_Visitor&& __visitor, _Variants&&... __variants)
        -:  173:    {
        -:  174:      std::__do_visit<__variant_cookie>(std::forward<_Visitor>(__visitor),
        -:  175:				        std::forward<_Variants>(__variants)...);
        -:  176:    }
        -:  177:
        -:  178:  // Visit variants that might be valueless, passing indices to the visitor.
        -:  179:  template<typename _Visitor, typename... _Variants>
        -:  180:    constexpr void
    #####:  181:    __raw_idx_visit(_Visitor&& __visitor, _Variants&&... __variants)
        -:  182:    {
    #####:  183:      std::__do_visit<__variant_idx_cookie>(std::forward<_Visitor>(__visitor),
        -:  184:	  std::forward<_Variants>(__variants)...);
    #####:  185:    }
------------------
_ZNSt8__detail9__variant15__raw_idx_visitIZNS0_15_Copy_ctor_baseILb0EJSt9monostatebifNSt7__cxx1112basic_stringIcSt11char_traitsIcESaIcEEEEEC4ERKSA_EUlOT_T0_E_JRKSt7variantIJS3_bifS9_EEEEEvSE_DpOT0_:
function _ZNSt8__detail9__variant15__raw_idx_visitIZNS0_15_Copy_ctor_baseILb0EJSt9monostatebifNSt7__cxx1112basic_stringIcSt11char_traitsIcESaIcEEEEEC4ERKSA_EUlOT_T0_E_JRKSt7variantIJS3_bifS9_EEEEEvSE_DpOT0_ called 0 returned 0% blocks executed 0%
    #####:  181:    __raw_idx_visit(_Visitor&& __visitor, _Variants&&... __variants)
        -:  182:    {
    #####:  183:      std::__do_visit<__variant_idx_cookie>(std::forward<_Visitor>(__visitor),
    %%%%%:  183-block  0
call    0 never executed
call    1 never executed
call    2 never executed
        -:  184:	  std::forward<_Variants>(__variants)...);
    #####:  185:    }
------------------
_ZNSt8__detail9__variant15__raw_idx_visitIZNS0_15_Move_ctor_baseILb0EJSt9monostatebifNSt7__cxx1112basic_stringIcSt11char_traitsIcESaIcEEEEEC4EOSA_EUlOT_T0_E_JSt7variantIJS3_bifS9_EEEEEvSD_DpOT0_:
function _ZNSt8__detail9__variant15__raw_idx_visitIZNS0_15_Move_ctor_baseILb0EJSt9monostatebifNSt7__cxx1112basic_stringIcSt11char_traitsIcESaIcEEEEEC4EOSA_EUlOT_T0_E_JSt7variantIJS3_bifS9_EEEEEvSD_DpOT0_ called 0 returned 0% blocks executed 0%
    #####:  181:    __raw_idx_visit(_Visitor&& __visitor, _Variants&&... __variants)
        -:  182:    {
    #####:  183:      std::__do_visit<__variant_idx_cookie>(std::forward<_Visitor>(__visitor),
    %%%%%:  183-block  0
call    0 never executed
call    1 never executed
call    2 never executed
        -:  184:	  std::forward<_Variants>(__variants)...);
    #####:  185:    }
------------------
        -:  186:
        -:  187:  // The __as function templates implement the exposition-only "as-variant"
        -:  188:
        -:  189:  template<typename... _Types>
        -:  190:    constexpr std::variant<_Types...>&
        -:  191:    __as(std::variant<_Types...>& __v) noexcept
        -:  192:    { return __v; }
        -:  193:
        -:  194:  template<typename... _Types>
        -:  195:    constexpr const std::variant<_Types...>&
        -:  196:    __as(const std::variant<_Types...>& __v) noexcept
        -:  197:    { return __v; }
        -:  198:
        -:  199:  template<typename... _Types>
        -:  200:    constexpr std::variant<_Types...>&&
        -:  201:    __as(std::variant<_Types...>&& __v) noexcept
        -:  202:    { return std::move(__v); }
        -:  203:
        -:  204:  template<typename... _Types>
        -:  205:    constexpr const std::variant<_Types...>&&
        -:  206:    __as(const std::variant<_Types...>&& __v) noexcept
        -:  207:    { return std::move(__v); }
        -:  208:
        -:  209:  // For C++17:
        -:  210:  // _Uninitialized<T> is guaranteed to be a trivially destructible type,
        -:  211:  // even if T is not.
        -:  212:  // For C++20:
        -:  213:  // _Uninitialized<T> is trivially destructible iff T is, so _Variant_union
        -:  214:  // needs a constrained non-trivial destructor.
        -:  215:  template<typename _Type, bool = std::is_trivially_destructible_v<_Type>>
        -:  216:    struct _Uninitialized;
        -:  217:
        -:  218:  template<typename _Type>
        -:  219:    struct _Uninitialized<_Type, true>
        -:  220:    {
        -:  221:      template<typename... _Args>
        -:  222:	constexpr
    #####:  223:	_Uninitialized(in_place_index_t<0>, _Args&&... __args)
    #####:  224:	: _M_storage(std::forward<_Args>(__args)...)
    #####:  225:	{ }
------------------
_ZNSt8__detail9__variant14_UninitializedIfLb1EEC1IJRKfEEESt16in_place_index_tILy0EEDpOT_:
function _ZNSt8__detail9__variant14_UninitializedIfLb1EEC1IJRKfEEESt16in_place_index_tILy0EEDpOT_ called 0 returned 0% blocks executed 0%
    #####:  223:	_Uninitialized(in_place_index_t<0>, _Args&&... __args)
    #####:  224:	: _M_storage(std::forward<_Args>(__args)...)
    %%%%%:  224-block  0
call    0 never executed
    #####:  225:	{ }
------------------
_ZNSt8__detail9__variant14_UninitializedIfLb1EEC1IJfEEESt16in_place_index_tILy0EEDpOT_:
function _ZNSt8__detail9__variant14_UninitializedIfLb1EEC1IJfEEESt16in_place_index_tILy0EEDpOT_ called 0 returned 0% blocks executed 0%
    #####:  223:	_Uninitialized(in_place_index_t<0>, _Args&&... __args)
    #####:  224:	: _M_storage(std::forward<_Args>(__args)...)
    %%%%%:  224-block  0
call    0 never executed
    #####:  225:	{ }
------------------
_ZNSt8__detail9__variant14_UninitializedIiLb1EEC1IJRKiEEESt16in_place_index_tILy0EEDpOT_:
function _ZNSt8__detail9__variant14_UninitializedIiLb1EEC1IJRKiEEESt16in_place_index_tILy0EEDpOT_ called 0 returned 0% blocks executed 0%
    #####:  223:	_Uninitialized(in_place_index_t<0>, _Args&&... __args)
    #####:  224:	: _M_storage(std::forward<_Args>(__args)...)
    %%%%%:  224-block  0
call    0 never executed
    #####:  225:	{ }
------------------
_ZNSt8__detail9__variant14_UninitializedIiLb1EEC1IJiEEESt16in_place_index_tILy0EEDpOT_:
function _ZNSt8__detail9__variant14_UninitializedIiLb1EEC1IJiEEESt16in_place_index_tILy0EEDpOT_ called 0 returned 0% blocks executed 0%
    #####:  223:	_Uninitialized(in_place_index_t<0>, _Args&&... __args)
    #####:  224:	: _M_storage(std::forward<_Args>(__args)...)
    %%%%%:  224-block  0
call    0 never executed
    #####:  225:	{ }
------------------
_ZNSt8__detail9__variant14_UninitializedIbLb1EEC1IJRKbEEESt16in_place_index_tILy0EEDpOT_:
function _ZNSt8__detail9__variant14_UninitializedIbLb1EEC1IJRKbEEESt16in_place_index_tILy0EEDpOT_ called 0 returned 0% blocks executed 0%
    #####:  223:	_Uninitialized(in_place_index_t<0>, _Args&&... __args)
    #####:  224:	: _M_storage(std::forward<_Args>(__args)...)
    %%%%%:  224-block  0
call    0 never executed
    #####:  225:	{ }
------------------
_ZNSt8__detail9__variant14_UninitializedIbLb1EEC1IJbEEESt16in_place_index_tILy0EEDpOT_:
function _ZNSt8__detail9__variant14_UninitializedIbLb1EEC1IJbEEESt16in_place_index_tILy0EEDpOT_ called 0 returned 0% blocks executed 0%
    #####:  223:	_Uninitialized(in_place_index_t<0>, _Args&&... __args)
    #####:  224:	: _M_storage(std::forward<_Args>(__args)...)
    %%%%%:  224-block  0
call    0 never executed
    #####:  225:	{ }
------------------
_ZNSt8__detail9__variant14_UninitializedISt9monostateLb1EEC1IJRKS2_EEESt16in_place_index_tILy0EEDpOT_:
function _ZNSt8__detail9__variant14_UninitializedISt9monostateLb1EEC1IJRKS2_EEESt16in_place_index_tILy0EEDpOT_ called 0 returned 0% blocks executed 0%
    #####:  223:	_Uninitialized(in_place_index_t<0>, _Args&&... __args)
    #####:  224:	: _M_storage(std::forward<_Args>(__args)...)
    %%%%%:  224-block  0
call    0 never executed
    #####:  225:	{ }
------------------
_ZNSt8__detail9__variant14_UninitializedISt9monostateLb1EEC1IJS2_EEESt16in_place_index_tILy0EEDpOT_:
function _ZNSt8__detail9__variant14_UninitializedISt9monostateLb1EEC1IJS2_EEESt16in_place_index_tILy0EEDpOT_ called 0 returned 0% blocks executed 0%
    #####:  223:	_Uninitialized(in_place_index_t<0>, _Args&&... __args)
    #####:  224:	: _M_storage(std::forward<_Args>(__args)...)
    %%%%%:  224-block  0
call    0 never executed
    #####:  225:	{ }
------------------
        -:  226:
    #####:  227:      constexpr const _Type& _M_get() const & noexcept
    #####:  228:      { return _M_storage; }
------------------
_ZNKRSt8__detail9__variant14_UninitializedIfLb1EE6_M_getEv:
function _ZNKRSt8__detail9__variant14_UninitializedIfLb1EE6_M_getEv called 0 returned 0% blocks executed 0%
    #####:  227:      constexpr const _Type& _M_get() const & noexcept
    #####:  228:      { return _M_storage; }
    %%%%%:  228-block  0
------------------
_ZNKRSt8__detail9__variant14_UninitializedIiLb1EE6_M_getEv:
function _ZNKRSt8__detail9__variant14_UninitializedIiLb1EE6_M_getEv called 0 returned 0% blocks executed 0%
    #####:  227:      constexpr const _Type& _M_get() const & noexcept
    #####:  228:      { return _M_storage; }
    %%%%%:  228-block  0
------------------
_ZNKRSt8__detail9__variant14_UninitializedIbLb1EE6_M_getEv:
function _ZNKRSt8__detail9__variant14_UninitializedIbLb1EE6_M_getEv called 0 returned 0% blocks executed 0%
    #####:  227:      constexpr const _Type& _M_get() const & noexcept
    #####:  228:      { return _M_storage; }
    %%%%%:  228-block  0
------------------
_ZNKRSt8__detail9__variant14_UninitializedISt9monostateLb1EE6_M_getEv:
function _ZNKRSt8__detail9__variant14_UninitializedISt9monostateLb1EE6_M_getEv called 0 returned 0% blocks executed 0%
    #####:  227:      constexpr const _Type& _M_get() const & noexcept
    #####:  228:      { return _M_storage; }
    %%%%%:  228-block  0
------------------
        -:  229:
    #####:  230:      constexpr _Type& _M_get() & noexcept
    #####:  231:      { return _M_storage; }
------------------
_ZNRSt8__detail9__variant14_UninitializedIfLb1EE6_M_getEv:
function _ZNRSt8__detail9__variant14_UninitializedIfLb1EE6_M_getEv called 0 returned 0% blocks executed 0%
    #####:  230:      constexpr _Type& _M_get() & noexcept
    #####:  231:      { return _M_storage; }
    %%%%%:  231-block  0
------------------
_ZNRSt8__detail9__variant14_UninitializedIiLb1EE6_M_getEv:
function _ZNRSt8__detail9__variant14_UninitializedIiLb1EE6_M_getEv called 0 returned 0% blocks executed 0%
    #####:  230:      constexpr _Type& _M_get() & noexcept
    #####:  231:      { return _M_storage; }
    %%%%%:  231-block  0
------------------
_ZNRSt8__detail9__variant14_UninitializedIbLb1EE6_M_getEv:
function _ZNRSt8__detail9__variant14_UninitializedIbLb1EE6_M_getEv called 0 returned 0% blocks executed 0%
    #####:  230:      constexpr _Type& _M_get() & noexcept
    #####:  231:      { return _M_storage; }
    %%%%%:  231-block  0
------------------
_ZNRSt8__detail9__variant14_UninitializedISt9monostateLb1EE6_M_getEv:
function _ZNRSt8__detail9__variant14_UninitializedISt9monostateLb1EE6_M_getEv called 0 returned 0% blocks executed 0%
    #####:  230:      constexpr _Type& _M_get() & noexcept
    #####:  231:      { return _M_storage; }
    %%%%%:  231-block  0
------------------
        -:  232:
        -:  233:      constexpr const _Type&& _M_get() const && noexcept
        -:  234:      { return std::move(_M_storage); }
        -:  235:
    #####:  236:      constexpr _Type&& _M_get() && noexcept
    #####:  237:      { return std::move(_M_storage); }
------------------
_ZNOSt8__detail9__variant14_UninitializedIfLb1EE6_M_getEv:
function _ZNOSt8__detail9__variant14_UninitializedIfLb1EE6_M_getEv called 0 returned 0% blocks executed 0%
    #####:  236:      constexpr _Type&& _M_get() && noexcept
    #####:  237:      { return std::move(_M_storage); }
    %%%%%:  237-block  0
call    0 never executed
------------------
_ZNOSt8__detail9__variant14_UninitializedIiLb1EE6_M_getEv:
function _ZNOSt8__detail9__variant14_UninitializedIiLb1EE6_M_getEv called 0 returned 0% blocks executed 0%
    #####:  236:      constexpr _Type&& _M_get() && noexcept
    #####:  237:      { return std::move(_M_storage); }
    %%%%%:  237-block  0
call    0 never executed
------------------
_ZNOSt8__detail9__variant14_UninitializedIbLb1EE6_M_getEv:
function _ZNOSt8__detail9__variant14_UninitializedIbLb1EE6_M_getEv called 0 returned 0% blocks executed 0%
    #####:  236:      constexpr _Type&& _M_get() && noexcept
    #####:  237:      { return std::move(_M_storage); }
    %%%%%:  237-block  0
call    0 never executed
------------------
_ZNOSt8__detail9__variant14_UninitializedISt9monostateLb1EE6_M_getEv:
function _ZNOSt8__detail9__variant14_UninitializedISt9monostateLb1EE6_M_getEv called 0 returned 0% blocks executed 0%
    #####:  236:      constexpr _Type&& _M_get() && noexcept
    #####:  237:      { return std::move(_M_storage); }
    %%%%%:  237-block  0
call    0 never executed
------------------
        -:  238:
        -:  239:      _Type _M_storage;
        -:  240:    };
        -:  241:
        -:  242:  template<typename _Type>
        -:  243:    struct _Uninitialized<_Type, false>
        -:  244:    {
        -:  245:#if __cpp_lib_variant >= 202106L
        -:  246:      template<typename... _Args>
        -:  247:	constexpr
        -:  248:	_Uninitialized(in_place_index_t<0>, _Args&&... __args)
        -:  249:	: _M_storage(std::forward<_Args>(__args)...)
        -:  250:	{ }
        -:  251:
        -:  252:      constexpr ~_Uninitialized() { }
        -:  253:
        -:  254:      _Uninitialized(const _Uninitialized&) = default;
        -:  255:      _Uninitialized(_Uninitialized&&) = default;
        -:  256:      _Uninitialized& operator=(const _Uninitialized&) = default;
        -:  257:      _Uninitialized& operator=(_Uninitialized&&) = default;
        -:  258:
        -:  259:      constexpr const _Type& _M_get() const & noexcept
        -:  260:      { return _M_storage; }
        -:  261:
        -:  262:      constexpr _Type& _M_get() & noexcept
        -:  263:      { return _M_storage; }
        -:  264:
        -:  265:      constexpr const _Type&& _M_get() const && noexcept
        -:  266:      { return std::move(_M_storage); }
        -:  267:
        -:  268:      constexpr _Type&& _M_get() && noexcept
        -:  269:      { return std::move(_M_storage); }
        -:  270:
        -:  271:      struct _Empty_byte { };
        -:  272:
        -:  273:      union {
        -:  274:	_Empty_byte _M_empty;
        -:  275:	_Type _M_storage;
        -:  276:      };
        -:  277:#else
        -:  278:      template<typename... _Args>
        -:  279:	constexpr
    #####:  280:	_Uninitialized(in_place_index_t<0>, _Args&&... __args)
        -:  281:	{
    #####:  282:	  ::new ((void*)std::addressof(_M_storage))
        -:  283:	    _Type(std::forward<_Args>(__args)...);
    #####:  284:	}
------------------
_ZNSt8__detail9__variant14_UninitializedINSt7__cxx1112basic_stringIcSt11char_traitsIcESaIcEEELb0EEC1IJRKS7_EEESt16in_place_index_tILy0EEDpOT_:
function _ZNSt8__detail9__variant14_UninitializedINSt7__cxx1112basic_stringIcSt11char_traitsIcESaIcEEELb0EEC1IJRKS7_EEESt16in_place_index_tILy0EEDpOT_ called 0 returned 0% blocks executed 0%
    #####:  280:	_Uninitialized(in_place_index_t<0>, _Args&&... __args)
        -:  281:	{
    #####:  282:	  ::new ((void*)std::addressof(_M_storage))
    %%%%%:  282-block  0
call    0 never executed
call    1 never executed
call    2 never executed
call    3 never executed
branch  4 never executed (fallthrough)
branch  5 never executed (throw)
    $$$$$:  282-block  1
branch  6 never executed (fallthrough)
branch  7 never executed
    $$$$$:  282-block  2
call    8 never executed
        -:  283:	    _Type(std::forward<_Args>(__args)...);
    #####:  284:	}
    %%%%%:  284-block  0
------------------
_ZNSt8__detail9__variant14_UninitializedINSt7__cxx1112basic_stringIcSt11char_traitsIcESaIcEEELb0EEC1IJS7_EEESt16in_place_index_tILy0EEDpOT_:
function _ZNSt8__detail9__variant14_UninitializedINSt7__cxx1112basic_stringIcSt11char_traitsIcESaIcEEELb0EEC1IJS7_EEESt16in_place_index_tILy0EEDpOT_ called 0 returned 0% blocks executed 0%
    #####:  280:	_Uninitialized(in_place_index_t<0>, _Args&&... __args)
        -:  281:	{
    #####:  282:	  ::new ((void*)std::addressof(_M_storage))
    %%%%%:  282-block  0
call    0 never executed
call    1 never executed
call    2 never executed
call    3 never executed
        -:  283:	    _Type(std::forward<_Args>(__args)...);
    #####:  284:	}
------------------
        -:  285:
function _ZNKRSt8__detail9__variant14_UninitializedINSt7__cxx1112basic_stringIcSt11char_traitsIcESaIcEEELb0EE6_M_getEv called 0 returned 0% blocks executed 0%
    #####:  286:      const _Type& _M_get() const & noexcept
    #####:  287:      { return *_M_storage._M_ptr(); }
    %%%%%:  287-block  0
call    0 never executed
        -:  288:
function _ZNRSt8__detail9__variant14_UninitializedINSt7__cxx1112basic_stringIcSt11char_traitsIcESaIcEEELb0EE6_M_getEv called 0 returned 0% blocks executed 0%
    #####:  289:      _Type& _M_get() & noexcept
    #####:  290:      { return *_M_storage._M_ptr(); }
    %%%%%:  290-block  0
call    0 never executed
        -:  291:
        -:  292:      const _Type&& _M_get() const && noexcept
        -:  293:      { return std::move(*_M_storage._M_ptr()); }
        -:  294:
function _ZNOSt8__detail9__variant14_UninitializedINSt7__cxx1112basic_stringIcSt11char_traitsIcESaIcEEELb0EE6_M_getEv called 0 returned 0% blocks executed 0%
    #####:  295:      _Type&& _M_get() && noexcept
    #####:  296:      { return std::move(*_M_storage._M_ptr()); }
    %%%%%:  296-block  0
call    0 never executed
call    1 never executed
        -:  297:
        -:  298:      __gnu_cxx::__aligned_membuf<_Type> _M_storage;
        -:  299:#endif
        -:  300:    };
        -:  301:
        -:  302:  template<size_t _Np, typename _Union>
        -:  303:    constexpr decltype(auto)
    #####:  304:    __get_n(_Union&& __u) noexcept
        -:  305:    {
        -:  306:      if constexpr (_Np == 0)
    #####:  307:	return std::forward<_Union>(__u)._M_first._M_get();
        -:  308:      else if constexpr (_Np == 1)
    #####:  309:	return std::forward<_Union>(__u)._M_rest._M_first._M_get();
        -:  310:      else if constexpr (_Np == 2)
    #####:  311:	return std::forward<_Union>(__u)._M_rest._M_rest._M_first._M_get();
        -:  312:      else
    #####:  313:	return __variant::__get_n<_Np - 3>(
    #####:  314:		 std::forward<_Union>(__u)._M_rest._M_rest._M_rest);
        -:  315:    }
------------------
_ZNSt8__detail9__variant7__get_nILy0ERNS0_15_Variadic_unionIJfNSt7__cxx1112basic_stringIcSt11char_traitsIcESaIcEEEEEEEEDcOT0_:
function _ZNSt8__detail9__variant7__get_nILy0ERNS0_15_Variadic_unionIJfNSt7__cxx1112basic_stringIcSt11char_traitsIcESaIcEEEEEEEEDcOT0_ called 0 returned 0% blocks executed 0%
    #####:  304:    __get_n(_Union&& __u) noexcept
        -:  305:    {
        -:  306:      if constexpr (_Np == 0)
    #####:  307:	return std::forward<_Union>(__u)._M_first._M_get();
    %%%%%:  307-block  0
call    0 never executed
call    1 never executed
        -:  308:      else if constexpr (_Np == 1)
        -:  309:	return std::forward<_Union>(__u)._M_rest._M_first._M_get();
        -:  310:      else if constexpr (_Np == 2)
        -:  311:	return std::forward<_Union>(__u)._M_rest._M_rest._M_first._M_get();
        -:  312:      else
        -:  313:	return __variant::__get_n<_Np - 3>(
        -:  314:		 std::forward<_Union>(__u)._M_rest._M_rest._M_rest);
        -:  315:    }
------------------
_ZNSt8__detail9__variant7__get_nILy0ENS0_15_Variadic_unionIJSt9monostatebifNSt7__cxx1112basic_stringIcSt11char_traitsIcESaIcEEEEEEEEDcOT0_:
function _ZNSt8__detail9__variant7__get_nILy0ENS0_15_Variadic_unionIJSt9monostatebifNSt7__cxx1112basic_stringIcSt11char_traitsIcESaIcEEEEEEEEDcOT0_ called 0 returned 0% blocks executed 0%
    #####:  304:    __get_n(_Union&& __u) noexcept
        -:  305:    {
        -:  306:      if constexpr (_Np == 0)
    #####:  307:	return std::forward<_Union>(__u)._M_first._M_get();
    %%%%%:  307-block  0
call    0 never executed
call    1 never executed
        -:  308:      else if constexpr (_Np == 1)
        -:  309:	return std::forward<_Union>(__u)._M_rest._M_first._M_get();
        -:  310:      else if constexpr (_Np == 2)
        -:  311:	return std::forward<_Union>(__u)._M_rest._M_rest._M_first._M_get();
        -:  312:      else
        -:  313:	return __variant::__get_n<_Np - 3>(
        -:  314:		 std::forward<_Union>(__u)._M_rest._M_rest._M_rest);
        -:  315:    }
------------------
_ZNSt8__detail9__variant7__get_nILy1ENS0_15_Variadic_unionIJSt9monostatebifNSt7__cxx1112basic_stringIcSt11char_traitsIcESaIcEEEEEEEEDcOT0_:
function _ZNSt8__detail9__variant7__get_nILy1ENS0_15_Variadic_unionIJSt9monostatebifNSt7__cxx1112basic_stringIcSt11char_traitsIcESaIcEEEEEEEEDcOT0_ called 0 returned 0% blocks executed 0%
    #####:  304:    __get_n(_Union&& __u) noexcept
        -:  305:    {
        -:  306:      if constexpr (_Np == 0)
        -:  307:	return std::forward<_Union>(__u)._M_first._M_get();
        -:  308:      else if constexpr (_Np == 1)
    #####:  309:	return std::forward<_Union>(__u)._M_rest._M_first._M_get();
    %%%%%:  309-block  0
call    0 never executed
call    1 never executed
        -:  310:      else if constexpr (_Np == 2)
        -:  311:	return std::forward<_Union>(__u)._M_rest._M_rest._M_first._M_get();
        -:  312:      else
        -:  313:	return __variant::__get_n<_Np - 3>(
        -:  314:		 std::forward<_Union>(__u)._M_rest._M_rest._M_rest);
        -:  315:    }
------------------
_ZNSt8__detail9__variant7__get_nILy2ENS0_15_Variadic_unionIJSt9monostatebifNSt7__cxx1112basic_stringIcSt11char_traitsIcESaIcEEEEEEEEDcOT0_:
function _ZNSt8__detail9__variant7__get_nILy2ENS0_15_Variadic_unionIJSt9monostatebifNSt7__cxx1112basic_stringIcSt11char_traitsIcESaIcEEEEEEEEDcOT0_ called 0 returned 0% blocks executed 0%
    #####:  304:    __get_n(_Union&& __u) noexcept
        -:  305:    {
        -:  306:      if constexpr (_Np == 0)
        -:  307:	return std::forward<_Union>(__u)._M_first._M_get();
        -:  308:      else if constexpr (_Np == 1)
        -:  309:	return std::forward<_Union>(__u)._M_rest._M_first._M_get();
        -:  310:      else if constexpr (_Np == 2)
    #####:  311:	return std::forward<_Union>(__u)._M_rest._M_rest._M_first._M_get();
    %%%%%:  311-block  0
call    0 never executed
call    1 never executed
        -:  312:      else
        -:  313:	return __variant::__get_n<_Np - 3>(
        -:  314:		 std::forward<_Union>(__u)._M_rest._M_rest._M_rest);
        -:  315:    }
------------------
_ZNSt8__detail9__variant7__get_nILy0ENS0_15_Variadic_unionIJfNSt7__cxx1112basic_stringIcSt11char_traitsIcESaIcEEEEEEEEDcOT0_:
function _ZNSt8__detail9__variant7__get_nILy0ENS0_15_Variadic_unionIJfNSt7__cxx1112basic_stringIcSt11char_traitsIcESaIcEEEEEEEEDcOT0_ called 0 returned 0% blocks executed 0%
    #####:  304:    __get_n(_Union&& __u) noexcept
        -:  305:    {
        -:  306:      if constexpr (_Np == 0)
    #####:  307:	return std::forward<_Union>(__u)._M_first._M_get();
    %%%%%:  307-block  0
call    0 never executed
call    1 never executed
        -:  308:      else if constexpr (_Np == 1)
        -:  309:	return std::forward<_Union>(__u)._M_rest._M_first._M_get();
        -:  310:      else if constexpr (_Np == 2)
        -:  311:	return std::forward<_Union>(__u)._M_rest._M_rest._M_first._M_get();
        -:  312:      else
        -:  313:	return __variant::__get_n<_Np - 3>(
        -:  314:		 std::forward<_Union>(__u)._M_rest._M_rest._M_rest);
        -:  315:    }
------------------
_ZNSt8__detail9__variant7__get_nILy3ENS0_15_Variadic_unionIJSt9monostatebifNSt7__cxx1112basic_stringIcSt11char_traitsIcESaIcEEEEEEEEDcOT0_:
function _ZNSt8__detail9__variant7__get_nILy3ENS0_15_Variadic_unionIJSt9monostatebifNSt7__cxx1112basic_stringIcSt11char_traitsIcESaIcEEEEEEEEDcOT0_ called 0 returned 0% blocks executed 0%
    #####:  304:    __get_n(_Union&& __u) noexcept
        -:  305:    {
        -:  306:      if constexpr (_Np == 0)
        -:  307:	return std::forward<_Union>(__u)._M_first._M_get();
        -:  308:      else if constexpr (_Np == 1)
        -:  309:	return std::forward<_Union>(__u)._M_rest._M_first._M_get();
        -:  310:      else if constexpr (_Np == 2)
        -:  311:	return std::forward<_Union>(__u)._M_rest._M_rest._M_first._M_get();
        -:  312:      else
    #####:  313:	return __variant::__get_n<_Np - 3>(
    #####:  314:		 std::forward<_Union>(__u)._M_rest._M_rest._M_rest);
    %%%%%:  314-block  0
call    0 never executed
call    1 never executed
        -:  315:    }
------------------
_ZNSt8__detail9__variant7__get_nILy1ENS0_15_Variadic_unionIJfNSt7__cxx1112basic_stringIcSt11char_traitsIcESaIcEEEEEEEEDcOT0_:
function _ZNSt8__detail9__variant7__get_nILy1ENS0_15_Variadic_unionIJfNSt7__cxx1112basic_stringIcSt11char_traitsIcESaIcEEEEEEEEDcOT0_ called 0 returned 0% blocks executed 0%
    #####:  304:    __get_n(_Union&& __u) noexcept
        -:  305:    {
        -:  306:      if constexpr (_Np == 0)
        -:  307:	return std::forward<_Union>(__u)._M_first._M_get();
        -:  308:      else if constexpr (_Np == 1)
    #####:  309:	return std::forward<_Union>(__u)._M_rest._M_first._M_get();
    %%%%%:  309-block  0
call    0 never executed
call    1 never executed
        -:  310:      else if constexpr (_Np == 2)
        -:  311:	return std::forward<_Union>(__u)._M_rest._M_rest._M_first._M_get();
        -:  312:      else
        -:  313:	return __variant::__get_n<_Np - 3>(
        -:  314:		 std::forward<_Union>(__u)._M_rest._M_rest._M_rest);
        -:  315:    }
------------------
_ZNSt8__detail9__variant7__get_nILy4ENS0_15_Variadic_unionIJSt9monostatebifNSt7__cxx1112basic_stringIcSt11char_traitsIcESaIcEEEEEEEEDcOT0_:
function _ZNSt8__detail9__variant7__get_nILy4ENS0_15_Variadic_unionIJSt9monostatebifNSt7__cxx1112basic_stringIcSt11char_traitsIcESaIcEEEEEEEEDcOT0_ called 0 returned 0% blocks executed 0%
    #####:  304:    __get_n(_Union&& __u) noexcept
        -:  305:    {
        -:  306:      if constexpr (_Np == 0)
        -:  307:	return std::forward<_Union>(__u)._M_first._M_get();
        -:  308:      else if constexpr (_Np == 1)
        -:  309:	return std::forward<_Union>(__u)._M_rest._M_first._M_get();
        -:  310:      else if constexpr (_Np == 2)
        -:  311:	return std::forward<_Union>(__u)._M_rest._M_rest._M_first._M_get();
        -:  312:      else
    #####:  313:	return __variant::__get_n<_Np - 3>(
    #####:  314:		 std::forward<_Union>(__u)._M_rest._M_rest._M_rest);
    %%%%%:  314-block  0
call    0 never executed
call    1 never executed
        -:  315:    }
------------------
_ZNSt8__detail9__variant7__get_nILy0ERNS0_15_Variadic_unionIJSt9monostatebifNSt7__cxx1112basic_stringIcSt11char_traitsIcESaIcEEEEEEEEDcOT0_:
function _ZNSt8__detail9__variant7__get_nILy0ERNS0_15_Variadic_unionIJSt9monostatebifNSt7__cxx1112basic_stringIcSt11char_traitsIcESaIcEEEEEEEEDcOT0_ called 0 returned 0% blocks executed 0%
    #####:  304:    __get_n(_Union&& __u) noexcept
        -:  305:    {
        -:  306:      if constexpr (_Np == 0)
    #####:  307:	return std::forward<_Union>(__u)._M_first._M_get();
    %%%%%:  307-block  0
call    0 never executed
call    1 never executed
        -:  308:      else if constexpr (_Np == 1)
        -:  309:	return std::forward<_Union>(__u)._M_rest._M_first._M_get();
        -:  310:      else if constexpr (_Np == 2)
        -:  311:	return std::forward<_Union>(__u)._M_rest._M_rest._M_first._M_get();
        -:  312:      else
        -:  313:	return __variant::__get_n<_Np - 3>(
        -:  314:		 std::forward<_Union>(__u)._M_rest._M_rest._M_rest);
        -:  315:    }
------------------
_ZNSt8__detail9__variant7__get_nILy1ERNS0_15_Variadic_unionIJSt9monostatebifNSt7__cxx1112basic_stringIcSt11char_traitsIcESaIcEEEEEEEEDcOT0_:
function _ZNSt8__detail9__variant7__get_nILy1ERNS0_15_Variadic_unionIJSt9monostatebifNSt7__cxx1112basic_stringIcSt11char_traitsIcESaIcEEEEEEEEDcOT0_ called 0 returned 0% blocks executed 0%
    #####:  304:    __get_n(_Union&& __u) noexcept
        -:  305:    {
        -:  306:      if constexpr (_Np == 0)
        -:  307:	return std::forward<_Union>(__u)._M_first._M_get();
        -:  308:      else if constexpr (_Np == 1)
    #####:  309:	return std::forward<_Union>(__u)._M_rest._M_first._M_get();
    %%%%%:  309-block  0
call    0 never executed
call    1 never executed
        -:  310:      else if constexpr (_Np == 2)
        -:  311:	return std::forward<_Union>(__u)._M_rest._M_rest._M_first._M_get();
        -:  312:      else
        -:  313:	return __variant::__get_n<_Np - 3>(
        -:  314:		 std::forward<_Union>(__u)._M_rest._M_rest._M_rest);
        -:  315:    }
------------------
_ZNSt8__detail9__variant7__get_nILy2ERNS0_15_Variadic_unionIJSt9monostatebifNSt7__cxx1112basic_stringIcSt11char_traitsIcESaIcEEEEEEEEDcOT0_:
function _ZNSt8__detail9__variant7__get_nILy2ERNS0_15_Variadic_unionIJSt9monostatebifNSt7__cxx1112basic_stringIcSt11char_traitsIcESaIcEEEEEEEEDcOT0_ called 0 returned 0% blocks executed 0%
    #####:  304:    __get_n(_Union&& __u) noexcept
        -:  305:    {
        -:  306:      if constexpr (_Np == 0)
        -:  307:	return std::forward<_Union>(__u)._M_first._M_get();
        -:  308:      else if constexpr (_Np == 1)
        -:  309:	return std::forward<_Union>(__u)._M_rest._M_first._M_get();
        -:  310:      else if constexpr (_Np == 2)
    #####:  311:	return std::forward<_Union>(__u)._M_rest._M_rest._M_first._M_get();
    %%%%%:  311-block  0
call    0 never executed
call    1 never executed
        -:  312:      else
        -:  313:	return __variant::__get_n<_Np - 3>(
        -:  314:		 std::forward<_Union>(__u)._M_rest._M_rest._M_rest);
        -:  315:    }
------------------
_ZNSt8__detail9__variant7__get_nILy4ERKNS0_15_Variadic_unionIJSt9monostatebifNSt7__cxx1112basic_stringIcSt11char_traitsIcESaIcEEEEEEEEDcOT0_:
function _ZNSt8__detail9__variant7__get_nILy4ERKNS0_15_Variadic_unionIJSt9monostatebifNSt7__cxx1112basic_stringIcSt11char_traitsIcESaIcEEEEEEEEDcOT0_ called 0 returned 0% blocks executed 0%
    #####:  304:    __get_n(_Union&& __u) noexcept
        -:  305:    {
        -:  306:      if constexpr (_Np == 0)
        -:  307:	return std::forward<_Union>(__u)._M_first._M_get();
        -:  308:      else if constexpr (_Np == 1)
        -:  309:	return std::forward<_Union>(__u)._M_rest._M_first._M_get();
        -:  310:      else if constexpr (_Np == 2)
        -:  311:	return std::forward<_Union>(__u)._M_rest._M_rest._M_first._M_get();
        -:  312:      else
    #####:  313:	return __variant::__get_n<_Np - 3>(
    #####:  314:		 std::forward<_Union>(__u)._M_rest._M_rest._M_rest);
    %%%%%:  314-block  0
call    0 never executed
call    1 never executed
        -:  315:    }
------------------
_ZNSt8__detail9__variant7__get_nILy3ERNS0_15_Variadic_unionIJSt9monostatebifNSt7__cxx1112basic_stringIcSt11char_traitsIcESaIcEEEEEEEEDcOT0_:
function _ZNSt8__detail9__variant7__get_nILy3ERNS0_15_Variadic_unionIJSt9monostatebifNSt7__cxx1112basic_stringIcSt11char_traitsIcESaIcEEEEEEEEDcOT0_ called 0 returned 0% blocks executed 0%
    #####:  304:    __get_n(_Union&& __u) noexcept
        -:  305:    {
        -:  306:      if constexpr (_Np == 0)
        -:  307:	return std::forward<_Union>(__u)._M_first._M_get();
        -:  308:      else if constexpr (_Np == 1)
        -:  309:	return std::forward<_Union>(__u)._M_rest._M_first._M_get();
        -:  310:      else if constexpr (_Np == 2)
        -:  311:	return std::forward<_Union>(__u)._M_rest._M_rest._M_first._M_get();
        -:  312:      else
    #####:  313:	return __variant::__get_n<_Np - 3>(
    #####:  314:		 std::forward<_Union>(__u)._M_rest._M_rest._M_rest);
    %%%%%:  314-block  0
call    0 never executed
call    1 never executed
        -:  315:    }
------------------
_ZNSt8__detail9__variant7__get_nILy1ERNS0_15_Variadic_unionIJfNSt7__cxx1112basic_stringIcSt11char_traitsIcESaIcEEEEEEEEDcOT0_:
function _ZNSt8__detail9__variant7__get_nILy1ERNS0_15_Variadic_unionIJfNSt7__cxx1112basic_stringIcSt11char_traitsIcESaIcEEEEEEEEDcOT0_ called 0 returned 0% blocks executed 0%
    #####:  304:    __get_n(_Union&& __u) noexcept
        -:  305:    {
        -:  306:      if constexpr (_Np == 0)
        -:  307:	return std::forward<_Union>(__u)._M_first._M_get();
        -:  308:      else if constexpr (_Np == 1)
    #####:  309:	return std::forward<_Union>(__u)._M_rest._M_first._M_get();
    %%%%%:  309-block  0
call    0 never executed
call    1 never executed
        -:  310:      else if constexpr (_Np == 2)
        -:  311:	return std::forward<_Union>(__u)._M_rest._M_rest._M_first._M_get();
        -:  312:      else
        -:  313:	return __variant::__get_n<_Np - 3>(
        -:  314:		 std::forward<_Union>(__u)._M_rest._M_rest._M_rest);
        -:  315:    }
------------------
_ZNSt8__detail9__variant7__get_nILy4ERNS0_15_Variadic_unionIJSt9monostatebifNSt7__cxx1112basic_stringIcSt11char_traitsIcESaIcEEEEEEEEDcOT0_:
function _ZNSt8__detail9__variant7__get_nILy4ERNS0_15_Variadic_unionIJSt9monostatebifNSt7__cxx1112basic_stringIcSt11char_traitsIcESaIcEEEEEEEEDcOT0_ called 0 returned 0% blocks executed 0%
    #####:  304:    __get_n(_Union&& __u) noexcept
        -:  305:    {
        -:  306:      if constexpr (_Np == 0)
        -:  307:	return std::forward<_Union>(__u)._M_first._M_get();
        -:  308:      else if constexpr (_Np == 1)
        -:  309:	return std::forward<_Union>(__u)._M_rest._M_first._M_get();
        -:  310:      else if constexpr (_Np == 2)
        -:  311:	return std::forward<_Union>(__u)._M_rest._M_rest._M_first._M_get();
        -:  312:      else
    #####:  313:	return __variant::__get_n<_Np - 3>(
    #####:  314:		 std::forward<_Union>(__u)._M_rest._M_rest._M_rest);
    %%%%%:  314-block  0
call    0 never executed
call    1 never executed
        -:  315:    }
------------------
_ZNSt8__detail9__variant7__get_nILy0ERKNS0_15_Variadic_unionIJSt9monostatebifNSt7__cxx1112basic_stringIcSt11char_traitsIcESaIcEEEEEEEEDcOT0_:
function _ZNSt8__detail9__variant7__get_nILy0ERKNS0_15_Variadic_unionIJSt9monostatebifNSt7__cxx1112basic_stringIcSt11char_traitsIcESaIcEEEEEEEEDcOT0_ called 0 returned 0% blocks executed 0%
    #####:  304:    __get_n(_Union&& __u) noexcept
        -:  305:    {
        -:  306:      if constexpr (_Np == 0)
    #####:  307:	return std::forward<_Union>(__u)._M_first._M_get();
    %%%%%:  307-block  0
call    0 never executed
call    1 never executed
        -:  308:      else if constexpr (_Np == 1)
        -:  309:	return std::forward<_Union>(__u)._M_rest._M_first._M_get();
        -:  310:      else if constexpr (_Np == 2)
        -:  311:	return std::forward<_Union>(__u)._M_rest._M_rest._M_first._M_get();
        -:  312:      else
        -:  313:	return __variant::__get_n<_Np - 3>(
        -:  314:		 std::forward<_Union>(__u)._M_rest._M_rest._M_rest);
        -:  315:    }
------------------
_ZNSt8__detail9__variant7__get_nILy1ERKNS0_15_Variadic_unionIJSt9monostatebifNSt7__cxx1112basic_stringIcSt11char_traitsIcESaIcEEEEEEEEDcOT0_:
function _ZNSt8__detail9__variant7__get_nILy1ERKNS0_15_Variadic_unionIJSt9monostatebifNSt7__cxx1112basic_stringIcSt11char_traitsIcESaIcEEEEEEEEDcOT0_ called 0 returned 0% blocks executed 0%
    #####:  304:    __get_n(_Union&& __u) noexcept
        -:  305:    {
        -:  306:      if constexpr (_Np == 0)
        -:  307:	return std::forward<_Union>(__u)._M_first._M_get();
        -:  308:      else if constexpr (_Np == 1)
    #####:  309:	return std::forward<_Union>(__u)._M_rest._M_first._M_get();
    %%%%%:  309-block  0
call    0 never executed
call    1 never executed
        -:  310:      else if constexpr (_Np == 2)
        -:  311:	return std::forward<_Union>(__u)._M_rest._M_rest._M_first._M_get();
        -:  312:      else
        -:  313:	return __variant::__get_n<_Np - 3>(
        -:  314:		 std::forward<_Union>(__u)._M_rest._M_rest._M_rest);
        -:  315:    }
------------------
_ZNSt8__detail9__variant7__get_nILy2ERKNS0_15_Variadic_unionIJSt9monostatebifNSt7__cxx1112basic_stringIcSt11char_traitsIcESaIcEEEEEEEEDcOT0_:
function _ZNSt8__detail9__variant7__get_nILy2ERKNS0_15_Variadic_unionIJSt9monostatebifNSt7__cxx1112basic_stringIcSt11char_traitsIcESaIcEEEEEEEEDcOT0_ called 0 returned 0% blocks executed 0%
    #####:  304:    __get_n(_Union&& __u) noexcept
        -:  305:    {
        -:  306:      if constexpr (_Np == 0)
        -:  307:	return std::forward<_Union>(__u)._M_first._M_get();
        -:  308:      else if constexpr (_Np == 1)
        -:  309:	return std::forward<_Union>(__u)._M_rest._M_first._M_get();
        -:  310:      else if constexpr (_Np == 2)
    #####:  311:	return std::forward<_Union>(__u)._M_rest._M_rest._M_first._M_get();
    %%%%%:  311-block  0
call    0 never executed
call    1 never executed
        -:  312:      else
        -:  313:	return __variant::__get_n<_Np - 3>(
        -:  314:		 std::forward<_Union>(__u)._M_rest._M_rest._M_rest);
        -:  315:    }
------------------
_ZNSt8__detail9__variant7__get_nILy0ERKNS0_15_Variadic_unionIJfNSt7__cxx1112basic_stringIcSt11char_traitsIcESaIcEEEEEEEEDcOT0_:
function _ZNSt8__detail9__variant7__get_nILy0ERKNS0_15_Variadic_unionIJfNSt7__cxx1112basic_stringIcSt11char_traitsIcESaIcEEEEEEEEDcOT0_ called 0 returned 0% blocks executed 0%
    #####:  304:    __get_n(_Union&& __u) noexcept
        -:  305:    {
        -:  306:      if constexpr (_Np == 0)
    #####:  307:	return std::forward<_Union>(__u)._M_first._M_get();
    %%%%%:  307-block  0
call    0 never executed
call    1 never executed
        -:  308:      else if constexpr (_Np == 1)
        -:  309:	return std::forward<_Union>(__u)._M_rest._M_first._M_get();
        -:  310:      else if constexpr (_Np == 2)
        -:  311:	return std::forward<_Union>(__u)._M_rest._M_rest._M_first._M_get();
        -:  312:      else
        -:  313:	return __variant::__get_n<_Np - 3>(
        -:  314:		 std::forward<_Union>(__u)._M_rest._M_rest._M_rest);
        -:  315:    }
------------------
_ZNSt8__detail9__variant7__get_nILy3ERKNS0_15_Variadic_unionIJSt9monostatebifNSt7__cxx1112basic_stringIcSt11char_traitsIcESaIcEEEEEEEEDcOT0_:
function _ZNSt8__detail9__variant7__get_nILy3ERKNS0_15_Variadic_unionIJSt9monostatebifNSt7__cxx1112basic_stringIcSt11char_traitsIcESaIcEEEEEEEEDcOT0_ called 0 returned 0% blocks executed 0%
    #####:  304:    __get_n(_Union&& __u) noexcept
        -:  305:    {
        -:  306:      if constexpr (_Np == 0)
        -:  307:	return std::forward<_Union>(__u)._M_first._M_get();
        -:  308:      else if constexpr (_Np == 1)
        -:  309:	return std::forward<_Union>(__u)._M_rest._M_first._M_get();
        -:  310:      else if constexpr (_Np == 2)
        -:  311:	return std::forward<_Union>(__u)._M_rest._M_rest._M_first._M_get();
        -:  312:      else
    #####:  313:	return __variant::__get_n<_Np - 3>(
    #####:  314:		 std::forward<_Union>(__u)._M_rest._M_rest._M_rest);
    %%%%%:  314-block  0
call    0 never executed
call    1 never executed
        -:  315:    }
------------------
_ZNSt8__detail9__variant7__get_nILy1ERKNS0_15_Variadic_unionIJfNSt7__cxx1112basic_stringIcSt11char_traitsIcESaIcEEEEEEEEDcOT0_:
function _ZNSt8__detail9__variant7__get_nILy1ERKNS0_15_Variadic_unionIJfNSt7__cxx1112basic_stringIcSt11char_traitsIcESaIcEEEEEEEEDcOT0_ called 0 returned 0% blocks executed 0%
    #####:  304:    __get_n(_Union&& __u) noexcept
        -:  305:    {
        -:  306:      if constexpr (_Np == 0)
        -:  307:	return std::forward<_Union>(__u)._M_first._M_get();
        -:  308:      else if constexpr (_Np == 1)
    #####:  309:	return std::forward<_Union>(__u)._M_rest._M_first._M_get();
    %%%%%:  309-block  0
call    0 never executed
call    1 never executed
        -:  310:      else if constexpr (_Np == 2)
        -:  311:	return std::forward<_Union>(__u)._M_rest._M_rest._M_first._M_get();
        -:  312:      else
        -:  313:	return __variant::__get_n<_Np - 3>(
        -:  314:		 std::forward<_Union>(__u)._M_rest._M_rest._M_rest);
        -:  315:    }
------------------
        -:  316:
        -:  317:  // Returns the typed storage for __v.
        -:  318:  template<size_t _Np, typename _Variant>
        -:  319:    constexpr decltype(auto)
    #####:  320:    __get(_Variant&& __v) noexcept
    #####:  321:    { return __variant::__get_n<_Np>(std::forward<_Variant>(__v)._M_u); }
------------------
_ZNSt8__detail9__variant5__getILy4ERKSt7variantIJSt9monostatebifNSt7__cxx1112basic_stringIcSt11char_traitsIcESaIcEEEEEEEDcOT0_:
function _ZNSt8__detail9__variant5__getILy4ERKSt7variantIJSt9monostatebifNSt7__cxx1112basic_stringIcSt11char_traitsIcESaIcEEEEEEEDcOT0_ called 0 returned 0% blocks executed 0%
    #####:  320:    __get(_Variant&& __v) noexcept
    #####:  321:    { return __variant::__get_n<_Np>(std::forward<_Variant>(__v)._M_u); }
    %%%%%:  321-block  0
call    0 never executed
call    1 never executed
------------------
_ZNSt8__detail9__variant5__getILy3ERKSt7variantIJSt9monostatebifNSt7__cxx1112basic_stringIcSt11char_traitsIcESaIcEEEEEEEDcOT0_:
function _ZNSt8__detail9__variant5__getILy3ERKSt7variantIJSt9monostatebifNSt7__cxx1112basic_stringIcSt11char_traitsIcESaIcEEEEEEEDcOT0_ called 0 returned 0% blocks executed 0%
    #####:  320:    __get(_Variant&& __v) noexcept
    #####:  321:    { return __variant::__get_n<_Np>(std::forward<_Variant>(__v)._M_u); }
    %%%%%:  321-block  0
call    0 never executed
call    1 never executed
------------------
_ZNSt8__detail9__variant5__getILy2ERKSt7variantIJSt9monostatebifNSt7__cxx1112basic_stringIcSt11char_traitsIcESaIcEEEEEEEDcOT0_:
function _ZNSt8__detail9__variant5__getILy2ERKSt7variantIJSt9monostatebifNSt7__cxx1112basic_stringIcSt11char_traitsIcESaIcEEEEEEEDcOT0_ called 0 returned 0% blocks executed 0%
    #####:  320:    __get(_Variant&& __v) noexcept
    #####:  321:    { return __variant::__get_n<_Np>(std::forward<_Variant>(__v)._M_u); }
    %%%%%:  321-block  0
call    0 never executed
call    1 never executed
------------------
_ZNSt8__detail9__variant5__getILy1ERKSt7variantIJSt9monostatebifNSt7__cxx1112basic_stringIcSt11char_traitsIcESaIcEEEEEEEDcOT0_:
function _ZNSt8__detail9__variant5__getILy1ERKSt7variantIJSt9monostatebifNSt7__cxx1112basic_stringIcSt11char_traitsIcESaIcEEEEEEEDcOT0_ called 0 returned 0% blocks executed 0%
    #####:  320:    __get(_Variant&& __v) noexcept
    #####:  321:    { return __variant::__get_n<_Np>(std::forward<_Variant>(__v)._M_u); }
    %%%%%:  321-block  0
call    0 never executed
call    1 never executed
------------------
_ZNSt8__detail9__variant5__getILy0ERKSt7variantIJSt9monostatebifNSt7__cxx1112basic_stringIcSt11char_traitsIcESaIcEEEEEEEDcOT0_:
function _ZNSt8__detail9__variant5__getILy0ERKSt7variantIJSt9monostatebifNSt7__cxx1112basic_stringIcSt11char_traitsIcESaIcEEEEEEEDcOT0_ called 0 returned 0% blocks executed 0%
    #####:  320:    __get(_Variant&& __v) noexcept
    #####:  321:    { return __variant::__get_n<_Np>(std::forward<_Variant>(__v)._M_u); }
    %%%%%:  321-block  0
call    0 never executed
call    1 never executed
------------------
_ZNSt8__detail9__variant5__getILy4ERSt7variantIJSt9monostatebifNSt7__cxx1112basic_stringIcSt11char_traitsIcESaIcEEEEEEEDcOT0_:
function _ZNSt8__detail9__variant5__getILy4ERSt7variantIJSt9monostatebifNSt7__cxx1112basic_stringIcSt11char_traitsIcESaIcEEEEEEEDcOT0_ called 0 returned 0% blocks executed 0%
    #####:  320:    __get(_Variant&& __v) noexcept
    #####:  321:    { return __variant::__get_n<_Np>(std::forward<_Variant>(__v)._M_u); }
    %%%%%:  321-block  0
call    0 never executed
call    1 never executed
------------------
_ZNSt8__detail9__variant5__getILy3ERSt7variantIJSt9monostatebifNSt7__cxx1112basic_stringIcSt11char_traitsIcESaIcEEEEEEEDcOT0_:
function _ZNSt8__detail9__variant5__getILy3ERSt7variantIJSt9monostatebifNSt7__cxx1112basic_stringIcSt11char_traitsIcESaIcEEEEEEEDcOT0_ called 0 returned 0% blocks executed 0%
    #####:  320:    __get(_Variant&& __v) noexcept
    #####:  321:    { return __variant::__get_n<_Np>(std::forward<_Variant>(__v)._M_u); }
    %%%%%:  321-block  0
call    0 never executed
call    1 never executed
------------------
_ZNSt8__detail9__variant5__getILy2ERSt7variantIJSt9monostatebifNSt7__cxx1112basic_stringIcSt11char_traitsIcESaIcEEEEEEEDcOT0_:
function _ZNSt8__detail9__variant5__getILy2ERSt7variantIJSt9monostatebifNSt7__cxx1112basic_stringIcSt11char_traitsIcESaIcEEEEEEEDcOT0_ called 0 returned 0% blocks executed 0%
    #####:  320:    __get(_Variant&& __v) noexcept
    #####:  321:    { return __variant::__get_n<_Np>(std::forward<_Variant>(__v)._M_u); }
    %%%%%:  321-block  0
call    0 never executed
call    1 never executed
------------------
_ZNSt8__detail9__variant5__getILy1ERSt7variantIJSt9monostatebifNSt7__cxx1112basic_stringIcSt11char_traitsIcESaIcEEEEEEEDcOT0_:
function _ZNSt8__detail9__variant5__getILy1ERSt7variantIJSt9monostatebifNSt7__cxx1112basic_stringIcSt11char_traitsIcESaIcEEEEEEEDcOT0_ called 0 returned 0% blocks executed 0%
    #####:  320:    __get(_Variant&& __v) noexcept
    #####:  321:    { return __variant::__get_n<_Np>(std::forward<_Variant>(__v)._M_u); }
    %%%%%:  321-block  0
call    0 never executed
call    1 never executed
------------------
_ZNSt8__detail9__variant5__getILy0ERSt7variantIJSt9monostatebifNSt7__cxx1112basic_stringIcSt11char_traitsIcESaIcEEEEEEEDcOT0_:
function _ZNSt8__detail9__variant5__getILy0ERSt7variantIJSt9monostatebifNSt7__cxx1112basic_stringIcSt11char_traitsIcESaIcEEEEEEEDcOT0_ called 0 returned 0% blocks executed 0%
    #####:  320:    __get(_Variant&& __v) noexcept
    #####:  321:    { return __variant::__get_n<_Np>(std::forward<_Variant>(__v)._M_u); }
    %%%%%:  321-block  0
call    0 never executed
call    1 never executed
------------------
_ZNSt8__detail9__variant5__getILy4ESt7variantIJSt9monostatebifNSt7__cxx1112basic_stringIcSt11char_traitsIcESaIcEEEEEEEDcOT0_:
function _ZNSt8__detail9__variant5__getILy4ESt7variantIJSt9monostatebifNSt7__cxx1112basic_stringIcSt11char_traitsIcESaIcEEEEEEEDcOT0_ called 0 returned 0% blocks executed 0%
    #####:  320:    __get(_Variant&& __v) noexcept
    #####:  321:    { return __variant::__get_n<_Np>(std::forward<_Variant>(__v)._M_u); }
    %%%%%:  321-block  0
call    0 never executed
call    1 never executed
------------------
_ZNSt8__detail9__variant5__getILy3ESt7variantIJSt9monostatebifNSt7__cxx1112basic_stringIcSt11char_traitsIcESaIcEEEEEEEDcOT0_:
function _ZNSt8__detail9__variant5__getILy3ESt7variantIJSt9monostatebifNSt7__cxx1112basic_stringIcSt11char_traitsIcESaIcEEEEEEEDcOT0_ called 0 returned 0% blocks executed 0%
    #####:  320:    __get(_Variant&& __v) noexcept
    #####:  321:    { return __variant::__get_n<_Np>(std::forward<_Variant>(__v)._M_u); }
    %%%%%:  321-block  0
call    0 never executed
call    1 never executed
------------------
_ZNSt8__detail9__variant5__getILy2ESt7variantIJSt9monostatebifNSt7__cxx1112basic_stringIcSt11char_traitsIcESaIcEEEEEEEDcOT0_:
function _ZNSt8__detail9__variant5__getILy2ESt7variantIJSt9monostatebifNSt7__cxx1112basic_stringIcSt11char_traitsIcESaIcEEEEEEEDcOT0_ called 0 returned 0% blocks executed 0%
    #####:  320:    __get(_Variant&& __v) noexcept
    #####:  321:    { return __variant::__get_n<_Np>(std::forward<_Variant>(__v)._M_u); }
    %%%%%:  321-block  0
call    0 never executed
call    1 never executed
------------------
_ZNSt8__detail9__variant5__getILy1ESt7variantIJSt9monostatebifNSt7__cxx1112basic_stringIcSt11char_traitsIcESaIcEEEEEEEDcOT0_:
function _ZNSt8__detail9__variant5__getILy1ESt7variantIJSt9monostatebifNSt7__cxx1112basic_stringIcSt11char_traitsIcESaIcEEEEEEEDcOT0_ called 0 returned 0% blocks executed 0%
    #####:  320:    __get(_Variant&& __v) noexcept
    #####:  321:    { return __variant::__get_n<_Np>(std::forward<_Variant>(__v)._M_u); }
    %%%%%:  321-block  0
call    0 never executed
call    1 never executed
------------------
_ZNSt8__detail9__variant5__getILy0ESt7variantIJSt9monostatebifNSt7__cxx1112basic_stringIcSt11char_traitsIcESaIcEEEEEEEDcOT0_:
function _ZNSt8__detail9__variant5__getILy0ESt7variantIJSt9monostatebifNSt7__cxx1112basic_stringIcSt11char_traitsIcESaIcEEEEEEEDcOT0_ called 0 returned 0% blocks executed 0%
    #####:  320:    __get(_Variant&& __v) noexcept
    #####:  321:    { return __variant::__get_n<_Np>(std::forward<_Variant>(__v)._M_u); }
    %%%%%:  321-block  0
call    0 never executed
call    1 never executed
------------------
        -:  322:
        -:  323:  template<typename... _Types>
        -:  324:    struct _Traits
        -:  325:    {
        -:  326:      static constexpr bool _S_default_ctor =
        -:  327:	  is_default_constructible_v<typename _Nth_type<0, _Types...>::type>;
        -:  328:      static constexpr bool _S_copy_ctor =
        -:  329:	  (is_copy_constructible_v<_Types> && ...);
        -:  330:      static constexpr bool _S_move_ctor =
        -:  331:	  (is_move_constructible_v<_Types> && ...);
        -:  332:      static constexpr bool _S_copy_assign =
        -:  333:	  _S_copy_ctor
        -:  334:	  && (is_copy_assignable_v<_Types> && ...);
        -:  335:      static constexpr bool _S_move_assign =
        -:  336:	  _S_move_ctor
        -:  337:	  && (is_move_assignable_v<_Types> && ...);
        -:  338:
        -:  339:      static constexpr bool _S_trivial_dtor =
        -:  340:	  (is_trivially_destructible_v<_Types> && ...);
        -:  341:      static constexpr bool _S_trivial_copy_ctor =
        -:  342:	  (is_trivially_copy_constructible_v<_Types> && ...);
        -:  343:      static constexpr bool _S_trivial_move_ctor =
        -:  344:	  (is_trivially_move_constructible_v<_Types> && ...);
        -:  345:      static constexpr bool _S_trivial_copy_assign =
        -:  346:	  _S_trivial_dtor && _S_trivial_copy_ctor
        -:  347:	  && (is_trivially_copy_assignable_v<_Types> && ...);
        -:  348:      static constexpr bool _S_trivial_move_assign =
        -:  349:	  _S_trivial_dtor && _S_trivial_move_ctor
        -:  350:	  && (is_trivially_move_assignable_v<_Types> && ...);
        -:  351:
        -:  352:      // The following nothrow traits are for non-trivial SMFs. Trivial SMFs
        -:  353:      // are always nothrow.
        -:  354:      static constexpr bool _S_nothrow_default_ctor =
        -:  355:	  is_nothrow_default_constructible_v<
        -:  356:	      typename _Nth_type<0, _Types...>::type>;
        -:  357:      static constexpr bool _S_nothrow_copy_ctor = false;
        -:  358:      static constexpr bool _S_nothrow_move_ctor =
        -:  359:	  (is_nothrow_move_constructible_v<_Types> && ...);
        -:  360:      static constexpr bool _S_nothrow_copy_assign = false;
        -:  361:      static constexpr bool _S_nothrow_move_assign =
        -:  362:	  _S_nothrow_move_ctor
        -:  363:	  && (is_nothrow_move_assignable_v<_Types> && ...);
        -:  364:    };
        -:  365:
        -:  366:  // Defines members and ctors.
        -:  367:  template<typename... _Types>
        -:  368:    union _Variadic_union
        -:  369:    {
        -:  370:      _Variadic_union() = default;
        -:  371:
        -:  372:      template<size_t _Np, typename... _Args>
        -:  373:	_Variadic_union(in_place_index_t<_Np>, _Args&&...) = delete;
        -:  374:    };
        -:  375:
        -:  376:  template<typename _First, typename... _Rest>
        -:  377:    union _Variadic_union<_First, _Rest...>
        -:  378:    {
    #####:  379:      constexpr _Variadic_union() : _M_rest() { }
------------------
_ZNSt8__detail9__variant15_Variadic_unionIJNSt7__cxx1112basic_stringIcSt11char_traitsIcESaIcEEEEEC1Ev:
function _ZNSt8__detail9__variant15_Variadic_unionIJNSt7__cxx1112basic_stringIcSt11char_traitsIcESaIcEEEEEC1Ev called 0 returned 0% blocks executed 0%
    #####:  379:      constexpr _Variadic_union() : _M_rest() { }
------------------
_ZNSt8__detail9__variant15_Variadic_unionIJfNSt7__cxx1112basic_stringIcSt11char_traitsIcESaIcEEEEEC1Ev:
function _ZNSt8__detail9__variant15_Variadic_unionIJfNSt7__cxx1112basic_stringIcSt11char_traitsIcESaIcEEEEEC1Ev called 0 returned 0% blocks executed 0%
    #####:  379:      constexpr _Variadic_union() : _M_rest() { }
    %%%%%:  379-block  0
call    0 never executed
------------------
_ZNSt8__detail9__variant15_Variadic_unionIJifNSt7__cxx1112basic_stringIcSt11char_traitsIcESaIcEEEEEC1Ev:
function _ZNSt8__detail9__variant15_Variadic_unionIJifNSt7__cxx1112basic_stringIcSt11char_traitsIcESaIcEEEEEC1Ev called 0 returned 0% blocks executed 0%
    #####:  379:      constexpr _Variadic_union() : _M_rest() { }
    %%%%%:  379-block  0
call    0 never executed
------------------
_ZNSt8__detail9__variant15_Variadic_unionIJbifNSt7__cxx1112basic_stringIcSt11char_traitsIcESaIcEEEEEC1Ev:
function _ZNSt8__detail9__variant15_Variadic_unionIJbifNSt7__cxx1112basic_stringIcSt11char_traitsIcESaIcEEEEEC1Ev called 0 returned 0% blocks executed 0%
    #####:  379:      constexpr _Variadic_union() : _M_rest() { }
    %%%%%:  379-block  0
call    0 never executed
------------------
_ZNSt8__detail9__variant15_Variadic_unionIJSt9monostatebifNSt7__cxx1112basic_stringIcSt11char_traitsIcESaIcEEEEEC1Ev:
function _ZNSt8__detail9__variant15_Variadic_unionIJSt9monostatebifNSt7__cxx1112basic_stringIcSt11char_traitsIcESaIcEEEEEC1Ev called 0 returned 0% blocks executed 0%
    #####:  379:      constexpr _Variadic_union() : _M_rest() { }
    %%%%%:  379-block  0
call    0 never executed
------------------
        -:  380:
        -:  381:      template<typename... _Args>
        -:  382:	constexpr
    #####:  383:	_Variadic_union(in_place_index_t<0>, _Args&&... __args)
    #####:  384:	: _M_first(in_place_index<0>, std::forward<_Args>(__args)...)
    #####:  385:	{ }
------------------
_ZNSt8__detail9__variant15_Variadic_unionIJNSt7__cxx1112basic_stringIcSt11char_traitsIcESaIcEEEEEC1IJRKS7_EEESt16in_place_index_tILy0EEDpOT_:
function _ZNSt8__detail9__variant15_Variadic_unionIJNSt7__cxx1112basic_stringIcSt11char_traitsIcESaIcEEEEEC1IJRKS7_EEESt16in_place_index_tILy0EEDpOT_ called 0 returned 0% blocks executed 0%
    #####:  383:	_Variadic_union(in_place_index_t<0>, _Args&&... __args)
    #####:  384:	: _M_first(in_place_index<0>, std::forward<_Args>(__args)...)
    %%%%%:  384-block  0
call    0 never executed
call    1 never executed
    #####:  385:	{ }
------------------
_ZNSt8__detail9__variant15_Variadic_unionIJNSt7__cxx1112basic_stringIcSt11char_traitsIcESaIcEEEEEC1IJS7_EEESt16in_place_index_tILy0EEDpOT_:
function _ZNSt8__detail9__variant15_Variadic_unionIJNSt7__cxx1112basic_stringIcSt11char_traitsIcESaIcEEEEEC1IJS7_EEESt16in_place_index_tILy0EEDpOT_ called 0 returned 0% blocks executed 0%
    #####:  383:	_Variadic_union(in_place_index_t<0>, _Args&&... __args)
    #####:  384:	: _M_first(in_place_index<0>, std::forward<_Args>(__args)...)
    %%%%%:  384-block  0
call    0 never executed
call    1 never executed
    #####:  385:	{ }
------------------
_ZNSt8__detail9__variant15_Variadic_unionIJfNSt7__cxx1112basic_stringIcSt11char_traitsIcESaIcEEEEEC1IJRKfEEESt16in_place_index_tILy0EEDpOT_:
function _ZNSt8__detail9__variant15_Variadic_unionIJfNSt7__cxx1112basic_stringIcSt11char_traitsIcESaIcEEEEEC1IJRKfEEESt16in_place_index_tILy0EEDpOT_ called 0 returned 0% blocks executed 0%
    #####:  383:	_Variadic_union(in_place_index_t<0>, _Args&&... __args)
    #####:  384:	: _M_first(in_place_index<0>, std::forward<_Args>(__args)...)
    %%%%%:  384-block  0
call    0 never executed
call    1 never executed
    #####:  385:	{ }
------------------
_ZNSt8__detail9__variant15_Variadic_unionIJfNSt7__cxx1112basic_stringIcSt11char_traitsIcESaIcEEEEEC1IJfEEESt16in_place_index_tILy0EEDpOT_:
function _ZNSt8__detail9__variant15_Variadic_unionIJfNSt7__cxx1112basic_stringIcSt11char_traitsIcESaIcEEEEEC1IJfEEESt16in_place_index_tILy0EEDpOT_ called 0 returned 0% blocks executed 0%
    #####:  383:	_Variadic_union(in_place_index_t<0>, _Args&&... __args)
    #####:  384:	: _M_first(in_place_index<0>, std::forward<_Args>(__args)...)
    %%%%%:  384-block  0
call    0 never executed
call    1 never executed
    #####:  385:	{ }
------------------
_ZNSt8__detail9__variant15_Variadic_unionIJifNSt7__cxx1112basic_stringIcSt11char_traitsIcESaIcEEEEEC1IJRKiEEESt16in_place_index_tILy0EEDpOT_:
function _ZNSt8__detail9__variant15_Variadic_unionIJifNSt7__cxx1112basic_stringIcSt11char_traitsIcESaIcEEEEEC1IJRKiEEESt16in_place_index_tILy0EEDpOT_ called 0 returned 0% blocks executed 0%
    #####:  383:	_Variadic_union(in_place_index_t<0>, _Args&&... __args)
    #####:  384:	: _M_first(in_place_index<0>, std::forward<_Args>(__args)...)
    %%%%%:  384-block  0
call    0 never executed
call    1 never executed
    #####:  385:	{ }
------------------
_ZNSt8__detail9__variant15_Variadic_unionIJifNSt7__cxx1112basic_stringIcSt11char_traitsIcESaIcEEEEEC1IJiEEESt16in_place_index_tILy0EEDpOT_:
function _ZNSt8__detail9__variant15_Variadic_unionIJifNSt7__cxx1112basic_stringIcSt11char_traitsIcESaIcEEEEEC1IJiEEESt16in_place_index_tILy0EEDpOT_ called 0 returned 0% blocks executed 0%
    #####:  383:	_Variadic_union(in_place_index_t<0>, _Args&&... __args)
    #####:  384:	: _M_first(in_place_index<0>, std::forward<_Args>(__args)...)
    %%%%%:  384-block  0
call    0 never executed
call    1 never executed
    #####:  385:	{ }
------------------
_ZNSt8__detail9__variant15_Variadic_unionIJbifNSt7__cxx1112basic_stringIcSt11char_traitsIcESaIcEEEEEC1IJRKbEEESt16in_place_index_tILy0EEDpOT_:
function _ZNSt8__detail9__variant15_Variadic_unionIJbifNSt7__cxx1112basic_stringIcSt11char_traitsIcESaIcEEEEEC1IJRKbEEESt16in_place_index_tILy0EEDpOT_ called 0 returned 0% blocks executed 0%
    #####:  383:	_Variadic_union(in_place_index_t<0>, _Args&&... __args)
    #####:  384:	: _M_first(in_place_index<0>, std::forward<_Args>(__args)...)
    %%%%%:  384-block  0
call    0 never executed
call    1 never executed
    #####:  385:	{ }
------------------
_ZNSt8__detail9__variant15_Variadic_unionIJbifNSt7__cxx1112basic_stringIcSt11char_traitsIcESaIcEEEEEC1IJbEEESt16in_place_index_tILy0EEDpOT_:
function _ZNSt8__detail9__variant15_Variadic_unionIJbifNSt7__cxx1112basic_stringIcSt11char_traitsIcESaIcEEEEEC1IJbEEESt16in_place_index_tILy0EEDpOT_ called 0 returned 0% blocks executed 0%
    #####:  383:	_Variadic_union(in_place_index_t<0>, _Args&&... __args)
    #####:  384:	: _M_first(in_place_index<0>, std::forward<_Args>(__args)...)
    %%%%%:  384-block  0
call    0 never executed
call    1 never executed
    #####:  385:	{ }
------------------
_ZNSt8__detail9__variant15_Variadic_unionIJSt9monostatebifNSt7__cxx1112basic_stringIcSt11char_traitsIcESaIcEEEEEC1IJRKS2_EEESt16in_place_index_tILy0EEDpOT_:
function _ZNSt8__detail9__variant15_Variadic_unionIJSt9monostatebifNSt7__cxx1112basic_stringIcSt11char_traitsIcESaIcEEEEEC1IJRKS2_EEESt16in_place_index_tILy0EEDpOT_ called 0 returned 0% blocks executed 0%
    #####:  383:	_Variadic_union(in_place_index_t<0>, _Args&&... __args)
    #####:  384:	: _M_first(in_place_index<0>, std::forward<_Args>(__args)...)
    %%%%%:  384-block  0
call    0 never executed
call    1 never executed
    #####:  385:	{ }
------------------
_ZNSt8__detail9__variant15_Variadic_unionIJSt9monostatebifNSt7__cxx1112basic_stringIcSt11char_traitsIcESaIcEEEEEC1IJS2_EEESt16in_place_index_tILy0EEDpOT_:
function _ZNSt8__detail9__variant15_Variadic_unionIJSt9monostatebifNSt7__cxx1112basic_stringIcSt11char_traitsIcESaIcEEEEEC1IJS2_EEESt16in_place_index_tILy0EEDpOT_ called 0 returned 0% blocks executed 0%
    #####:  383:	_Variadic_union(in_place_index_t<0>, _Args&&... __args)
    #####:  384:	: _M_first(in_place_index<0>, std::forward<_Args>(__args)...)
    %%%%%:  384-block  0
call    0 never executed
call    1 never executed
    #####:  385:	{ }
------------------
        -:  386:
        -:  387:      template<size_t _Np, typename... _Args>
        -:  388:	constexpr
    #####:  389:	_Variadic_union(in_place_index_t<_Np>, _Args&&... __args)
    #####:  390:	: _M_rest(in_place_index<_Np-1>, std::forward<_Args>(__args)...)
    #####:  391:	{ }
------------------
_ZNSt8__detail9__variant15_Variadic_unionIJbifNSt7__cxx1112basic_stringIcSt11char_traitsIcESaIcEEEEEC1ILy2EJfEEESt16in_place_index_tIXT_EEDpOT0_:
function _ZNSt8__detail9__variant15_Variadic_unionIJbifNSt7__cxx1112basic_stringIcSt11char_traitsIcESaIcEEEEEC1ILy2EJfEEESt16in_place_index_tIXT_EEDpOT0_ called 0 returned 0% blocks executed 0%
    #####:  389:	_Variadic_union(in_place_index_t<_Np>, _Args&&... __args)
    #####:  390:	: _M_rest(in_place_index<_Np-1>, std::forward<_Args>(__args)...)
    %%%%%:  390-block  0
call    0 never executed
call    1 never executed
    #####:  391:	{ }
------------------
_ZNSt8__detail9__variant15_Variadic_unionIJSt9monostatebifNSt7__cxx1112basic_stringIcSt11char_traitsIcESaIcEEEEEC1ILy1EJbEEESt16in_place_index_tIXT_EEDpOT0_:
function _ZNSt8__detail9__variant15_Variadic_unionIJSt9monostatebifNSt7__cxx1112basic_stringIcSt11char_traitsIcESaIcEEEEEC1ILy1EJbEEESt16in_place_index_tIXT_EEDpOT0_ called 0 returned 0% blocks executed 0%
    #####:  389:	_Variadic_union(in_place_index_t<_Np>, _Args&&... __args)
    #####:  390:	: _M_rest(in_place_index<_Np-1>, std::forward<_Args>(__args)...)
    %%%%%:  390-block  0
call    0 never executed
call    1 never executed
    #####:  391:	{ }
------------------
_ZNSt8__detail9__variant15_Variadic_unionIJSt9monostatebifNSt7__cxx1112basic_stringIcSt11char_traitsIcESaIcEEEEEC1ILy2EJiEEESt16in_place_index_tIXT_EEDpOT0_:
function _ZNSt8__detail9__variant15_Variadic_unionIJSt9monostatebifNSt7__cxx1112basic_stringIcSt11char_traitsIcESaIcEEEEEC1ILy2EJiEEESt16in_place_index_tIXT_EEDpOT0_ called 0 returned 0% blocks executed 0%
    #####:  389:	_Variadic_union(in_place_index_t<_Np>, _Args&&... __args)
    #####:  390:	: _M_rest(in_place_index<_Np-1>, std::forward<_Args>(__args)...)
    %%%%%:  390-block  0
call    0 never executed
call    1 never executed
    #####:  391:	{ }
------------------
_ZNSt8__detail9__variant15_Variadic_unionIJSt9monostatebifNSt7__cxx1112basic_stringIcSt11char_traitsIcESaIcEEEEEC1ILy3EJfEEESt16in_place_index_tIXT_EEDpOT0_:
function _ZNSt8__detail9__variant15_Variadic_unionIJSt9monostatebifNSt7__cxx1112basic_stringIcSt11char_traitsIcESaIcEEEEEC1ILy3EJfEEESt16in_place_index_tIXT_EEDpOT0_ called 0 returned 0% blocks executed 0%
    #####:  389:	_Variadic_union(in_place_index_t<_Np>, _Args&&... __args)
    #####:  390:	: _M_rest(in_place_index<_Np-1>, std::forward<_Args>(__args)...)
    %%%%%:  390-block  0
call    0 never executed
call    1 never executed
    #####:  391:	{ }
------------------
_ZNSt8__detail9__variant15_Variadic_unionIJSt9monostatebifNSt7__cxx1112basic_stringIcSt11char_traitsIcESaIcEEEEEC1ILy4EJS8_EEESt16in_place_index_tIXT_EEDpOT0_:
function _ZNSt8__detail9__variant15_Variadic_unionIJSt9monostatebifNSt7__cxx1112basic_stringIcSt11char_traitsIcESaIcEEEEEC1ILy4EJS8_EEESt16in_place_index_tIXT_EEDpOT0_ called 0 returned 0% blocks executed 0%
    #####:  389:	_Variadic_union(in_place_index_t<_Np>, _Args&&... __args)
    #####:  390:	: _M_rest(in_place_index<_Np-1>, std::forward<_Args>(__args)...)
    %%%%%:  390-block  0
call    0 never executed
call    1 never executed
    #####:  391:	{ }
------------------
_ZNSt8__detail9__variant15_Variadic_unionIJSt9monostatebifNSt7__cxx1112basic_stringIcSt11char_traitsIcESaIcEEEEEC1ILy1EJRKbEEESt16in_place_index_tIXT_EEDpOT0_:
function _ZNSt8__detail9__variant15_Variadic_unionIJSt9monostatebifNSt7__cxx1112basic_stringIcSt11char_traitsIcESaIcEEEEEC1ILy1EJRKbEEESt16in_place_index_tIXT_EEDpOT0_ called 0 returned 0% blocks executed 0%
    #####:  389:	_Variadic_union(in_place_index_t<_Np>, _Args&&... __args)
    #####:  390:	: _M_rest(in_place_index<_Np-1>, std::forward<_Args>(__args)...)
    %%%%%:  390-block  0
call    0 never executed
call    1 never executed
    #####:  391:	{ }
------------------
_ZNSt8__detail9__variant15_Variadic_unionIJSt9monostatebifNSt7__cxx1112basic_stringIcSt11char_traitsIcESaIcEEEEEC1ILy2EJRKiEEESt16in_place_index_tIXT_EEDpOT0_:
function _ZNSt8__detail9__variant15_Variadic_unionIJSt9monostatebifNSt7__cxx1112basic_stringIcSt11char_traitsIcESaIcEEEEEC1ILy2EJRKiEEESt16in_place_index_tIXT_EEDpOT0_ called 0 returned 0% blocks executed 0%
    #####:  389:	_Variadic_union(in_place_index_t<_Np>, _Args&&... __args)
    #####:  390:	: _M_rest(in_place_index<_Np-1>, std::forward<_Args>(__args)...)
    %%%%%:  390-block  0
call    0 never executed
call    1 never executed
    #####:  391:	{ }
------------------
_ZNSt8__detail9__variant15_Variadic_unionIJSt9monostatebifNSt7__cxx1112basic_stringIcSt11char_traitsIcESaIcEEEEEC1ILy3EJRKfEEESt16in_place_index_tIXT_EEDpOT0_:
function _ZNSt8__detail9__variant15_Variadic_unionIJSt9monostatebifNSt7__cxx1112basic_stringIcSt11char_traitsIcESaIcEEEEEC1ILy3EJRKfEEESt16in_place_index_tIXT_EEDpOT0_ called 0 returned 0% blocks executed 0%
    #####:  389:	_Variadic_union(in_place_index_t<_Np>, _Args&&... __args)
    #####:  390:	: _M_rest(in_place_index<_Np-1>, std::forward<_Args>(__args)...)
    %%%%%:  390-block  0
call    0 never executed
call    1 never executed
    #####:  391:	{ }
------------------
_ZNSt8__detail9__variant15_Variadic_unionIJSt9monostatebifNSt7__cxx1112basic_stringIcSt11char_traitsIcESaIcEEEEEC1ILy4EJRKS8_EEESt16in_place_index_tIXT_EEDpOT0_:
function _ZNSt8__detail9__variant15_Variadic_unionIJSt9monostatebifNSt7__cxx1112basic_stringIcSt11char_traitsIcESaIcEEEEEC1ILy4EJRKS8_EEESt16in_place_index_tIXT_EEDpOT0_ called 0 returned 0% blocks executed 0%
    #####:  389:	_Variadic_union(in_place_index_t<_Np>, _Args&&... __args)
    #####:  390:	: _M_rest(in_place_index<_Np-1>, std::forward<_Args>(__args)...)
    %%%%%:  390-block  0
call    0 never executed
call    1 never executed
    #####:  391:	{ }
------------------
_ZNSt8__detail9__variant15_Variadic_unionIJbifNSt7__cxx1112basic_stringIcSt11char_traitsIcESaIcEEEEEC1ILy1EJiEEESt16in_place_index_tIXT_EEDpOT0_:
function _ZNSt8__detail9__variant15_Variadic_unionIJbifNSt7__cxx1112basic_stringIcSt11char_traitsIcESaIcEEEEEC1ILy1EJiEEESt16in_place_index_tIXT_EEDpOT0_ called 0 returned 0% blocks executed 0%
    #####:  389:	_Variadic_union(in_place_index_t<_Np>, _Args&&... __args)
    #####:  390:	: _M_rest(in_place_index<_Np-1>, std::forward<_Args>(__args)...)
    %%%%%:  390-block  0
call    0 never executed
call    1 never executed
    #####:  391:	{ }
------------------
_ZNSt8__detail9__variant15_Variadic_unionIJfNSt7__cxx1112basic_stringIcSt11char_traitsIcESaIcEEEEEC1ILy1EJRKS7_EEESt16in_place_index_tIXT_EEDpOT0_:
function _ZNSt8__detail9__variant15_Variadic_unionIJfNSt7__cxx1112basic_stringIcSt11char_traitsIcESaIcEEEEEC1ILy1EJRKS7_EEESt16in_place_index_tIXT_EEDpOT0_ called 0 returned 0% blocks executed 0%
    #####:  389:	_Variadic_union(in_place_index_t<_Np>, _Args&&... __args)
    #####:  390:	: _M_rest(in_place_index<_Np-1>, std::forward<_Args>(__args)...)
    %%%%%:  390-block  0
call    0 never executed
call    1 never executed
    #####:  391:	{ }
------------------
_ZNSt8__detail9__variant15_Variadic_unionIJbifNSt7__cxx1112basic_stringIcSt11char_traitsIcESaIcEEEEEC1ILy3EJS7_EEESt16in_place_index_tIXT_EEDpOT0_:
function _ZNSt8__detail9__variant15_Variadic_unionIJbifNSt7__cxx1112basic_stringIcSt11char_traitsIcESaIcEEEEEC1ILy3EJS7_EEESt16in_place_index_tIXT_EEDpOT0_ called 0 returned 0% blocks executed 0%
    #####:  389:	_Variadic_union(in_place_index_t<_Np>, _Args&&... __args)
    #####:  390:	: _M_rest(in_place_index<_Np-1>, std::forward<_Args>(__args)...)
    %%%%%:  390-block  0
call    0 never executed
call    1 never executed
    #####:  391:	{ }
------------------
_ZNSt8__detail9__variant15_Variadic_unionIJbifNSt7__cxx1112basic_stringIcSt11char_traitsIcESaIcEEEEEC1ILy1EJRKiEEESt16in_place_index_tIXT_EEDpOT0_:
function _ZNSt8__detail9__variant15_Variadic_unionIJbifNSt7__cxx1112basic_stringIcSt11char_traitsIcESaIcEEEEEC1ILy1EJRKiEEESt16in_place_index_tIXT_EEDpOT0_ called 0 returned 0% blocks executed 0%
    #####:  389:	_Variadic_union(in_place_index_t<_Np>, _Args&&... __args)
[...]
        -: 1622:	  }
        -: 1623:
        -: 1624:	namespace __variant = __detail::__variant;
        -: 1625:
        -: 1626:	__variant::__raw_idx_visit(
        -: 1627:	  [this, &__rhs](auto&& __rhs_mem, auto __rhs_index) mutable
        -: 1628:	  {
        -: 1629:	    constexpr size_t __j = __rhs_index;
        -: 1630:	    if constexpr (__j != variant_npos)
        -: 1631:	      {
        -: 1632:		if (this->index() == __j)
        -: 1633:		  {
        -: 1634:		    using std::swap;
        -: 1635:		    swap(std::get<__j>(*this), __rhs_mem);
        -: 1636:		  }
        -: 1637:		else
        -: 1638:		  {
        -: 1639:		    auto __tmp(std::move(__rhs_mem));
        -: 1640:
        -: 1641:		    if constexpr (_Traits::_S_trivial_move_assign)
        -: 1642:		      __rhs = std::move(*this);
        -: 1643:		    else
        -: 1644:		      __variant::__raw_idx_visit(
        -: 1645:			[&__rhs](auto&& __this_mem, auto __this_index) mutable
        -: 1646:			{
        -: 1647:			  constexpr size_t __k = __this_index;
        -: 1648:			  if constexpr (__k != variant_npos)
        -: 1649:			    __variant::__emplace<__k>(__rhs,
        -: 1650:						      std::move(__this_mem));
        -: 1651:			}, *this);
        -: 1652:
        -: 1653:		    __variant::__emplace<__j>(*this, std::move(__tmp));
        -: 1654:		  }
        -: 1655:	      }
        -: 1656:	  }, __rhs);
        -: 1657:      }
        -: 1658:
        -: 1659:#if defined(__clang__) && __clang_major__ <= 7
        -: 1660:    public:
        -: 1661:      using _Base::_M_u; // See https://bugs.llvm.org/show_bug.cgi?id=31852
        -: 1662:#endif
        -: 1663:
        -: 1664:    private:
        -: 1665:      template<size_t _Np, typename _Vp>
        -: 1666:	friend constexpr decltype(auto)
        -: 1667:	__detail::__variant::__get(_Vp&& __v) noexcept;
        -: 1668:
        -: 1669:#define _VARIANT_RELATION_FUNCTION_TEMPLATE(__OP) \
        -: 1670:      template<typename... _Tp> \
        -: 1671:	friend constexpr bool \
        -: 1672:	operator __OP(const variant<_Tp...>& __lhs, \
        -: 1673:		      const variant<_Tp...>& __rhs);
        -: 1674:
        -: 1675:      _VARIANT_RELATION_FUNCTION_TEMPLATE(<)
        -: 1676:      _VARIANT_RELATION_FUNCTION_TEMPLATE(<=)
        -: 1677:      _VARIANT_RELATION_FUNCTION_TEMPLATE(==)
        -: 1678:      _VARIANT_RELATION_FUNCTION_TEMPLATE(!=)
        -: 1679:      _VARIANT_RELATION_FUNCTION_TEMPLATE(>=)
        -: 1680:      _VARIANT_RELATION_FUNCTION_TEMPLATE(>)
        -: 1681:
        -: 1682:#undef _VARIANT_RELATION_FUNCTION_TEMPLATE
        -: 1683:    };
        -: 1684:
        -: 1685:  template<size_t _Np, typename... _Types>
        -: 1686:    constexpr variant_alternative_t<_Np, variant<_Types...>>&
        -: 1687:    get(variant<_Types...>& __v)
        -: 1688:    {
        -: 1689:      static_assert(_Np < sizeof...(_Types),
        -: 1690:		    "The index must be in [0, number of alternatives)");
        -: 1691:      if (__v.index() != _Np)
        -: 1692:	__throw_bad_variant_access(__v.valueless_by_exception());
        -: 1693:      return __detail::__variant::__get<_Np>(__v);
        -: 1694:    }
        -: 1695:
        -: 1696:  template<size_t _Np, typename... _Types>
        -: 1697:    constexpr variant_alternative_t<_Np, variant<_Types...>>&&
       2*: 1698:    get(variant<_Types...>&& __v)
        -: 1699:    {
        -: 1700:      static_assert(_Np < sizeof...(_Types),
        -: 1701:		    "The index must be in [0, number of alternatives)");
       2*: 1702:      if (__v.index() != _Np)
    #####: 1703:	__throw_bad_variant_access(__v.valueless_by_exception());
       2*: 1704:      return __detail::__variant::__get<_Np>(std::move(__v));
        -: 1705:    }
------------------
_ZSt3getILy1EJSt9monostatebifNSt7__cxx1112basic_stringIcSt11char_traitsIcESaIcEEEEEONSt19variant_alternativeIXT_ESt7variantIJDpT0_EEE4typeEOSB_:
function _ZSt3getILy1EJSt9monostatebifNSt7__cxx1112basic_stringIcSt11char_traitsIcESaIcEEEEEONSt19variant_alternativeIXT_ESt7variantIJDpT0_EEE4typeEOSB_ called 0 returned 0% blocks executed 0%
    #####: 1698:    get(variant<_Types...>&& __v)
        -: 1699:    {
        -: 1700:      static_assert(_Np < sizeof...(_Types),
        -: 1701:		    "The index must be in [0, number of alternatives)");
    #####: 1702:      if (__v.index() != _Np)
    %%%%%: 1702-block  0
call    0 never executed
branch  1 never executed (fallthrough)
branch  2 never executed
    #####: 1703:	__throw_bad_variant_access(__v.valueless_by_exception());
    %%%%%: 1703-block  0
call    0 never executed
call    1 never executed
    #####: 1704:      return __detail::__variant::__get<_Np>(std::move(__v));
    %%%%%: 1704-block  0
call    0 never executed
call    1 never executed
        -: 1705:    }
------------------
_ZSt3getILy4EJSt9monostatebifNSt7__cxx1112basic_stringIcSt11char_traitsIcESaIcEEEEEONSt19variant_alternativeIXT_ESt7variantIJDpT0_EEE4typeEOSB_:
function _ZSt3getILy4EJSt9monostatebifNSt7__cxx1112basic_stringIcSt11char_traitsIcESaIcEEEEEONSt19variant_alternativeIXT_ESt7variantIJDpT0_EEE4typeEOSB_ called 0 returned 0% blocks executed 0%
    #####: 1698:    get(variant<_Types...>&& __v)
        -: 1699:    {
        -: 1700:      static_assert(_Np < sizeof...(_Types),
        -: 1701:		    "The index must be in [0, number of alternatives)");
    #####: 1702:      if (__v.index() != _Np)
    %%%%%: 1702-block  0
call    0 never executed
branch  1 never executed (fallthrough)
branch  2 never executed
    #####: 1703:	__throw_bad_variant_access(__v.valueless_by_exception());
    %%%%%: 1703-block  0
call    0 never executed
call    1 never executed
    #####: 1704:      return __detail::__variant::__get<_Np>(std::move(__v));
    %%%%%: 1704-block  0
call    0 never executed
call    1 never executed
        -: 1705:    }
------------------
_ZSt3getILy3EJSt9monostatebifNSt7__cxx1112basic_stringIcSt11char_traitsIcESaIcEEEEEONSt19variant_alternativeIXT_ESt7variantIJDpT0_EEE4typeEOSB_:
function _ZSt3getILy3EJSt9monostatebifNSt7__cxx1112basic_stringIcSt11char_traitsIcESaIcEEEEEONSt19variant_alternativeIXT_ESt7variantIJDpT0_EEE4typeEOSB_ called 2 returned 100% blocks executed 71%
        2: 1698:    get(variant<_Types...>&& __v)
        -: 1699:    {
        -: 1700:      static_assert(_Np < sizeof...(_Types),
        -: 1701:		    "The index must be in [0, number of alternatives)");
        2: 1702:      if (__v.index() != _Np)
        2: 1702-block  0
call    0 returned 2
branch  1 taken 0 (fallthrough)
branch  2 taken 2
    #####: 1703:	__throw_bad_variant_access(__v.valueless_by_exception());
    %%%%%: 1703-block  0
call    0 never executed
call    1 never executed
        2: 1704:      return __detail::__variant::__get<_Np>(std::move(__v));
        2: 1704-block  0
call    0 returned 2
call    1 returned 2
        -: 1705:    }
------------------
_ZSt3getILy2EJSt9monostatebifNSt7__cxx1112basic_stringIcSt11char_traitsIcESaIcEEEEEONSt19variant_alternativeIXT_ESt7variantIJDpT0_EEE4typeEOSB_:
function _ZSt3getILy2EJSt9monostatebifNSt7__cxx1112basic_stringIcSt11char_traitsIcESaIcEEEEEONSt19variant_alternativeIXT_ESt7variantIJDpT0_EEE4typeEOSB_ called 0 returned 0% blocks executed 0%
    #####: 1698:    get(variant<_Types...>&& __v)
        -: 1699:    {
        -: 1700:      static_assert(_Np < sizeof...(_Types),
        -: 1701:		    "The index must be in [0, number of alternatives)");
    #####: 1702:      if (__v.index() != _Np)
    %%%%%: 1702-block  0
call    0 never executed
branch  1 never executed (fallthrough)
branch  2 never executed
    #####: 1703:	__throw_bad_variant_access(__v.valueless_by_exception());
    %%%%%: 1703-block  0
call    0 never executed
call    1 never executed
    #####: 1704:      return __detail::__variant::__get<_Np>(std::move(__v));
    %%%%%: 1704-block  0
call    0 never executed
call    1 never executed
        -: 1705:    }
------------------
        -: 1706:
        -: 1707:  template<size_t _Np, typename... _Types>
        -: 1708:    constexpr const variant_alternative_t<_Np, variant<_Types...>>&
function _ZSt3getILy4EJSt9monostatebifNSt7__cxx1112basic_stringIcSt11char_traitsIcESaIcEEEEERKNSt19variant_alternativeIXT_ESt7variantIJDpT0_EEE4typeERKSB_ called 0 returned 0% blocks executed 0%
    #####: 1709:    get(const variant<_Types...>& __v)
        -: 1710:    {
        -: 1711:      static_assert(_Np < sizeof...(_Types),
        -: 1712:		    "The index must be in [0, number of alternatives)");
    #####: 1713:      if (__v.index() != _Np)
    %%%%%: 1713-block  0
call    0 never executed
branch  1 never executed (fallthrough)
branch  2 never executed
    #####: 1714:	__throw_bad_variant_access(__v.valueless_by_exception());
    %%%%%: 1714-block  0
call    0 never executed
call    1 never executed
    #####: 1715:      return __detail::__variant::__get<_Np>(__v);
    %%%%%: 1715-block  0
call    0 never executed
        -: 1716:    }
        -: 1717:
        -: 1718:  template<size_t _Np, typename... _Types>
        -: 1719:    constexpr const variant_alternative_t<_Np, variant<_Types...>>&&
        -: 1720:    get(const variant<_Types...>&& __v)
        -: 1721:    {
        -: 1722:      static_assert(_Np < sizeof...(_Types),
        -: 1723:		    "The index must be in [0, number of alternatives)");
        -: 1724:      if (__v.index() != _Np)
        -: 1725:	__throw_bad_variant_access(__v.valueless_by_exception());
        -: 1726:      return __detail::__variant::__get<_Np>(std::move(__v));
        -: 1727:    }
        -: 1728:
        -: 1729:  /// @cond undocumented
        -: 1730:  template<typename _Result_type, typename _Visitor, typename... _Variants>
        -: 1731:    constexpr decltype(auto)
    #####: 1732:    __do_visit(_Visitor&& __visitor, _Variants&&... __variants)
        -: 1733:    {
        -: 1734:      // Get the silly case of visiting no variants out of the way first.
        -: 1735:      if constexpr (sizeof...(_Variants) == 0)
        -: 1736:	{
        -: 1737:	  if constexpr (is_void_v<_Result_type>)
        -: 1738:	    return (void) std::forward<_Visitor>(__visitor)();
        -: 1739:	  else
        -: 1740:	    return std::forward<_Visitor>(__visitor)();
        -: 1741:	}
        -: 1742:      else
        -: 1743:	{
    #####: 1744:	  constexpr size_t __max = 11; // "These go to eleven."
        -: 1745:
        -: 1746:	  // The type of the first variant in the pack.
        -: 1747:	  using _V0 = typename _Nth_type<0, _Variants...>::type;
        -: 1748:	  // The number of alternatives in that first variant.
    #####: 1749:	  constexpr auto __n = variant_size_v<remove_reference_t<_V0>>;
        -: 1750:
        -: 1751:	  if constexpr (sizeof...(_Variants) > 1 || __n > __max)
        -: 1752:	    {
        -: 1753:	      // Use a jump table for the general case.
        -: 1754:	      constexpr auto& __vtable = __detail::__variant::__gen_vtable<
        -: 1755:		_Result_type, _Visitor&&, _Variants&&...>::_S_vtable;
        -: 1756:
        -: 1757:	      auto __func_ptr = __vtable._M_access(__variants.index()...);
        -: 1758:	      return (*__func_ptr)(std::forward<_Visitor>(__visitor),
        -: 1759:				   std::forward<_Variants>(__variants)...);
        -: 1760:	    }
        -: 1761:	  else // We have a single variant with a small number of alternatives.
        -: 1762:	    {
        -: 1763:	      // A name for the first variant in the pack.
        -: 1764:	      _V0& __v0
    #####: 1765:		= [](_V0& __v, ...) -> _V0& { return __v; }(__variants...);
        -: 1766:
        -: 1767:	      using __detail::__variant::_Multi_array;
        -: 1768:	      using __detail::__variant::__gen_vtable_impl;
        -: 1769:	      using _Ma = _Multi_array<_Result_type (*)(_Visitor&&, _V0&&)>;
        -: 1770:
        -: 1771:#ifdef _GLIBCXX_DEBUG
        -: 1772:# define _GLIBCXX_VISIT_UNREACHABLE __builtin_trap
        -: 1773:#else
        -: 1774:# define _GLIBCXX_VISIT_UNREACHABLE __builtin_unreachable
        -: 1775:#endif
        -: 1776:
        -: 1777:#define _GLIBCXX_VISIT_CASE(N)						\
        -: 1778:  case N:								\
        -: 1779:  {									\
        -: 1780:    if constexpr (N < __n)						\
        -: 1781:      {									\
        -: 1782:	return __gen_vtable_impl<_Ma, index_sequence<N>>::		\
        -: 1783:	  __visit_invoke(std::forward<_Visitor>(__visitor),		\
        -: 1784:			 std::forward<_V0>(__v0));		\
        -: 1785:      }									\
        -: 1786:    else _GLIBCXX_VISIT_UNREACHABLE();					\
        -: 1787:  }
        -: 1788:
    #####: 1789:	      switch (__v0.index())
        -: 1790:		{
    #####: 1791:		  _GLIBCXX_VISIT_CASE(0)
    #####: 1792:		  _GLIBCXX_VISIT_CASE(1)
    #####: 1793:		  _GLIBCXX_VISIT_CASE(2)
    #####: 1794:		  _GLIBCXX_VISIT_CASE(3)
    #####: 1795:		  _GLIBCXX_VISIT_CASE(4)
        -: 1796:		  _GLIBCXX_VISIT_CASE(5)
        -: 1797:		  _GLIBCXX_VISIT_CASE(6)
        -: 1798:		  _GLIBCXX_VISIT_CASE(7)
        -: 1799:		  _GLIBCXX_VISIT_CASE(8)
        -: 1800:		  _GLIBCXX_VISIT_CASE(9)
        -: 1801:		  _GLIBCXX_VISIT_CASE(10)
    #####: 1802:		case variant_npos:
        -: 1803:		  using __detail::__variant::__variant_idx_cookie;
        -: 1804:		  using __detail::__variant::__variant_cookie;
        -: 1805:		  if constexpr (is_same_v<_Result_type, __variant_idx_cookie>
        -: 1806:				|| is_same_v<_Result_type, __variant_cookie>)
        -: 1807:		    {
        -: 1808:		      using _Npos = index_sequence<variant_npos>;
        -: 1809:		      return __gen_vtable_impl<_Ma, _Npos>::
    #####: 1810:			__visit_invoke(std::forward<_Visitor>(__visitor),
    #####: 1811:				       std::forward<_V0>(__v0));
        -: 1812:		    }
        -: 1813:		  else
        -: 1814:		    _GLIBCXX_VISIT_UNREACHABLE();
    #####: 1815:		default:
    #####: 1816:		  _GLIBCXX_VISIT_UNREACHABLE();
        -: 1817:		}
        -: 1818:#undef _GLIBCXX_VISIT_CASE
        -: 1819:#undef _GLIBCXX_VISIT_UNREACHABLE
        -: 1820:	    }
        -: 1821:	}
        -: 1822:    }
        -: 1823:  /// @endcond
        -: 1824:
        -: 1825:  template<typename _Visitor, typename... _Variants>
        -: 1826:    constexpr __detail::__variant::__visit_result_t<_Visitor, _Variants...>
        -: 1827:    visit(_Visitor&& __visitor, _Variants&&... __variants)
        -: 1828:    {
        -: 1829:      namespace __variant = std::__detail::__variant;
        -: 1830:
        -: 1831:      if ((__variant::__as(__variants).valueless_by_exception() || ...))
        -: 1832:	__throw_bad_variant_access("std::visit: variant is valueless");
        -: 1833:
        -: 1834:      using _Result_type
        -: 1835:	= __detail::__variant::__visit_result_t<_Visitor, _Variants...>;
        -: 1836:
        -: 1837:      using _Tag = __detail::__variant::__deduce_visit_result<_Result_type>;
        -: 1838:
        -: 1839:      if constexpr (sizeof...(_Variants) == 1)
        -: 1840:	{
        -: 1841:	  using _Vp = decltype(__variant::__as(std::declval<_Variants>()...));
        -: 1842:
        -: 1843:	  constexpr bool __visit_rettypes_match = __detail::__variant::
        -: 1844:	    __check_visitor_results<_Visitor, _Vp>(
        -: 1845:	      make_index_sequence<variant_size_v<remove_reference_t<_Vp>>>());
        -: 1846:	  if constexpr (!__visit_rettypes_match)
        -: 1847:	    {
        -: 1848:	      static_assert(__visit_rettypes_match,
        -: 1849:			  "std::visit requires the visitor to have the same "
        -: 1850:			  "return type for all alternatives of a variant");
        -: 1851:	      return;
        -: 1852:	    }
        -: 1853:	  else
        -: 1854:	    return std::__do_visit<_Tag>(
        -: 1855:	      std::forward<_Visitor>(__visitor),
        -: 1856:	      static_cast<_Vp>(__variants)...);
        -: 1857:	}
        -: 1858:      else
        -: 1859:	return std::__do_visit<_Tag>(
        -: 1860:	  std::forward<_Visitor>(__visitor),
        -: 1861:	  __variant::__as(std::forward<_Variants>(__variants))...);
        -: 1862:    }
        -: 1863:
        -: 1864:#if __cplusplus > 201703L
        -: 1865:  template<typename _Res, typename _Visitor, typename... _Variants>
        -: 1866:    constexpr _Res
        -: 1867:    visit(_Visitor&& __visitor, _Variants&&... __variants)
        -: 1868:    {
        -: 1869:      namespace __variant = std::__detail::__variant;
        -: 1870:
        -: 1871:      if ((__variant::__as(__variants).valueless_by_exception() || ...))
        -: 1872:	__throw_bad_variant_access("std::visit<R>: variant is valueless");
        -: 1873:
        -: 1874:      return std::__do_visit<_Res>(std::forward<_Visitor>(__visitor),
        -: 1875:	  __variant::__as(std::forward<_Variants>(__variants))...);
        -: 1876:    }
        -: 1877:#endif
        -: 1878:
        -: 1879:  /// @cond undocumented
        -: 1880:  template<bool, typename... _Types>
        -: 1881:    struct __variant_hash_call_base_impl
        -: 1882:    {
        -: 1883:      size_t
        -: 1884:      operator()(const variant<_Types...>& __t) const
        -: 1885:      noexcept((is_nothrow_invocable_v<hash<decay_t<_Types>>, _Types> && ...))
        -: 1886:      {
        -: 1887:	size_t __ret;
        -: 1888:	__detail::__variant::__raw_visit(
        -: 1889:	  [&__t, &__ret](auto&& __t_mem) mutable
        -: 1890:	  {
        -: 1891:	    using _Type = __remove_cvref_t<decltype(__t_mem)>;
        -: 1892:	    if constexpr (!is_same_v<_Type,
        -: 1893:			             __detail::__variant::__variant_cookie>)
        -: 1894:	      __ret = std::hash<size_t>{}(__t.index())
        -: 1895:		      + std::hash<_Type>{}(__t_mem);
        -: 1896:	    else
        -: 1897:	      __ret = std::hash<size_t>{}(__t.index());
        -: 1898:	  }, __t);
        -: 1899:	return __ret;
        -: 1900:      }
        -: 1901:    };
        -: 1902:
        -: 1903:  template<typename... _Types>
        -: 1904:    struct __variant_hash_call_base_impl<false, _Types...> {};
        -: 1905:
        -: 1906:  template<typename... _Types>
        -: 1907:    using __variant_hash_call_base =
        -: 1908:    __variant_hash_call_base_impl<(__poison_hash<remove_const_t<_Types>>::
        -: 1909:				   __enable_hash_call &&...), _Types...>;
        -: 1910:  /// @endcond
        -: 1911:
        -: 1912:  template<typename... _Types>
        -: 1913:    struct hash<variant<_Types...>>
        -: 1914:    : private __detail::__variant::_Variant_hash_base<
        -: 1915:	variant<_Types...>, std::index_sequence_for<_Types...>>,
        -: 1916:      public __variant_hash_call_base<_Types...>
        -: 1917:    {
        -: 1918:      using result_type [[__deprecated__]] = size_t;
        -: 1919:      using argument_type [[__deprecated__]] = variant<_Types...>;
        -: 1920:    };
        -: 1921:
        -: 1922:  template<>
        -: 1923:    struct hash<monostate>
        -: 1924:    {
        -: 1925:      using result_type [[__deprecated__]] = size_t;
        -: 1926:      using argument_type [[__deprecated__]] = monostate;
        -: 1927:
        -: 1928:      size_t
        -: 1929:      operator()(const monostate&) const noexcept
        -: 1930:      {
        -: 1931:	constexpr size_t __magic_monostate_hash = -7777;
        -: 1932:	return __magic_monostate_hash;
        -: 1933:      }
        -: 1934:    };
        -: 1935:
        -: 1936:  template<typename... _Types>
        -: 1937:    struct __is_fast_hash<hash<variant<_Types...>>>
        -: 1938:    : bool_constant<(__is_fast_hash<_Types>::value && ...)>
        -: 1939:    { };
        -: 1940:
        -: 1941:_GLIBCXX_END_NAMESPACE_VERSION
        -: 1942:} // namespace std
        -: 1943:
        -: 1944:#endif // C++17
        -: 1945:
        -: 1946:#endif // _GLIBCXX_VARIANT
