        -:    0:Source:D:/Project Workspace/Year3/VIS/googletest/googletest/src/gtest.cc
        -:    0:Graph:D:\Project Workspace\Year3\VIS\cmake-build-debug-coverage\googletest-build\googletest\CMakeFiles\gtest.dir\src\gtest-all.cc.gcno
        -:    0:Data:D:\Project Workspace\Year3\VIS\cmake-build-debug-coverage\googletest-build\googletest\CMakeFiles\gtest.dir\src\gtest-all.cc.gcda
        -:    0:Runs:1
        -:    1:// Copyright 2005, Google Inc.
        -:    2:// All rights reserved.
        -:    3://
        -:    4:// Redistribution and use in source and binary forms, with or without
        -:    5:// modification, are permitted provided that the following conditions are
        -:    6:// met:
        -:    7://
        -:    8://     * Redistributions of source code must retain the above copyright
        -:    9:// notice, this list of conditions and the following disclaimer.
        -:   10://     * Redistributions in binary form must reproduce the above
        -:   11:// copyright notice, this list of conditions and the following disclaimer
        -:   12:// in the documentation and/or other materials provided with the
        -:   13:// distribution.
        -:   14://     * Neither the name of Google Inc. nor the names of its
        -:   15:// contributors may be used to endorse or promote products derived from
        -:   16:// this software without specific prior written permission.
        -:   17://
        -:   18:// THIS SOFTWARE IS PROVIDED BY THE COPYRIGHT HOLDERS AND CONTRIBUTORS
        -:   19:// "AS IS" AND ANY EXPRESS OR IMPLIED WARRANTIES, INCLUDING, BUT NOT
        -:   20:// LIMITED TO, THE IMPLIED WARRANTIES OF MERCHANTABILITY AND FITNESS FOR
        -:   21:// A PARTICULAR PURPOSE ARE DISCLAIMED. IN NO EVENT SHALL THE COPYRIGHT
        -:   22:// OWNER OR CONTRIBUTORS BE LIABLE FOR ANY DIRECT, INDIRECT, INCIDENTAL,
        -:   23:// SPECIAL, EXEMPLARY, OR CONSEQUENTIAL DAMAGES (INCLUDING, BUT NOT
        -:   24:// LIMITED TO, PROCUREMENT OF SUBSTITUTE GOODS OR SERVICES; LOSS OF USE,
        -:   25:// DATA, OR PROFITS; OR BUSINESS INTERRUPTION) HOWEVER CAUSED AND ON ANY
        -:   26:// THEORY OF LIABILITY, WHETHER IN CONTRACT, STRICT LIABILITY, OR TORT
        -:   27:// (INCLUDING NEGLIGENCE OR OTHERWISE) ARISING IN ANY WAY OUT OF THE USE
        -:   28:// OF THIS SOFTWARE, EVEN IF ADVISED OF THE POSSIBILITY OF SUCH DAMAGE.
        -:   29:
        -:   30://
        -:   31:// The Google C++ Testing and Mocking Framework (Google Test)
        -:   32:
        -:   33:#include "gtest/gtest.h"
        -:   34:
        -:   35:#include <ctype.h>
        -:   36:#include <stdarg.h>
        -:   37:#include <stdio.h>
        -:   38:#include <stdlib.h>
        -:   39:#include <time.h>
        -:   40:#include <wchar.h>
        -:   41:#include <wctype.h>
        -:   42:
        -:   43:#include <algorithm>
        -:   44:#include <chrono>  // NOLINT
        -:   45:#include <cmath>
        -:   46:#include <cstdint>
        -:   47:#include <cstdlib>
        -:   48:#include <cstring>
        -:   49:#include <initializer_list>
        -:   50:#include <iomanip>
        -:   51:#include <ios>
        -:   52:#include <iostream>
        -:   53:#include <iterator>
        -:   54:#include <limits>
        -:   55:#include <list>
        -:   56:#include <map>
        -:   57:#include <ostream>  // NOLINT
        -:   58:#include <set>
        -:   59:#include <sstream>
        -:   60:#include <unordered_set>
        -:   61:#include <utility>
        -:   62:#include <vector>
        -:   63:
        -:   64:#include "gtest/gtest-assertion-result.h"
        -:   65:#include "gtest/gtest-spi.h"
        -:   66:#include "gtest/internal/custom/gtest.h"
        -:   67:#include "gtest/internal/gtest-port.h"
        -:   68:
        -:   69:#ifdef GTEST_OS_LINUX
        -:   70:
        -:   71:#include <fcntl.h>   // NOLINT
        -:   72:#include <limits.h>  // NOLINT
        -:   73:#include <sched.h>   // NOLINT
        -:   74:// Declares vsnprintf().  This header is not available on Windows.
        -:   75:#include <strings.h>   // NOLINT
        -:   76:#include <sys/mman.h>  // NOLINT
        -:   77:#include <sys/time.h>  // NOLINT
        -:   78:#include <unistd.h>    // NOLINT
        -:   79:
        -:   80:#include <string>
        -:   81:
        -:   82:#elif defined(GTEST_OS_ZOS)
        -:   83:#include <sys/time.h>  // NOLINT
        -:   84:
        -:   85:// On z/OS we additionally need strings.h for strcasecmp.
        -:   86:#include <strings.h>   // NOLINT
        -:   87:
        -:   88:#elif defined(GTEST_OS_WINDOWS_MOBILE)  // We are on Windows CE.
        -:   89:
        -:   90:#include <windows.h>  // NOLINT
        -:   91:#undef min
        -:   92:
        -:   93:#elif defined(GTEST_OS_WINDOWS)  // We are on Windows proper.
        -:   94:
        -:   95:#include <windows.h>  // NOLINT
        -:   96:#undef min
        -:   97:
        -:   98:#ifdef _MSC_VER
        -:   99:#include <crtdbg.h>  // NOLINT
        -:  100:#endif
        -:  101:
        -:  102:#include <io.h>         // NOLINT
        -:  103:#include <sys/stat.h>   // NOLINT
        -:  104:#include <sys/timeb.h>  // NOLINT
        -:  105:#include <sys/types.h>  // NOLINT
        -:  106:
        -:  107:#ifdef GTEST_OS_WINDOWS_MINGW
        -:  108:#include <sys/time.h>  // NOLINT
        -:  109:#endif                 // GTEST_OS_WINDOWS_MINGW
        -:  110:
        -:  111:#else
        -:  112:
        -:  113:// cpplint thinks that the header is already included, so we want to
        -:  114:// silence it.
        -:  115:#include <sys/time.h>  // NOLINT
        -:  116:#include <unistd.h>    // NOLINT
        -:  117:
        -:  118:#endif  // GTEST_OS_LINUX
        -:  119:
        -:  120:#if GTEST_HAS_EXCEPTIONS
        -:  121:#include <stdexcept>
        -:  122:#endif
        -:  123:
        -:  124:#if GTEST_CAN_STREAM_RESULTS_
        -:  125:#include <arpa/inet.h>   // NOLINT
        -:  126:#include <netdb.h>       // NOLINT
        -:  127:#include <sys/socket.h>  // NOLINT
        -:  128:#include <sys/types.h>   // NOLINT
        -:  129:#endif
        -:  130:
        -:  131:#include "src/gtest-internal-inl.h"
        -:  132:
        -:  133:#ifdef GTEST_OS_WINDOWS
        -:  134:#define vsnprintf _vsnprintf
        -:  135:#endif  // GTEST_OS_WINDOWS
        -:  136:
        -:  137:#ifdef GTEST_OS_MAC
        -:  138:#ifndef GTEST_OS_IOS
        -:  139:#include <crt_externs.h>
        -:  140:#endif
        -:  141:#endif
        -:  142:
        -:  143:#ifdef GTEST_HAS_ABSL
        -:  144:#include "absl/container/flat_hash_set.h"
        -:  145:#include "absl/debugging/failure_signal_handler.h"
        -:  146:#include "absl/debugging/stacktrace.h"
        -:  147:#include "absl/debugging/symbolize.h"
        -:  148:#include "absl/flags/parse.h"
        -:  149:#include "absl/flags/usage.h"
        -:  150:#include "absl/strings/str_cat.h"
        -:  151:#include "absl/strings/str_replace.h"
        -:  152:#include "absl/strings/string_view.h"
        -:  153:#include "absl/strings/strip.h"
        -:  154:#endif  // GTEST_HAS_ABSL
        -:  155:
        -:  156:// Checks builtin compiler feature |x| while avoiding an extra layer of #ifdefs
        -:  157:// at the callsite.
        -:  158:#if defined(__has_builtin)
        -:  159:#define GTEST_HAS_BUILTIN(x) __has_builtin(x)
        -:  160:#else
        -:  161:#define GTEST_HAS_BUILTIN(x) 0
        -:  162:#endif  // defined(__has_builtin)
        -:  163:
        -:  164:namespace testing {
        -:  165:
        -:  166:using internal::CountIf;
        -:  167:using internal::ForEach;
        -:  168:using internal::GetElementOr;
        -:  169:using internal::Shuffle;
        -:  170:
        -:  171:// Constants.
        -:  172:
        -:  173:// A test whose test suite name or test name matches this filter is
        -:  174:// disabled and not run.
        -:  175:static const char kDisableTestFilter[] = "DISABLED_*:*/DISABLED_*";
        -:  176:
        -:  177:// A test suite whose name matches this filter is considered a death
        -:  178:// test suite and will be run before test suites whose name doesn't
        -:  179:// match this filter.
        -:  180:static const char kDeathTestSuiteFilter[] = "*DeathTest:*DeathTest/*";
        -:  181:
        -:  182:// A test filter that matches everything.
        -:  183:static const char kUniversalFilter[] = "*";
        -:  184:
        -:  185:// The default output format.
        -:  186:static const char kDefaultOutputFormat[] = "xml";
        -:  187:// The default output file.
        -:  188:static const char kDefaultOutputFile[] = "test_detail";
        -:  189:
        -:  190:// The environment variable name for the test shard index.
        -:  191:static const char kTestShardIndex[] = "GTEST_SHARD_INDEX";
        -:  192:// The environment variable name for the total number of test shards.
        -:  193:static const char kTestTotalShards[] = "GTEST_TOTAL_SHARDS";
        -:  194:// The environment variable name for the test shard status file.
        -:  195:static const char kTestShardStatusFile[] = "GTEST_SHARD_STATUS_FILE";
        -:  196:
        -:  197:namespace internal {
        -:  198:
        -:  199:// The text used in failure messages to indicate the start of the
        -:  200:// stack trace.
        -:  201:const char kStackTraceMarker[] = "\nStack trace:\n";
        -:  202:
        -:  203:// g_help_flag is true if and only if the --help flag or an equivalent form
        -:  204:// is specified on the command line.
        -:  205:bool g_help_flag = false;
        -:  206:
        -:  207:#if GTEST_HAS_FILE_SYSTEM
        -:  208:// Utility function to Open File for Writing
function _ZN7testing8internalL18OpenFileForWritingERKNSt7__cxx1112basic_stringIcSt11char_traitsIcESaIcEEE called 0 returned 0% blocks executed 0%
    #####:  209:static FILE* OpenFileForWriting(const std::string& output_file) {
    #####:  210:  FILE* fileout = nullptr;
    #####:  211:  FilePath output_file_path(output_file);
    %%%%%:  211-block  0
call    0 never executed
branch  1 never executed (fallthrough)
branch  2 never executed (throw)
    #####:  212:  FilePath output_dir(output_file_path.RemoveFileName());
    %%%%%:  212-block  0
call    0 never executed
branch  1 never executed (fallthrough)
branch  2 never executed (throw)
        -:  213:
    #####:  214:  if (output_dir.CreateDirectoriesRecursively()) {
    %%%%%:  214-block  0
call    0 never executed
branch  1 never executed (fallthrough)
branch  2 never executed (throw)
    %%%%%:  214-block  1
branch  3 never executed (fallthrough)
branch  4 never executed
    #####:  215:    fileout = posix::FOpen(output_file.c_str(), "w");
    %%%%%:  215-block  0
call    0 never executed
call    1 never executed
branch  2 never executed (fallthrough)
branch  3 never executed (throw)
    %%%%%:  215-block  1
        -:  216:  }
    #####:  217:  if (fileout == nullptr) {
    %%%%%:  217-block  0
branch  0 never executed (fallthrough)
branch  1 never executed
    #####:  218:    GTEST_LOG_(FATAL) << "Unable to open file \"" << output_file << "\"";
    %%%%%:  218-block  0
call    0 never executed
branch  1 never executed (fallthrough)
branch  2 never executed (throw)
    %%%%%:  218-block  1
call    3 never executed
call    4 never executed
branch  5 never executed (fallthrough)
branch  6 never executed (throw)
    %%%%%:  218-block  2
call    7 never executed
branch  8 never executed (fallthrough)
branch  9 never executed (throw)
    %%%%%:  218-block  3
call   10 never executed
branch 11 never executed (fallthrough)
branch 12 never executed (throw)
    %%%%%:  218-block  4
call   13 never executed
    $$$$$:  218-block  5
call   14 never executed
    $$$$$:  218-block  6
        -:  219:  }
    #####:  220:  return fileout;
    %%%%%:  220-block  0
    #####:  221:}
    %%%%%:  221-block  0
call    0 never executed
call    1 never executed
    $$$$$:  221-block  1
call    2 never executed
    $$$$$:  221-block  2
call    3 never executed
        -:  222:#endif  // GTEST_HAS_FILE_SYSTEM
        -:  223:
        -:  224:}  // namespace internal
        -:  225:
        -:  226:// Bazel passes in the argument to '--test_filter' via the TESTBRIDGE_TEST_ONLY
        -:  227:// environment variable.
function _ZN7testingL16GetDefaultFilterEv called 1 returned 100% blocks executed 80%
        1:  228:static const char* GetDefaultFilter() {
        -:  229:  const char* const testbridge_test_only =
        1:  230:      internal::posix::GetEnv("TESTBRIDGE_TEST_ONLY");
        1:  230-block  0
call    0 returned 1
        1:  231:  if (testbridge_test_only != nullptr) {
branch  0 taken 0 (fallthrough)
branch  1 taken 1
    #####:  232:    return testbridge_test_only;
    %%%%%:  232-block  0
        -:  233:  }
        1:  234:  return kUniversalFilter;
        1:  234-block  0
        -:  235:}
        -:  236:
        -:  237:// Bazel passes in the argument to '--test_runner_fail_fast' via the
        -:  238:// TESTBRIDGE_TEST_RUNNER_FAIL_FAST environment variable.
function _ZN7testingL18GetDefaultFailFastEv called 1 returned 100% blocks executed 80%
        1:  239:static bool GetDefaultFailFast() {
        -:  240:  const char* const testbridge_test_runner_fail_fast =
        1:  241:      internal::posix::GetEnv("TESTBRIDGE_TEST_RUNNER_FAIL_FAST");
        1:  241-block  0
call    0 returned 1
        1:  242:  if (testbridge_test_runner_fail_fast != nullptr) {
branch  0 taken 0 (fallthrough)
branch  1 taken 1
    #####:  243:    return strcmp(testbridge_test_runner_fail_fast, "1") == 0;
    %%%%%:  243-block  0
        -:  244:  }
        1:  245:  return false;
        1:  245-block  0
        -:  246:}
        -:  247:
        -:  248:}  // namespace testing
        -:  249:
        -:  250:GTEST_DEFINE_bool_(
        -:  251:    fail_fast,
        -:  252:    testing::internal::BoolFromGTestEnv("fail_fast",
        -:  253:                                        testing::GetDefaultFailFast()),
        -:  254:    "True if and only if a test failure should stop further test execution.");
        -:  255:
        -:  256:GTEST_DEFINE_bool_(
        -:  257:    also_run_disabled_tests,
        -:  258:    testing::internal::BoolFromGTestEnv("also_run_disabled_tests", false),
        -:  259:    "Run disabled tests too, in addition to the tests normally being run.");
        -:  260:
        -:  261:GTEST_DEFINE_bool_(
        -:  262:    break_on_failure,
        -:  263:    testing::internal::BoolFromGTestEnv("break_on_failure", false),
        -:  264:    "True if and only if a failed assertion should be a debugger "
        -:  265:    "break-point.");
        -:  266:
        -:  267:GTEST_DEFINE_bool_(catch_exceptions,
        -:  268:                   testing::internal::BoolFromGTestEnv("catch_exceptions",
        -:  269:                                                       true),
        -:  270:                   "True if and only if " GTEST_NAME_
        -:  271:                   " should catch exceptions and treat them as test failures.");
        -:  272:
        -:  273:GTEST_DEFINE_string_(
        -:  274:    color, testing::internal::StringFromGTestEnv("color", "auto"),
        -:  275:    "Whether to use colors in the output.  Valid values: yes, no, "
        -:  276:    "and auto.  'auto' means to use colors if the output is "
        -:  277:    "being sent to a terminal and the TERM environment variable "
        -:  278:    "is set to a terminal type that supports colors.");
        -:  279:
        -:  280:GTEST_DEFINE_string_(
        -:  281:    filter,
        -:  282:    testing::internal::StringFromGTestEnv("filter",
        -:  283:                                          testing::GetDefaultFilter()),
        -:  284:    "A colon-separated list of glob (not regex) patterns "
        -:  285:    "for filtering the tests to run, optionally followed by a "
        -:  286:    "'-' and a : separated list of negative patterns (tests to "
        -:  287:    "exclude).  A test is run if it matches one of the positive "
        -:  288:    "patterns and does not match any of the negative patterns.");
        -:  289:
        -:  290:GTEST_DEFINE_bool_(
        -:  291:    install_failure_signal_handler,
        -:  292:    testing::internal::BoolFromGTestEnv("install_failure_signal_handler",
        -:  293:                                        false),
        -:  294:    "If true and supported on the current platform, " GTEST_NAME_
        -:  295:    " should "
        -:  296:    "install a signal handler that dumps debugging information when fatal "
        -:  297:    "signals are raised.");
        -:  298:
        -:  299:GTEST_DEFINE_bool_(list_tests, false, "List all tests without running them.");
        -:  300:
        -:  301:// The net priority order after flag processing is thus:
        -:  302://   --gtest_output command line flag
        -:  303://   GTEST_OUTPUT environment variable
        -:  304://   XML_OUTPUT_FILE environment variable
        -:  305://   ''
        -:  306:GTEST_DEFINE_string_(
        -:  307:    output,
        -:  308:    testing::internal::StringFromGTestEnv(
        -:  309:        "output", testing::internal::OutputFlagAlsoCheckEnvVar().c_str()),
        -:  310:    "A format (defaults to \"xml\" but can be specified to be \"json\"), "
        -:  311:    "optionally followed by a colon and an output file name or directory. "
        -:  312:    "A directory is indicated by a trailing pathname separator. "
        -:  313:    "Examples: \"xml:filename.xml\", \"xml::directoryname/\". "
        -:  314:    "If a directory is specified, output files will be created "
        -:  315:    "within that directory, with file-names based on the test "
        -:  316:    "executable's name and, if necessary, made unique by adding "
        -:  317:    "digits.");
        -:  318:
        -:  319:GTEST_DEFINE_bool_(
        -:  320:    brief, testing::internal::BoolFromGTestEnv("brief", false),
        -:  321:    "True if only test failures should be displayed in text output.");
        -:  322:
        -:  323:GTEST_DEFINE_bool_(print_time,
        -:  324:                   testing::internal::BoolFromGTestEnv("print_time", true),
        -:  325:                   "True if and only if " GTEST_NAME_
        -:  326:                   " should display elapsed time in text output.");
        -:  327:
        -:  328:GTEST_DEFINE_bool_(print_utf8,
        -:  329:                   testing::internal::BoolFromGTestEnv("print_utf8", true),
        -:  330:                   "True if and only if " GTEST_NAME_
        -:  331:                   " prints UTF8 characters as text.");
        -:  332:
        -:  333:GTEST_DEFINE_int32_(
        -:  334:    random_seed, testing::internal::Int32FromGTestEnv("random_seed", 0),
        -:  335:    "Random number seed to use when shuffling test orders.  Must be in range "
        -:  336:    "[1, 99999], or 0 to use a seed based on the current time.");
        -:  337:
        -:  338:GTEST_DEFINE_int32_(
        -:  339:    repeat, testing::internal::Int32FromGTestEnv("repeat", 1),
        -:  340:    "How many times to repeat each test.  Specify a negative number "
        -:  341:    "for repeating forever.  Useful for shaking out flaky tests.");
        -:  342:
        -:  343:GTEST_DEFINE_bool_(
        -:  344:    recreate_environments_when_repeating,
        -:  345:    testing::internal::BoolFromGTestEnv("recreate_environments_when_repeating",
        -:  346:                                        false),
        -:  347:    "Controls whether global test environments are recreated for each repeat "
        -:  348:    "of the tests. If set to false the global test environments are only set "
        -:  349:    "up once, for the first iteration, and only torn down once, for the last. "
        -:  350:    "Useful for shaking out flaky tests with stable, expensive test "
        -:  351:    "environments. If --gtest_repeat is set to a negative number, meaning "
        -:  352:    "there is no last run, the environments will always be recreated to avoid "
        -:  353:    "leaks.");
        -:  354:
        -:  355:GTEST_DEFINE_bool_(show_internal_stack_frames, false,
        -:  356:                   "True if and only if " GTEST_NAME_
        -:  357:                   " should include internal stack frames when "
        -:  358:                   "printing test failure stack traces.");
        -:  359:
        -:  360:GTEST_DEFINE_bool_(shuffle,
        -:  361:                   testing::internal::BoolFromGTestEnv("shuffle", false),
        -:  362:                   "True if and only if " GTEST_NAME_
        -:  363:                   " should randomize tests' order on every run.");
        -:  364:
        -:  365:GTEST_DEFINE_int32_(
        -:  366:    stack_trace_depth,
        -:  367:    testing::internal::Int32FromGTestEnv("stack_trace_depth",
        -:  368:                                         testing::kMaxStackTraceDepth),
        -:  369:    "The maximum number of stack frames to print when an "
        -:  370:    "assertion fails.  The valid range is 0 through 100, inclusive.");
        -:  371:
        -:  372:GTEST_DEFINE_string_(
        -:  373:    stream_result_to,
        -:  374:    testing::internal::StringFromGTestEnv("stream_result_to", ""),
        -:  375:    "This flag specifies the host name and the port number on which to stream "
        -:  376:    "test results. Example: \"localhost:555\". The flag is effective only on "
        -:  377:    "Linux.");
        -:  378:
        -:  379:GTEST_DEFINE_bool_(
        -:  380:    throw_on_failure,
        -:  381:    testing::internal::BoolFromGTestEnv("throw_on_failure", false),
        -:  382:    "When this flag is specified, a failed assertion will throw an exception "
        -:  383:    "if exceptions are enabled or exit the program with a non-zero code "
        -:  384:    "otherwise. For use with an external test framework.");
        -:  385:
        -:  386:#if GTEST_USE_OWN_FLAGFILE_FLAG_
        -:  387:GTEST_DEFINE_string_(
        -:  388:    flagfile, testing::internal::StringFromGTestEnv("flagfile", ""),
        -:  389:    "This flag specifies the flagfile to read command-line flags from.");
        -:  390:#endif  // GTEST_USE_OWN_FLAGFILE_FLAG_
        -:  391:
        -:  392:namespace testing {
        -:  393:namespace internal {
        -:  394:
        -:  395:const uint32_t Random::kMaxRange;
        -:  396:
        -:  397:// Generates a random number from [0, range), using a Linear
        -:  398:// Congruential Generator (LCG).  Crashes if 'range' is 0 or greater
        -:  399:// than kMaxRange.
function _ZN7testing8internal6Random8GenerateEj called 0 returned 0% blocks executed 0%
    #####:  400:uint32_t Random::Generate(uint32_t range) {
        -:  401:  // These constants are the same as are used in glibc's rand(3).
        -:  402:  // Use wider types than necessary to prevent unsigned overflow diagnostics.
    #####:  403:  state_ = static_cast<uint32_t>(1103515245ULL * state_ + 12345U) % kMaxRange;
        -:  404:
    #####:  405:  GTEST_CHECK_(range > 0) << "Cannot generate a number in the range [0, 0).";
    %%%%%:  405-block  0
call    0 never executed
branch  1 never executed (fallthrough)
branch  2 never executed
    %%%%%:  405-block  1
call    3 never executed
branch  4 never executed (fallthrough)
branch  5 never executed (throw)
    %%%%%:  405-block  2
call    6 never executed
call    7 never executed
branch  8 never executed (fallthrough)
branch  9 never executed (throw)
    %%%%%:  405-block  3
call   10 never executed
branch 11 never executed (fallthrough)
branch 12 never executed (throw)
    %%%%%:  405-block  4
call   13 never executed
    $$$$$:  405-block  5
call   14 never executed
    $$$$$:  405-block  6
call   15 never executed
    #####:  406:  GTEST_CHECK_(range <= kMaxRange)
    %%%%%:  406-block  0
call    0 never executed
branch  1 never executed (fallthrough)
branch  2 never executed
    %%%%%:  406-block  1
call    3 never executed
branch  4 never executed (fallthrough)
branch  5 never executed (throw)
    %%%%%:  406-block  2
call    6 never executed
    %%%%%:  406-block  3
call    7 never executed
    $$$$$:  406-block  4
call    8 never executed
    #####:  407:      << "Generation of a number in [0, " << range << ") was requested, "
call    0 never executed
branch  1 never executed (fallthrough)
branch  2 never executed (throw)
    %%%%%:  407-block  0
call    3 never executed
branch  4 never executed (fallthrough)
branch  5 never executed (throw)
    %%%%%:  407-block  1
call    6 never executed
branch  7 never executed (fallthrough)
branch  8 never executed (throw)
    #####:  408:      << "but this can only generate numbers in [0, " << kMaxRange << ").";
    %%%%%:  408-block  0
call    0 never executed
branch  1 never executed (fallthrough)
branch  2 never executed (throw)
    %%%%%:  408-block  1
call    3 never executed
branch  4 never executed (fallthrough)
branch  5 never executed (throw)
    %%%%%:  408-block  2
call    6 never executed
branch  7 never executed (fallthrough)
branch  8 never executed (throw)
    %%%%%:  408-block  3
call    9 never executed
branch 10 never executed (fallthrough)
branch 11 never executed (throw)
        -:  409:
        -:  410:  // Converting via modulus introduces a bit of downward bias, but
        -:  411:  // it's simple, and a linear congruential generator isn't too good
        -:  412:  // to begin with.
    #####:  413:  return state_ % range;
    %%%%%:  413-block  0
    %%%%%:  413-block  1
        -:  414:}
        -:  415:
        -:  416:// GTestIsInitialized() returns true if and only if the user has initialized
        -:  417:// Google Test.  Useful for catching the user mistake of not initializing
        -:  418:// Google Test before calling RUN_ALL_TESTS().
function _ZN7testing8internalL18GTestIsInitializedEv called 2 returned 100% blocks executed 100%
        2:  419:static bool GTestIsInitialized() { return !GetArgvs().empty(); }
        2:  419-block  0
call    0 returned 2
branch  1 taken 2 (fallthrough)
branch  2 taken 0 (throw)
        2:  419-block  1
call    3 returned 2
        2:  419-block  2
call    4 returned 2
        2:  419-block  3
        -:  420:
        -:  421:// Iterates over a vector of TestSuites, keeping a running sum of the
        -:  422:// results of calling a given int-returning method on each.
        -:  423:// Returns the sum.
function _ZN7testing8internalL20SumOverTestSuiteListERKSt6vectorIPNS_9TestSuiteESaIS3_EEMS2_KFivE called 5 returned 100% blocks executed 91%
        5:  424:static int SumOverTestSuiteList(const std::vector<TestSuite*>& case_list,
        -:  425:                                int (TestSuite::*method)() const) {
        5:  426:  int sum = 0;
       35:  427:  for (size_t i = 0; i < case_list.size(); i++) {
        5:  427-block  0
       35:  427-block  1
call    0 returned 35
branch  1 taken 30
branch  2 taken 5 (fallthrough)
      30*:  428:    sum += (case_list[i]->*method)();
       30:  428-block  0
call    0 returned 30
branch  1 taken 0 (fallthrough)
branch  2 taken 30
    %%%%%:  428-block  1
       30:  428-block  2
       30:  428-block  3
call    3 returned 30
        -:  429:  }
        5:  430:  return sum;
        5:  430-block  0
        -:  431:}
        -:  432:
        -:  433:// Returns true if and only if the test suite passed.
function _ZN7testing8internalL15TestSuitePassedEPKNS_9TestSuiteE called 0 returned 0% blocks executed 0%
    #####:  434:static bool TestSuitePassed(const TestSuite* test_suite) {
    #####:  435:  return test_suite->should_run() && test_suite->Passed();
    %%%%%:  435-block  0
call    0 never executed
branch  1 never executed (fallthrough)
branch  2 never executed
    %%%%%:  435-block  1
call    3 never executed
branch  4 never executed (fallthrough)
branch  5 never executed
    %%%%%:  435-block  2
    %%%%%:  435-block  3
    %%%%%:  435-block  4
        -:  436:}
        -:  437:
        -:  438:// Returns true if and only if the test suite failed.
function _ZN7testing8internalL15TestSuiteFailedEPKNS_9TestSuiteE called 12 returned 100% blocks executed 88%
       12:  439:static bool TestSuiteFailed(const TestSuite* test_suite) {
      12*:  440:  return test_suite->should_run() && test_suite->Failed();
       12:  440-block  0
call    0 returned 12
branch  1 taken 12 (fallthrough)
branch  2 taken 0
       12:  440-block  1
call    3 returned 12
branch  4 taken 0 (fallthrough)
branch  5 taken 12
    %%%%%:  440-block  2
       12:  440-block  3
       12:  440-block  4
        -:  441:}
        -:  442:
        -:  443:// Returns true if and only if test_suite contains at least one test that
        -:  444:// should run.
function _ZN7testing8internalL18ShouldRunTestSuiteEPKNS_9TestSuiteE called 12 returned 100% blocks executed 100%
       12:  445:static bool ShouldRunTestSuite(const TestSuite* test_suite) {
       12:  446:  return test_suite->should_run();
       12:  446-block  0
call    0 returned 12
        -:  447:}
        -:  448:
        -:  449:// AssertHelper constructor.
function _ZN7testing8internal12AssertHelperC2ENS_14TestPartResult4TypeEPKciS5_ called 0 returned 0% blocks executed 0%
    #####:  450:AssertHelper::AssertHelper(TestPartResult::Type type, const char* file,
    #####:  451:                           int line, const char* message)
    #####:  452:    : data_(new AssertHelperData(type, file, line, message)) {}
    %%%%%:  452-block  0
call    0 never executed
call    1 never executed
branch  2 never executed (fallthrough)
branch  3 never executed (throw)
    %%%%%:  452-block  1
    $$$$$:  452-block  2
branch  4 never executed (fallthrough)
branch  5 never executed
    $$$$$:  452-block  3
call    6 never executed
        -:  453:
function _ZN7testing8internal12AssertHelperD2Ev called 0 returned 0% blocks executed 0%
    #####:  454:AssertHelper::~AssertHelper() { delete data_; }
    %%%%%:  454-block  0
branch  0 never executed (fallthrough)
branch  1 never executed
    %%%%%:  454-block  1
call    2 never executed
call    3 never executed
        -:  455:
        -:  456:// Message assignment, for assertion streaming support.
function _ZNK7testing8internal12AssertHelperaSERKNS_7MessageE called 0 returned 0% blocks executed 0%
    #####:  457:void AssertHelper::operator=(const Message& message) const {
    #####:  458:  UnitTest::GetInstance()->AddTestPartResult(
    %%%%%:  458-block  0
call    0 never executed
    #####:  459:      data_->type, data_->file, data_->line,
    %%%%%:  459-block  0
call    0 never executed
branch  1 never executed (fallthrough)
branch  2 never executed (throw)
    #####:  460:      AppendUserMessage(data_->message, message),
    %%%%%:  460-block  0
call    0 never executed
branch  1 never executed (fallthrough)
branch  2 never executed (throw)
    %%%%%:  460-block  1
call    3 never executed
    $$$$$:  460-block  2
call    4 never executed
    $$$$$:  460-block  3
    #####:  461:      UnitTest::GetInstance()->impl()->CurrentOsStackTraceExceptTop(1)
call    0 never executed
branch  1 never executed (fallthrough)
branch  2 never executed (throw)
    %%%%%:  461-block  0
call    3 never executed
call    4 never executed
branch  5 never executed (fallthrough)
branch  6 never executed (throw)
call    7 never executed
    $$$$$:  461-block  1
call    8 never executed
        -:  462:      // Skips the stack frame for this function itself.
        -:  463:  );  // NOLINT
    #####:  464:}
        -:  465:
        -:  466:namespace {
        -:  467:
        -:  468:// When TEST_P is found without a matching INSTANTIATE_TEST_SUITE_P
        -:  469:// to creates test cases for it, a synthetic test case is
        -:  470:// inserted to report ether an error or a log message.
        -:  471://
        -:  472:// This configuration bit will likely be removed at some point.
        -:  473:constexpr bool kErrorOnUninstantiatedParameterizedTest = true;
        -:  474:constexpr bool kErrorOnUninstantiatedTypeParameterizedTest = true;
        -:  475:
        -:  476:// A test that fails at a given file/line location with a given message.
        -:  477:class FailureTest : public Test {
        -:  478: public:
function _ZN7testing8internal12_GLOBAL__N_111FailureTestC2ERKNS0_12CodeLocationENSt7__cxx1112basic_stringIcSt11char_traitsIcESaIcEEEb called 0 returned 0% blocks executed 0%
    #####:  479:  explicit FailureTest(const CodeLocation& loc, std::string error_message,
        -:  480:                       bool as_error)
    #####:  481:      : loc_(loc),
    #####:  482:        error_message_(std::move(error_message)),
    %%%%%:  482-block  0
call    0 never executed
call    1 never executed
    #####:  483:        as_error_(as_error) {}
    %%%%%:  483-block  0
call    0 never executed
call    1 never executed
branch  2 never executed (fallthrough)
branch  3 never executed (throw)
    $$$$$:  483-block  1
call    4 never executed
        -:  484:
function _ZN7testing8internal12_GLOBAL__N_111FailureTest8TestBodyEv called 0 returned 0% blocks executed 0%
    #####:  485:  void TestBody() override {
    #####:  486:    if (as_error_) {
    %%%%%:  486-block  0
branch  0 never executed (fallthrough)
branch  1 never executed
    #####:  487:      AssertHelper(TestPartResult::kNonFatalFailure, loc_.file.c_str(),
call    0 never executed
branch  1 never executed (fallthrough)
branch  2 never executed (throw)
    %%%%%:  487-block  0
call    3 never executed
    $$$$$:  487-block  1
call    4 never executed
    $$$$$:  487-block  2
    #####:  488:                   loc_.line, "") = Message() << error_message_;
    %%%%%:  488-block  0
call    0 never executed
branch  1 never executed (fallthrough)
branch  2 never executed (throw)
    %%%%%:  488-block  1
call    3 never executed
branch  4 never executed (fallthrough)
branch  5 never executed (throw)
    %%%%%:  488-block  2
call    6 never executed
    %%%%%:  488-block  3
call    7 never executed
branch  8 never executed (fallthrough)
branch  9 never executed (throw)
call   10 never executed
    $$$$$:  488-block  4
call   11 never executed
        -:  489:    } else {
    #####:  490:      std::cout << error_message_ << std::endl;
    %%%%%:  490-block  0
call    0 never executed
call    1 never executed
        -:  491:    }
    #####:  492:  }
    %%%%%:  492-block  0
        -:  493:
        -:  494: private:
        -:  495:  const CodeLocation loc_;
        -:  496:  const std::string error_message_;
        -:  497:  const bool as_error_;
        -:  498:};
        -:  499:
        -:  500:}  // namespace
        -:  501:
function _ZN7testing8internal33GetIgnoredParameterizedTestSuitesB5cxx11Ev called 1 returned 100% blocks executed 100%
        1:  502:std::set<std::string>* GetIgnoredParameterizedTestSuites() {
        1:  503:  return UnitTest::GetInstance()->impl()->ignored_parameterized_test_suites();
        1:  503-block  0
call    0 returned 1
call    1 returned 1
call    2 returned 1
        -:  504:}
        -:  505:
        -:  506:// Add a given test_suit to the list of them allow to go un-instantiated.
function _ZN7testing8internal13MarkAsIgnoredC2EPKc called 0 returned 0% blocks executed 0%
    #####:  507:MarkAsIgnored::MarkAsIgnored(const char* test_suite) {
    #####:  508:  GetIgnoredParameterizedTestSuites()->insert(test_suite);
    %%%%%:  508-block  0
call    0 never executed
branch  1 never executed (fallthrough)
branch  2 never executed (throw)
    %%%%%:  508-block  1
    %%%%%:  508-block  2
call    3 never executed
branch  4 never executed (fallthrough)
branch  5 never executed (throw)
    %%%%%:  508-block  3
call    6 never executed
branch  7 never executed (fallthrough)
branch  8 never executed (throw)
    %%%%%:  508-block  4
call    9 never executed
    $$$$$:  508-block  5
call   10 never executed
    $$$$$:  508-block  6
    $$$$$:  508-block  7
    #####:  509:}
        -:  510:
        -:  511:// If this parameterized test suite has no instantiations (and that
        -:  512:// has not been marked as okay), emit a test case reporting that.
function _ZN7testing8internal23InsertSyntheticTestCaseERKNSt7__cxx1112basic_stringIcSt11char_traitsIcESaIcEEENS0_12CodeLocationEb called 0 returned 0% blocks executed 0%
    #####:  513:void InsertSyntheticTestCase(const std::string& name, CodeLocation location,
        -:  514:                             bool has_test_p) {
    #####:  515:  const auto& ignored = *GetIgnoredParameterizedTestSuites();
    %%%%%:  515-block  0
call    0 never executed
branch  1 never executed (fallthrough)
branch  2 never executed (throw)
    #####:  516:  if (ignored.find(name) != ignored.end()) return;
    %%%%%:  516-block  0
call    0 never executed
call    1 never executed
branch  2 never executed (fallthrough)
branch  3 never executed (throw)
    %%%%%:  516-block  1
call    4 never executed
branch  5 never executed (fallthrough)
branch  6 never executed
    %%%%%:  516-block  2
    %%%%%:  516-block  3
    $$$$$:  516-block  4
    $$$$$:  516-block  5
        -:  517:
    #####:  518:  const char kMissingInstantiation[] =  //
        -:  519:      " is defined via TEST_P, but never instantiated. None of the test cases "
        -:  520:      "will run. Either no INSTANTIATE_TEST_SUITE_P is provided or the only "
        -:  521:      "ones provided expand to nothing."
        -:  522:      "\n\n"
        -:  523:      "Ideally, TEST_P definitions should only ever be included as part of "
        -:  524:      "binaries that intend to use them. (As opposed to, for example, being "
        -:  525:      "placed in a library that may be linked in to get other utilities.)";
        -:  526:
    #####:  527:  const char kMissingTestCase[] =  //
        -:  528:      " is instantiated via INSTANTIATE_TEST_SUITE_P, but no tests are "
        -:  529:      "defined via TEST_P . No test cases will run."
        -:  530:      "\n\n"
        -:  531:      "Ideally, INSTANTIATE_TEST_SUITE_P should only ever be invoked from "
        -:  532:      "code that always depend on code that provides TEST_P. Failing to do "
        -:  533:      "so is often an indication of dead code, e.g. the last TEST_P was "
        -:  534:      "removed but the rest got left behind.";
        -:  535:
        -:  536:  std::string message =
    #####:  537:      "Parameterized test suite " + name +
    %%%%%:  537-block  0
branch  0 never executed (fallthrough)
branch  1 never executed
    %%%%%:  537-block  1
    %%%%%:  537-block  2
    %%%%%:  537-block  3
call    2 never executed
branch  3 never executed (fallthrough)
branch  4 never executed (throw)
    %%%%%:  537-block  4
call    5 never executed
branch  6 never executed (fallthrough)
branch  7 never executed (throw)
call    8 never executed
call    9 never executed
    $$$$$:  537-block  5
call   10 never executed
    $$$$$:  537-block  6
call   11 never executed
    $$$$$:  537-block  7
    $$$$$:  537-block  8
    #####:  538:      (has_test_p ? kMissingInstantiation : kMissingTestCase) +
    %%%%%:  538-block  0
call    0 never executed
branch  1 never executed (fallthrough)
branch  2 never executed (throw)
call    3 never executed
    $$$$$:  538-block  1
call    4 never executed
    $$$$$:  538-block  2
        -:  539:      "\n\n"
        -:  540:      "To suppress this error for this test suite, insert the following line "
        -:  541:      "(in a non-header) in the namespace it is defined in:"
        -:  542:      "\n\n"
    #####:  543:      "GTEST_ALLOW_UNINSTANTIATED_PARAMETERIZED_TEST(" +
    %%%%%:  543-block  0
call    0 never executed
branch  1 never executed (fallthrough)
branch  2 never executed (throw)
    %%%%%:  543-block  1
call    3 never executed
    $$$$$:  543-block  2
call    4 never executed
    $$$$$:  543-block  3
    #####:  544:      name + ");";
    %%%%%:  544-block  0
call    0 never executed
branch  1 never executed (fallthrough)
branch  2 never executed (throw)
        -:  545:
    #####:  546:  std::string full_name = "UninstantiatedParameterizedTestSuite<" + name + ">";
call    0 never executed
branch  1 never executed (fallthrough)
branch  2 never executed (throw)
    %%%%%:  546-block  0
call    3 never executed
branch  4 never executed (fallthrough)
branch  5 never executed (throw)
    %%%%%:  546-block  1
call    6 never executed
    $$$$$:  546-block  2
call    7 never executed
    $$$$$:  546-block  3
    #####:  547:  RegisterTest(  //
call    0 never executed
call    1 never executed
branch  2 never executed (fallthrough)
branch  3 never executed (throw)
        -:  548:      "GoogleTestVerification", full_name.c_str(),
        -:  549:      nullptr,  // No type parameter.
        -:  550:      nullptr,  // No value parameter.
function _ZZN7testing8internal23InsertSyntheticTestCaseERKNSt7__cxx1112basic_stringIcSt11char_traitsIcESaIcEEENS0_12CodeLocationEbENKUlvE_clEv called 0 returned 0% blocks executed 0%
    #####:  551:      location.file.c_str(), location.line, [message, location] {
call    0 never executed
branch  1 never executed (fallthrough)
branch  2 never executed (throw)
    %%%%%:  551-block  0
call    3 never executed
branch  4 never executed (fallthrough)
branch  5 never executed (throw)
    %%%%%:  551-block  1
call    6 never executed
    %%%%%:  551-block  2
call    7 never executed
    $$$$$:  551-block  3
call    8 never executed
    $$$$$:  551-block  4
branch  9 never executed (fallthrough)
branch 10 never executed
    $$$$$:  551-block  5
call   11 never executed
    $$$$$:  551-block  6
    #####:  552:        return new FailureTest(location, message,
    #####:  553:                               kErrorOnUninstantiatedParameterizedTest);
    %%%%%:  553-block  0
call    0 never executed
call    1 never executed
branch  2 never executed (fallthrough)
branch  3 never executed (throw)
    %%%%%:  553-block  1
call    4 never executed
branch  5 never executed (fallthrough)
branch  6 never executed (throw)
    %%%%%:  553-block  2
    %%%%%:  553-block  3
call    7 never executed
    %%%%%:  553-block  4
    $$$$$:  553-block  5
call    8 never executed
    $$$$$:  553-block  6
    $$$$$:  553-block  7
branch  9 never executed (fallthrough)
branch 10 never executed
    $$$$$:  553-block  8
call   11 never executed
        -:  554:      });
    #####:  555:}
call    0 never executed
call    1 never executed
    $$$$$:  555-block  0
call    2 never executed
    $$$$$:  555-block  1
call    3 never executed
        -:  556:
function _ZN7testing8internal34RegisterTypeParameterizedTestSuiteEPKcNS0_12CodeLocationE called 0 returned 0% blocks executed 0%
    #####:  557:void RegisterTypeParameterizedTestSuite(const char* test_suite_name,
        -:  558:                                        CodeLocation code_location) {
    #####:  559:  GetUnitTestImpl()->type_parameterized_test_registry().RegisterTestSuite(
    %%%%%:  559-block  0
call    0 never executed
call    1 never executed
call    2 never executed
branch  3 never executed (fallthrough)
branch  4 never executed (throw)
    %%%%%:  559-block  1
call    5 never executed
branch  6 never executed (fallthrough)
branch  7 never executed (throw)
    %%%%%:  559-block  2
call    8 never executed
    $$$$$:  559-block  3
call    9 never executed
        -:  560:      test_suite_name, code_location);
    #####:  561:}
        -:  562:
function _ZN7testing8internal47RegisterTypeParameterizedTestSuiteInstantiationEPKc called 0 returned 0% blocks executed 0%
    #####:  563:void RegisterTypeParameterizedTestSuiteInstantiation(const char* case_name) {
    #####:  564:  GetUnitTestImpl()->type_parameterized_test_registry().RegisterInstantiation(
    %%%%%:  564-block  0
call    0 never executed
call    1 never executed
call    2 never executed
        -:  565:      case_name);
    #####:  566:}
        -:  567:
function _ZN7testing8internal34TypeParameterizedTestSuiteRegistry17RegisterTestSuiteEPKcNS0_12CodeLocationE called 0 returned 0% blocks executed 0%
    #####:  568:void TypeParameterizedTestSuiteRegistry::RegisterTestSuite(
        -:  569:    const char* test_suite_name, CodeLocation code_location) {
    #####:  570:  suites_.emplace(std::string(test_suite_name),
    %%%%%:  570-block  0
call    0 never executed
branch  1 never executed (fallthrough)
branch  2 never executed (throw)
    %%%%%:  570-block  1
call    3 never executed
branch  4 never executed (fallthrough)
branch  5 never executed (throw)
    %%%%%:  570-block  2
call    6 never executed
    $$$$$:  570-block  3
call    7 never executed
    $$$$$:  570-block  4
    $$$$$:  570-block  5
    #####:  571:                  TypeParameterizedTestSuiteInfo(code_location));
    %%%%%:  571-block  0
call    0 never executed
branch  1 never executed (fallthrough)
branch  2 never executed (throw)
    %%%%%:  571-block  1
call    3 never executed
branch  4 never executed (fallthrough)
branch  5 never executed (throw)
call    6 never executed
call    7 never executed
    $$$$$:  571-block  2
call    8 never executed
    $$$$$:  571-block  3
call    9 never executed
    $$$$$:  571-block  4
    $$$$$:  571-block  5
    #####:  572:}
        -:  573:
function _ZN7testing8internal34TypeParameterizedTestSuiteRegistry21RegisterInstantiationEPKc called 0 returned 0% blocks executed 0%
    #####:  574:void TypeParameterizedTestSuiteRegistry::RegisterInstantiation(
        -:  575:    const char* test_suite_name) {
    #####:  576:  auto it = suites_.find(std::string(test_suite_name));
    %%%%%:  576-block  0
    %%%%%:  576-block  1
call    0 never executed
branch  1 never executed (fallthrough)
branch  2 never executed (throw)
    %%%%%:  576-block  2
call    3 never executed
branch  4 never executed (fallthrough)
branch  5 never executed (throw)
    %%%%%:  576-block  3
call    6 never executed
    $$$$$:  576-block  4
call    7 never executed
    $$$$$:  576-block  5
    $$$$$:  576-block  6
    #####:  577:  if (it != suites_.end()) {
call    0 never executed
call    1 never executed
branch  2 never executed (fallthrough)
branch  3 never executed
    #####:  578:    it->second.instantiated = true;
    %%%%%:  578-block  0
call    0 never executed
        -:  579:  } else {
    #####:  580:    GTEST_LOG_(ERROR) << "Unknown type parameterized test suit '"
    %%%%%:  580-block  0
call    0 never executed
branch  1 never executed (fallthrough)
branch  2 never executed (throw)
    %%%%%:  580-block  1
call    3 never executed
    %%%%%:  580-block  2
call    4 never executed
    $$$$$:  580-block  3
call    5 never executed
    $$$$$:  580-block  4
    #####:  581:                      << test_suite_name << "'";
call    0 never executed
branch  1 never executed (fallthrough)
branch  2 never executed (throw)
    %%%%%:  581-block  0
call    3 never executed
branch  4 never executed (fallthrough)
branch  5 never executed (throw)
    %%%%%:  581-block  1
call    6 never executed
branch  7 never executed (fallthrough)
branch  8 never executed (throw)
        -:  582:  }
    #####:  583:}
    %%%%%:  583-block  0
        -:  584:
function _ZN7testing8internal34TypeParameterizedTestSuiteRegistry22CheckForInstantiationsEv called 1 returned 100% blocks executed 11%
        1:  585:void TypeParameterizedTestSuiteRegistry::CheckForInstantiations() {
        1:  586:  const auto& ignored = *GetIgnoredParameterizedTestSuites();
        1:  586-block  0
call    0 returned 1
       1*:  587:  for (const auto& testcase : suites_) {
call    0 returned 1
call    1 returned 1
    %%%%%:  587-block  0
call    2 never executed
    %%%%%:  587-block  1
call    3 never executed
        1:  587-block  2
call    4 returned 1
branch  5 taken 0
branch  6 taken 1 (fallthrough)
    #####:  588:    if (testcase.second.instantiated) continue;
branch  0 never executed (fallthrough)
branch  1 never executed
    %%%%%:  588-block  0
    %%%%%:  588-block  1
    #####:  589:    if (ignored.find(testcase.first) != ignored.end()) continue;
    %%%%%:  589-block  0
call    0 never executed
call    1 never executed
branch  2 never executed (fallthrough)
branch  3 never executed (throw)
    %%%%%:  589-block  1
call    4 never executed
branch  5 never executed (fallthrough)
branch  6 never executed
    %%%%%:  589-block  2
    $$$$$:  589-block  3
    $$$$$:  589-block  4
        -:  590:
        -:  591:    std::string message =
    #####:  592:        "Type parameterized test suite " + testcase.first +
    %%%%%:  592-block  0
call    0 never executed
branch  1 never executed (fallthrough)
branch  2 never executed (throw)
call    3 never executed
call    4 never executed
    $$$$$:  592-block  1
call    5 never executed
    $$$$$:  592-block  2
call    6 never executed
    $$$$$:  592-block  3
    $$$$$:  592-block  4
        -:  593:        " is defined via REGISTER_TYPED_TEST_SUITE_P, but never instantiated "
        -:  594:        "via INSTANTIATE_TYPED_TEST_SUITE_P. None of the test cases will run."
        -:  595:        "\n\n"
        -:  596:        "Ideally, TYPED_TEST_P definitions should only ever be included as "
        -:  597:        "part of binaries that intend to use them. (As opposed to, for "
        -:  598:        "example, being placed in a library that may be linked in to get other "
        -:  599:        "utilities.)"
        -:  600:        "\n\n"
        -:  601:        "To suppress this error for this test suite, insert the following line "
        -:  602:        "(in a non-header) in the namespace it is defined in:"
        -:  603:        "\n\n"
    #####:  604:        "GTEST_ALLOW_UNINSTANTIATED_PARAMETERIZED_TEST(" +
    %%%%%:  604-block  0
call    0 never executed
branch  1 never executed (fallthrough)
branch  2 never executed (throw)
    %%%%%:  604-block  1
call    3 never executed
    $$$$$:  604-block  2
call    4 never executed
    $$$$$:  604-block  3
    #####:  605:        testcase.first + ");";
    %%%%%:  605-block  0
call    0 never executed
branch  1 never executed (fallthrough)
branch  2 never executed (throw)
    %%%%%:  605-block  1
call    3 never executed
branch  4 never executed (fallthrough)
branch  5 never executed (throw)
        -:  606:
        -:  607:    std::string full_name =
    #####:  608:        "UninstantiatedTypeParameterizedTestSuite<" + testcase.first + ">";
call    0 never executed
branch  1 never executed (fallthrough)
branch  2 never executed (throw)
    %%%%%:  608-block  0
call    3 never executed
branch  4 never executed (fallthrough)
branch  5 never executed (throw)
    %%%%%:  608-block  1
call    6 never executed
    $$$$$:  608-block  2
call    7 never executed
    $$$$$:  608-block  3
    #####:  609:    RegisterTest(  //
call    0 never executed
call    1 never executed
branch  2 never executed (fallthrough)
branch  3 never executed (throw)
        -:  610:        "GoogleTestVerification", full_name.c_str(),
        -:  611:        nullptr,  // No type parameter.
        -:  612:        nullptr,  // No value parameter.
        -:  613:        testcase.second.code_location.file.c_str(),
function _ZZN7testing8internal34TypeParameterizedTestSuiteRegistry22CheckForInstantiationsEvENKUlvE_clEv called 0 returned 0% blocks executed 0%
    #####:  614:        testcase.second.code_location.line, [message, testcase] {
call    0 never executed
branch  1 never executed (fallthrough)
branch  2 never executed (throw)
    %%%%%:  614-block  0
call    3 never executed
branch  4 never executed (fallthrough)
branch  5 never executed (throw)
    %%%%%:  614-block  1
call    6 never executed
    %%%%%:  614-block  2
call    7 never executed
    $$$$$:  614-block  3
call    8 never executed
    $$$$$:  614-block  4
branch  9 never executed (fallthrough)
branch 10 never executed
    $$$$$:  614-block  5
call   11 never executed
    $$$$$:  614-block  6
    #####:  615:          return new FailureTest(testcase.second.code_location, message,
    #####:  616:                                 kErrorOnUninstantiatedTypeParameterizedTest);
    %%%%%:  616-block  0
call    0 never executed
call    1 never executed
branch  2 never executed (fallthrough)
branch  3 never executed (throw)
    %%%%%:  616-block  1
call    4 never executed
branch  5 never executed (fallthrough)
branch  6 never executed (throw)
    %%%%%:  616-block  2
    %%%%%:  616-block  3
call    7 never executed
    %%%%%:  616-block  4
    $$$$$:  616-block  5
call    8 never executed
    $$$$$:  616-block  6
    $$$$$:  616-block  7
branch  9 never executed (fallthrough)
branch 10 never executed
    $$$$$:  616-block  8
call   11 never executed
        -:  617:        });
    #####:  618:  }
call    0 never executed
call    1 never executed
    $$$$$:  618-block  0
call    2 never executed
    $$$$$:  618-block  1
call    3 never executed
        1:  619:}
        1:  619-block  0
        -:  620:
        -:  621:// A copy of all command line arguments.  Set by InitGoogleTest().
        -:  622:static ::std::vector<std::string> g_argvs;
        -:  623:
function _ZN7testing8internal8GetArgvsB5cxx11Ev called 2 returned 100% blocks executed 100%
        2:  624:::std::vector<std::string> GetArgvs() {
        -:  625:#if defined(GTEST_CUSTOM_GET_ARGVS_)
        -:  626:  // GTEST_CUSTOM_GET_ARGVS_() may return a container of std::string or
        -:  627:  // ::string. This code converts it to the appropriate type.
        -:  628:  const auto& custom = GTEST_CUSTOM_GET_ARGVS_();
        -:  629:  return ::std::vector<std::string>(custom.begin(), custom.end());
        -:  630:#else   // defined(GTEST_CUSTOM_GET_ARGVS_)
        2:  631:  return g_argvs;
        2:  631-block  0
call    0 returned 2
        -:  632:#endif  // defined(GTEST_CUSTOM_GET_ARGVS_)
        -:  633:}
        -:  634:
        -:  635:#if GTEST_HAS_FILE_SYSTEM
        -:  636:// Returns the current application's name, removing directory path if that
        -:  637:// is present.
function _ZN7testing8internal24GetCurrentExecutableNameEv called 0 returned 0% blocks executed 0%
    #####:  638:FilePath GetCurrentExecutableName() {
    #####:  639:  FilePath result;
    %%%%%:  639-block  0
call    0 never executed
branch  1 never executed (fallthrough)
branch  2 never executed (throw)
        -:  640:
        -:  641:#if defined(GTEST_OS_WINDOWS) || defined(GTEST_OS_OS2)
    #####:  642:  result.Set(FilePath(GetArgvs()[0]).RemoveExtension("exe"));
    %%%%%:  642-block  0
call    0 never executed
branch  1 never executed (fallthrough)
branch  2 never executed (throw)
    %%%%%:  642-block  1
call    3 never executed
call    4 never executed
branch  5 never executed (fallthrough)
branch  6 never executed (throw)
    %%%%%:  642-block  2
call    7 never executed
branch  8 never executed (fallthrough)
branch  9 never executed (throw)
    %%%%%:  642-block  3
call   10 never executed
branch 11 never executed (fallthrough)
branch 12 never executed (throw)
    %%%%%:  642-block  4
call   13 never executed
call   14 never executed
call   15 never executed
    $$$$$:  642-block  5
call   16 never executed
    $$$$$:  642-block  6
call   17 never executed
    $$$$$:  642-block  7
call   18 never executed
    $$$$$:  642-block  8
    $$$$$:  642-block  9
    $$$$$:  642-block 10
        -:  643:#else
        -:  644:  result.Set(FilePath(GetArgvs()[0]));
        -:  645:#endif  // GTEST_OS_WINDOWS
        -:  646:
    #####:  647:  return result.RemoveDirectoryName();
call    0 never executed
branch  1 never executed (fallthrough)
branch  2 never executed (throw)
    %%%%%:  647-block  0
    #####:  648:}
    %%%%%:  648-block  0
call    0 never executed
    $$$$$:  648-block  1
call    1 never executed
        -:  649:#endif  // GTEST_HAS_FILE_SYSTEM
        -:  650:
        -:  651:// Functions for processing the gtest_output flag.
        -:  652:
        -:  653:// Returns the output format, or "" for normal printed output.
function _ZN7testing8internal15UnitTestOptions15GetOutputFormatB5cxx11Ev called 1 returned 100% blocks executed 45%
        1:  654:std::string UnitTestOptions::GetOutputFormat() {
        1:  655:  std::string s = GTEST_FLAG_GET(output);
        1:  655-block  0
call    0 returned 1
branch  1 taken 1 (fallthrough)
branch  2 taken 0 (throw)
        1:  656:  const char* const gtest_output_flag = s.c_str();
        1:  656-block  0
call    0 returned 1
        1:  657:  const char* const colon = strchr(gtest_output_flag, ':');
        -:  658:  return (colon == nullptr)
        1:  659:             ? std::string(gtest_output_flag)
        -:  660:             : std::string(gtest_output_flag,
       3*:  661:                           static_cast<size_t>(colon - gtest_output_flag));
branch  0 taken 1 (fallthrough)
branch  1 taken 0
        1:  661-block  0
call    2 returned 1
branch  3 taken 1 (fallthrough)
branch  4 taken 0 (throw)
    %%%%%:  661-block  1
call    5 never executed
branch  6 never executed (fallthrough)
branch  7 never executed (throw)
        1:  661-block  2
branch  8 taken 0 (fallthrough)
branch  9 taken 1
        1:  661-block  3
branch 10 taken 1 (fallthrough)
branch 11 taken 0
        1:  661-block  4
    $$$$$:  661-block  5
branch 12 never executed (fallthrough)
branch 13 never executed
    $$$$$:  661-block  6
    $$$$$:  661-block  7
branch 14 never executed (fallthrough)
branch 15 never executed
    $$$$$:  661-block  8
        1:  662:}
        1:  662-block  0
call    0 returned 1
    $$$$$:  662-block  1
call    1 never executed
        -:  663:
        -:  664:#if GTEST_HAS_FILE_SYSTEM
        -:  665:// Returns the name of the requested output file, or the default if none
        -:  666:// was explicitly specified.
function _ZN7testing8internal15UnitTestOptions27GetAbsolutePathToOutputFileB5cxx11Ev called 0 returned 0% blocks executed 0%
    #####:  667:std::string UnitTestOptions::GetAbsolutePathToOutputFile() {
    #####:  668:  std::string s = GTEST_FLAG_GET(output);
    %%%%%:  668-block  0
call    0 never executed
branch  1 never executed (fallthrough)
branch  2 never executed (throw)
    #####:  669:  const char* const gtest_output_flag = s.c_str();
    %%%%%:  669-block  0
call    0 never executed
        -:  670:
    #####:  671:  std::string format = GetOutputFormat();
call    0 never executed
branch  1 never executed (fallthrough)
branch  2 never executed (throw)
    #####:  672:  if (format.empty()) format = std::string(kDefaultOutputFormat);
    %%%%%:  672-block  0
call    0 never executed
branch  1 never executed (fallthrough)
branch  2 never executed
    %%%%%:  672-block  1
call    3 never executed
branch  4 never executed (fallthrough)
branch  5 never executed (throw)
    %%%%%:  672-block  2
call    6 never executed
call    7 never executed
    $$$$$:  672-block  3
    $$$$$:  672-block  4
        -:  673:
    #####:  674:  const char* const colon = strchr(gtest_output_flag, ':');
    #####:  675:  if (colon == nullptr)
    %%%%%:  675-block  0
branch  0 never executed (fallthrough)
branch  1 never executed
    #####:  676:    return internal::FilePath::MakeFileName(
    %%%%%:  676-block  0
call    0 never executed
    %%%%%:  676-block  1
call    1 never executed
branch  2 never executed (fallthrough)
branch  3 never executed (throw)
    %%%%%:  676-block  2
call    4 never executed
    $$$$$:  676-block  3
call    5 never executed
    $$$$$:  676-block  4
    #####:  677:               internal::FilePath(
    %%%%%:  677-block  0
call    0 never executed
branch  1 never executed (fallthrough)
branch  2 never executed (throw)
    %%%%%:  677-block  1
call    3 never executed
call    4 never executed
branch  5 never executed (fallthrough)
branch  6 never executed (throw)
    %%%%%:  677-block  2
call    7 never executed
branch  8 never executed (fallthrough)
branch  9 never executed (throw)
call   10 never executed
call   11 never executed
    $$$$$:  677-block  3
call   12 never executed
    $$$$$:  677-block  4
call   13 never executed
    $$$$$:  677-block  5
    $$$$$:  677-block  6
    $$$$$:  677-block  7
        -:  678:                   UnitTest::GetInstance()->original_working_dir()),
    #####:  679:               internal::FilePath(kDefaultOutputFile), 0, format.c_str())
    %%%%%:  679-block  0
call    0 never executed
branch  1 never executed (fallthrough)
branch  2 never executed (throw)
    %%%%%:  679-block  1
call    3 never executed
branch  4 never executed (fallthrough)
branch  5 never executed (throw)
call    6 never executed
call    7 never executed
    $$$$$:  679-block  2
call    8 never executed
    $$$$$:  679-block  3
call    9 never executed
    $$$$$:  679-block  4
    $$$$$:  679-block  5
    $$$$$:  679-block  6
    #####:  680:        .string();
    %%%%%:  680-block  0
call    0 never executed
call    1 never executed
branch  2 never executed (fallthrough)
branch  3 never executed (throw)
    %%%%%:  680-block  1
        -:  681:
    #####:  682:  internal::FilePath output_name(colon + 1);
    %%%%%:  682-block  0
call    0 never executed
branch  1 never executed (fallthrough)
branch  2 never executed (throw)
    %%%%%:  682-block  1
call    3 never executed
branch  4 never executed (fallthrough)
branch  5 never executed (throw)
    %%%%%:  682-block  2
call    6 never executed
    $$$$$:  682-block  3
call    7 never executed
    $$$$$:  682-block  4
    $$$$$:  682-block  5
    #####:  683:  if (!output_name.IsAbsolutePath())
call    0 never executed
branch  1 never executed (fallthrough)
branch  2 never executed
    #####:  684:    output_name = internal::FilePath::ConcatPaths(
    %%%%%:  684-block  0
call    0 never executed
branch  1 never executed (fallthrough)
branch  2 never executed (throw)
    %%%%%:  684-block  1
call    3 never executed
    $$$$$:  684-block  2
call    4 never executed
    $$$$$:  684-block  3
    #####:  685:        internal::FilePath(UnitTest::GetInstance()->original_working_dir()),
    %%%%%:  685-block  0
call    0 never executed
branch  1 never executed (fallthrough)
branch  2 never executed (throw)
    %%%%%:  685-block  1
call    3 never executed
call    4 never executed
branch  5 never executed (fallthrough)
branch  6 never executed (throw)
    %%%%%:  685-block  2
call    7 never executed
branch  8 never executed (fallthrough)
branch  9 never executed (throw)
call   10 never executed
call   11 never executed
    $$$$$:  685-block  3
call   12 never executed
    $$$$$:  685-block  4
call   13 never executed
    $$$$$:  685-block  5
    $$$$$:  685-block  6
    $$$$$:  685-block  7
    #####:  686:        internal::FilePath(colon + 1));
    %%%%%:  686-block  0
call    0 never executed
branch  1 never executed (fallthrough)
branch  2 never executed (throw)
    %%%%%:  686-block  1
call    3 never executed
branch  4 never executed (fallthrough)
branch  5 never executed (throw)
    %%%%%:  686-block  2
call    6 never executed
branch  7 never executed (fallthrough)
branch  8 never executed (throw)
call    9 never executed
call   10 never executed
    $$$$$:  686-block  3
call   11 never executed
    $$$$$:  686-block  4
call   12 never executed
    $$$$$:  686-block  5
    $$$$$:  686-block  6
    $$$$$:  686-block  7
        -:  687:
    #####:  688:  if (!output_name.IsDirectory()) return output_name.string();
    %%%%%:  688-block  0
call    0 never executed
branch  1 never executed (fallthrough)
branch  2 never executed
    %%%%%:  688-block  1
call    3 never executed
call    4 never executed
branch  5 never executed (fallthrough)
branch  6 never executed (throw)
    %%%%%:  688-block  2
        -:  689:
        -:  690:  internal::FilePath result(internal::FilePath::GenerateUniqueFileName(
    #####:  691:      output_name, internal::GetCurrentExecutableName(),
call    0 never executed
branch  1 never executed (fallthrough)
branch  2 never executed (throw)
    %%%%%:  691-block  0
call    3 never executed
    $$$$$:  691-block  1
call    4 never executed
    $$$$$:  691-block  2
    #####:  692:      GetOutputFormat().c_str()));
    %%%%%:  692-block  0
call    0 never executed
branch  1 never executed (fallthrough)
branch  2 never executed (throw)
    %%%%%:  692-block  1
call    3 never executed
    %%%%%:  692-block  2
call    4 never executed
branch  5 never executed (fallthrough)
branch  6 never executed (throw)
call    7 never executed
    $$$$$:  692-block  3
call    8 never executed
    $$$$$:  692-block  4
    #####:  693:  return result.string();
call    0 never executed
call    1 never executed
branch  2 never executed (fallthrough)
branch  3 never executed (throw)
    %%%%%:  693-block  0
    #####:  694:}
    %%%%%:  694-block  0
call    0 never executed
    %%%%%:  694-block  1
call    1 never executed
    %%%%%:  694-block  2
call    2 never executed
call    3 never executed
    $$$$$:  694-block  3
call    4 never executed
    $$$$$:  694-block  4
call    5 never executed
    $$$$$:  694-block  5
call    6 never executed
    $$$$$:  694-block  6
call    7 never executed
        -:  695:#endif  // GTEST_HAS_FILE_SYSTEM
        -:  696:
        -:  697:// Returns true if and only if the wildcard pattern matches the string. Each
        -:  698:// pattern consists of regular characters, single-character wildcards (?), and
        -:  699:// multi-character wildcards (*).
        -:  700://
        -:  701:// This function implements a linear-time string globbing algorithm based on
        -:  702:// https://research.swtch.com/glob.
function _ZN7testing8internalL20PatternMatchesStringERKNSt7__cxx1112basic_stringIcSt11char_traitsIcESaIcEEEPKcSA_ called 1177 returned 100% blocks executed 87%
     1177:  703:static bool PatternMatchesString(const std::string& name_str,
        -:  704:                                 const char* pattern, const char* pattern_end) {
     1177:  705:  const char* name = name_str.c_str();
     1177:  705-block  0
call    0 returned 1177
     1177:  706:  const char* const name_begin = name;
     1177:  707:  const char* const name_end = name + name_str.size();
call    0 returned 1177
        -:  708:
     1177:  709:  const char* pattern_next = pattern;
     1177:  710:  const char* name_next = name;
        -:  711:
    45594:  712:  while (pattern < pattern_end || name < name_end) {
    45594:  712-block  0
branch  0 taken 34509
branch  1 taken 11085 (fallthrough)
    11085:  712-block  1
branch  2 taken 10852
branch  3 taken 233 (fallthrough)
    45361:  713:    if (pattern < pattern_end) {
    45361:  713-block  0
branch  0 taken 34509 (fallthrough)
branch  1 taken 10852
    34509:  714:      switch (*pattern) {
    34509:  714-block  0
branch  0 taken 12149
branch  1 taken 0
branch  2 taken 22360
    12149:  715:        default:  // Match an ordinary character.
    12149:  716:          if (name < name_end && *name == *pattern) {
    12149:  716-block  0
branch  0 taken 11671 (fallthrough)
branch  1 taken 478
    11671:  716-block  1
branch  2 taken 408 (fallthrough)
branch  3 taken 11263
      408:  717:            ++pattern;
      408:  718:            ++name;
      408:  719:            continue;
      408:  719-block  0
        -:  720:          }
    11741:  721:          break;
    11741:  721-block  0
    #####:  722:        case '?':  // Match any single character.
    #####:  723:          if (name < name_end) {
    %%%%%:  723-block  0
branch  0 never executed (fallthrough)
branch  1 never executed
    #####:  724:            ++pattern;
    #####:  725:            ++name;
    #####:  726:            continue;
    %%%%%:  726-block  0
        -:  727:          }
    #####:  728:          break;
    %%%%%:  728-block  0
    22360:  729:        case '*':
        -:  730:          // Match zero or more characters. Start by skipping over the wildcard
        -:  731:          // and matching zero characters from name. If that fails, restart and
        -:  732:          // match one more character than the last attempt.
    22360:  733:          pattern_next = pattern;
    22360:  734:          name_next = name + 1;
    22360:  735:          ++pattern;
    22360:  736:          continue;
    22360:  736-block  0
        -:  737:      }
        -:  738:    }
        -:  739:    // Failed to match a character. Restart if possible.
    22593:  740:    if (name_begin < name_next && name_next <= name_end) {
    22593:  740-block  0
branch  0 taken 22127 (fallthrough)
branch  1 taken 466
    22127:  740-block  1
branch  2 taken 21649 (fallthrough)
branch  3 taken 478
    21649:  741:      pattern = pattern_next;
    21649:  742:      name = name_next;
    21649:  743:      continue;
    21649:  743-block  0
        -:  744:    }
      944:  745:    return false;
      944:  745-block  0
        -:  746:  }
      233:  747:  return true;
      233:  747-block  0
        -:  748:}
        -:  749:
        -:  750:namespace {
        -:  751:
function _ZN7testing8internal12_GLOBAL__N_113IsGlobPatternERKNSt7__cxx1112basic_stringIcSt11char_traitsIcESaIcEEE called 15 returned 100% blocks executed 100%
       15:  752:bool IsGlobPattern(const std::string& pattern) {
       15:  753:  return std::any_of(pattern.begin(), pattern.end(),
       15:  753-block  0
call    0 returned 15
call    1 returned 15
call    2 returned 15
function _ZZN7testing8internal12_GLOBAL__N_113IsGlobPatternERKNSt7__cxx1112basic_stringIcSt11char_traitsIcESaIcEEEENKUlcE_clEc called 24 returned 100% blocks executed 100%
       39:  754:                     [](const char c) { return c == '?' || c == '*'; });
       24:  754-block  0
branch  0 taken 24 (fallthrough)
branch  1 taken 0
       24:  754-block  1
branch  2 taken 15 (fallthrough)
branch  3 taken 9
       15:  754-block  2
        9:  754-block  3
       24:  754-block  4
        -:  755:}
        -:  756:
        -:  757:class UnitTestFilter {
        -:  758: public:
function _ZN7testing8internal12_GLOBAL__N_114UnitTestFilterC2Ev called 2 returned 100% blocks executed 100%
        2:  759:  UnitTestFilter() = default;
        2:  759-block  0
call    0 returned 2
call    1 returned 2
        -:  760:
        -:  761:  // Constructs a filter from a string of patterns separated by `:`.
function _ZN7testing8internal12_GLOBAL__N_114UnitTestFilterC2ERKNSt7__cxx1112basic_stringIcSt11char_traitsIcESaIcEEE called 8 returned 100% blocks executed 76%
        8:  762:  explicit UnitTestFilter(const std::string& filter) {
        8:  762-block  0
call    0 returned 8
call    1 returned 8
        -:  763:    // By design "" filter matches "" string.
        8:  764:    std::vector<std::string> all_patterns;
call    0 returned 8
        8:  765:    SplitString(filter, ':', &all_patterns);
call    0 returned 8
branch  1 taken 8 (fallthrough)
branch  2 taken 0 (throw)
        8:  766:    const auto exact_match_patterns_begin = std::partition(
        8:  766-block  0
call    0 returned 8
call    1 returned 8
call    2 returned 8
branch  3 taken 8 (fallthrough)
branch  4 taken 0 (throw)
        -:  767:        all_patterns.begin(), all_patterns.end(), &IsGlobPattern);
        -:  768:
       16:  769:    glob_patterns_.reserve(static_cast<size_t>(
       16:  770:        std::distance(all_patterns.begin(), exact_match_patterns_begin)));
        8:  770-block  0
call    0 returned 8
        8:  770-block  1
call    1 returned 8
branch  2 taken 8 (fallthrough)
branch  3 taken 0 (throw)
       16:  771:    std::move(all_patterns.begin(), exact_match_patterns_begin,
        8:  771-block  0
call    0 returned 8
        8:  771-block  1
call    1 returned 8
call    2 returned 8
branch  3 taken 8 (fallthrough)
branch  4 taken 0 (throw)
    $$$$$:  771-block  2
        8:  772:              std::inserter(glob_patterns_, glob_patterns_.begin()));
call    0 returned 8
branch  1 taken 8 (fallthrough)
branch  2 taken 0 (throw)
       16:  773:    std::move(
        8:  773-block  0
call    0 returned 8
        8:  773-block  1
call    1 returned 8
call    2 returned 8
branch  3 taken 8 (fallthrough)
branch  4 taken 0 (throw)
    $$$$$:  773-block  2
        -:  774:        exact_match_patterns_begin, all_patterns.end(),
        8:  775:        std::inserter(exact_match_patterns_, exact_match_patterns_.begin()));
call    0 returned 8
branch  1 taken 8 (fallthrough)
branch  2 taken 0 (throw)
        8:  776:  }
        8:  776-block  0
call    0 returned 8
    $$$$$:  776-block  1
call    1 never executed
    $$$$$:  776-block  2
call    2 never executed
    $$$$$:  776-block  3
call    3 never executed
        -:  777:
        -:  778:  // Returns true if and only if name matches at least one of the patterns in
        -:  779:  // the filter.
function _ZNK7testing8internal12_GLOBAL__N_114UnitTestFilter11MatchesNameERKNSt7__cxx1112basic_stringIcSt11char_traitsIcESaIcEEE called 938 returned 100% blocks executed 100%
      938:  780:  bool MatchesName(const std::string& name) const {
     1876:  781:    return exact_match_patterns_.count(name) > 0 ||
      938:  781-block  0
call    0 returned 938
branch  1 taken 938 (fallthrough)
branch  2 taken 0
      233:  781-block  1
      705:  781-block  2
      938:  782:           std::any_of(glob_patterns_.begin(), glob_patterns_.end(),
      938:  782-block  0
call    0 returned 938
call    1 returned 938
call    2 returned 938
branch  3 taken 233 (fallthrough)
branch  4 taken 705
function _ZZNK7testing8internal12_GLOBAL__N_114UnitTestFilter11MatchesNameERKNSt7__cxx1112basic_stringIcSt11char_traitsIcESaIcEEEENKUlSA_E_clESA_ called 1177 returned 100% blocks executed 100%
     1177:  783:                       [&name](const std::string& pattern) {
     1177:  784:                         return PatternMatchesString(
call    0 returned 1177
call    1 returned 1177
        -:  785:                             name, pattern.c_str(),
     2354:  786:                             pattern.c_str() + pattern.size());
     1177:  786-block  0
call    0 returned 1177
call    1 returned 1177
      938:  787:                       });
      938:  787-block  0
        -:  788:  }
        -:  789:
        -:  790: private:
        -:  791:  std::vector<std::string> glob_patterns_;
        -:  792:  std::unordered_set<std::string> exact_match_patterns_;
        -:  793:};
        -:  794:
        -:  795:class PositiveAndNegativeUnitTestFilter {
        -:  796: public:
        -:  797:  // Constructs a positive and a negative filter from a string. The string
        -:  798:  // contains a positive filter optionally followed by a '-' character and a
        -:  799:  // negative filter. In case only a negative filter is provided the positive
        -:  800:  // filter will be assumed "*".
        -:  801:  // A filter is a list of patterns separated by ':'.
function _ZN7testing8internal12_GLOBAL__N_133PositiveAndNegativeUnitTestFilterC2ERKNSt7__cxx1112basic_stringIcSt11char_traitsIcESaIcEEE called 1 returned 100% blocks executed 21%
        1:  802:  explicit PositiveAndNegativeUnitTestFilter(const std::string& filter) {
        1:  802-block  0
call    0 returned 1
call    1 returned 1
        1:  803:    std::vector<std::string> positive_and_negative_filters;
call    0 returned 1
        -:  804:
        -:  805:    // NOTE: `SplitString` always returns a non-empty container.
        1:  806:    SplitString(filter, '-', &positive_and_negative_filters);
call    0 returned 1
branch  1 taken 1 (fallthrough)
branch  2 taken 0 (throw)
        1:  807:    const auto& positive_filter = positive_and_negative_filters.front();
        1:  807-block  0
call    0 returned 1
        -:  808:
        1:  809:    if (positive_and_negative_filters.size() > 1) {
call    0 returned 1
branch  1 taken 0 (fallthrough)
branch  2 taken 1
    #####:  810:      positive_filter_ = UnitTestFilter(
    %%%%%:  810-block  0
call    0 never executed
branch  1 never executed (fallthrough)
branch  2 never executed (throw)
call    3 never executed
    $$$$$:  810-block  1
    #####:  811:          positive_filter.empty() ? kUniversalFilter : positive_filter);
    %%%%%:  811-block  0
call    0 never executed
branch  1 never executed (fallthrough)
branch  2 never executed
    %%%%%:  811-block  1
call    3 never executed
branch  4 never executed (fallthrough)
branch  5 never executed (throw)
    %%%%%:  811-block  2
call    6 never executed
branch  7 never executed (fallthrough)
branch  8 never executed (throw)
    %%%%%:  811-block  3
call    9 never executed
call   10 never executed
branch 11 never executed (fallthrough)
branch 12 never executed
    $$$$$:  811-block  4
call   13 never executed
    $$$$$:  811-block  5
branch 14 never executed (fallthrough)
branch 15 never executed
    $$$$$:  811-block  6
    $$$$$:  811-block  7
        -:  812:
        -:  813:      // TODO(b/214626361): Fail on multiple '-' characters
        -:  814:      // For the moment to preserve old behavior we concatenate the rest of the
        -:  815:      // string parts with `-` as separator to generate the negative filter.
    #####:  816:      auto negative_filter_string = positive_and_negative_filters[1];
    %%%%%:  816-block  0
call    0 never executed
call    1 never executed
branch  2 never executed (fallthrough)
branch  3 never executed (throw)
    #####:  817:      for (std::size_t i = 2; i < positive_and_negative_filters.size(); i++)
    %%%%%:  817-block  0
    %%%%%:  817-block  1
call    0 never executed
branch  1 never executed
branch  2 never executed (fallthrough)
        -:  818:        negative_filter_string =
    #####:  819:            negative_filter_string + '-' + positive_and_negative_filters[i];
    %%%%%:  819-block  0
call    0 never executed
call    1 never executed
branch  2 never executed (fallthrough)
branch  3 never executed (throw)
    %%%%%:  819-block  1
call    4 never executed
branch  5 never executed (fallthrough)
branch  6 never executed (throw)
    %%%%%:  819-block  2
call    7 never executed
call    8 never executed
call    9 never executed
    $$$$$:  819-block  3
call   10 never executed
    $$$$$:  819-block  4
    $$$$$:  819-block  5
    #####:  820:      negative_filter_ = UnitTestFilter(negative_filter_string);
    %%%%%:  820-block  0
call    0 never executed
branch  1 never executed (fallthrough)
branch  2 never executed (throw)
    %%%%%:  820-block  1
call    3 never executed
call    4 never executed
    $$$$$:  820-block  2
    #####:  821:    } else {
call    0 never executed
    $$$$$:  821-block  0
call    1 never executed
        -:  822:      // In case we don't have a negative filter and positive filter is ""
        -:  823:      // we do not use kUniversalFilter by design as opposed to when we have a
        -:  824:      // negative filter.
        1:  825:      positive_filter_ = UnitTestFilter(positive_filter);
        1:  825-block  0
call    0 returned 1
branch  1 taken 1 (fallthrough)
branch  2 taken 0 (throw)
        1:  825-block  1
call    3 returned 1
call    4 returned 1
    $$$$$:  825-block  2
        -:  826:    }
        1:  827:  }
        1:  827-block  0
call    0 returned 1
    $$$$$:  827-block  1
call    1 never executed
    $$$$$:  827-block  2
call    2 never executed
    $$$$$:  827-block  3
call    3 never executed
        -:  828:
        -:  829:  // Returns true if and only if test name (this is generated by appending test
        -:  830:  // suit name and test name via a '.' character) matches the positive filter
[...]
        -: 6683:// remain in place. Unrecognized flags are not reported and do not cause the
        -: 6684:// program to exit.
function _ZN7testing8internal24ParseGoogleTestFlagsOnlyEPiPPc called 1 returned 100% blocks executed 100%
        1: 6685:void ParseGoogleTestFlagsOnly(int* argc, char** argv) {
        -: 6686:#ifdef GTEST_HAS_ABSL
        -: 6687:  if (*argc <= 0) return;
        -: 6688:
        -: 6689:  std::vector<char*> positional_args;
        -: 6690:  std::vector<absl::UnrecognizedFlag> unrecognized_flags;
        -: 6691:  absl::ParseAbseilFlagsOnly(*argc, argv, positional_args, unrecognized_flags);
        -: 6692:  absl::flat_hash_set<absl::string_view> unrecognized;
        -: 6693:  for (const auto& flag : unrecognized_flags) {
        -: 6694:    unrecognized.insert(flag.flag_name);
        -: 6695:  }
        -: 6696:  absl::flat_hash_set<char*> positional;
        -: 6697:  for (const auto& arg : positional_args) {
        -: 6698:    positional.insert(arg);
        -: 6699:  }
        -: 6700:
        -: 6701:  int out_pos = 1;
        -: 6702:  int in_pos = 1;
        -: 6703:  for (; in_pos < *argc; ++in_pos) {
        -: 6704:    char* arg = argv[in_pos];
        -: 6705:    absl::string_view arg_str(arg);
        -: 6706:    if (absl::ConsumePrefix(&arg_str, "--")) {
        -: 6707:      // Flag-like argument. If the flag was unrecognized, keep it.
        -: 6708:      // If it was a GoogleTest flag, remove it.
        -: 6709:      if (unrecognized.contains(arg_str)) {
        -: 6710:        argv[out_pos++] = argv[in_pos];
        -: 6711:        continue;
        -: 6712:      }
        -: 6713:    }
        -: 6714:
        -: 6715:    if (arg_str.empty()) {
        -: 6716:      ++in_pos;
        -: 6717:      break;  // '--' indicates that the rest of the arguments are positional
        -: 6718:    }
        -: 6719:
        -: 6720:    // Probably a positional argument. If it is in fact positional, keep it.
        -: 6721:    // If it was a value for the flag argument, remove it.
        -: 6722:    if (positional.contains(arg)) {
        -: 6723:      argv[out_pos++] = arg;
        -: 6724:    }
        -: 6725:  }
        -: 6726:
        -: 6727:  // The rest are positional args for sure.
        -: 6728:  while (in_pos < *argc) {
        -: 6729:    argv[out_pos++] = argv[in_pos++];
        -: 6730:  }
        -: 6731:
        -: 6732:  *argc = out_pos;
        -: 6733:  argv[out_pos] = nullptr;
        -: 6734:#else
        1: 6735:  ParseGoogleTestFlagsOnlyImpl(argc, argv);
        1: 6735-block  0
call    0 returned 1
        -: 6736:#endif
        -: 6737:
        -: 6738:  // Fix the value of *_NSGetArgc() on macOS, but if and only if
        -: 6739:  // *_NSGetArgv() == argv
        -: 6740:  // Only applicable to char** version of argv
        -: 6741:#ifdef GTEST_OS_MAC
        -: 6742:#ifndef GTEST_OS_IOS
        -: 6743:  if (*_NSGetArgv() == argv) {
        -: 6744:    *_NSGetArgc() = *argc;
        -: 6745:  }
        -: 6746:#endif
        -: 6747:#endif
        1: 6748:}
function _ZN7testing8internal24ParseGoogleTestFlagsOnlyEPiPPw called 0 returned 0% blocks executed 0%
    #####: 6749:void ParseGoogleTestFlagsOnly(int* argc, wchar_t** argv) {
    #####: 6750:  ParseGoogleTestFlagsOnlyImpl(argc, argv);
    %%%%%: 6750-block  0
call    0 never executed
    #####: 6751:}
        -: 6752:
        -: 6753:// The internal implementation of InitGoogleTest().
        -: 6754://
        -: 6755:// The type parameter CharType can be instantiated to either char or
        -: 6756:// wchar_t.
        -: 6757:template <typename CharType>
       1*: 6758:void InitGoogleTestImpl(int* argc, CharType** argv) {
        -: 6759:  // We don't want to run the initialization code twice.
       1*: 6760:  if (GTestIsInitialized()) return;
        -: 6761:
       1*: 6762:  if (*argc <= 0) return;
        -: 6763:
       1*: 6764:  g_argvs.clear();
       2*: 6765:  for (int i = 0; i != *argc; i++) {
       1*: 6766:    g_argvs.push_back(StreamableToString(argv[i]));
        -: 6767:  }
        -: 6768:
        -: 6769:#ifdef GTEST_HAS_ABSL
        -: 6770:  absl::InitializeSymbolizer(g_argvs[0].c_str());
        -: 6771:
        -: 6772:  // When using the Abseil Flags library, set the program usage message to the
        -: 6773:  // help message, but remove the color-encoding from the message first.
        -: 6774:  absl::SetProgramUsageMessage(absl::StrReplaceAll(
        -: 6775:      kColorEncodedHelpMessage,
        -: 6776:      {{"@D", ""}, {"@R", ""}, {"@G", ""}, {"@Y", ""}, {"@@", "@"}}));
        -: 6777:#endif  // GTEST_HAS_ABSL
        -: 6778:
       1*: 6779:  ParseGoogleTestFlagsOnly(argc, argv);
       1*: 6780:  GetUnitTestImpl()->PostFlagParsingInit();
        -: 6781:}
------------------
_ZN7testing8internal18InitGoogleTestImplIwEEvPiPPT_:
function _ZN7testing8internal18InitGoogleTestImplIwEEvPiPPT_ called 0 returned 0% blocks executed 0%
    #####: 6758:void InitGoogleTestImpl(int* argc, CharType** argv) {
        -: 6759:  // We don't want to run the initialization code twice.
    #####: 6760:  if (GTestIsInitialized()) return;
    %%%%%: 6760-block  0
call    0 never executed
branch  1 never executed (fallthrough)
branch  2 never executed
    %%%%%: 6760-block  1
        -: 6761:
    #####: 6762:  if (*argc <= 0) return;
    %%%%%: 6762-block  0
branch  0 never executed (fallthrough)
branch  1 never executed
    %%%%%: 6762-block  1
        -: 6763:
    #####: 6764:  g_argvs.clear();
    %%%%%: 6764-block  0
call    0 never executed
    #####: 6765:  for (int i = 0; i != *argc; i++) {
    %%%%%: 6765-block  0
branch  0 never executed
branch  1 never executed (fallthrough)
    #####: 6766:    g_argvs.push_back(StreamableToString(argv[i]));
    %%%%%: 6766-block  0
call    0 never executed
branch  1 never executed (fallthrough)
branch  2 never executed (throw)
    %%%%%: 6766-block  1
call    3 never executed
branch  4 never executed (fallthrough)
branch  5 never executed (throw)
    %%%%%: 6766-block  2
call    6 never executed
    $$$$$: 6766-block  3
call    7 never executed
        -: 6767:  }
        -: 6768:
        -: 6769:#ifdef GTEST_HAS_ABSL
        -: 6770:  absl::InitializeSymbolizer(g_argvs[0].c_str());
        -: 6771:
        -: 6772:  // When using the Abseil Flags library, set the program usage message to the
        -: 6773:  // help message, but remove the color-encoding from the message first.
        -: 6774:  absl::SetProgramUsageMessage(absl::StrReplaceAll(
        -: 6775:      kColorEncodedHelpMessage,
        -: 6776:      {{"@D", ""}, {"@R", ""}, {"@G", ""}, {"@Y", ""}, {"@@", "@"}}));
        -: 6777:#endif  // GTEST_HAS_ABSL
        -: 6778:
    #####: 6779:  ParseGoogleTestFlagsOnly(argc, argv);
    %%%%%: 6779-block  0
call    0 never executed
    #####: 6780:  GetUnitTestImpl()->PostFlagParsingInit();
call    0 never executed
call    1 never executed
        -: 6781:}
------------------
_ZN7testing8internal18InitGoogleTestImplIcEEvPiPPT_:
function _ZN7testing8internal18InitGoogleTestImplIcEEvPiPPT_ called 1 returned 100% blocks executed 79%
        1: 6758:void InitGoogleTestImpl(int* argc, CharType** argv) {
        -: 6759:  // We don't want to run the initialization code twice.
       1*: 6760:  if (GTestIsInitialized()) return;
        1: 6760-block  0
call    0 returned 1
branch  1 taken 0 (fallthrough)
branch  2 taken 1
    %%%%%: 6760-block  1
        -: 6761:
       1*: 6762:  if (*argc <= 0) return;
        1: 6762-block  0
branch  0 taken 0 (fallthrough)
branch  1 taken 1
    %%%%%: 6762-block  1
        -: 6763:
        1: 6764:  g_argvs.clear();
        1: 6764-block  0
call    0 returned 1
        2: 6765:  for (int i = 0; i != *argc; i++) {
        2: 6765-block  0
branch  0 taken 1
branch  1 taken 1 (fallthrough)
        1: 6766:    g_argvs.push_back(StreamableToString(argv[i]));
        1: 6766-block  0
call    0 returned 1
branch  1 taken 1 (fallthrough)
branch  2 taken 0 (throw)
        1: 6766-block  1
call    3 returned 1
branch  4 taken 1 (fallthrough)
branch  5 taken 0 (throw)
        1: 6766-block  2
call    6 returned 1
    $$$$$: 6766-block  3
call    7 never executed
        -: 6767:  }
        -: 6768:
        -: 6769:#ifdef GTEST_HAS_ABSL
        -: 6770:  absl::InitializeSymbolizer(g_argvs[0].c_str());
        -: 6771:
        -: 6772:  // When using the Abseil Flags library, set the program usage message to the
        -: 6773:  // help message, but remove the color-encoding from the message first.
        -: 6774:  absl::SetProgramUsageMessage(absl::StrReplaceAll(
        -: 6775:      kColorEncodedHelpMessage,
        -: 6776:      {{"@D", ""}, {"@R", ""}, {"@G", ""}, {"@Y", ""}, {"@@", "@"}}));
        -: 6777:#endif  // GTEST_HAS_ABSL
        -: 6778:
        1: 6779:  ParseGoogleTestFlagsOnly(argc, argv);
        1: 6779-block  0
call    0 returned 1
        1: 6780:  GetUnitTestImpl()->PostFlagParsingInit();
call    0 returned 1
call    1 returned 1
        -: 6781:}
------------------
        -: 6782:
        -: 6783:}  // namespace internal
        -: 6784:
        -: 6785:// Initializes Google Test.  This must be called before calling
        -: 6786:// RUN_ALL_TESTS().  In particular, it parses a command line for the
        -: 6787:// flags that Google Test recognizes.  Whenever a Google Test flag is
        -: 6788:// seen, it is removed from argv, and *argc is decremented.
        -: 6789://
        -: 6790:// No value is returned.  Instead, the Google Test flag variables are
        -: 6791:// updated.
        -: 6792://
        -: 6793:// Calling the function for the second time has no user-visible effect.
function _ZN7testing14InitGoogleTestEPiPPc called 1 returned 100% blocks executed 100%
        1: 6794:void InitGoogleTest(int* argc, char** argv) {
        -: 6795:#if defined(GTEST_CUSTOM_INIT_GOOGLE_TEST_FUNCTION_)
        -: 6796:  GTEST_CUSTOM_INIT_GOOGLE_TEST_FUNCTION_(argc, argv);
        -: 6797:#else   // defined(GTEST_CUSTOM_INIT_GOOGLE_TEST_FUNCTION_)
        1: 6798:  internal::InitGoogleTestImpl(argc, argv);
        1: 6798-block  0
call    0 returned 1
        -: 6799:#endif  // defined(GTEST_CUSTOM_INIT_GOOGLE_TEST_FUNCTION_)
        1: 6800:}
        -: 6801:
        -: 6802:// This overloaded version can be used in Windows programs compiled in
        -: 6803:// UNICODE mode.
function _ZN7testing14InitGoogleTestEPiPPw called 0 returned 0% blocks executed 0%
    #####: 6804:void InitGoogleTest(int* argc, wchar_t** argv) {
        -: 6805:#if defined(GTEST_CUSTOM_INIT_GOOGLE_TEST_FUNCTION_)
        -: 6806:  GTEST_CUSTOM_INIT_GOOGLE_TEST_FUNCTION_(argc, argv);
        -: 6807:#else   // defined(GTEST_CUSTOM_INIT_GOOGLE_TEST_FUNCTION_)
    #####: 6808:  internal::InitGoogleTestImpl(argc, argv);
    %%%%%: 6808-block  0
call    0 never executed
        -: 6809:#endif  // defined(GTEST_CUSTOM_INIT_GOOGLE_TEST_FUNCTION_)
    #####: 6810:}
        -: 6811:
        -: 6812:// This overloaded version can be used on Arduino/embedded platforms where
        -: 6813:// there is no argc/argv.
function _ZN7testing14InitGoogleTestEv called 0 returned 0% blocks executed 0%
    #####: 6814:void InitGoogleTest() {
        -: 6815:  // Since Arduino doesn't have a command line, fake out the argc/argv arguments
    #####: 6816:  int argc = 1;
    #####: 6817:  const auto arg0 = "dummy";
    #####: 6818:  char* argv0 = const_cast<char*>(arg0);
    #####: 6819:  char** argv = &argv0;
        -: 6820:
        -: 6821:#if defined(GTEST_CUSTOM_INIT_GOOGLE_TEST_FUNCTION_)
        -: 6822:  GTEST_CUSTOM_INIT_GOOGLE_TEST_FUNCTION_(&argc, argv);
        -: 6823:#else   // defined(GTEST_CUSTOM_INIT_GOOGLE_TEST_FUNCTION_)
    #####: 6824:  internal::InitGoogleTestImpl(&argc, argv);
    %%%%%: 6824-block  0
call    0 never executed
branch  1 never executed (fallthrough)
branch  2 never executed (throw)
        -: 6825:#endif  // defined(GTEST_CUSTOM_INIT_GOOGLE_TEST_FUNCTION_)
    #####: 6826:}
    %%%%%: 6826-block  0
        -: 6827:
        -: 6828:#if !defined(GTEST_CUSTOM_TEMPDIR_FUNCTION_) || \
        -: 6829:    !defined(GTEST_CUSTOM_SRCDIR_FUNCTION_)
        -: 6830:// Returns the value of the first environment variable that is set and contains
        -: 6831:// a non-empty string. If there are none, returns the "fallback" string. Adds
        -: 6832:// the director-separator character as a suffix if not provided in the
        -: 6833:// environment variable value.
function _ZN7testingL13GetDirFromEnvESt16initializer_listIPKcES2_c called 0 returned 0% blocks executed 0%
    #####: 6834:static std::string GetDirFromEnv(
        -: 6835:    std::initializer_list<const char*> environment_variables,
        -: 6836:    const char* fallback, char separator) {
    #####: 6837:  for (const char* variable_name : environment_variables) {
    %%%%%: 6837-block  0
call    0 never executed
call    1 never executed
    %%%%%: 6837-block  1
    %%%%%: 6837-block  2
branch  2 never executed
branch  3 never executed (fallthrough)
    #####: 6838:    const char* value = internal::posix::GetEnv(variable_name);
    %%%%%: 6838-block  0
call    0 never executed
    #####: 6839:    if (value != nullptr && value[0] != '\0') {
branch  0 never executed (fallthrough)
branch  1 never executed
    %%%%%: 6839-block  0
branch  2 never executed (fallthrough)
branch  3 never executed
    #####: 6840:      if (value[strlen(value) - 1] != separator) {
    %%%%%: 6840-block  0
branch  0 never executed (fallthrough)
branch  1 never executed
    #####: 6841:        return std::string(value).append(1, separator);
    %%%%%: 6841-block  0
call    0 never executed
branch  1 never executed (fallthrough)
branch  2 never executed (throw)
    %%%%%: 6841-block  1
call    3 never executed
branch  4 never executed (fallthrough)
branch  5 never executed (throw)
    %%%%%: 6841-block  2
call    6 never executed
branch  7 never executed (fallthrough)
branch  8 never executed (throw)
    %%%%%: 6841-block  3
    %%%%%: 6841-block  4
call    9 never executed
    $$$$$: 6841-block  5
call   10 never executed
    $$$$$: 6841-block  6
    $$$$$: 6841-block  7
        -: 6842:      }
    #####: 6843:      return value;
    %%%%%: 6843-block  0
call    0 never executed
branch  1 never executed (fallthrough)
branch  2 never executed (throw)
    $$$$$: 6843-block  1
        -: 6844:    }
        -: 6845:  }
    #####: 6846:  return fallback;
    %%%%%: 6846-block  0
call    0 never executed
branch  1 never executed (fallthrough)
branch  2 never executed (throw)
        -: 6847:}
        -: 6848:#endif
        -: 6849:
function _ZN7testing7TempDirB5cxx11Ev called 0 returned 0% blocks executed 0%
    #####: 6850:std::string TempDir() {
        -: 6851:#if defined(GTEST_CUSTOM_TEMPDIR_FUNCTION_)
        -: 6852:  return GTEST_CUSTOM_TEMPDIR_FUNCTION_();
        -: 6853:#elif defined(GTEST_OS_WINDOWS) || defined(GTEST_OS_WINDOWS_MOBILE)
    #####: 6854:  return GetDirFromEnv({"TEST_TMPDIR", "TEMP"}, "\\temp\\", '\\');
    %%%%%: 6854-block  0
call    0 never executed
branch  1 never executed (fallthrough)
branch  2 never executed (throw)
    %%%%%: 6854-block  1
    %%%%%: 6854-block  2
        -: 6855:#elif defined(GTEST_OS_LINUX_ANDROID)
        -: 6856:  return GetDirFromEnv({"TEST_TMPDIR", "TMPDIR"}, "/data/local/tmp/", '/');
        -: 6857:#else
        -: 6858:  return GetDirFromEnv({"TEST_TMPDIR", "TMPDIR"}, "/tmp/", '/');
        -: 6859:#endif
        -: 6860:}
        -: 6861:
        -: 6862:#if GTEST_HAS_FILE_SYSTEM && !defined(GTEST_CUSTOM_SRCDIR_FUNCTION_)
        -: 6863:// Returns the directory path (including terminating separator) of the current
        -: 6864:// executable as derived from argv[0].
function _ZN7testingL29GetCurrentExecutableDirectoryEv called 0 returned 0% blocks executed 0%
    #####: 6865:static std::string GetCurrentExecutableDirectory() {
    #####: 6866:  internal::FilePath argv_0(internal::GetArgvs()[0]);
    %%%%%: 6866-block  0
call    0 never executed
branch  1 never executed (fallthrough)
branch  2 never executed (throw)
    %%%%%: 6866-block  1
call    3 never executed
call    4 never executed
branch  5 never executed (fallthrough)
branch  6 never executed (throw)
    %%%%%: 6866-block  2
call    7 never executed
    $$$$$: 6866-block  3
call    8 never executed
    $$$$$: 6866-block  4
    #####: 6867:  return argv_0.RemoveFileName().string();
call    0 never executed
branch  1 never executed (fallthrough)
branch  2 never executed (throw)
    %%%%%: 6867-block  0
call    3 never executed
call    4 never executed
branch  5 never executed (fallthrough)
branch  6 never executed (throw)
    %%%%%: 6867-block  1
    %%%%%: 6867-block  2
call    7 never executed
    %%%%%: 6867-block  3
    $$$$$: 6867-block  4
call    8 never executed
    $$$$$: 6867-block  5
    #####: 6868:}
call    0 never executed
    $$$$$: 6868-block  0
call    1 never executed
        -: 6869:#endif
        -: 6870:
        -: 6871:#if GTEST_HAS_FILE_SYSTEM
function _ZN7testing6SrcDirB5cxx11Ev called 0 returned 0% blocks executed 0%
    #####: 6872:std::string SrcDir() {
        -: 6873:#if defined(GTEST_CUSTOM_SRCDIR_FUNCTION_)
        -: 6874:  return GTEST_CUSTOM_SRCDIR_FUNCTION_();
        -: 6875:#elif defined(GTEST_OS_WINDOWS) || defined(GTEST_OS_WINDOWS_MOBILE)
    #####: 6876:  return GetDirFromEnv({"TEST_SRCDIR"}, GetCurrentExecutableDirectory().c_str(),
    %%%%%: 6876-block  0
call    0 never executed
branch  1 never executed (fallthrough)
branch  2 never executed (throw)
    $$$$$: 6876-block  1
call    3 never executed
    #####: 6877:                       '\\');
    %%%%%: 6877-block  0
call    0 never executed
call    1 never executed
branch  2 never executed (fallthrough)
branch  3 never executed (throw)
    %%%%%: 6877-block  1
call    4 never executed
    %%%%%: 6877-block  2
    $$$$$: 6877-block  3
        -: 6878:#elif defined(GTEST_OS_LINUX_ANDROID)
        -: 6879:  return GetDirFromEnv({"TEST_SRCDIR"}, GetCurrentExecutableDirectory().c_str(),
        -: 6880:                       '/');
        -: 6881:#else
        -: 6882:  return GetDirFromEnv({"TEST_SRCDIR"}, GetCurrentExecutableDirectory().c_str(),
        -: 6883:                       '/');
        -: 6884:#endif
        -: 6885:}
        -: 6886:#endif
        -: 6887:
        -: 6888:// Class ScopedTrace
        -: 6889:
        -: 6890:// Pushes the given source file location and message onto a per-thread
        -: 6891:// trace stack maintained by Google Test.
function _ZN7testing11ScopedTrace9PushTraceEPKciNSt7__cxx1112basic_stringIcSt11char_traitsIcESaIcEEE called 0 returned 0% blocks executed 0%
    #####: 6892:void ScopedTrace::PushTrace(const char* file, int line, std::string message) {
    #####: 6893:  internal::TraceInfo trace;
    %%%%%: 6893-block  0
call    0 never executed
    #####: 6894:  trace.file = file;
    #####: 6895:  trace.line = line;
    #####: 6896:  trace.message.swap(message);
call    0 never executed
        -: 6897:
    #####: 6898:  UnitTest::GetInstance()->PushGTestTrace(trace);
call    0 never executed
branch  1 never executed (fallthrough)
branch  2 never executed (throw)
    %%%%%: 6898-block  0
call    3 never executed
branch  4 never executed (fallthrough)
branch  5 never executed (throw)
    #####: 6899:}
    %%%%%: 6899-block  0
call    0 never executed
    $$$$$: 6899-block  1
call    1 never executed
        -: 6900:
        -: 6901:// Pops the info pushed by the c'tor.
function _ZN7testing11ScopedTraceD2Ev called 0 returned 0% blocks executed 0%
    #####: 6902:ScopedTrace::~ScopedTrace() GTEST_LOCK_EXCLUDED_(&UnitTest::mutex_) {
    #####: 6903:  UnitTest::GetInstance()->PopGTestTrace();
    %%%%%: 6903-block  0
call    0 never executed
call    1 never executed
    #####: 6904:}
        -: 6905:
        -: 6906:}  // namespace testing
