        -:    0:Source:D:/Project Workspace/Year3/VIS/googletest/googletest/src/gtest-death-test.cc
        -:    0:Graph:D:\Project Workspace\Year3\VIS\cmake-build-debug-coverage\googletest-build\googletest\CMakeFiles\gtest.dir\src\gtest-all.cc.gcno
        -:    0:Data:D:\Project Workspace\Year3\VIS\cmake-build-debug-coverage\googletest-build\googletest\CMakeFiles\gtest.dir\src\gtest-all.cc.gcda
        -:    0:Runs:1
        -:    1:// Copyright 2005, Google Inc.
        -:    2:// All rights reserved.
        -:    3://
        -:    4:// Redistribution and use in source and binary forms, with or without
        -:    5:// modification, are permitted provided that the following conditions are
        -:    6:// met:
        -:    7://
        -:    8://     * Redistributions of source code must retain the above copyright
        -:    9:// notice, this list of conditions and the following disclaimer.
        -:   10://     * Redistributions in binary form must reproduce the above
        -:   11:// copyright notice, this list of conditions and the following disclaimer
        -:   12:// in the documentation and/or other materials provided with the
        -:   13:// distribution.
        -:   14://     * Neither the name of Google Inc. nor the names of its
        -:   15:// contributors may be used to endorse or promote products derived from
        -:   16:// this software without specific prior written permission.
        -:   17://
        -:   18:// THIS SOFTWARE IS PROVIDED BY THE COPYRIGHT HOLDERS AND CONTRIBUTORS
        -:   19:// "AS IS" AND ANY EXPRESS OR IMPLIED WARRANTIES, INCLUDING, BUT NOT
        -:   20:// LIMITED TO, THE IMPLIED WARRANTIES OF MERCHANTABILITY AND FITNESS FOR
        -:   21:// A PARTICULAR PURPOSE ARE DISCLAIMED. IN NO EVENT SHALL THE COPYRIGHT
        -:   22:// OWNER OR CONTRIBUTORS BE LIABLE FOR ANY DIRECT, INDIRECT, INCIDENTAL,
        -:   23:// SPECIAL, EXEMPLARY, OR CONSEQUENTIAL DAMAGES (INCLUDING, BUT NOT
        -:   24:// LIMITED TO, PROCUREMENT OF SUBSTITUTE GOODS OR SERVICES; LOSS OF USE,
        -:   25:// DATA, OR PROFITS; OR BUSINESS INTERRUPTION) HOWEVER CAUSED AND ON ANY
        -:   26:// THEORY OF LIABILITY, WHETHER IN CONTRACT, STRICT LIABILITY, OR TORT
        -:   27:// (INCLUDING NEGLIGENCE OR OTHERWISE) ARISING IN ANY WAY OUT OF THE USE
        -:   28:// OF THIS SOFTWARE, EVEN IF ADVISED OF THE POSSIBILITY OF SUCH DAMAGE.
        -:   29:
        -:   30://
        -:   31:// This file implements death tests.
        -:   32:
        -:   33:#include "gtest/gtest-death-test.h"
        -:   34:
        -:   35:#include <functional>
        -:   36:#include <memory>
        -:   37:#include <sstream>
        -:   38:#include <string>
        -:   39:#include <utility>
        -:   40:#include <vector>
        -:   41:
        -:   42:#include "gtest/internal/custom/gtest.h"
        -:   43:#include "gtest/internal/gtest-port.h"
        -:   44:
        -:   45:#ifdef GTEST_HAS_DEATH_TEST
        -:   46:
        -:   47:#ifdef GTEST_OS_MAC
        -:   48:#include <crt_externs.h>
        -:   49:#endif  // GTEST_OS_MAC
        -:   50:
        -:   51:#include <errno.h>
        -:   52:#include <fcntl.h>
        -:   53:#include <limits.h>
        -:   54:
        -:   55:#ifdef GTEST_OS_LINUX
        -:   56:#include <signal.h>
        -:   57:#endif  // GTEST_OS_LINUX
        -:   58:
        -:   59:#include <stdarg.h>
        -:   60:
        -:   61:#ifdef GTEST_OS_WINDOWS
        -:   62:#include <windows.h>
        -:   63:#else
        -:   64:#include <sys/mman.h>
        -:   65:#include <sys/wait.h>
        -:   66:#endif  // GTEST_OS_WINDOWS
        -:   67:
        -:   68:#ifdef GTEST_OS_QNX
        -:   69:#include <spawn.h>
        -:   70:#endif  // GTEST_OS_QNX
        -:   71:
        -:   72:#ifdef GTEST_OS_FUCHSIA
        -:   73:#include <lib/fdio/fd.h>
        -:   74:#include <lib/fdio/io.h>
        -:   75:#include <lib/fdio/spawn.h>
        -:   76:#include <lib/zx/channel.h>
        -:   77:#include <lib/zx/port.h>
        -:   78:#include <lib/zx/process.h>
        -:   79:#include <lib/zx/socket.h>
        -:   80:#include <zircon/processargs.h>
        -:   81:#include <zircon/syscalls.h>
        -:   82:#include <zircon/syscalls/policy.h>
        -:   83:#include <zircon/syscalls/port.h>
        -:   84:#endif  // GTEST_OS_FUCHSIA
        -:   85:
        -:   86:#endif  // GTEST_HAS_DEATH_TEST
        -:   87:
        -:   88:#include "gtest/gtest-message.h"
        -:   89:#include "gtest/internal/gtest-string.h"
        -:   90:#include "src/gtest-internal-inl.h"
        -:   91:
        -:   92:namespace testing {
        -:   93:
        -:   94:// Constants.
        -:   95:
        -:   96:// The default death test style.
        -:   97://
        -:   98:// This is defined in internal/gtest-port.h as "fast", but can be overridden by
        -:   99:// a definition in internal/custom/gtest-port.h. The recommended value, which is
        -:  100:// used internally at Google, is "threadsafe".
        -:  101:static const char kDefaultDeathTestStyle[] = GTEST_DEFAULT_DEATH_TEST_STYLE;
        -:  102:
        -:  103:}  // namespace testing
        -:  104:
        -:  105:GTEST_DEFINE_string_(
        -:  106:    death_test_style,
        -:  107:    testing::internal::StringFromGTestEnv("death_test_style",
        -:  108:                                          testing::kDefaultDeathTestStyle),
        -:  109:    "Indicates how to run a death test in a forked child process: "
        -:  110:    "\"threadsafe\" (child process re-executes the test binary "
        -:  111:    "from the beginning, running only the specific death test) or "
        -:  112:    "\"fast\" (child process runs the death test immediately "
        -:  113:    "after forking).");
        -:  114:
        -:  115:GTEST_DEFINE_bool_(
        -:  116:    death_test_use_fork,
        -:  117:    testing::internal::BoolFromGTestEnv("death_test_use_fork", false),
        -:  118:    "Instructs to use fork()/_exit() instead of clone() in death tests. "
        -:  119:    "Ignored and always uses fork() on POSIX systems where clone() is not "
        -:  120:    "implemented. Useful when running under valgrind or similar tools if "
        -:  121:    "those do not support clone(). Valgrind 3.3.1 will just fail if "
        -:  122:    "it sees an unsupported combination of clone() flags. "
        -:  123:    "It is not recommended to use this flag w/o valgrind though it will "
        -:  124:    "work in 99% of the cases. Once valgrind is fixed, this flag will "
        -:  125:    "most likely be removed.");
        -:  126:
        -:  127:GTEST_DEFINE_string_(
        -:  128:    internal_run_death_test, "",
        -:  129:    "Indicates the file, line number, temporal index of "
        -:  130:    "the single death test to run, and a file descriptor to "
        -:  131:    "which a success code may be sent, all separated by "
        -:  132:    "the '|' characters.  This flag is specified if and only if the "
        -:  133:    "current process is a sub-process launched for running a thread-safe "
        -:  134:    "death test.  FOR INTERNAL USE ONLY.");
        -:  135:
        -:  136:namespace testing {
        -:  137:
        -:  138:#ifdef GTEST_HAS_DEATH_TEST
        -:  139:
        -:  140:namespace internal {
        -:  141:
        -:  142:// Valid only for fast death tests. Indicates the code is running in the
        -:  143:// child process of a fast style death test.
        -:  144:#if !defined(GTEST_OS_WINDOWS) && !defined(GTEST_OS_FUCHSIA)
        -:  145:static bool g_in_fast_death_test_child = false;
        -:  146:#endif
        -:  147:
        -:  148:// Returns a Boolean value indicating whether the caller is currently
        -:  149:// executing in the context of the death test child process.  Tools such as
        -:  150:// Valgrind heap checkers may need this to modify their behavior in death
        -:  151:// tests.  IMPORTANT: This is an internal utility.  Using it may break the
        -:  152:// implementation of death tests.  User code MUST NOT use it.
function _ZN7testing8internal16InDeathTestChildEv called 0 returned 0% blocks executed 0%
    #####:  153:bool InDeathTestChild() {
        -:  154:#if defined(GTEST_OS_WINDOWS) || defined(GTEST_OS_FUCHSIA)
        -:  155:
        -:  156:  // On Windows and Fuchsia, death tests are thread-safe regardless of the value
        -:  157:  // of the death_test_style flag.
    #####:  158:  return !GTEST_FLAG_GET(internal_run_death_test).empty();
    %%%%%:  158-block  0
call    0 never executed
        -:  159:
        -:  160:#else
        -:  161:
        -:  162:  if (GTEST_FLAG_GET(death_test_style) == "threadsafe")
        -:  163:    return !GTEST_FLAG_GET(internal_run_death_test).empty();
        -:  164:  else
        -:  165:    return g_in_fast_death_test_child;
        -:  166:#endif
        -:  167:}
        -:  168:
        -:  169:}  // namespace internal
        -:  170:
        -:  171:// ExitedWithCode constructor.
function _ZN7testing14ExitedWithCodeC2Ei called 0 returned 0% blocks executed 0%
    #####:  172:ExitedWithCode::ExitedWithCode(int exit_code) : exit_code_(exit_code) {}
        -:  173:
        -:  174:// ExitedWithCode function-call operator.
function _ZNK7testing14ExitedWithCodeclEi called 0 returned 0% blocks executed 0%
    #####:  175:bool ExitedWithCode::operator()(int exit_status) const {
        -:  176:#if defined(GTEST_OS_WINDOWS) || defined(GTEST_OS_FUCHSIA)
        -:  177:
    #####:  178:  return exit_status == exit_code_;
    %%%%%:  178-block  0
        -:  179:
        -:  180:#else
        -:  181:
        -:  182:  return WIFEXITED(exit_status) && WEXITSTATUS(exit_status) == exit_code_;
        -:  183:
        -:  184:#endif  // GTEST_OS_WINDOWS || GTEST_OS_FUCHSIA
        -:  185:}
        -:  186:
        -:  187:#if !defined(GTEST_OS_WINDOWS) && !defined(GTEST_OS_FUCHSIA)
        -:  188:// KilledBySignal constructor.
        -:  189:KilledBySignal::KilledBySignal(int signum) : signum_(signum) {}
        -:  190:
        -:  191:// KilledBySignal function-call operator.
        -:  192:bool KilledBySignal::operator()(int exit_status) const {
        -:  193:#if defined(GTEST_KILLED_BY_SIGNAL_OVERRIDE_)
        -:  194:  {
        -:  195:    bool result;
        -:  196:    if (GTEST_KILLED_BY_SIGNAL_OVERRIDE_(signum_, exit_status, &result)) {
        -:  197:      return result;
        -:  198:    }
        -:  199:  }
        -:  200:#endif  // defined(GTEST_KILLED_BY_SIGNAL_OVERRIDE_)
        -:  201:  return WIFSIGNALED(exit_status) && WTERMSIG(exit_status) == signum_;
        -:  202:}
        -:  203:#endif  // !GTEST_OS_WINDOWS && !GTEST_OS_FUCHSIA
        -:  204:
        -:  205:namespace internal {
        -:  206:
        -:  207:// Utilities needed for death tests.
        -:  208:
        -:  209:// Generates a textual description of a given exit code, in the format
        -:  210:// specified by wait(2).
function _ZN7testing8internalL11ExitSummaryEi called 0 returned 0% blocks executed 0%
    #####:  211:static std::string ExitSummary(int exit_code) {
    #####:  212:  Message m;
    %%%%%:  212-block  0
call    0 never executed
branch  1 never executed (fallthrough)
branch  2 never executed (throw)
        -:  213:
        -:  214:#if defined(GTEST_OS_WINDOWS) || defined(GTEST_OS_FUCHSIA)
        -:  215:
    #####:  216:  m << "Exited with exit status " << exit_code;
    %%%%%:  216-block  0
call    0 never executed
branch  1 never executed (fallthrough)
branch  2 never executed (throw)
    %%%%%:  216-block  1
call    3 never executed
branch  4 never executed (fallthrough)
branch  5 never executed (throw)
        -:  217:
        -:  218:#else
        -:  219:
        -:  220:  if (WIFEXITED(exit_code)) {
        -:  221:    m << "Exited with exit status " << WEXITSTATUS(exit_code);
        -:  222:  } else if (WIFSIGNALED(exit_code)) {
        -:  223:    m << "Terminated by signal " << WTERMSIG(exit_code);
        -:  224:  }
        -:  225:#ifdef WCOREDUMP
        -:  226:  if (WCOREDUMP(exit_code)) {
        -:  227:    m << " (core dumped)";
        -:  228:  }
        -:  229:#endif
        -:  230:#endif  // GTEST_OS_WINDOWS || GTEST_OS_FUCHSIA
        -:  231:
    #####:  232:  return m.GetString();
    %%%%%:  232-block  0
call    0 never executed
branch  1 never executed (fallthrough)
branch  2 never executed (throw)
    %%%%%:  232-block  1
    #####:  233:}
    %%%%%:  233-block  0
call    0 never executed
    $$$$$:  233-block  1
call    1 never executed
        -:  234:
        -:  235:// Returns true if exit_status describes a process that was terminated
        -:  236:// by a signal, or exited normally with a nonzero exit code.
function _ZN7testing8internal20ExitedUnsuccessfullyEi called 0 returned 0% blocks executed 0%
    #####:  237:bool ExitedUnsuccessfully(int exit_status) {
    #####:  238:  return !ExitedWithCode(0)(exit_status);
    %%%%%:  238-block  0
call    0 never executed
call    1 never executed
    %%%%%:  238-block  1
        -:  239:}
        -:  240:
        -:  241:#if !defined(GTEST_OS_WINDOWS) && !defined(GTEST_OS_FUCHSIA)
        -:  242:// Generates a textual failure message when a death test finds more than
        -:  243:// one thread running, or cannot determine the number of threads, prior
        -:  244:// to executing the given statement.  It is the responsibility of the
        -:  245:// caller not to pass a thread_count of 1.
        -:  246:static std::string DeathTestThreadWarning(size_t thread_count) {
        -:  247:  Message msg;
        -:  248:  msg << "Death tests use fork(), which is unsafe particularly"
        -:  249:      << " in a threaded context. For this test, " << GTEST_NAME_ << " ";
        -:  250:  if (thread_count == 0) {
        -:  251:    msg << "couldn't detect the number of threads.";
        -:  252:  } else {
        -:  253:    msg << "detected " << thread_count << " threads.";
        -:  254:  }
        -:  255:  msg << " See "
        -:  256:         "https://github.com/google/googletest/blob/main/docs/"
        -:  257:         "advanced.md#death-tests-and-threads"
        -:  258:      << " for more explanation and suggested solutions, especially if"
        -:  259:      << " this is the last message you see before your test times out.";
        -:  260:  return msg.GetString();
        -:  261:}
        -:  262:#endif  // !GTEST_OS_WINDOWS && !GTEST_OS_FUCHSIA
        -:  263:
        -:  264:// Flag characters for reporting a death test that did not die.
        -:  265:static const char kDeathTestLived = 'L';
        -:  266:static const char kDeathTestReturned = 'R';
        -:  267:static const char kDeathTestThrew = 'T';
        -:  268:static const char kDeathTestInternalError = 'I';
        -:  269:
        -:  270:#ifdef GTEST_OS_FUCHSIA
        -:  271:
        -:  272:// File descriptor used for the pipe in the child process.
        -:  273:static const int kFuchsiaReadPipeFd = 3;
        -:  274:
        -:  275:#endif
        -:  276:
        -:  277:// An enumeration describing all of the possible ways that a death test can
        -:  278:// conclude.  DIED means that the process died while executing the test
        -:  279:// code; LIVED means that process lived beyond the end of the test code;
        -:  280:// RETURNED means that the test statement attempted to execute a return
        -:  281:// statement, which is not allowed; THREW means that the test statement
        -:  282:// returned control by throwing an exception.  IN_PROGRESS means the test
        -:  283:// has not yet concluded.
        -:  284:enum DeathTestOutcome { IN_PROGRESS, DIED, LIVED, RETURNED, THREW };
        -:  285:
        -:  286:// Routine for aborting the program which is safe to call from an
        -:  287:// exec-style death test child process, in which case the error
        -:  288:// message is propagated back to the parent process.  Otherwise, the
        -:  289:// message is simply printed to stderr.  In either case, the program
        -:  290:// then exits with status 1.
function _ZN7testing8internalL14DeathTestAbortERKNSt7__cxx1112basic_stringIcSt11char_traitsIcESaIcEEE called 0 returned 0% blocks executed 0%
    #####:  291:[[noreturn]] static void DeathTestAbort(const std::string& message) {
        -:  292:  // On a POSIX system, this function may be called from a threadsafe-style
        -:  293:  // death test child process, which operates on a very small stack.  Use
        -:  294:  // the heap for any additional non-minuscule memory requirements.
        -:  295:  const InternalRunDeathTestFlag* const flag =
    #####:  296:      GetUnitTestImpl()->internal_run_death_test_flag();
    %%%%%:  296-block  0
call    0 never executed
call    1 never executed
    #####:  297:  if (flag != nullptr) {
branch  0 never executed (fallthrough)
branch  1 never executed
    #####:  298:    FILE* parent = posix::FDOpen(flag->write_fd(), "w");
    %%%%%:  298-block  0
call    0 never executed
call    1 never executed
    #####:  299:    fputc(kDeathTestInternalError, parent);
call    0 never executed
    #####:  300:    fprintf(parent, "%s", message.c_str());
call    0 never executed
call    1 never executed
    #####:  301:    fflush(parent);
call    0 never executed
    #####:  302:    _exit(1);
call    0 never executed
        -:  303:  } else {
    #####:  304:    fprintf(stderr, "%s", message.c_str());
    %%%%%:  304-block  0
call    0 never executed
call    1 never executed
call    2 never executed
    #####:  305:    fflush(stderr);
call    0 never executed
call    1 never executed
    #####:  306:    posix::Abort();
        -:  307:  }
        -:  308:}
        -:  309:
        -:  310:// A replacement for CHECK that calls DeathTestAbort if the assertion
        -:  311:// fails.
        -:  312:#define GTEST_DEATH_TEST_CHECK_(expression)                              \
        -:  313:  do {                                                                   \
        -:  314:    if (!::testing::internal::IsTrue(expression)) {                      \
        -:  315:      DeathTestAbort(::std::string("CHECK failed: File ") + __FILE__ +   \
        -:  316:                     ", line " +                                         \
        -:  317:                     ::testing::internal::StreamableToString(__LINE__) + \
        -:  318:                     ": " + #expression);                                \
        -:  319:    }                                                                    \
        -:  320:  } while (::testing::internal::AlwaysFalse())
        -:  321:
        -:  322:// This macro is similar to GTEST_DEATH_TEST_CHECK_, but it is meant for
        -:  323:// evaluating any system call that fulfills two conditions: it must return
        -:  324:// -1 on failure, and set errno to EINTR when it is interrupted and
        -:  325:// should be tried again.  The macro expands to a loop that repeatedly
        -:  326:// evaluates the expression as long as it evaluates to -1 and sets
        -:  327:// errno to EINTR.  If the expression evaluates to -1 but errno is
        -:  328:// something other than EINTR, DeathTestAbort is called.
        -:  329:#define GTEST_DEATH_TEST_CHECK_SYSCALL_(expression)                      \
        -:  330:  do {                                                                   \
        -:  331:    int gtest_retval;                                                    \
        -:  332:    do {                                                                 \
        -:  333:      gtest_retval = (expression);                                       \
        -:  334:    } while (gtest_retval == -1 && errno == EINTR);                      \
        -:  335:    if (gtest_retval == -1) {                                            \
        -:  336:      DeathTestAbort(::std::string("CHECK failed: File ") + __FILE__ +   \
        -:  337:                     ", line " +                                         \
        -:  338:                     ::testing::internal::StreamableToString(__LINE__) + \
        -:  339:                     ": " + #expression + " != -1");                     \
        -:  340:    }                                                                    \
        -:  341:  } while (::testing::internal::AlwaysFalse())
        -:  342:
        -:  343:// Returns the message describing the last system error in errno.
function _ZN7testing8internal23GetLastErrnoDescriptionB5cxx11Ev called 0 returned 0% blocks executed 0%
    #####:  344:std::string GetLastErrnoDescription() {
    %%%%%:  344-block  0
    #####:  345:  return errno == 0 ? "" : posix::StrError(errno);
    %%%%%:  345-block  0
call    0 never executed
branch  1 never executed (fallthrough)
branch  2 never executed (throw)
    %%%%%:  345-block  1
branch  3 never executed (fallthrough)
branch  4 never executed
    %%%%%:  345-block  2
call    5 never executed
branch  6 never executed (fallthrough)
branch  7 never executed (throw)
    %%%%%:  345-block  3
call    8 never executed
branch  9 never executed (fallthrough)
branch 10 never executed (throw)
    %%%%%:  345-block  4
    %%%%%:  345-block  5
    %%%%%:  345-block  6
call   11 never executed
branch 12 never executed (fallthrough)
branch 13 never executed (throw)
    %%%%%:  345-block  7
        -:  346:}
        -:  347:
        -:  348:// This is called from a death test parent process to read a failure
        -:  349:// message from the death test child process and log it with the FATAL
        -:  350:// severity. On Windows, the message is read from a pipe handle. On other
        -:  351:// platforms, it is read from a file descriptor.
function _ZN7testing8internalL21FailFromInternalErrorEi called 0 returned 0% blocks executed 0%
    #####:  352:static void FailFromInternalError(int fd) {
    #####:  353:  Message error;
    %%%%%:  353-block  0
call    0 never executed
branch  1 never executed (fallthrough)
branch  2 never executed (throw)
        -:  354:  char buffer[256];
        -:  355:  int num_read;
        -:  356:
        -:  357:  do {
    #####:  358:    while ((num_read = posix::Read(fd, buffer, 255)) > 0) {
    %%%%%:  358-block  0
    %%%%%:  358-block  1
call    0 never executed
branch  1 never executed (fallthrough)
branch  2 never executed (throw)
    %%%%%:  358-block  2
branch  3 never executed
branch  4 never executed (fallthrough)
    #####:  359:      buffer[num_read] = '\0';
    #####:  360:      error << buffer;
    %%%%%:  360-block  0
call    0 never executed
branch  1 never executed (fallthrough)
branch  2 never executed (throw)
        -:  361:    }
    #####:  362:  } while (num_read == -1 && errno == EINTR);
    %%%%%:  362-block  0
branch  0 never executed (fallthrough)
branch  1 never executed
    %%%%%:  362-block  1
call    2 never executed
branch  3 never executed (fallthrough)
branch  4 never executed (throw)
    %%%%%:  362-block  2
branch  5 never executed (fallthrough)
branch  6 never executed
    %%%%%:  362-block  3
    %%%%%:  362-block  4
    %%%%%:  362-block  5
branch  7 never executed (fallthrough)
branch  8 never executed
        -:  363:
    #####:  364:  if (num_read == 0) {
    %%%%%:  364-block  0
branch  0 never executed (fallthrough)
branch  1 never executed
    #####:  365:    GTEST_LOG_(FATAL) << error.GetString();
    %%%%%:  365-block  0
call    0 never executed
branch  1 never executed (fallthrough)
branch  2 never executed (throw)
    %%%%%:  365-block  1
call    3 never executed
call    4 never executed
branch  5 never executed (fallthrough)
branch  6 never executed (throw)
    %%%%%:  365-block  2
call    7 never executed
branch  8 never executed (fallthrough)
branch  9 never executed (throw)
    %%%%%:  365-block  3
call   10 never executed
call   11 never executed
    $$$$$:  365-block  4
call   12 never executed
    $$$$$:  365-block  5
    $$$$$:  365-block  6
call   13 never executed
    $$$$$:  365-block  7
        -:  366:  } else {
    #####:  367:    const int last_error = errno;
    %%%%%:  367-block  0
call    0 never executed
branch  1 never executed (fallthrough)
branch  2 never executed (throw)
    #####:  368:    GTEST_LOG_(FATAL) << "Error while reading death test internal: "
    %%%%%:  368-block  0
call    0 never executed
branch  1 never executed (fallthrough)
branch  2 never executed (throw)
    %%%%%:  368-block  1
call    3 never executed
    $$$$$:  368-block  2
call    4 never executed
    $$$$$:  368-block  3
    #####:  369:                      << GetLastErrnoDescription() << " [" << last_error << "]";
call    0 never executed
branch  1 never executed (fallthrough)
branch  2 never executed (throw)
    %%%%%:  369-block  0
call    3 never executed
branch  4 never executed (fallthrough)
branch  5 never executed (throw)
    %%%%%:  369-block  1
call    6 never executed
branch  7 never executed (fallthrough)
branch  8 never executed (throw)
    %%%%%:  369-block  2
call    9 never executed
branch 10 never executed (fallthrough)
branch 11 never executed (throw)
    %%%%%:  369-block  3
call   12 never executed
branch 13 never executed (fallthrough)
branch 14 never executed (throw)
    %%%%%:  369-block  4
call   15 never executed
branch 16 never executed (fallthrough)
branch 17 never executed (throw)
    %%%%%:  369-block  5
call   18 never executed
call   19 never executed
    $$$$$:  369-block  6
call   20 never executed
    $$$$$:  369-block  7
        -:  370:  }
    #####:  371:}
    %%%%%:  371-block  0
call    0 never executed
    $$$$$:  371-block  1
call    1 never executed
        -:  372:
        -:  373:// Death test constructor.  Increments the running death test count
        -:  374:// for the current test.
function _ZN7testing8internal9DeathTestC2Ev called 0 returned 0% blocks executed 0%
    #####:  375:DeathTest::DeathTest() {
    #####:  376:  TestInfo* const info = GetUnitTestImpl()->current_test_info();
    %%%%%:  376-block  0
call    0 never executed
call    1 never executed
    #####:  377:  if (info == nullptr) {
branch  0 never executed (fallthrough)
branch  1 never executed
    #####:  378:    DeathTestAbort(
    %%%%%:  378-block  0
call    0 never executed
branch  1 never executed (fallthrough)
branch  2 never executed (throw)
    %%%%%:  378-block  1
call    3 never executed
    $$$$$:  378-block  2
call    4 never executed
    $$$$$:  378-block  3
        -:  379:        "Cannot run a death test outside of a TEST or "
        -:  380:        "TEST_F construct");
        -:  381:  }
    #####:  382:}
    %%%%%:  382-block  0
        -:  383:
        -:  384:// Creates and returns a death test by dispatching to the current
        -:  385:// death test factory.
function _ZN7testing8internal9DeathTest6CreateEPKcNS_7MatcherIRKNSt7__cxx1112basic_stringIcSt11char_traitsIcESaIcEEEEES3_iPPS1_ called 0 returned 0% blocks executed 0%
    #####:  386:bool DeathTest::Create(const char* statement,
        -:  387:                       Matcher<const std::string&> matcher, const char* file,
        -:  388:                       int line, DeathTest** test) {
    #####:  389:  return GetUnitTestImpl()->death_test_factory()->Create(
    %%%%%:  389-block  0
call    0 never executed
call    1 never executed
call    2 never executed
branch  3 never executed (fallthrough)
branch  4 never executed (throw)
    %%%%%:  389-block  1
call    5 never executed
branch  6 never executed (fallthrough)
branch  7 never executed (throw)
    %%%%%:  389-block  2
call    8 never executed
    $$$$$:  389-block  3
call    9 never executed
    #####:  390:      statement, std::move(matcher), file, line, test);
call    0 never executed
    %%%%%:  390-block  0
    %%%%%:  390-block  1
        -:  391:}
        -:  392:
function _ZN7testing8internal9DeathTest11LastMessageEv called 0 returned 0% blocks executed 0%
    #####:  393:const char* DeathTest::LastMessage() {
    #####:  394:  return last_death_test_message_.c_str();
    %%%%%:  394-block  0
call    0 never executed
        -:  395:}
        -:  396:
function _ZN7testing8internal9DeathTest27set_last_death_test_messageERKNSt7__cxx1112basic_stringIcSt11char_traitsIcESaIcEEE called 0 returned 0% blocks executed 0%
    #####:  397:void DeathTest::set_last_death_test_message(const std::string& message) {
    #####:  398:  last_death_test_message_ = message;
    %%%%%:  398-block  0
call    0 never executed
    #####:  399:}
        -:  400:
        -:  401:std::string DeathTest::last_death_test_message_;
        -:  402:
        -:  403:// Provides cross platform implementation for some death functionality.
        -:  404:class DeathTestImpl : public DeathTest {
        -:  405: protected:
function _ZN7testing8internal13DeathTestImplC2EPKcNS_7MatcherIRKNSt7__cxx1112basic_stringIcSt11char_traitsIcESaIcEEEEE called 0 returned 0% blocks executed 0%
    #####:  406:  DeathTestImpl(const char* a_statement, Matcher<const std::string&> matcher)
    #####:  407:      : statement_(a_statement),
    #####:  408:        matcher_(std::move(matcher)),
call    0 never executed
branch  1 never executed (fallthrough)
branch  2 never executed (throw)
    #####:  409:        spawned_(false),
    #####:  410:        status_(-1),
    #####:  411:        outcome_(IN_PROGRESS),
    #####:  412:        read_fd_(-1),
    #####:  413:        write_fd_(-1) {}
    %%%%%:  413-block  0
call    0 never executed
call    1 never executed
    %%%%%:  413-block  1
    $$$$$:  413-block  2
call    2 never executed
        -:  414:
        -:  415:  // read_fd_ is expected to be closed and cleared by a derived class.
function _ZN7testing8internal13DeathTestImplD2Ev called 0 returned 0% blocks executed 0%
    #####:  416:  ~DeathTestImpl() override { GTEST_DEATH_TEST_CHECK_(read_fd_ == -1); }
    %%%%%:  416-block  0
    %%%%%:  416-block  1
call    0 never executed
branch  1 never executed (fallthrough)
branch  2 never executed
    %%%%%:  416-block  2
call    3 never executed
    %%%%%:  416-block  3
call    4 never executed
call    5 never executed
call    6 never executed
call    7 never executed
call    8 never executed
call    9 never executed
call   10 never executed
    %%%%%:  416-block  4
call   11 never executed
branch 12 never executed
branch 13 never executed (fallthrough)
    %%%%%:  416-block  5
call   14 never executed
call   15 never executed
        -:  417:
        -:  418:  void Abort(AbortReason reason) override;
        -:  419:  bool Passed(bool status_ok) override;
        -:  420:
function _ZNK7testing8internal13DeathTestImpl9statementEv called 0 returned 0% blocks executed 0%
    #####:  421:  const char* statement() const { return statement_; }
    %%%%%:  421-block  0
function _ZNK7testing8internal13DeathTestImpl7spawnedEv called 0 returned 0% blocks executed 0%
    #####:  422:  bool spawned() const { return spawned_; }
    %%%%%:  422-block  0
function _ZN7testing8internal13DeathTestImpl11set_spawnedEb called 0 returned 0% blocks executed 0%
    #####:  423:  void set_spawned(bool is_spawned) { spawned_ = is_spawned; }
function _ZNK7testing8internal13DeathTestImpl6statusEv called 0 returned 0% blocks executed 0%
    #####:  424:  int status() const { return status_; }
    %%%%%:  424-block  0
function _ZN7testing8internal13DeathTestImpl10set_statusEi called 0 returned 0% blocks executed 0%
    #####:  425:  void set_status(int a_status) { status_ = a_status; }
function _ZNK7testing8internal13DeathTestImpl7outcomeEv called 0 returned 0% blocks executed 0%
    #####:  426:  DeathTestOutcome outcome() const { return outcome_; }
    %%%%%:  426-block  0
function _ZN7testing8internal13DeathTestImpl11set_outcomeENS0_16DeathTestOutcomeE called 0 returned 0% blocks executed 0%
    #####:  427:  void set_outcome(DeathTestOutcome an_outcome) { outcome_ = an_outcome; }
function _ZNK7testing8internal13DeathTestImpl7read_fdEv called 0 returned 0% blocks executed 0%
    #####:  428:  int read_fd() const { return read_fd_; }
    %%%%%:  428-block  0
function _ZN7testing8internal13DeathTestImpl11set_read_fdEi called 0 returned 0% blocks executed 0%
    #####:  429:  void set_read_fd(int fd) { read_fd_ = fd; }
function _ZNK7testing8internal13DeathTestImpl8write_fdEv called 0 returned 0% blocks executed 0%
    #####:  430:  int write_fd() const { return write_fd_; }
    %%%%%:  430-block  0
function _ZN7testing8internal13DeathTestImpl12set_write_fdEi called 0 returned 0% blocks executed 0%
    #####:  431:  void set_write_fd(int fd) { write_fd_ = fd; }
        -:  432:
        -:  433:  // Called in the parent process only. Reads the result code of the death
        -:  434:  // test child process via a pipe, interprets it to set the outcome_
        -:  435:  // member, and closes read_fd_.  Outputs diagnostics and terminates in
        -:  436:  // case of unexpected codes.
        -:  437:  void ReadAndInterpretStatusByte();
        -:  438:
        -:  439:  // Returns stderr output from the child process.
        -:  440:  virtual std::string GetErrorLogs();
        -:  441:
        -:  442: private:
        -:  443:  // The textual content of the code this object is testing.  This class
        -:  444:  // doesn't own this string and should not attempt to delete it.
        -:  445:  const char* const statement_;
        -:  446:  // A matcher that's expected to match the stderr output by the child process.
        -:  447:  Matcher<const std::string&> matcher_;
        -:  448:  // True if the death test child process has been successfully spawned.
        -:  449:  bool spawned_;
        -:  450:  // The exit status of the child process.
        -:  451:  int status_;
        -:  452:  // How the death test concluded.
        -:  453:  DeathTestOutcome outcome_;
        -:  454:  // Descriptor to the read end of the pipe to the child process.  It is
        -:  455:  // always -1 in the child process.  The child keeps its write end of the
        -:  456:  // pipe in write_fd_.
        -:  457:  int read_fd_;
        -:  458:  // Descriptor to the child's write end of the pipe to the parent process.
        -:  459:  // It is always -1 in the parent process.  The parent keeps its end of the
        -:  460:  // pipe in read_fd_.
        -:  461:  int write_fd_;
        -:  462:};
        -:  463:
        -:  464:// Called in the parent process only. Reads the result code of the death
        -:  465:// test child process via a pipe, interprets it to set the outcome_
        -:  466:// member, and closes read_fd_.  Outputs diagnostics and terminates in
        -:  467:// case of unexpected codes.
function _ZN7testing8internal13DeathTestImpl26ReadAndInterpretStatusByteEv called 0 returned 0% blocks executed 0%
    #####:  468:void DeathTestImpl::ReadAndInterpretStatusByte() {
    %%%%%:  468-block  0
        -:  469:  char flag;
        -:  470:  int bytes_read;
        -:  471:
        -:  472:  // The read() here blocks until data is available (signifying the
        -:  473:  // failure of the death test) or until the pipe is closed (signifying
        -:  474:  // its success), so it's okay to call this in the parent before
        -:  475:  // the child process has exited.
        -:  476:  do {
    #####:  477:    bytes_read = posix::Read(read_fd(), &flag, 1);
    %%%%%:  477-block  0
call    0 never executed
call    1 never executed
branch  2 never executed (fallthrough)
branch  3 never executed (throw)
    #####:  478:  } while (bytes_read == -1 && errno == EINTR);
    %%%%%:  478-block  0
branch  0 never executed (fallthrough)
branch  1 never executed
    %%%%%:  478-block  1
call    2 never executed
branch  3 never executed (fallthrough)
branch  4 never executed (throw)
    %%%%%:  478-block  2
branch  5 never executed (fallthrough)
branch  6 never executed
    %%%%%:  478-block  3
    %%%%%:  478-block  4
    %%%%%:  478-block  5
branch  7 never executed
branch  8 never executed (fallthrough)
        -:  479:
    #####:  480:  if (bytes_read == 0) {
    %%%%%:  480-block  0
branch  0 never executed (fallthrough)
branch  1 never executed
    #####:  481:    set_outcome(DIED);
    %%%%%:  481-block  0
call    0 never executed
    #####:  482:  } else if (bytes_read == 1) {
    %%%%%:  482-block  0
branch  0 never executed (fallthrough)
branch  1 never executed
    #####:  483:    switch (flag) {
    %%%%%:  483-block  0
branch  0 never executed
branch  1 never executed
branch  2 never executed
branch  3 never executed
branch  4 never executed
    #####:  484:      case kDeathTestReturned:
    #####:  485:        set_outcome(RETURNED);
    %%%%%:  485-block  0
call    0 never executed
    #####:  486:        break;
    #####:  487:      case kDeathTestThrew:
    #####:  488:        set_outcome(THREW);
    %%%%%:  488-block  0
call    0 never executed
    #####:  489:        break;
    #####:  490:      case kDeathTestLived:
    #####:  491:        set_outcome(LIVED);
    %%%%%:  491-block  0
call    0 never executed
    #####:  492:        break;
    #####:  493:      case kDeathTestInternalError:
    #####:  494:        FailFromInternalError(read_fd());  // Does not return.
    %%%%%:  494-block  0
call    0 never executed
call    1 never executed
branch  2 never executed (fallthrough)
branch  3 never executed (throw)
    #####:  495:        break;
    %%%%%:  495-block  0
    #####:  496:      default:
    #####:  497:        GTEST_LOG_(FATAL) << "Death test child process reported "
    %%%%%:  497-block  0
call    0 never executed
branch  1 never executed (fallthrough)
branch  2 never executed (throw)
    %%%%%:  497-block  1
call    3 never executed
    %%%%%:  497-block  2
call    4 never executed
    $$$$$:  497-block  3
call    5 never executed
    $$$$$:  497-block  4
    #####:  498:                          << "unexpected status byte ("
call    0 never executed
branch  1 never executed (fallthrough)
branch  2 never executed (throw)
    %%%%%:  498-block  0
call    3 never executed
branch  4 never executed (fallthrough)
branch  5 never executed (throw)
    #####:  499:                          << static_cast<unsigned int>(flag) << ")";
    %%%%%:  499-block  0
call    0 never executed
branch  1 never executed (fallthrough)
branch  2 never executed (throw)
    %%%%%:  499-block  1
call    3 never executed
branch  4 never executed (fallthrough)
branch  5 never executed (throw)
        -:  500:    }
        -:  501:  } else {
    #####:  502:    GTEST_LOG_(FATAL) << "Read from death test child process failed: "
    %%%%%:  502-block  0
call    0 never executed
branch  1 never executed (fallthrough)
branch  2 never executed (throw)
    %%%%%:  502-block  1
call    3 never executed
    $$$$$:  502-block  2
call    4 never executed
    $$$$$:  502-block  3
    #####:  503:                      << GetLastErrnoDescription();
call    0 never executed
branch  1 never executed (fallthrough)
branch  2 never executed (throw)
    %%%%%:  503-block  0
call    3 never executed
branch  4 never executed (fallthrough)
branch  5 never executed (throw)
    %%%%%:  503-block  1
call    6 never executed
branch  7 never executed (fallthrough)
branch  8 never executed (throw)
    %%%%%:  503-block  2
call    9 never executed
call   10 never executed
    $$$$$:  503-block  3
call   11 never executed
    $$$$$:  503-block  4
        -:  504:  }
    #####:  505:  GTEST_DEATH_TEST_CHECK_SYSCALL_(posix::Close(read_fd()));
    %%%%%:  505-block  0
call    0 never executed
call    1 never executed
branch  2 never executed (fallthrough)
branch  3 never executed (throw)
    %%%%%:  505-block  1
branch  4 never executed (fallthrough)
branch  5 never executed
    %%%%%:  505-block  2
call    6 never executed
branch  7 never executed (fallthrough)
branch  8 never executed (throw)
    %%%%%:  505-block  3
branch  9 never executed (fallthrough)
branch 10 never executed
    %%%%%:  505-block  4
    %%%%%:  505-block  5
    %%%%%:  505-block  6
branch 11 never executed
branch 12 never executed (fallthrough)
    %%%%%:  505-block  7
branch 13 never executed (fallthrough)
branch 14 never executed
    %%%%%:  505-block  8
call   15 never executed
branch 16 never executed (fallthrough)
branch 17 never executed (throw)
    %%%%%:  505-block  9
call   18 never executed
branch 19 never executed (fallthrough)
branch 20 never executed (throw)
    %%%%%:  505-block 10
call   21 never executed
branch 22 never executed (fallthrough)
branch 23 never executed (throw)
    %%%%%:  505-block 11
call   24 never executed
branch 25 never executed (fallthrough)
branch 26 never executed (throw)
    %%%%%:  505-block 12
call   27 never executed
branch 28 never executed (fallthrough)
branch 29 never executed (throw)
    %%%%%:  505-block 13
call   30 never executed
branch 31 never executed (fallthrough)
branch 32 never executed (throw)
    %%%%%:  505-block 14
call   33 never executed
branch 34 never executed (fallthrough)
branch 35 never executed (throw)
    %%%%%:  505-block 15
call   36 never executed
branch 37 never executed (fallthrough)
branch 38 never executed (throw)
    %%%%%:  505-block 16
call   39 never executed
    %%%%%:  505-block 17
call   40 never executed
branch 41 never executed (fallthrough)
branch 42 never executed (throw)
    %%%%%:  505-block 18
branch 43 never executed
branch 44 never executed (fallthrough)
    $$$$$:  505-block 19
call   45 never executed
    $$$$$:  505-block 20
call   46 never executed
    $$$$$:  505-block 21
call   47 never executed
    $$$$$:  505-block 22
call   48 never executed
    $$$$$:  505-block 23
call   49 never executed
    $$$$$:  505-block 24
call   50 never executed
    $$$$$:  505-block 25
call   51 never executed
    $$$$$:  505-block 26
    $$$$$:  505-block 27
    $$$$$:  505-block 28
    $$$$$:  505-block 29
    $$$$$:  505-block 30
call   52 never executed
    $$$$$:  505-block 31
    $$$$$:  505-block 32
    $$$$$:  505-block 33
    $$$$$:  505-block 34
    $$$$$:  505-block 35
    $$$$$:  505-block 36
    #####:  506:  set_read_fd(-1);
    %%%%%:  506-block  0
call    0 never executed
    #####:  507:}
        -:  508:
function _ZN7testing8internal13DeathTestImpl12GetErrorLogsB5cxx11Ev called 0 returned 0% blocks executed 0%
    #####:  509:std::string DeathTestImpl::GetErrorLogs() { return GetCapturedStderr(); }
    %%%%%:  509-block  0
call    0 never executed
        -:  510:
        -:  511:// Signals that the death test code which should have exited, didn't.
        -:  512:// Should be called only in a death test child process.
        -:  513:// Writes a status byte to the child's status file descriptor, then
        -:  514:// calls _exit(1).
function _ZN7testing8internal13DeathTestImpl5AbortENS0_9DeathTest11AbortReasonE called 0 returned 0% blocks executed 0%
    #####:  515:void DeathTestImpl::Abort(AbortReason reason) {
        -:  516:  // The parent process considers the death test to be a failure if
        -:  517:  // it finds any data in our pipe.  So, here we write a single flag byte
        -:  518:  // to the pipe, then exit.
    #####:  519:  const char status_ch = reason == TEST_DID_NOT_DIE       ? kDeathTestLived
    %%%%%:  519-block  0
branch  0 never executed (fallthrough)
branch  1 never executed
    %%%%%:  519-block  1
branch  2 never executed (fallthrough)
branch  3 never executed
    %%%%%:  519-block  2
    %%%%%:  519-block  3
    %%%%%:  519-block  4
    %%%%%:  519-block  5
    %%%%%:  519-block  6
        -:  520:                         : reason == TEST_THREW_EXCEPTION ? kDeathTestThrew
        -:  521:                                                          : kDeathTestReturned;
        -:  522:
    #####:  523:  GTEST_DEATH_TEST_CHECK_SYSCALL_(posix::Write(write_fd(), &status_ch, 1));
    %%%%%:  523-block  0
call    0 never executed
call    1 never executed
branch  2 never executed (fallthrough)
branch  3 never executed (throw)
    %%%%%:  523-block  1
branch  4 never executed (fallthrough)
branch  5 never executed
    %%%%%:  523-block  2
call    6 never executed
branch  7 never executed (fallthrough)
branch  8 never executed (throw)
    %%%%%:  523-block  3
branch  9 never executed (fallthrough)
branch 10 never executed
    %%%%%:  523-block  4
    %%%%%:  523-block  5
    %%%%%:  523-block  6
branch 11 never executed
branch 12 never executed (fallthrough)
    %%%%%:  523-block  7
branch 13 never executed (fallthrough)
branch 14 never executed
    %%%%%:  523-block  8
call   15 never executed
branch 16 never executed (fallthrough)
branch 17 never executed (throw)
    %%%%%:  523-block  9
call   18 never executed
branch 19 never executed (fallthrough)
branch 20 never executed (throw)
    %%%%%:  523-block 10
call   21 never executed
branch 22 never executed (fallthrough)
branch 23 never executed (throw)
    %%%%%:  523-block 11
call   24 never executed
branch 25 never executed (fallthrough)
branch 26 never executed (throw)
    %%%%%:  523-block 12
call   27 never executed
branch 28 never executed (fallthrough)
branch 29 never executed (throw)
    %%%%%:  523-block 13
call   30 never executed
branch 31 never executed (fallthrough)
branch 32 never executed (throw)
    %%%%%:  523-block 14
call   33 never executed
branch 34 never executed (fallthrough)
branch 35 never executed (throw)
    %%%%%:  523-block 15
call   36 never executed
branch 37 never executed (fallthrough)
branch 38 never executed (throw)
    %%%%%:  523-block 16
call   39 never executed
    %%%%%:  523-block 17
call   40 never executed
branch 41 never executed (fallthrough)
branch 42 never executed (throw)
    %%%%%:  523-block 18
branch 43 never executed
branch 44 never executed (fallthrough)
    $$$$$:  523-block 19
call   45 never executed
    $$$$$:  523-block 20
call   46 never executed
    $$$$$:  523-block 21
call   47 never executed
    $$$$$:  523-block 22
call   48 never executed
    $$$$$:  523-block 23
call   49 never executed
    $$$$$:  523-block 24
call   50 never executed
    $$$$$:  523-block 25
call   51 never executed
    $$$$$:  523-block 26
    $$$$$:  523-block 27
    $$$$$:  523-block 28
    $$$$$:  523-block 29
    $$$$$:  523-block 30
call   52 never executed
    $$$$$:  523-block 31
    $$$$$:  523-block 32
    $$$$$:  523-block 33
    $$$$$:  523-block 34
    $$$$$:  523-block 35
    $$$$$:  523-block 36
        -:  524:  // We are leaking the descriptor here because on some platforms (i.e.,
        -:  525:  // when built as Windows DLL), destructors of global objects will still
        -:  526:  // run after calling _exit(). On such systems, write_fd_ will be
        -:  527:  // indirectly closed from the destructor of UnitTestImpl, causing double
        -:  528:  // close if it is also closed here. On debug configurations, double close
        -:  529:  // may assert. As there are no in-process buffers to flush here, we are
        -:  530:  // relying on the OS to close the descriptor after the process terminates
        -:  531:  // when the destructors are not run.
    #####:  532:  _exit(1);  // Exits w/o any normal exit hooks (we were supposed to crash)
    %%%%%:  532-block  0
call    0 never executed
        -:  533:}
        -:  534:
        -:  535:// Returns an indented copy of stderr output for a death test.
        -:  536:// This makes distinguishing death test output lines from regular log lines
        -:  537:// much easier.
function _ZN7testing8internalL21FormatDeathTestOutputERKNSt7__cxx1112basic_stringIcSt11char_traitsIcESaIcEEE called 0 returned 0% blocks executed 0%
    #####:  538:static ::std::string FormatDeathTestOutput(const ::std::string& output) {
    #####:  539:  ::std::string ret;
    %%%%%:  539-block  0
call    0 never executed
    #####:  540:  for (size_t at = 0;;) {
    #####:  541:    const size_t line_end = output.find('\n', at);
    %%%%%:  541-block  0
call    0 never executed
    #####:  542:    ret += "[  DEATH   ] ";
call    0 never executed
branch  1 never executed (fallthrough)
branch  2 never executed (throw)
    #####:  543:    if (line_end == ::std::string::npos) {
    %%%%%:  543-block  0
branch  0 never executed (fallthrough)
branch  1 never executed
    #####:  544:      ret += output.substr(at);
    %%%%%:  544-block  0
call    0 never executed
branch  1 never executed (fallthrough)
branch  2 never executed (throw)
    %%%%%:  544-block  1
call    3 never executed
branch  4 never executed (fallthrough)
branch  5 never executed (throw)
    %%%%%:  544-block  2
call    6 never executed
    $$$$$:  544-block  3
call    7 never executed
    $$$$$:  544-block  4
    #####:  545:      break;
        -:  546:    }
    #####:  547:    ret += output.substr(at, line_end + 1 - at);
    %%%%%:  547-block  0
call    0 never executed
branch  1 never executed (fallthrough)
branch  2 never executed (throw)
    %%%%%:  547-block  1
call    3 never executed
branch  4 never executed (fallthrough)
branch  5 never executed (throw)
    %%%%%:  547-block  2
call    6 never executed
    $$$$$:  547-block  3
call    7 never executed
    $$$$$:  547-block  4
    #####:  548:    at = line_end + 1;
    #####:  549:  }
    #####:  550:  return ret;
    %%%%%:  550-block  0
    %%%%%:  550-block  1
    =====:  551:}
    $$$$$:  551-block  0
call    0 never executed
        -:  552:
        -:  553:// Assesses the success or failure of a death test, using both private
        -:  554:// members which have previously been set, and one argument:
        -:  555://
        -:  556:// Private data members:
        -:  557://   outcome:  An enumeration describing how the death test
        -:  558://             concluded: DIED, LIVED, THREW, or RETURNED.  The death test
        -:  559://             fails in the latter three cases.
        -:  560://   status:   The exit status of the child process. On *nix, it is in the
        -:  561://             in the format specified by wait(2). On Windows, this is the
        -:  562://             value supplied to the ExitProcess() API or a numeric code
        -:  563://             of the exception that terminated the program.
        -:  564://   matcher_: A matcher that's expected to match the stderr output by the child
        -:  565://             process.
        -:  566://
        -:  567:// Argument:
        -:  568://   status_ok: true if exit_status is acceptable in the context of
        -:  569://              this particular death test, which fails if it is false
        -:  570://
        -:  571:// Returns true if and only if all of the above conditions are met.  Otherwise,
        -:  572:// the first failing condition, in the order given above, is the one that is
        -:  573:// reported. Also sets the last death test message string.
function _ZN7testing8internal13DeathTestImpl6PassedEb called 0 returned 0% blocks executed 0%
    #####:  574:bool DeathTestImpl::Passed(bool status_ok) {
    #####:  575:  if (!spawned()) return false;
    %%%%%:  575-block  0
call    0 never executed
branch  1 never executed (fallthrough)
branch  2 never executed
    %%%%%:  575-block  1
        -:  576:
    #####:  577:  const std::string error_message = GetErrorLogs();
    %%%%%:  577-block  0
call    0 never executed
branch  1 never executed (fallthrough)
branch  2 never executed (throw)
        -:  578:
    #####:  579:  bool success = false;
    #####:  580:  Message buffer;
    %%%%%:  580-block  0
call    0 never executed
branch  1 never executed (fallthrough)
branch  2 never executed (throw)
        -:  581:
    #####:  582:  buffer << "Death test: " << statement() << "\n";
    %%%%%:  582-block  0
call    0 never executed
branch  1 never executed (fallthrough)
branch  2 never executed (throw)
    %%%%%:  582-block  1
call    3 never executed
call    4 never executed
branch  5 never executed (fallthrough)
branch  6 never executed (throw)
    %%%%%:  582-block  2
call    7 never executed
branch  8 never executed (fallthrough)
branch  9 never executed (throw)
    $$$$$:  582-block  3
    #####:  583:  switch (outcome()) {
    %%%%%:  583-block  0
call    0 never executed
branch  1 never executed
branch  2 never executed
branch  3 never executed
branch  4 never executed
branch  5 never executed
    #####:  584:    case LIVED:
    #####:  585:      buffer << "    Result: failed to die.\n"
    %%%%%:  585-block  0
call    0 never executed
branch  1 never executed (fallthrough)
branch  2 never executed (throw)
    #####:  586:             << " Error msg:\n"
    %%%%%:  586-block  0
call    0 never executed
branch  1 never executed (fallthrough)
branch  2 never executed (throw)
    #####:  587:             << FormatDeathTestOutput(error_message);
    %%%%%:  587-block  0
call    0 never executed
branch  1 never executed (fallthrough)
branch  2 never executed (throw)
    %%%%%:  587-block  1
call    3 never executed
branch  4 never executed (fallthrough)
branch  5 never executed (throw)
    %%%%%:  587-block  2
call    6 never executed
    $$$$$:  587-block  3
call    7 never executed
    $$$$$:  587-block  4
    #####:  588:      break;
    #####:  589:    case THREW:
    #####:  590:      buffer << "    Result: threw an exception.\n"
    %%%%%:  590-block  0
call    0 never executed
branch  1 never executed (fallthrough)
branch  2 never executed (throw)
    #####:  591:             << " Error msg:\n"
    %%%%%:  591-block  0
call    0 never executed
branch  1 never executed (fallthrough)
branch  2 never executed (throw)
    #####:  592:             << FormatDeathTestOutput(error_message);
    %%%%%:  592-block  0
call    0 never executed
branch  1 never executed (fallthrough)
branch  2 never executed (throw)
    %%%%%:  592-block  1
call    3 never executed
branch  4 never executed (fallthrough)
branch  5 never executed (throw)
    %%%%%:  592-block  2
call    6 never executed
    $$$$$:  592-block  3
call    7 never executed
    $$$$$:  592-block  4
    #####:  593:      break;
    #####:  594:    case RETURNED:
    #####:  595:      buffer << "    Result: illegal return in test statement.\n"
    %%%%%:  595-block  0
call    0 never executed
branch  1 never executed (fallthrough)
branch  2 never executed (throw)
    #####:  596:             << " Error msg:\n"
    %%%%%:  596-block  0
call    0 never executed
branch  1 never executed (fallthrough)
branch  2 never executed (throw)
    #####:  597:             << FormatDeathTestOutput(error_message);
    %%%%%:  597-block  0
call    0 never executed
branch  1 never executed (fallthrough)
branch  2 never executed (throw)
    %%%%%:  597-block  1
call    3 never executed
branch  4 never executed (fallthrough)
branch  5 never executed (throw)
    %%%%%:  597-block  2
call    6 never executed
    $$$$$:  597-block  3
call    7 never executed
    $$$$$:  597-block  4
    #####:  598:      break;
    #####:  599:    case DIED:
    #####:  600:      if (status_ok) {
    %%%%%:  600-block  0
branch  0 never executed (fallthrough)
branch  1 never executed
    #####:  601:        if (matcher_.Matches(error_message)) {
    %%%%%:  601-block  0
call    0 never executed
branch  1 never executed (fallthrough)
branch  2 never executed (throw)
    %%%%%:  601-block  1
branch  3 never executed (fallthrough)
branch  4 never executed
    #####:  602:          success = true;
    %%%%%:  602-block  0
        -:  603:        } else {
    #####:  604:          std::ostringstream stream;
    %%%%%:  604-block  0
call    0 never executed
branch  1 never executed (fallthrough)
branch  2 never executed (throw)
    #####:  605:          matcher_.DescribeTo(&stream);
    %%%%%:  605-block  0
call    0 never executed
branch  1 never executed (fallthrough)
branch  2 never executed (throw)
    #####:  606:          buffer << "    Result: died but not with expected error.\n"
    %%%%%:  606-block  0
call    0 never executed
branch  1 never executed (fallthrough)
branch  2 never executed (throw)
    #####:  607:                 << "  Expected: " << stream.str() << "\n"
    %%%%%:  607-block  0
call    0 never executed
branch  1 never executed (fallthrough)
branch  2 never executed (throw)
    %%%%%:  607-block  1
call    3 never executed
branch  4 never executed (fallthrough)
branch  5 never executed (throw)
    %%%%%:  607-block  2
call    6 never executed
branch  7 never executed (fallthrough)
branch  8 never executed (throw)
    %%%%%:  607-block  3
call    9 never executed
branch 10 never executed (fallthrough)
branch 11 never executed (throw)
    $$$$$:  607-block  4
call   12 never executed
    $$$$$:  607-block  5
    #####:  608:                 << "Actual msg:\n"
    %%%%%:  608-block  0
call    0 never executed
branch  1 never executed (fallthrough)
branch  2 never executed (throw)
    #####:  609:                 << FormatDeathTestOutput(error_message);
    %%%%%:  609-block  0
call    0 never executed
branch  1 never executed (fallthrough)
branch  2 never executed (throw)
    %%%%%:  609-block  1
call    3 never executed
branch  4 never executed (fallthrough)
branch  5 never executed (throw)
    %%%%%:  609-block  2
call    6 never executed
call    7 never executed
    $$$$$:  609-block  3
call    8 never executed
    $$$$$:  609-block  4
    #####:  610:        }
call    0 never executed
    $$$$$:  610-block  0
call    1 never executed
        -:  611:      } else {
    #####:  612:        buffer << "    Result: died but not with expected exit code:\n"
    %%%%%:  612-block  0
call    0 never executed
branch  1 never executed (fallthrough)
branch  2 never executed (throw)
    #####:  613:               << "            " << ExitSummary(status()) << "\n"
    %%%%%:  613-block  0
call    0 never executed
branch  1 never executed (fallthrough)
branch  2 never executed (throw)
    %%%%%:  613-block  1
call    3 never executed
call    4 never executed
branch  5 never executed (fallthrough)
branch  6 never executed (throw)
    %%%%%:  613-block  2
call    7 never executed
branch  8 never executed (fallthrough)
branch  9 never executed (throw)
    %%%%%:  613-block  3
call   10 never executed
branch 11 never executed (fallthrough)
branch 12 never executed (throw)
    $$$$$:  613-block  4
call   13 never executed
    $$$$$:  613-block  5
    #####:  614:               << "Actual msg:\n"
    %%%%%:  614-block  0
call    0 never executed
branch  1 never executed (fallthrough)
branch  2 never executed (throw)
    #####:  615:               << FormatDeathTestOutput(error_message);
    %%%%%:  615-block  0
call    0 never executed
branch  1 never executed (fallthrough)
branch  2 never executed (throw)
    %%%%%:  615-block  1
call    3 never executed
branch  4 never executed (fallthrough)
branch  5 never executed (throw)
    %%%%%:  615-block  2
call    6 never executed
call    7 never executed
    $$$$$:  615-block  3
call    8 never executed
    $$$$$:  615-block  4
        -:  616:      }
    #####:  617:      break;
    %%%%%:  617-block  0
    #####:  618:    case IN_PROGRESS:
        -:  619:    default:
    #####:  620:      GTEST_LOG_(FATAL)
    %%%%%:  620-block  0
call    0 never executed
branch  1 never executed (fallthrough)
branch  2 never executed (throw)
    %%%%%:  620-block  1
call    3 never executed
    %%%%%:  620-block  2
call    4 never executed
    $$$$$:  620-block  3
call    5 never executed
    $$$$$:  620-block  4
    #####:  621:          << "DeathTest::Passed somehow called before conclusion of test";
call    0 never executed
branch  1 never executed (fallthrough)
branch  2 never executed (throw)
        -:  622:  }
        -:  623:
    #####:  624:  DeathTest::set_last_death_test_message(buffer.GetString());
    %%%%%:  624-block  0
call    0 never executed
branch  1 never executed (fallthrough)
branch  2 never executed (throw)
    %%%%%:  624-block  1
call    3 never executed
branch  4 never executed (fallthrough)
branch  5 never executed (throw)
    %%%%%:  624-block  2
call    6 never executed
    $$$$$:  624-block  3
call    7 never executed
    $$$$$:  624-block  4
    #####:  625:  return success;
    #####:  626:}
call    0 never executed
call    1 never executed
    $$$$$:  626-block  0
call    2 never executed
    $$$$$:  626-block  1
call    3 never executed
        -:  627:
        -:  628:#ifndef GTEST_OS_WINDOWS
        -:  629:// Note: The return value points into args, so the return value's lifetime is
        -:  630:// bound to that of args.
        -:  631:static std::unique_ptr<char*[]> CreateArgvFromArgs(
        -:  632:    std::vector<std::string>& args) {
        -:  633:  auto result = std::make_unique<char*[]>(args.size() + 1);
        -:  634:  for (size_t i = 0; i < args.size(); ++i) {
        -:  635:    result[i] = &args[i][0];
        -:  636:  }
        -:  637:  result[args.size()] = nullptr;  // extra null terminator
        -:  638:  return result;
        -:  639:}
        -:  640:#endif
        -:  641:
        -:  642:#ifdef GTEST_OS_WINDOWS
        -:  643:// WindowsDeathTest implements death tests on Windows. Due to the
        -:  644:// specifics of starting new processes on Windows, death tests there are
        -:  645:// always threadsafe, and Google Test considers the
        -:  646:// --gtest_death_test_style=fast setting to be equivalent to
        -:  647:// --gtest_death_test_style=threadsafe there.
        -:  648://
        -:  649:// A few implementation notes:  Like the Linux version, the Windows
        -:  650:// implementation uses pipes for child-to-parent communication. But due to
        -:  651:// the specifics of pipes on Windows, some extra steps are required:
        -:  652://
        -:  653:// 1. The parent creates a communication pipe and stores handles to both
        -:  654://    ends of it.
        -:  655:// 2. The parent starts the child and provides it with the information
        -:  656://    necessary to acquire the handle to the write end of the pipe.
        -:  657:// 3. The child acquires the write end of the pipe and signals the parent
        -:  658://    using a Windows event.
        -:  659:// 4. Now the parent can release the write end of the pipe on its side. If
        -:  660://    this is done before step 3, the object's reference count goes down to
        -:  661://    0 and it is destroyed, preventing the child from acquiring it. The
        -:  662://    parent now has to release it, or read operations on the read end of
        -:  663://    the pipe will not return when the child terminates.
        -:  664:// 5. The parent reads child's output through the pipe (outcome code and
        -:  665://    any possible error messages) from the pipe, and its stderr and then
        -:  666://    determines whether to fail the test.
        -:  667://
        -:  668:// Note: to distinguish Win32 API calls from the local method and function
        -:  669:// calls, the former are explicitly resolved in the global namespace.
        -:  670://
        -:  671:class WindowsDeathTest : public DeathTestImpl {
        -:  672: public:
function _ZN7testing8internal16WindowsDeathTestC1EPKcNS_7MatcherIRKNSt7__cxx1112basic_stringIcSt11char_traitsIcESaIcEEEEES3_i called 0 returned 0% blocks executed 0%
    #####:  673:  WindowsDeathTest(const char* a_statement, Matcher<const std::string&> matcher,
        -:  674:                   const char* file, int line)
    #####:  675:      : DeathTestImpl(a_statement, std::move(matcher)),
    #####:  676:        file_(file),
    #####:  677:        line_(line) {}
    %%%%%:  677-block  0
call    0 never executed
call    1 never executed
branch  2 never executed (fallthrough)
branch  3 never executed (throw)
    %%%%%:  677-block  1
call    4 never executed
branch  5 never executed (fallthrough)
branch  6 never executed (throw)
    %%%%%:  677-block  2
call    7 never executed
call    8 never executed
call    9 never executed
call   10 never executed
    $$$$$:  677-block  3
call   11 never executed
        -:  678:
        -:  679:  // All of these virtual functions are inherited from DeathTest.
        -:  680:  virtual int Wait();
        -:  681:  virtual TestRole AssumeRole();
        -:  682:
        -:  683: private:
        -:  684:  // The name of the file in which the death test is located.
        -:  685:  const char* const file_;
        -:  686:  // The line number on which the death test is located.
        -:  687:  const int line_;
        -:  688:  // Handle to the write end of the pipe to the child process.
        -:  689:  AutoHandle write_handle_;
        -:  690:  // Child process handle.
        -:  691:  AutoHandle child_handle_;
        -:  692:  // Event the child process uses to signal the parent that it has
        -:  693:  // acquired the handle to the write end of the pipe. After seeing this
        -:  694:  // event the parent can release its own handles to make sure its
        -:  695:  // ReadFile() calls return when the child terminates.
        -:  696:  AutoHandle event_handle_;
        -:  697:};
        -:  698:
        -:  699:// Waits for the child in a death test to exit, returning its exit
        -:  700:// status, or 0 if no child process exists.  As a side effect, sets the
        -:  701:// outcome data member.
function _ZN7testing8internal16WindowsDeathTest4WaitEv called 0 returned 0% blocks executed 0%
    #####:  702:int WindowsDeathTest::Wait() {
    #####:  703:  if (!spawned()) return 0;
    %%%%%:  703-block  0
call    0 never executed
branch  1 never executed (fallthrough)
branch  2 never executed
    %%%%%:  703-block  1
        -:  704:
        -:  705:  // Wait until the child either signals that it has acquired the write end
        -:  706:  // of the pipe or it dies.
    #####:  707:  const HANDLE wait_handles[2] = {child_handle_.Get(), event_handle_.Get()};
    %%%%%:  707-block  0
call    0 never executed
call    1 never executed
    #####:  708:  switch (::WaitForMultipleObjects(2, wait_handles,
call    0 never executed
branch  1 never executed (fallthrough)
branch  2 never executed (throw)
    %%%%%:  708-block  0
branch  3 never executed (fallthrough)
branch  4 never executed
        -:  709:                                   FALSE,  // Waits for any of the handles.
        -:  710:                                   INFINITE)) {
    #####:  711:    case WAIT_OBJECT_0:
        -:  712:    case WAIT_OBJECT_0 + 1:
    #####:  713:      break;
    %%%%%:  713-block  0
    #####:  714:    default:
    #####:  715:      GTEST_DEATH_TEST_CHECK_(false);  // Should not get here.
    %%%%%:  715-block  0
call    0 never executed
branch  1 never executed (fallthrough)
branch  2 never executed
    %%%%%:  715-block  1
call    3 never executed
branch  4 never executed (fallthrough)
branch  5 never executed (throw)
    %%%%%:  715-block  2
call    6 never executed
branch  7 never executed (fallthrough)
branch  8 never executed (throw)
    %%%%%:  715-block  3
call    9 never executed
branch 10 never executed (fallthrough)
branch 11 never executed (throw)
    %%%%%:  715-block  4
call   12 never executed
branch 13 never executed (fallthrough)
branch 14 never executed (throw)
    %%%%%:  715-block  5
call   15 never executed
branch 16 never executed (fallthrough)
branch 17 never executed (throw)
    %%%%%:  715-block  6
call   18 never executed
branch 19 never executed (fallthrough)
branch 20 never executed (throw)
    %%%%%:  715-block  7
call   21 never executed
branch 22 never executed (fallthrough)
branch 23 never executed (throw)
    %%%%%:  715-block  8
call   24 never executed
    %%%%%:  715-block  9
call   25 never executed
branch 26 never executed (fallthrough)
branch 27 never executed (throw)
    %%%%%:  715-block 10
branch 28 never executed (fallthrough)
branch 29 never executed
    $$$$$:  715-block 11
call   30 never executed
    $$$$$:  715-block 12
call   31 never executed
    $$$$$:  715-block 13
call   32 never executed
    $$$$$:  715-block 14
call   33 never executed
    $$$$$:  715-block 15
call   34 never executed
    $$$$$:  715-block 16
call   35 never executed
    $$$$$:  715-block 17
    $$$$$:  715-block 18
    $$$$$:  715-block 19
    $$$$$:  715-block 20
    $$$$$:  715-block 21
call   36 never executed
    $$$$$:  715-block 22
    $$$$$:  715-block 23
    $$$$$:  715-block 24
    $$$$$:  715-block 25
    $$$$$:  715-block 26
        -:  716:  }
        -:  717:
        -:  718:  // The child has acquired the write end of the pipe or exited.
        -:  719:  // We release the handle on our side and continue.
    #####:  720:  write_handle_.Reset();
    %%%%%:  720-block  0
call    0 never executed
branch  1 never executed (fallthrough)
branch  2 never executed (throw)
    #####:  721:  event_handle_.Reset();
    %%%%%:  721-block  0
call    0 never executed
branch  1 never executed (fallthrough)
branch  2 never executed (throw)
        -:  722:
    #####:  723:  ReadAndInterpretStatusByte();
    %%%%%:  723-block  0
call    0 never executed
branch  1 never executed (fallthrough)
branch  2 never executed (throw)
        -:  724:
        -:  725:  // Waits for the child process to exit if it haven't already. This
        -:  726:  // returns immediately if the child has already exited, regardless of
        -:  727:  // whether previous calls to WaitForMultipleObjects synchronized on this
        -:  728:  // handle or not.
    #####:  729:  GTEST_DEATH_TEST_CHECK_(WAIT_OBJECT_0 ==
    %%%%%:  729-block  0
call    0 never executed
call    1 never executed
branch  2 never executed (fallthrough)
branch  3 never executed (throw)
    %%%%%:  729-block  1
call    4 never executed
branch  5 never executed (fallthrough)
branch  6 never executed
    %%%%%:  729-block  2
call    7 never executed
branch  8 never executed (fallthrough)
branch  9 never executed (throw)
    %%%%%:  729-block  3
call   10 never executed
branch 11 never executed (fallthrough)
branch 12 never executed (throw)
    %%%%%:  729-block  4
call   13 never executed
branch 14 never executed (fallthrough)
branch 15 never executed (throw)
    %%%%%:  729-block  5
call   16 never executed
branch 17 never executed (fallthrough)
branch 18 never executed (throw)
    %%%%%:  729-block  6
call   19 never executed
branch 20 never executed (fallthrough)
branch 21 never executed (throw)
    %%%%%:  729-block  7
call   22 never executed
branch 23 never executed (fallthrough)
branch 24 never executed (throw)
    %%%%%:  729-block  8
call   25 never executed
branch 26 never executed (fallthrough)
branch 27 never executed (throw)
    %%%%%:  729-block  9
call   28 never executed
    %%%%%:  729-block 10
call   29 never executed
branch 30 never executed (fallthrough)
branch 31 never executed (throw)
    %%%%%:  729-block 11
branch 32 never executed
branch 33 never executed (fallthrough)
    $$$$$:  729-block 12
call   34 never executed
    $$$$$:  729-block 13
call   35 never executed
    $$$$$:  729-block 14
call   36 never executed
    $$$$$:  729-block 15
call   37 never executed
    $$$$$:  729-block 16
call   38 never executed
    $$$$$:  729-block 17
call   39 never executed
    $$$$$:  729-block 18
    $$$$$:  729-block 19
    $$$$$:  729-block 20
    $$$$$:  729-block 21
    $$$$$:  729-block 22
call   40 never executed
    $$$$$:  729-block 23
    $$$$$:  729-block 24
    $$$$$:  729-block 25
    $$$$$:  729-block 26
    $$$$$:  729-block 27
        -:  730:                          ::WaitForSingleObject(child_handle_.Get(), INFINITE));
        -:  731:  DWORD status_code;
    #####:  732:  GTEST_DEATH_TEST_CHECK_(
    %%%%%:  732-block  0
call    0 never executed
call    1 never executed
branch  2 never executed (fallthrough)
branch  3 never executed (throw)
    %%%%%:  732-block  1
call    4 never executed
branch  5 never executed (fallthrough)
branch  6 never executed
    %%%%%:  732-block  2
call    7 never executed
branch  8 never executed (fallthrough)
branch  9 never executed (throw)
    %%%%%:  732-block  3
call   10 never executed
branch 11 never executed (fallthrough)
branch 12 never executed (throw)
    %%%%%:  732-block  4
call   13 never executed
branch 14 never executed (fallthrough)
branch 15 never executed (throw)
    %%%%%:  732-block  5
call   16 never executed
branch 17 never executed (fallthrough)
branch 18 never executed (throw)
    %%%%%:  732-block  6
call   19 never executed
branch 20 never executed (fallthrough)
branch 21 never executed (throw)
    %%%%%:  732-block  7
call   22 never executed
branch 23 never executed (fallthrough)
branch 24 never executed (throw)
    %%%%%:  732-block  8
call   25 never executed
branch 26 never executed (fallthrough)
branch 27 never executed (throw)
    %%%%%:  732-block  9
call   28 never executed
    %%%%%:  732-block 10
call   29 never executed
branch 30 never executed (fallthrough)
branch 31 never executed (throw)
    %%%%%:  732-block 11
branch 32 never executed
branch 33 never executed (fallthrough)
    $$$$$:  732-block 12
call   34 never executed
    $$$$$:  732-block 13
call   35 never executed
    $$$$$:  732-block 14
call   36 never executed
    $$$$$:  732-block 15
call   37 never executed
    $$$$$:  732-block 16
call   38 never executed
    $$$$$:  732-block 17
call   39 never executed
    $$$$$:  732-block 18
    $$$$$:  732-block 19
    $$$$$:  732-block 20
    $$$$$:  732-block 21
    $$$$$:  732-block 22
call   40 never executed
    $$$$$:  732-block 23
    $$$$$:  732-block 24
    $$$$$:  732-block 25
    $$$$$:  732-block 26
    $$$$$:  732-block 27
        -:  733:      ::GetExitCodeProcess(child_handle_.Get(), &status_code) != FALSE);
    #####:  734:  child_handle_.Reset();
    %%%%%:  734-block  0
call    0 never executed
branch  1 never executed (fallthrough)
branch  2 never executed (throw)
    #####:  735:  set_status(static_cast<int>(status_code));
    %%%%%:  735-block  0
call    0 never executed
    #####:  736:  return status();
call    0 never executed
        -:  737:}
        -:  738:
        -:  739:// The AssumeRole process for a Windows death test.  It creates a child
        -:  740:// process with the same executable as the current process to run the
        -:  741:// death test.  The child process is given the --gtest_filter and
        -:  742:// --gtest_internal_run_death_test flags such that it knows to run the
        -:  743:// current death test only.
function _ZN7testing8internal16WindowsDeathTest10AssumeRoleEv called 0 returned 0% blocks executed 0%
    #####:  744:DeathTest::TestRole WindowsDeathTest::AssumeRole() {
    #####:  745:  const UnitTestImpl* const impl = GetUnitTestImpl();
    %%%%%:  745-block  0
call    0 never executed
branch  1 never executed (fallthrough)
branch  2 never executed (throw)
        -:  746:  const InternalRunDeathTestFlag* const flag =
    #####:  747:      impl->internal_run_death_test_flag();
    %%%%%:  747-block  0
call    0 never executed
    #####:  748:  const TestInfo* const info = impl->current_test_info();
call    0 never executed
    #####:  749:  const int death_test_index = info->result()->death_test_count();
call    0 never executed
call    1 never executed
        -:  750:
    #####:  751:  if (flag != nullptr) {
branch  0 never executed (fallthrough)
branch  1 never executed
        -:  752:    // ParseInternalRunDeathTestFlag() has performed all the necessary
        -:  753:    // processing.
    #####:  754:    set_write_fd(flag->write_fd());
    %%%%%:  754-block  0
call    0 never executed
call    1 never executed
    #####:  755:    return EXECUTE_TEST;
        -:  756:  }
        -:  757:
        -:  758:  // WindowsDeathTest uses an anonymous pipe to communicate results of
        -:  759:  // a death test.
    #####:  760:  SECURITY_ATTRIBUTES handles_are_inheritable = {sizeof(SECURITY_ATTRIBUTES),
    %%%%%:  760-block  0
        -:  761:                                                 nullptr, TRUE};
        -:  762:  HANDLE read_handle, write_handle;
    #####:  763:  GTEST_DEATH_TEST_CHECK_(::CreatePipe(&read_handle, &write_handle,
    %%%%%:  763-block  0
call    0 never executed
branch  1 never executed (fallthrough)
branch  2 never executed (throw)
    %%%%%:  763-block  1
call    3 never executed
branch  4 never executed (fallthrough)
branch  5 never executed
    %%%%%:  763-block  2
call    6 never executed
branch  7 never executed (fallthrough)
branch  8 never executed (throw)
    %%%%%:  763-block  3
call    9 never executed
branch 10 never executed (fallthrough)
branch 11 never executed (throw)
    %%%%%:  763-block  4
call   12 never executed
branch 13 never executed (fallthrough)
branch 14 never executed (throw)
    %%%%%:  763-block  5
call   15 never executed
branch 16 never executed (fallthrough)
branch 17 never executed (throw)
    %%%%%:  763-block  6
call   18 never executed
branch 19 never executed (fallthrough)
branch 20 never executed (throw)
    %%%%%:  763-block  7
call   21 never executed
branch 22 never executed (fallthrough)
branch 23 never executed (throw)
    %%%%%:  763-block  8
call   24 never executed
branch 25 never executed (fallthrough)
branch 26 never executed (throw)
    %%%%%:  763-block  9
call   27 never executed
    %%%%%:  763-block 10
call   28 never executed
branch 29 never executed (fallthrough)
branch 30 never executed (throw)
    %%%%%:  763-block 11
branch 31 never executed
branch 32 never executed (fallthrough)
    $$$$$:  763-block 12
call   33 never executed
    $$$$$:  763-block 13
call   34 never executed
    $$$$$:  763-block 14
call   35 never executed
    $$$$$:  763-block 15
call   36 never executed
    $$$$$:  763-block 16
call   37 never executed
    $$$$$:  763-block 17
call   38 never executed
    $$$$$:  763-block 18
    $$$$$:  763-block 19
    $$$$$:  763-block 20
    $$$$$:  763-block 21
    $$$$$:  763-block 22
call   39 never executed
    $$$$$:  763-block 23
    $$$$$:  763-block 24
    $$$$$:  763-block 25
    $$$$$:  763-block 26
    $$$$$:  763-block 27
        -:  764:                                       &handles_are_inheritable,
        -:  765:                                       0)  // Default buffer size.
        -:  766:                          != FALSE);
    #####:  767:  set_read_fd(
    %%%%%:  767-block  0
call    0 never executed
branch  1 never executed (fallthrough)
branch  2 never executed (throw)
    %%%%%:  767-block  1
call    3 never executed
        -:  768:      ::_open_osfhandle(reinterpret_cast<intptr_t>(read_handle), O_RDONLY));
    #####:  769:  write_handle_.Reset(write_handle);
call    0 never executed
branch  1 never executed (fallthrough)
branch  2 never executed (throw)
    #####:  770:  event_handle_.Reset(::CreateEvent(
    %%%%%:  770-block  0
call    0 never executed
branch  1 never executed (fallthrough)
branch  2 never executed (throw)
    %%%%%:  770-block  1
call    3 never executed
branch  4 never executed (fallthrough)
branch  5 never executed (throw)
        -:  771:      &handles_are_inheritable,
        -:  772:      TRUE,       // The event will automatically reset to non-signaled state.
        -:  773:      FALSE,      // The initial state is non-signalled.
        -:  774:      nullptr));  // The even is unnamed.
    #####:  775:  GTEST_DEATH_TEST_CHECK_(event_handle_.Get() != nullptr);
    %%%%%:  775-block  0
call    0 never executed
call    1 never executed
branch  2 never executed (fallthrough)
branch  3 never executed
    %%%%%:  775-block  1
call    4 never executed
branch  5 never executed (fallthrough)
branch  6 never executed (throw)
    %%%%%:  775-block  2
call    7 never executed
branch  8 never executed (fallthrough)
branch  9 never executed (throw)
    %%%%%:  775-block  3
call   10 never executed
branch 11 never executed (fallthrough)
branch 12 never executed (throw)
[...]
    %%%%%: 1419-block  0
call    0 never executed
branch  1 never executed (fallthrough)
branch  2 never executed (throw)
call    3 never executed
    $$$$$: 1419-block  1
call    4 never executed
    $$$$$: 1419-block  2
    #####: 1420:          StreamableToString(flag->index()) + ")");
    %%%%%: 1420-block  0
call    0 never executed
call    1 never executed
branch  2 never executed (fallthrough)
branch  3 never executed (throw)
    %%%%%: 1420-block  1
call    4 never executed
branch  5 never executed (fallthrough)
branch  6 never executed (throw)
    %%%%%: 1420-block  2
call    7 never executed
call    8 never executed
    $$$$$: 1420-block  3
call    9 never executed
    $$$$$: 1420-block  4
call   10 never executed
    $$$$$: 1420-block  5
    $$$$$: 1420-block  6
    $$$$$: 1420-block  7
    #####: 1421:      return false;
        -: 1422:    }
        -: 1423:
    #####: 1424:    if (!(flag->file() == file && flag->line() == line &&
    %%%%%: 1424-block  0
call    0 never executed
call    1 never executed
branch  2 never executed (fallthrough)
branch  3 never executed (throw)
    %%%%%: 1424-block  1
branch  4 never executed (fallthrough)
branch  5 never executed
    %%%%%: 1424-block  2
call    6 never executed
branch  7 never executed (fallthrough)
branch  8 never executed
    %%%%%: 1424-block  3
    %%%%%: 1424-block  4
    %%%%%: 1424-block  5
branch  9 never executed (fallthrough)
branch 10 never executed
    #####: 1425:          flag->index() == death_test_index)) {
    %%%%%: 1425-block  0
call    0 never executed
branch  1 never executed (fallthrough)
branch  2 never executed
    #####: 1426:      *test = nullptr;
    #####: 1427:      return true;
    %%%%%: 1427-block  0
        -: 1428:    }
        -: 1429:  }
        -: 1430:
        -: 1431:#ifdef GTEST_OS_WINDOWS
        -: 1432:
    #####: 1433:  if (GTEST_FLAG_GET(death_test_style) == "threadsafe" ||
    %%%%%: 1433-block  0
call    0 never executed
branch  1 never executed (fallthrough)
branch  2 never executed (throw)
    %%%%%: 1433-block  1
branch  3 never executed (fallthrough)
branch  4 never executed
    %%%%%: 1433-block  2
    %%%%%: 1433-block  3
    %%%%%: 1433-block  4
branch  5 never executed (fallthrough)
branch  6 never executed
    #####: 1434:      GTEST_FLAG_GET(death_test_style) == "fast") {
    %%%%%: 1434-block  0
call    0 never executed
branch  1 never executed (fallthrough)
branch  2 never executed (throw)
    %%%%%: 1434-block  1
branch  3 never executed (fallthrough)
branch  4 never executed
    #####: 1435:    *test = new WindowsDeathTest(statement, std::move(matcher), file, line);
    %%%%%: 1435-block  0
call    0 never executed
branch  1 never executed (fallthrough)
branch  2 never executed (throw)
    %%%%%: 1435-block  1
call    3 never executed
call    4 never executed
branch  5 never executed (fallthrough)
branch  6 never executed (throw)
    %%%%%: 1435-block  2
call    7 never executed
branch  8 never executed (fallthrough)
branch  9 never executed (throw)
    %%%%%: 1435-block  3
call   10 never executed
    $$$$$: 1435-block  4
call   11 never executed
    $$$$$: 1435-block  5
    $$$$$: 1435-block  6
branch 12 never executed (fallthrough)
branch 13 never executed
    $$$$$: 1435-block  7
call   14 never executed
        -: 1436:  }
        -: 1437:
        -: 1438:#elif defined(GTEST_OS_FUCHSIA)
        -: 1439:
        -: 1440:  if (GTEST_FLAG_GET(death_test_style) == "threadsafe" ||
        -: 1441:      GTEST_FLAG_GET(death_test_style) == "fast") {
        -: 1442:    *test = new FuchsiaDeathTest(statement, std::move(matcher), file, line);
        -: 1443:  }
        -: 1444:
        -: 1445:#else
        -: 1446:
        -: 1447:  if (GTEST_FLAG_GET(death_test_style) == "threadsafe") {
        -: 1448:    *test = new ExecDeathTest(statement, std::move(matcher), file, line);
        -: 1449:  } else if (GTEST_FLAG_GET(death_test_style) == "fast") {
        -: 1450:    *test = new NoExecDeathTest(statement, std::move(matcher));
        -: 1451:  }
        -: 1452:
        -: 1453:#endif  // GTEST_OS_WINDOWS
        -: 1454:
        -: 1455:  else {  // NOLINT - this is more readable than unbalanced brackets inside #if.
    #####: 1456:    DeathTest::set_last_death_test_message("Unknown death test style \"" +
    %%%%%: 1456-block  0
call    0 never executed
branch  1 never executed (fallthrough)
branch  2 never executed (throw)
    %%%%%: 1456-block  1
call    3 never executed
branch  4 never executed (fallthrough)
branch  5 never executed (throw)
call    6 never executed
    $$$$$: 1456-block  2
call    7 never executed
    $$$$$: 1456-block  3
    #####: 1457:                                           GTEST_FLAG_GET(death_test_style) +
    %%%%%: 1457-block  0
call    0 never executed
branch  1 never executed (fallthrough)
branch  2 never executed (throw)
    %%%%%: 1457-block  1
call    3 never executed
    $$$$$: 1457-block  2
call    4 never executed
    $$$$$: 1457-block  3
        -: 1458:                                           "\" encountered");
    #####: 1459:    return false;
        -: 1460:  }
        -: 1461:
    #####: 1462:  return true;
    %%%%%: 1462-block  0
        -: 1463:}
        -: 1464:
        -: 1465:#ifdef GTEST_OS_WINDOWS
        -: 1466:// Recreates the pipe and event handles from the provided parameters,
        -: 1467:// signals the event, and returns a file descriptor wrapped around the pipe
        -: 1468:// handle. This function is called in the child process only.
function _ZN7testing8internalL23GetStatusFileDescriptorEjyy called 0 returned 0% blocks executed 0%
    #####: 1469:static int GetStatusFileDescriptor(unsigned int parent_process_id,
        -: 1470:                                   size_t write_handle_as_size_t,
        -: 1471:                                   size_t event_handle_as_size_t) {
        -: 1472:  AutoHandle parent_process_handle(::OpenProcess(PROCESS_DUP_HANDLE,
        -: 1473:                                                 FALSE,  // Non-inheritable.
    #####: 1474:                                                 parent_process_id));
    %%%%%: 1474-block  0
call    0 never executed
branch  1 never executed (fallthrough)
branch  2 never executed (throw)
    %%%%%: 1474-block  1
call    3 never executed
    #####: 1475:  if (parent_process_handle.Get() == INVALID_HANDLE_VALUE) {
call    0 never executed
branch  1 never executed (fallthrough)
branch  2 never executed
    #####: 1476:    DeathTestAbort("Unable to open parent process " +
    %%%%%: 1476-block  0
call    0 never executed
branch  1 never executed (fallthrough)
branch  2 never executed (throw)
    %%%%%: 1476-block  1
call    3 never executed
    $$$$$: 1476-block  2
call    4 never executed
    $$$$$: 1476-block  3
    #####: 1477:                   StreamableToString(parent_process_id));
    %%%%%: 1477-block  0
call    0 never executed
branch  1 never executed (fallthrough)
branch  2 never executed (throw)
    $$$$$: 1477-block  1
call    3 never executed
    $$$$$: 1477-block  2
        -: 1478:  }
        -: 1479:
    #####: 1480:  GTEST_CHECK_(sizeof(HANDLE) <= sizeof(size_t));
    %%%%%: 1480-block  0
call    0 never executed
branch  1 never executed (fallthrough)
branch  2 never executed
    %%%%%: 1480-block  1
call    3 never executed
branch  4 never executed (fallthrough)
branch  5 never executed (throw)
    %%%%%: 1480-block  2
call    6 never executed
call    7 never executed
branch  8 never executed (fallthrough)
branch  9 never executed (throw)
    %%%%%: 1480-block  3
call   10 never executed
    $$$$$: 1480-block  4
call   11 never executed
    $$$$$: 1480-block  5
        -: 1481:
    #####: 1482:  const HANDLE write_handle = reinterpret_cast<HANDLE>(write_handle_as_size_t);
        -: 1483:  HANDLE dup_write_handle;
        -: 1484:
        -: 1485:  // The newly initialized handle is accessible only in the parent
        -: 1486:  // process. To obtain one accessible within the child, we need to use
        -: 1487:  // DuplicateHandle.
    #####: 1488:  if (!::DuplicateHandle(parent_process_handle.Get(), write_handle,
    %%%%%: 1488-block  0
call    0 never executed
branch  1 never executed (fallthrough)
branch  2 never executed (throw)
    %%%%%: 1488-block  1
call    3 never executed
call    4 never executed
branch  5 never executed (fallthrough)
branch  6 never executed (throw)
    %%%%%: 1488-block  2
branch  7 never executed (fallthrough)
branch  8 never executed
        -: 1489:                         ::GetCurrentProcess(), &dup_write_handle,
        -: 1490:                         0x0,    // Requested privileges ignored since
        -: 1491:                                 // DUPLICATE_SAME_ACCESS is used.
        -: 1492:                         FALSE,  // Request non-inheritable handler.
        -: 1493:                         DUPLICATE_SAME_ACCESS)) {
    #####: 1494:    DeathTestAbort("Unable to duplicate the pipe handle " +
    %%%%%: 1494-block  0
call    0 never executed
branch  1 never executed (fallthrough)
branch  2 never executed (throw)
    %%%%%: 1494-block  1
call    3 never executed
    $$$$$: 1494-block  2
call    4 never executed
    $$$$$: 1494-block  3
    #####: 1495:                   StreamableToString(write_handle_as_size_t) +
    %%%%%: 1495-block  0
call    0 never executed
branch  1 never executed (fallthrough)
branch  2 never executed (throw)
    %%%%%: 1495-block  1
call    3 never executed
branch  4 never executed (fallthrough)
branch  5 never executed (throw)
    $$$$$: 1495-block  2
call    6 never executed
    $$$$$: 1495-block  3
call    7 never executed
    $$$$$: 1495-block  4
    $$$$$: 1495-block  5
    #####: 1496:                   " from the parent process " +
    %%%%%: 1496-block  0
call    0 never executed
branch  1 never executed (fallthrough)
branch  2 never executed (throw)
    $$$$$: 1496-block  1
call    3 never executed
    $$$$$: 1496-block  2
    #####: 1497:                   StreamableToString(parent_process_id));
    %%%%%: 1497-block  0
call    0 never executed
branch  1 never executed (fallthrough)
branch  2 never executed (throw)
    $$$$$: 1497-block  1
call    3 never executed
    $$$$$: 1497-block  2
        -: 1498:  }
        -: 1499:
    #####: 1500:  const HANDLE event_handle = reinterpret_cast<HANDLE>(event_handle_as_size_t);
        -: 1501:  HANDLE dup_event_handle;
        -: 1502:
    #####: 1503:  if (!::DuplicateHandle(parent_process_handle.Get(), event_handle,
    %%%%%: 1503-block  0
call    0 never executed
branch  1 never executed (fallthrough)
branch  2 never executed (throw)
    %%%%%: 1503-block  1
call    3 never executed
call    4 never executed
branch  5 never executed (fallthrough)
branch  6 never executed (throw)
    %%%%%: 1503-block  2
branch  7 never executed (fallthrough)
branch  8 never executed
        -: 1504:                         ::GetCurrentProcess(), &dup_event_handle, 0x0, FALSE,
        -: 1505:                         DUPLICATE_SAME_ACCESS)) {
    #####: 1506:    DeathTestAbort("Unable to duplicate the event handle " +
    %%%%%: 1506-block  0
call    0 never executed
branch  1 never executed (fallthrough)
branch  2 never executed (throw)
    %%%%%: 1506-block  1
call    3 never executed
    $$$$$: 1506-block  2
call    4 never executed
    $$$$$: 1506-block  3
    #####: 1507:                   StreamableToString(event_handle_as_size_t) +
    %%%%%: 1507-block  0
call    0 never executed
branch  1 never executed (fallthrough)
branch  2 never executed (throw)
    %%%%%: 1507-block  1
call    3 never executed
branch  4 never executed (fallthrough)
branch  5 never executed (throw)
    $$$$$: 1507-block  2
call    6 never executed
    $$$$$: 1507-block  3
call    7 never executed
    $$$$$: 1507-block  4
    $$$$$: 1507-block  5
    #####: 1508:                   " from the parent process " +
    %%%%%: 1508-block  0
call    0 never executed
branch  1 never executed (fallthrough)
branch  2 never executed (throw)
    $$$$$: 1508-block  1
call    3 never executed
    $$$$$: 1508-block  2
    #####: 1509:                   StreamableToString(parent_process_id));
    %%%%%: 1509-block  0
call    0 never executed
branch  1 never executed (fallthrough)
branch  2 never executed (throw)
    $$$$$: 1509-block  1
call    3 never executed
    $$$$$: 1509-block  2
        -: 1510:  }
        -: 1511:
        -: 1512:  const int write_fd =
    #####: 1513:      ::_open_osfhandle(reinterpret_cast<intptr_t>(dup_write_handle), O_APPEND);
    %%%%%: 1513-block  0
call    0 never executed
branch  1 never executed (fallthrough)
branch  2 never executed (throw)
    #####: 1514:  if (write_fd == -1) {
    %%%%%: 1514-block  0
branch  0 never executed (fallthrough)
branch  1 never executed
    #####: 1515:    DeathTestAbort("Unable to convert pipe handle " +
    %%%%%: 1515-block  0
call    0 never executed
branch  1 never executed (fallthrough)
branch  2 never executed (throw)
    %%%%%: 1515-block  1
call    3 never executed
    $$$$$: 1515-block  2
call    4 never executed
    $$$$$: 1515-block  3
    #####: 1516:                   StreamableToString(write_handle_as_size_t) +
    %%%%%: 1516-block  0
call    0 never executed
branch  1 never executed (fallthrough)
branch  2 never executed (throw)
    %%%%%: 1516-block  1
call    3 never executed
branch  4 never executed (fallthrough)
branch  5 never executed (throw)
    $$$$$: 1516-block  2
call    6 never executed
    $$$$$: 1516-block  3
call    7 never executed
    $$$$$: 1516-block  4
    $$$$$: 1516-block  5
        -: 1517:                   " to a file descriptor");
        -: 1518:  }
        -: 1519:
        -: 1520:  // Signals the parent that the write end of the pipe has been acquired
        -: 1521:  // so the parent can release its own write end.
    #####: 1522:  ::SetEvent(dup_event_handle);
    %%%%%: 1522-block  0
call    0 never executed
branch  1 never executed (fallthrough)
branch  2 never executed (throw)
        -: 1523:
    #####: 1524:  return write_fd;
    %%%%%: 1524-block  0
    #####: 1525:}
    %%%%%: 1525-block  0
call    0 never executed
    $$$$$: 1525-block  1
call    1 never executed
        -: 1526:#endif  // GTEST_OS_WINDOWS
        -: 1527:
        -: 1528:// Returns a newly created InternalRunDeathTestFlag object with fields
        -: 1529:// initialized from the GTEST_FLAG(internal_run_death_test) flag if
        -: 1530:// the flag is specified; otherwise returns NULL.
function _ZN7testing8internal29ParseInternalRunDeathTestFlagEv called 1 returned 100% blocks executed 14%
        1: 1531:InternalRunDeathTestFlag* ParseInternalRunDeathTestFlag() {
        1: 1532:  if (GTEST_FLAG_GET(internal_run_death_test).empty()) return nullptr;
        1: 1532-block  0
call    0 returned 1
branch  1 taken 1 (fallthrough)
branch  2 taken 0
        1: 1532-block  1
        -: 1533:
        -: 1534:  // GTEST_HAS_DEATH_TEST implies that we have ::std::string, so we
        -: 1535:  // can use it here.
    #####: 1536:  int line = -1;
    #####: 1537:  int index = -1;
    #####: 1538:  ::std::vector< ::std::string> fields;
    %%%%%: 1538-block  0
call    0 never executed
    #####: 1539:  SplitString(GTEST_FLAG_GET(internal_run_death_test), '|', &fields);
call    0 never executed
branch  1 never executed (fallthrough)
branch  2 never executed (throw)
    #####: 1540:  int write_fd = -1;
        -: 1541:
        -: 1542:#ifdef GTEST_OS_WINDOWS
        -: 1543:
    #####: 1544:  unsigned int parent_process_id = 0;
    #####: 1545:  size_t write_handle_as_size_t = 0;
    #####: 1546:  size_t event_handle_as_size_t = 0;
        -: 1547:
    #####: 1548:  if (fields.size() != 6 || !ParseNaturalNumber(fields[1], &line) ||
    %%%%%: 1548-block  0
call    0 never executed
    %%%%%: 1548-block  1
call    1 never executed
call    2 never executed
branch  3 never executed (fallthrough)
branch  4 never executed (throw)
    %%%%%: 1548-block  2
branch  5 never executed (fallthrough)
branch  6 never executed
    #####: 1549:      !ParseNaturalNumber(fields[2], &index) ||
    %%%%%: 1549-block  0
call    0 never executed
call    1 never executed
branch  2 never executed (fallthrough)
branch  3 never executed (throw)
    %%%%%: 1549-block  1
branch  4 never executed (fallthrough)
branch  5 never executed
    #####: 1550:      !ParseNaturalNumber(fields[3], &parent_process_id) ||
    %%%%%: 1550-block  0
call    0 never executed
call    1 never executed
branch  2 never executed (fallthrough)
branch  3 never executed (throw)
    %%%%%: 1550-block  1
branch  4 never executed (fallthrough)
branch  5 never executed
    #####: 1551:      !ParseNaturalNumber(fields[4], &write_handle_as_size_t) ||
branch  0 never executed (fallthrough)
branch  1 never executed
    %%%%%: 1551-block  0
call    2 never executed
call    3 never executed
branch  4 never executed (fallthrough)
branch  5 never executed (throw)
    %%%%%: 1551-block  1
branch  6 never executed (fallthrough)
branch  7 never executed
    %%%%%: 1551-block  2
    %%%%%: 1551-block  3
    %%%%%: 1551-block  4
branch  8 never executed (fallthrough)
branch  9 never executed
    #####: 1552:      !ParseNaturalNumber(fields[5], &event_handle_as_size_t)) {
    %%%%%: 1552-block  0
call    0 never executed
call    1 never executed
branch  2 never executed (fallthrough)
branch  3 never executed (throw)
    %%%%%: 1552-block  1
branch  4 never executed (fallthrough)
branch  5 never executed
    #####: 1553:    DeathTestAbort("Bad --gtest_internal_run_death_test flag: " +
    %%%%%: 1553-block  0
call    0 never executed
branch  1 never executed (fallthrough)
branch  2 never executed (throw)
    %%%%%: 1553-block  1
call    3 never executed
    $$$$$: 1553-block  2
call    4 never executed
    $$$$$: 1553-block  3
        -: 1554:                   GTEST_FLAG_GET(internal_run_death_test));
        -: 1555:  }
    #####: 1556:  write_fd = GetStatusFileDescriptor(parent_process_id, write_handle_as_size_t,
    %%%%%: 1556-block  0
call    0 never executed
branch  1 never executed (fallthrough)
branch  2 never executed (throw)
        -: 1557:                                     event_handle_as_size_t);
        -: 1558:
        -: 1559:#elif defined(GTEST_OS_FUCHSIA)
        -: 1560:
        -: 1561:  if (fields.size() != 3 || !ParseNaturalNumber(fields[1], &line) ||
        -: 1562:      !ParseNaturalNumber(fields[2], &index)) {
        -: 1563:    DeathTestAbort("Bad --gtest_internal_run_death_test flag: " +
        -: 1564:                   GTEST_FLAG_GET(internal_run_death_test));
        -: 1565:  }
        -: 1566:
        -: 1567:#else
        -: 1568:
        -: 1569:  if (fields.size() != 4 || !ParseNaturalNumber(fields[1], &line) ||
        -: 1570:      !ParseNaturalNumber(fields[2], &index) ||
        -: 1571:      !ParseNaturalNumber(fields[3], &write_fd)) {
        -: 1572:    DeathTestAbort("Bad --gtest_internal_run_death_test flag: " +
        -: 1573:                   GTEST_FLAG_GET(internal_run_death_test));
        -: 1574:  }
        -: 1575:
        -: 1576:#endif  // GTEST_OS_WINDOWS
        -: 1577:
    #####: 1578:  return new InternalRunDeathTestFlag(fields[0], line, index, write_fd);
    %%%%%: 1578-block  0
call    0 never executed
branch  1 never executed (fallthrough)
branch  2 never executed (throw)
    %%%%%: 1578-block  1
call    3 never executed
call    4 never executed
branch  5 never executed (fallthrough)
branch  6 never executed (throw)
    %%%%%: 1578-block  2
    $$$$$: 1578-block  3
branch  7 never executed (fallthrough)
branch  8 never executed
    $$$$$: 1578-block  4
call    9 never executed
    #####: 1579:}
    %%%%%: 1579-block  0
call    0 never executed
    $$$$$: 1579-block  1
call    1 never executed
        -: 1580:
        -: 1581:}  // namespace internal
        -: 1582:
        -: 1583:#endif  // GTEST_HAS_DEATH_TEST
        -: 1584:
        -: 1585:}  // namespace testing
