        -:    0:Source:D:/Project Workspace/Year3/VIS/googletest/googletest/include/gtest/gtest-printers.h
        -:    0:Graph:D:\Project Workspace\Year3\VIS\cmake-build-debug-coverage\tests\CMakeFiles\vis_tests.dir\TestInterpreter.cpp.gcno
        -:    0:Data:D:\Project Workspace\Year3\VIS\cmake-build-debug-coverage\tests\CMakeFiles\vis_tests.dir\TestInterpreter.cpp.gcda
        -:    0:Runs:1
        -:    1:// Copyright 2007, Google Inc.
        -:    2:// All rights reserved.
        -:    3://
        -:    4:// Redistribution and use in source and binary forms, with or without
        -:    5:// modification, are permitted provided that the following conditions are
        -:    6:// met:
        -:    7://
        -:    8://     * Redistributions of source code must retain the above copyright
        -:    9:// notice, this list of conditions and the following disclaimer.
        -:   10://     * Redistributions in binary form must reproduce the above
        -:   11:// copyright notice, this list of conditions and the following disclaimer
        -:   12:// in the documentation and/or other materials provided with the
        -:   13:// distribution.
        -:   14://     * Neither the name of Google Inc. nor the names of its
        -:   15:// contributors may be used to endorse or promote products derived from
        -:   16:// this software without specific prior written permission.
        -:   17://
        -:   18:// THIS SOFTWARE IS PROVIDED BY THE COPYRIGHT HOLDERS AND CONTRIBUTORS
        -:   19:// "AS IS" AND ANY EXPRESS OR IMPLIED WARRANTIES, INCLUDING, BUT NOT
        -:   20:// LIMITED TO, THE IMPLIED WARRANTIES OF MERCHANTABILITY AND FITNESS FOR
        -:   21:// A PARTICULAR PURPOSE ARE DISCLAIMED. IN NO EVENT SHALL THE COPYRIGHT
        -:   22:// OWNER OR CONTRIBUTORS BE LIABLE FOR ANY DIRECT, INDIRECT, INCIDENTAL,
        -:   23:// SPECIAL, EXEMPLARY, OR CONSEQUENTIAL DAMAGES (INCLUDING, BUT NOT
        -:   24:// LIMITED TO, PROCUREMENT OF SUBSTITUTE GOODS OR SERVICES; LOSS OF USE,
        -:   25:// DATA, OR PROFITS; OR BUSINESS INTERRUPTION) HOWEVER CAUSED AND ON ANY
        -:   26:// THEORY OF LIABILITY, WHETHER IN CONTRACT, STRICT LIABILITY, OR TORT
        -:   27:// (INCLUDING NEGLIGENCE OR OTHERWISE) ARISING IN ANY WAY OUT OF THE USE
        -:   28:// OF THIS SOFTWARE, EVEN IF ADVISED OF THE POSSIBILITY OF SUCH DAMAGE.
        -:   29:
        -:   30:// Google Test - The Google C++ Testing and Mocking Framework
        -:   31://
        -:   32:// This file implements a universal value printer that can print a
        -:   33:// value of any type T:
        -:   34://
        -:   35://   void ::testing::internal::UniversalPrinter<T>::Print(value, ostream_ptr);
        -:   36://
        -:   37:// A user can teach this function how to print a class type T by
        -:   38:// defining either operator<<() or PrintTo() in the namespace that
        -:   39:// defines T.  More specifically, the FIRST defined function in the
        -:   40:// following list will be used (assuming T is defined in namespace
        -:   41:// foo):
        -:   42://
        -:   43://   1. foo::PrintTo(const T&, ostream*)
        -:   44://   2. operator<<(ostream&, const T&) defined in either foo or the
        -:   45://      global namespace.
        -:   46:// * Prefer AbslStringify(..) to operator<<(..), per https://abseil.io/tips/215.
        -:   47:// * Define foo::PrintTo(..) if the type already has AbslStringify(..), but an
        -:   48://   alternative presentation in test results is of interest.
        -:   49://
        -:   50:// However if T is an STL-style container then it is printed element-wise
        -:   51:// unless foo::PrintTo(const T&, ostream*) is defined. Note that
        -:   52:// operator<<() is ignored for container types.
        -:   53://
        -:   54:// If none of the above is defined, it will print the debug string of
        -:   55:// the value if it is a protocol buffer, or print the raw bytes in the
        -:   56:// value otherwise.
        -:   57://
        -:   58:// To aid debugging: when T is a reference type, the address of the
        -:   59:// value is also printed; when T is a (const) char pointer, both the
        -:   60:// pointer value and the NUL-terminated string it points to are
        -:   61:// printed.
        -:   62://
        -:   63:// We also provide some convenient wrappers:
        -:   64://
        -:   65://   // Prints a value to a string.  For a (const or not) char
        -:   66://   // pointer, the NUL-terminated string (but not the pointer) is
        -:   67://   // printed.
        -:   68://   std::string ::testing::PrintToString(const T& value);
        -:   69://
        -:   70://   // Prints a value tersely: for a reference type, the referenced
        -:   71://   // value (but not the address) is printed; for a (const or not) char
        -:   72://   // pointer, the NUL-terminated string (but not the pointer) is
        -:   73://   // printed.
        -:   74://   void ::testing::internal::UniversalTersePrint(const T& value, ostream*);
        -:   75://
        -:   76://   // Prints value using the type inferred by the compiler.  The difference
        -:   77://   // from UniversalTersePrint() is that this function prints both the
        -:   78://   // pointer and the NUL-terminated string for a (const or not) char pointer.
        -:   79://   void ::testing::internal::UniversalPrint(const T& value, ostream*);
        -:   80://
        -:   81://   // Prints the fields of a tuple tersely to a string vector, one
        -:   82://   // element for each field. Tuple support must be enabled in
        -:   83://   // gtest-port.h.
        -:   84://   std::vector<string> UniversalTersePrintTupleFieldsToStrings(
        -:   85://       const Tuple& value);
        -:   86://
        -:   87:// Known limitation:
        -:   88://
        -:   89:// The print primitives print the elements of an STL-style container
        -:   90:// using the compiler-inferred type of *iter where iter is a
        -:   91:// const_iterator of the container.  When const_iterator is an input
        -:   92:// iterator but not a forward iterator, this inferred type may not
        -:   93:// match value_type, and the print output may be incorrect.  In
        -:   94:// practice, this is rarely a problem as for most containers
        -:   95:// const_iterator is a forward iterator.  We'll fix this if there's an
        -:   96:// actual need for it.  Note that this fix cannot rely on value_type
        -:   97:// being defined as many user-defined container types don't have
        -:   98:// value_type.
        -:   99:
        -:  100:// IWYU pragma: private, include "gtest/gtest.h"
        -:  101:// IWYU pragma: friend gtest/.*
        -:  102:// IWYU pragma: friend gmock/.*
        -:  103:
        -:  104:#ifndef GOOGLETEST_INCLUDE_GTEST_GTEST_PRINTERS_H_
        -:  105:#define GOOGLETEST_INCLUDE_GTEST_GTEST_PRINTERS_H_
        -:  106:
        -:  107:#include <functional>
        -:  108:#include <memory>
        -:  109:#include <ostream>  // NOLINT
        -:  110:#include <sstream>
        -:  111:#include <string>
        -:  112:#include <tuple>
        -:  113:#include <type_traits>
        -:  114:#include <typeinfo>
        -:  115:#include <utility>
        -:  116:#include <vector>
        -:  117:
        -:  118:#ifdef GTEST_HAS_ABSL
        -:  119:#include "absl/strings/internal/has_absl_stringify.h"
        -:  120:#include "absl/strings/str_cat.h"
        -:  121:#endif  // GTEST_HAS_ABSL
        -:  122:#include "gtest/internal/gtest-internal.h"
        -:  123:#include "gtest/internal/gtest-port.h"
        -:  124:
        -:  125:namespace testing {
        -:  126:
        -:  127:// Definitions in the internal* namespaces are subject to change without notice.
        -:  128:// DO NOT USE THEM IN USER CODE!
        -:  129:namespace internal {
        -:  130:
        -:  131:template <typename T>
        -:  132:void UniversalPrint(const T& value, ::std::ostream* os);
        -:  133:
        -:  134:// Used to print an STL-style container when the user doesn't define
        -:  135:// a PrintTo() for it.
        -:  136:struct ContainerPrinter {
        -:  137:  template <typename T,
        -:  138:            typename = typename std::enable_if<
        -:  139:                (sizeof(IsContainerTest<T>(0)) == sizeof(IsContainer)) &&
        -:  140:                !IsRecursiveContainer<T>::value>::type>
        -:  141:  static void PrintValue(const T& container, std::ostream* os) {
        -:  142:    const size_t kMaxCount = 32;  // The maximum number of elements to print.
        -:  143:    *os << '{';
        -:  144:    size_t count = 0;
        -:  145:    for (auto&& elem : container) {
        -:  146:      if (count > 0) {
        -:  147:        *os << ',';
        -:  148:        if (count == kMaxCount) {  // Enough has been printed.
        -:  149:          *os << " ...";
        -:  150:          break;
        -:  151:        }
        -:  152:      }
        -:  153:      *os << ' ';
        -:  154:      // We cannot call PrintTo(elem, os) here as PrintTo() doesn't
        -:  155:      // handle `elem` being a native array.
        -:  156:      internal::UniversalPrint(elem, os);
        -:  157:      ++count;
        -:  158:    }
        -:  159:
        -:  160:    if (count > 0) {
        -:  161:      *os << ' ';
        -:  162:    }
        -:  163:    *os << '}';
        -:  164:  }
        -:  165:};
        -:  166:
        -:  167:// Used to print a pointer that is neither a char pointer nor a member
        -:  168:// pointer, when the user doesn't define PrintTo() for it.  (A member
        -:  169:// variable pointer or member function pointer doesn't really point to
        -:  170:// a location in the address space.  Their representation is
        -:  171:// implementation-defined.  Therefore they will be printed as raw
        -:  172:// bytes.)
        -:  173:struct FunctionPointerPrinter {
        -:  174:  template <typename T, typename = typename std::enable_if<
        -:  175:                            std::is_function<T>::value>::type>
        -:  176:  static void PrintValue(T* p, ::std::ostream* os) {
        -:  177:    if (p == nullptr) {
        -:  178:      *os << "NULL";
        -:  179:    } else {
        -:  180:      // T is a function type, so '*os << p' doesn't do what we want
        -:  181:      // (it just prints p as bool).  We want to print p as a const
        -:  182:      // void*.
        -:  183:      *os << reinterpret_cast<const void*>(p);
        -:  184:    }
        -:  185:  }
        -:  186:};
        -:  187:
        -:  188:struct PointerPrinter {
        -:  189:  template <typename T>
    #####:  190:  static void PrintValue(T* p, ::std::ostream* os) {
    #####:  191:    if (p == nullptr) {
    #####:  192:      *os << "NULL";
        -:  193:    } else {
        -:  194:      // T is not a function type.  We just call << to print p,
        -:  195:      // relying on ADL to pick up user-defined << for their pointer
        -:  196:      // types, if any.
    #####:  197:      *os << p;
        -:  198:    }
    #####:  199:  }
------------------
_ZN7testing8internal14PointerPrinter10PrintValueI13NumberLiteralEEvPT_PSo:
function _ZN7testing8internal14PointerPrinter10PrintValueI13NumberLiteralEEvPT_PSo called 0 returned 0% blocks executed 0%
    #####:  190:  static void PrintValue(T* p, ::std::ostream* os) {
    #####:  191:    if (p == nullptr) {
    %%%%%:  191-block  0
branch  0 never executed (fallthrough)
branch  1 never executed
    #####:  192:      *os << "NULL";
    %%%%%:  192-block  0
call    0 never executed
        -:  193:    } else {
        -:  194:      // T is not a function type.  We just call << to print p,
        -:  195:      // relying on ADL to pick up user-defined << for their pointer
        -:  196:      // types, if any.
    #####:  197:      *os << p;
    %%%%%:  197-block  0
call    0 never executed
        -:  198:    }
    #####:  199:  }
------------------
_ZN7testing8internal14PointerPrinter10PrintValueI15FunctionLiteralEEvPT_PSo:
function _ZN7testing8internal14PointerPrinter10PrintValueI15FunctionLiteralEEvPT_PSo called 0 returned 0% blocks executed 0%
    #####:  190:  static void PrintValue(T* p, ::std::ostream* os) {
    #####:  191:    if (p == nullptr) {
    %%%%%:  191-block  0
branch  0 never executed (fallthrough)
branch  1 never executed
    #####:  192:      *os << "NULL";
    %%%%%:  192-block  0
call    0 never executed
        -:  193:    } else {
        -:  194:      // T is not a function type.  We just call << to print p,
        -:  195:      // relying on ADL to pick up user-defined << for their pointer
        -:  196:      // types, if any.
    #####:  197:      *os << p;
    %%%%%:  197-block  0
call    0 never executed
        -:  198:    }
    #####:  199:  }
------------------
_ZN7testing8internal14PointerPrinter10PrintValueI11BoolLiteralEEvPT_PSo:
function _ZN7testing8internal14PointerPrinter10PrintValueI11BoolLiteralEEvPT_PSo called 0 returned 0% blocks executed 0%
    #####:  190:  static void PrintValue(T* p, ::std::ostream* os) {
    #####:  191:    if (p == nullptr) {
    %%%%%:  191-block  0
branch  0 never executed (fallthrough)
branch  1 never executed
    #####:  192:      *os << "NULL";
    %%%%%:  192-block  0
call    0 never executed
        -:  193:    } else {
        -:  194:      // T is not a function type.  We just call << to print p,
        -:  195:      // relying on ADL to pick up user-defined << for their pointer
        -:  196:      // types, if any.
    #####:  197:      *os << p;
    %%%%%:  197-block  0
call    0 never executed
        -:  198:    }
    #####:  199:  }
------------------
_ZN7testing8internal14PointerPrinter10PrintValueI13StringLiteralEEvPT_PSo:
function _ZN7testing8internal14PointerPrinter10PrintValueI13StringLiteralEEvPT_PSo called 0 returned 0% blocks executed 0%
    #####:  190:  static void PrintValue(T* p, ::std::ostream* os) {
    #####:  191:    if (p == nullptr) {
    %%%%%:  191-block  0
branch  0 never executed (fallthrough)
branch  1 never executed
    #####:  192:      *os << "NULL";
    %%%%%:  192-block  0
call    0 never executed
        -:  193:    } else {
        -:  194:      // T is not a function type.  We just call << to print p,
        -:  195:      // relying on ADL to pick up user-defined << for their pointer
        -:  196:      // types, if any.
    #####:  197:      *os << p;
    %%%%%:  197-block  0
call    0 never executed
        -:  198:    }
    #####:  199:  }
------------------
_ZN7testing8internal14PointerPrinter10PrintValueI10IntLiteralEEvPT_PSo:
function _ZN7testing8internal14PointerPrinter10PrintValueI10IntLiteralEEvPT_PSo called 0 returned 0% blocks executed 0%
    #####:  190:  static void PrintValue(T* p, ::std::ostream* os) {
    #####:  191:    if (p == nullptr) {
    %%%%%:  191-block  0
branch  0 never executed (fallthrough)
branch  1 never executed
    #####:  192:      *os << "NULL";
    %%%%%:  192-block  0
call    0 never executed
        -:  193:    } else {
        -:  194:      // T is not a function type.  We just call << to print p,
        -:  195:      // relying on ADL to pick up user-defined << for their pointer
        -:  196:      // types, if any.
    #####:  197:      *os << p;
    %%%%%:  197-block  0
call    0 never executed
        -:  198:    }
    #####:  199:  }
------------------
        -:  200:};
        -:  201:
        -:  202:namespace internal_stream_operator_without_lexical_name_lookup {
        -:  203:
        -:  204:// The presence of an operator<< here will terminate lexical scope lookup
        -:  205:// straight away (even though it cannot be a match because of its argument
        -:  206:// types). Thus, the two operator<< calls in StreamPrinter will find only ADL
        -:  207:// candidates.
        -:  208:struct LookupBlocker {};
        -:  209:void operator<<(LookupBlocker, LookupBlocker);
        -:  210:
        -:  211:struct StreamPrinter {
        -:  212:  template <typename T,
        -:  213:            // Don't accept member pointers here. We'd print them via implicit
        -:  214:            // conversion to bool, which isn't useful.
        -:  215:            typename = typename std::enable_if<
        -:  216:                !std::is_member_pointer<T>::value>::type>
        -:  217:  // Only accept types for which we can find a streaming operator via
        -:  218:  // ADL (possibly involving implicit conversions).
        -:  219:  // (Use SFINAE via return type, because it seems GCC < 12 doesn't handle name
        -:  220:  // lookup properly when we do it in the template parameter list.)
    #####:  221:  static auto PrintValue(const T& value, ::std::ostream* os)
        -:  222:      -> decltype((void)(*os << value)) {
        -:  223:    // Call streaming operator found by ADL, possibly with implicit conversions
        -:  224:    // of the arguments.
    #####:  225:    *os << value;
    #####:  226:  }
------------------
_ZN7testing8internal52internal_stream_operator_without_lexical_name_lookup13StreamPrinter10PrintValueI7LiteralvEEDTcvvlsdefp0_fp_ERKT_PSo:
function _ZN7testing8internal52internal_stream_operator_without_lexical_name_lookup13StreamPrinter10PrintValueI7LiteralvEEDTcvvlsdefp0_fp_ERKT_PSo called 0 returned 0% blocks executed 0%
    #####:  221:  static auto PrintValue(const T& value, ::std::ostream* os)
        -:  222:      -> decltype((void)(*os << value)) {
        -:  223:    // Call streaming operator found by ADL, possibly with implicit conversions
        -:  224:    // of the arguments.
    #####:  225:    *os << value;
    %%%%%:  225-block  0
call    0 never executed
    #####:  226:  }
------------------
_ZN7testing8internal52internal_stream_operator_without_lexical_name_lookup13StreamPrinter10PrintValueIivEEDTcvvlsdefp0_fp_ERKT_PSo:
function _ZN7testing8internal52internal_stream_operator_without_lexical_name_lookup13StreamPrinter10PrintValueIivEEDTcvvlsdefp0_fp_ERKT_PSo called 0 returned 0% blocks executed 0%
    #####:  221:  static auto PrintValue(const T& value, ::std::ostream* os)
        -:  222:      -> decltype((void)(*os << value)) {
        -:  223:    // Call streaming operator found by ADL, possibly with implicit conversions
        -:  224:    // of the arguments.
    #####:  225:    *os << value;
    %%%%%:  225-block  0
call    0 never executed
    #####:  226:  }
------------------
_ZN7testing8internal52internal_stream_operator_without_lexical_name_lookup13StreamPrinter10PrintValueIyvEEDTcvvlsdefp0_fp_ERKT_PSo:
function _ZN7testing8internal52internal_stream_operator_without_lexical_name_lookup13StreamPrinter10PrintValueIyvEEDTcvvlsdefp0_fp_ERKT_PSo called 0 returned 0% blocks executed 0%
    #####:  221:  static auto PrintValue(const T& value, ::std::ostream* os)
        -:  222:      -> decltype((void)(*os << value)) {
        -:  223:    // Call streaming operator found by ADL, possibly with implicit conversions
        -:  224:    // of the arguments.
    #####:  225:    *os << value;
    %%%%%:  225-block  0
call    0 never executed
    #####:  226:  }
------------------
        -:  227:};
        -:  228:
        -:  229:}  // namespace internal_stream_operator_without_lexical_name_lookup
        -:  230:
        -:  231:struct ProtobufPrinter {
        -:  232:  // We print a protobuf using its ShortDebugString() when the string
        -:  233:  // doesn't exceed this many characters; otherwise we print it using
        -:  234:  // DebugString() for better readability.
        -:  235:  static const size_t kProtobufOneLinerMaxLength = 50;
        -:  236:
        -:  237:  template <typename T,
        -:  238:            typename = typename std::enable_if<
        -:  239:                internal::HasDebugStringAndShortDebugString<T>::value>::type>
        -:  240:  static void PrintValue(const T& value, ::std::ostream* os) {
        -:  241:    std::string pretty_str = value.ShortDebugString();
        -:  242:    if (pretty_str.length() > kProtobufOneLinerMaxLength) {
        -:  243:      pretty_str = "\n" + value.DebugString();
        -:  244:    }
        -:  245:    *os << ("<" + pretty_str + ">");
        -:  246:  }
        -:  247:};
        -:  248:
        -:  249:struct ConvertibleToIntegerPrinter {
        -:  250:  // Since T has no << operator or PrintTo() but can be implicitly
        -:  251:  // converted to BiggestInt, we print it as a BiggestInt.
        -:  252:  //
        -:  253:  // Most likely T is an enum type (either named or unnamed), in which
        -:  254:  // case printing it as an integer is the desired behavior.  In case
        -:  255:  // T is not an enum, printing it as an integer is the best we can do
        -:  256:  // given that it has no user-defined printer.
        -:  257:  static void PrintValue(internal::BiggestInt value, ::std::ostream* os) {
        -:  258:    *os << value;
        -:  259:  }
        -:  260:};
        -:  261:
        -:  262:struct ConvertibleToStringViewPrinter {
        -:  263:#if GTEST_INTERNAL_HAS_STRING_VIEW
        -:  264:  static void PrintValue(internal::StringView value, ::std::ostream* os) {
        -:  265:    internal::UniversalPrint(value, os);
        -:  266:  }
        -:  267:#endif
        -:  268:};
        -:  269:
        -:  270:#ifdef GTEST_HAS_ABSL
        -:  271:struct ConvertibleToAbslStringifyPrinter {
        -:  272:  template <
        -:  273:      typename T,
        -:  274:      typename = typename std::enable_if<
        -:  275:          absl::strings_internal::HasAbslStringify<T>::value>::type>  // NOLINT
        -:  276:  static void PrintValue(const T& value, ::std::ostream* os) {
        -:  277:    *os << absl::StrCat(value);
        -:  278:  }
        -:  279:};
        -:  280:#endif  // GTEST_HAS_ABSL
        -:  281:
        -:  282:// Prints the given number of bytes in the given object to the given
        -:  283:// ostream.
        -:  284:GTEST_API_ void PrintBytesInObjectTo(const unsigned char* obj_bytes,
        -:  285:                                     size_t count, ::std::ostream* os);
        -:  286:struct RawBytesPrinter {
        -:  287:  // SFINAE on `sizeof` to make sure we have a complete type.
        -:  288:  template <typename T, size_t = sizeof(T)>
        -:  289:  static void PrintValue(const T& value, ::std::ostream* os) {
        -:  290:    PrintBytesInObjectTo(
        -:  291:        static_cast<const unsigned char*>(
        -:  292:            // Load bearing cast to void* to support iOS
        -:  293:            reinterpret_cast<const void*>(std::addressof(value))),
        -:  294:        sizeof(value), os);
        -:  295:  }
        -:  296:};
        -:  297:
        -:  298:struct FallbackPrinter {
        -:  299:  template <typename T>
        -:  300:  static void PrintValue(const T&, ::std::ostream* os) {
        -:  301:    *os << "(incomplete type)";
        -:  302:  }
        -:  303:};
        -:  304:
        -:  305:// Try every printer in order and return the first one that works.
        -:  306:template <typename T, typename E, typename Printer, typename... Printers>
        -:  307:struct FindFirstPrinter : FindFirstPrinter<T, E, Printers...> {};
        -:  308:
        -:  309:template <typename T, typename Printer, typename... Printers>
        -:  310:struct FindFirstPrinter<
        -:  311:    T, decltype(Printer::PrintValue(std::declval<const T&>(), nullptr)),
        -:  312:    Printer, Printers...> {
        -:  313:  using type = Printer;
        -:  314:};
        -:  315:
        -:  316:// Select the best printer in the following order:
        -:  317://  - Print containers (they have begin/end/etc).
        -:  318://  - Print function pointers.
        -:  319://  - Print object pointers.
        -:  320://  - Print protocol buffers.
        -:  321://  - Use the stream operator, if available.
        -:  322://  - Print types convertible to BiggestInt.
        -:  323://  - Print types convertible to StringView, if available.
        -:  324://  - Fallback to printing the raw bytes of the object.
        -:  325:template <typename T>
    #####:  326:void PrintWithFallback(const T& value, ::std::ostream* os) {
        -:  327:  using Printer = typename FindFirstPrinter<
        -:  328:      T, void, ContainerPrinter, FunctionPointerPrinter, PointerPrinter,
        -:  329:      ProtobufPrinter,
        -:  330:#ifdef GTEST_HAS_ABSL
        -:  331:      ConvertibleToAbslStringifyPrinter,
        -:  332:#endif  // GTEST_HAS_ABSL
        -:  333:      internal_stream_operator_without_lexical_name_lookup::StreamPrinter,
        -:  334:      ConvertibleToIntegerPrinter, ConvertibleToStringViewPrinter,
        -:  335:      RawBytesPrinter, FallbackPrinter>::type;
    #####:  336:  Printer::PrintValue(value, os);
    #####:  337:}
------------------
_ZN7testing8internal17PrintWithFallbackI7LiteralEEvRKT_PSo:
function _ZN7testing8internal17PrintWithFallbackI7LiteralEEvRKT_PSo called 0 returned 0% blocks executed 0%
    #####:  326:void PrintWithFallback(const T& value, ::std::ostream* os) {
        -:  327:  using Printer = typename FindFirstPrinter<
        -:  328:      T, void, ContainerPrinter, FunctionPointerPrinter, PointerPrinter,
        -:  329:      ProtobufPrinter,
        -:  330:#ifdef GTEST_HAS_ABSL
        -:  331:      ConvertibleToAbslStringifyPrinter,
        -:  332:#endif  // GTEST_HAS_ABSL
        -:  333:      internal_stream_operator_without_lexical_name_lookup::StreamPrinter,
        -:  334:      ConvertibleToIntegerPrinter, ConvertibleToStringViewPrinter,
        -:  335:      RawBytesPrinter, FallbackPrinter>::type;
    #####:  336:  Printer::PrintValue(value, os);
    %%%%%:  336-block  0
call    0 never executed
    #####:  337:}
------------------
_ZN7testing8internal17PrintWithFallbackIiEEvRKT_PSo:
function _ZN7testing8internal17PrintWithFallbackIiEEvRKT_PSo called 0 returned 0% blocks executed 0%
    #####:  326:void PrintWithFallback(const T& value, ::std::ostream* os) {
        -:  327:  using Printer = typename FindFirstPrinter<
        -:  328:      T, void, ContainerPrinter, FunctionPointerPrinter, PointerPrinter,
        -:  329:      ProtobufPrinter,
        -:  330:#ifdef GTEST_HAS_ABSL
        -:  331:      ConvertibleToAbslStringifyPrinter,
        -:  332:#endif  // GTEST_HAS_ABSL
        -:  333:      internal_stream_operator_without_lexical_name_lookup::StreamPrinter,
        -:  334:      ConvertibleToIntegerPrinter, ConvertibleToStringViewPrinter,
        -:  335:      RawBytesPrinter, FallbackPrinter>::type;
    #####:  336:  Printer::PrintValue(value, os);
    %%%%%:  336-block  0
call    0 never executed
    #####:  337:}
------------------
_ZN7testing8internal17PrintWithFallbackIP13NumberLiteralEEvRKT_PSo:
function _ZN7testing8internal17PrintWithFallbackIP13NumberLiteralEEvRKT_PSo called 0 returned 0% blocks executed 0%
    #####:  326:void PrintWithFallback(const T& value, ::std::ostream* os) {
        -:  327:  using Printer = typename FindFirstPrinter<
        -:  328:      T, void, ContainerPrinter, FunctionPointerPrinter, PointerPrinter,
        -:  329:      ProtobufPrinter,
        -:  330:#ifdef GTEST_HAS_ABSL
        -:  331:      ConvertibleToAbslStringifyPrinter,
        -:  332:#endif  // GTEST_HAS_ABSL
        -:  333:      internal_stream_operator_without_lexical_name_lookup::StreamPrinter,
        -:  334:      ConvertibleToIntegerPrinter, ConvertibleToStringViewPrinter,
        -:  335:      RawBytesPrinter, FallbackPrinter>::type;
    #####:  336:  Printer::PrintValue(value, os);
    %%%%%:  336-block  0
call    0 never executed
    #####:  337:}
------------------
_ZN7testing8internal17PrintWithFallbackIP15FunctionLiteralEEvRKT_PSo:
function _ZN7testing8internal17PrintWithFallbackIP15FunctionLiteralEEvRKT_PSo called 0 returned 0% blocks executed 0%
    #####:  326:void PrintWithFallback(const T& value, ::std::ostream* os) {
        -:  327:  using Printer = typename FindFirstPrinter<
        -:  328:      T, void, ContainerPrinter, FunctionPointerPrinter, PointerPrinter,
        -:  329:      ProtobufPrinter,
        -:  330:#ifdef GTEST_HAS_ABSL
        -:  331:      ConvertibleToAbslStringifyPrinter,
        -:  332:#endif  // GTEST_HAS_ABSL
        -:  333:      internal_stream_operator_without_lexical_name_lookup::StreamPrinter,
        -:  334:      ConvertibleToIntegerPrinter, ConvertibleToStringViewPrinter,
        -:  335:      RawBytesPrinter, FallbackPrinter>::type;
    #####:  336:  Printer::PrintValue(value, os);
    %%%%%:  336-block  0
call    0 never executed
    #####:  337:}
------------------
_ZN7testing8internal17PrintWithFallbackIP11BoolLiteralEEvRKT_PSo:
function _ZN7testing8internal17PrintWithFallbackIP11BoolLiteralEEvRKT_PSo called 0 returned 0% blocks executed 0%
    #####:  326:void PrintWithFallback(const T& value, ::std::ostream* os) {
        -:  327:  using Printer = typename FindFirstPrinter<
        -:  328:      T, void, ContainerPrinter, FunctionPointerPrinter, PointerPrinter,
        -:  329:      ProtobufPrinter,
        -:  330:#ifdef GTEST_HAS_ABSL
        -:  331:      ConvertibleToAbslStringifyPrinter,
        -:  332:#endif  // GTEST_HAS_ABSL
        -:  333:      internal_stream_operator_without_lexical_name_lookup::StreamPrinter,
        -:  334:      ConvertibleToIntegerPrinter, ConvertibleToStringViewPrinter,
        -:  335:      RawBytesPrinter, FallbackPrinter>::type;
    #####:  336:  Printer::PrintValue(value, os);
    %%%%%:  336-block  0
call    0 never executed
    #####:  337:}
------------------
_ZN7testing8internal17PrintWithFallbackIP13StringLiteralEEvRKT_PSo:
function _ZN7testing8internal17PrintWithFallbackIP13StringLiteralEEvRKT_PSo called 0 returned 0% blocks executed 0%
    #####:  326:void PrintWithFallback(const T& value, ::std::ostream* os) {
        -:  327:  using Printer = typename FindFirstPrinter<
        -:  328:      T, void, ContainerPrinter, FunctionPointerPrinter, PointerPrinter,
        -:  329:      ProtobufPrinter,
        -:  330:#ifdef GTEST_HAS_ABSL
        -:  331:      ConvertibleToAbslStringifyPrinter,
        -:  332:#endif  // GTEST_HAS_ABSL
        -:  333:      internal_stream_operator_without_lexical_name_lookup::StreamPrinter,
        -:  334:      ConvertibleToIntegerPrinter, ConvertibleToStringViewPrinter,
        -:  335:      RawBytesPrinter, FallbackPrinter>::type;
    #####:  336:  Printer::PrintValue(value, os);
    %%%%%:  336-block  0
call    0 never executed
    #####:  337:}
------------------
_ZN7testing8internal17PrintWithFallbackIP10IntLiteralEEvRKT_PSo:
function _ZN7testing8internal17PrintWithFallbackIP10IntLiteralEEvRKT_PSo called 0 returned 0% blocks executed 0%
    #####:  326:void PrintWithFallback(const T& value, ::std::ostream* os) {
        -:  327:  using Printer = typename FindFirstPrinter<
        -:  328:      T, void, ContainerPrinter, FunctionPointerPrinter, PointerPrinter,
        -:  329:      ProtobufPrinter,
        -:  330:#ifdef GTEST_HAS_ABSL
        -:  331:      ConvertibleToAbslStringifyPrinter,
        -:  332:#endif  // GTEST_HAS_ABSL
        -:  333:      internal_stream_operator_without_lexical_name_lookup::StreamPrinter,
        -:  334:      ConvertibleToIntegerPrinter, ConvertibleToStringViewPrinter,
        -:  335:      RawBytesPrinter, FallbackPrinter>::type;
    #####:  336:  Printer::PrintValue(value, os);
    %%%%%:  336-block  0
call    0 never executed
    #####:  337:}
------------------
_ZN7testing8internal17PrintWithFallbackIyEEvRKT_PSo:
function _ZN7testing8internal17PrintWithFallbackIyEEvRKT_PSo called 0 returned 0% blocks executed 0%
    #####:  326:void PrintWithFallback(const T& value, ::std::ostream* os) {
        -:  327:  using Printer = typename FindFirstPrinter<
        -:  328:      T, void, ContainerPrinter, FunctionPointerPrinter, PointerPrinter,
        -:  329:      ProtobufPrinter,
        -:  330:#ifdef GTEST_HAS_ABSL
        -:  331:      ConvertibleToAbslStringifyPrinter,
        -:  332:#endif  // GTEST_HAS_ABSL
        -:  333:      internal_stream_operator_without_lexical_name_lookup::StreamPrinter,
        -:  334:      ConvertibleToIntegerPrinter, ConvertibleToStringViewPrinter,
        -:  335:      RawBytesPrinter, FallbackPrinter>::type;
    #####:  336:  Printer::PrintValue(value, os);
    %%%%%:  336-block  0
call    0 never executed
    #####:  337:}
------------------
        -:  338:
        -:  339:// FormatForComparison<ToPrint, OtherOperand>::Format(value) formats a
        -:  340:// value of type ToPrint that is an operand of a comparison assertion
        -:  341:// (e.g. ASSERT_EQ).  OtherOperand is the type of the other operand in
        -:  342:// the comparison, and is used to help determine the best way to
        -:  343:// format the value.  In particular, when the value is a C string
        -:  344:// (char pointer) and the other operand is an STL string object, we
        -:  345:// want to format the C string as a string, since we know it is
        -:  346:// compared by value with the string object.  If the value is a char
        -:  347:// pointer but the other operand is not an STL string object, we don't
        -:  348:// know whether the pointer is supposed to point to a NUL-terminated
        -:  349:// string, and thus want to print it as a pointer to be safe.
        -:  350://
        -:  351:// INTERNAL IMPLEMENTATION - DO NOT USE IN A USER PROGRAM.
        -:  352:
        -:  353:// The default case.
        -:  354:template <typename ToPrint, typename OtherOperand>
        -:  355:class FormatForComparison {
        -:  356: public:
    #####:  357:  static ::std::string Format(const ToPrint& value) {
    #####:  358:    return ::testing::PrintToString(value);
        -:  359:  }
------------------
_ZN7testing8internal19FormatForComparisonIP15FunctionLiteralDnE6FormatB5cxx11ERKS3_:
function _ZN7testing8internal19FormatForComparisonIP15FunctionLiteralDnE6FormatB5cxx11ERKS3_ called 0 returned 0% blocks executed 0%
    #####:  357:  static ::std::string Format(const ToPrint& value) {
    #####:  358:    return ::testing::PrintToString(value);
    %%%%%:  358-block  0
call    0 never executed
        -:  359:  }
------------------
_ZN7testing8internal19FormatForComparisonIyyE6FormatB5cxx11ERKy:
function _ZN7testing8internal19FormatForComparisonIyyE6FormatB5cxx11ERKy called 0 returned 0% blocks executed 0%
    #####:  357:  static ::std::string Format(const ToPrint& value) {
    #####:  358:    return ::testing::PrintToString(value);
    %%%%%:  358-block  0
call    0 never executed
        -:  359:  }
------------------
_ZN7testing8internal19FormatForComparisonISt10unique_ptrI7LiteralSt14default_deleteIS3_EEDnE6FormatB5cxx11ERKS6_:
function _ZN7testing8internal19FormatForComparisonISt10unique_ptrI7LiteralSt14default_deleteIS3_EEDnE6FormatB5cxx11ERKS6_ called 0 returned 0% blocks executed 0%
    #####:  357:  static ::std::string Format(const ToPrint& value) {
    #####:  358:    return ::testing::PrintToString(value);
    %%%%%:  358-block  0
call    0 never executed
        -:  359:  }
------------------
_ZN7testing8internal19FormatForComparisonIDnSt10unique_ptrI7LiteralSt14default_deleteIS3_EEE6FormatB5cxx11ERKDn:
function _ZN7testing8internal19FormatForComparisonIDnSt10unique_ptrI7LiteralSt14default_deleteIS3_EEE6FormatB5cxx11ERKDn called 0 returned 0% blocks executed 0%
    #####:  357:  static ::std::string Format(const ToPrint& value) {
    #####:  358:    return ::testing::PrintToString(value);
    %%%%%:  358-block  0
call    0 never executed
        -:  359:  }
------------------
_ZN7testing8internal19FormatForComparisonIP10IntLiteralDnE6FormatB5cxx11ERKS3_:
function _ZN7testing8internal19FormatForComparisonIP10IntLiteralDnE6FormatB5cxx11ERKS3_ called 0 returned 0% blocks executed 0%
    #####:  357:  static ::std::string Format(const ToPrint& value) {
    #####:  358:    return ::testing::PrintToString(value);
    %%%%%:  358-block  0
call    0 never executed
        -:  359:  }
------------------
_ZN7testing8internal19FormatForComparisonIDnP10IntLiteralE6FormatB5cxx11ERKDn:
function _ZN7testing8internal19FormatForComparisonIDnP10IntLiteralE6FormatB5cxx11ERKDn called 0 returned 0% blocks executed 0%
    #####:  357:  static ::std::string Format(const ToPrint& value) {
    #####:  358:    return ::testing::PrintToString(value);
    %%%%%:  358-block  0
call    0 never executed
        -:  359:  }
------------------
_ZN7testing8internal19FormatForComparisonIP13StringLiteralDnE6FormatB5cxx11ERKS3_:
function _ZN7testing8internal19FormatForComparisonIP13StringLiteralDnE6FormatB5cxx11ERKS3_ called 0 returned 0% blocks executed 0%
    #####:  357:  static ::std::string Format(const ToPrint& value) {
    #####:  358:    return ::testing::PrintToString(value);
    %%%%%:  358-block  0
call    0 never executed
        -:  359:  }
------------------
_ZN7testing8internal19FormatForComparisonIDnP13StringLiteralE6FormatB5cxx11ERKDn:
function _ZN7testing8internal19FormatForComparisonIDnP13StringLiteralE6FormatB5cxx11ERKDn called 0 returned 0% blocks executed 0%
    #####:  357:  static ::std::string Format(const ToPrint& value) {
    #####:  358:    return ::testing::PrintToString(value);
    %%%%%:  358-block  0
call    0 never executed
        -:  359:  }
------------------
_ZN7testing8internal19FormatForComparisonIP11BoolLiteralDnE6FormatB5cxx11ERKS3_:
function _ZN7testing8internal19FormatForComparisonIP11BoolLiteralDnE6FormatB5cxx11ERKS3_ called 0 returned 0% blocks executed 0%
    #####:  357:  static ::std::string Format(const ToPrint& value) {
    #####:  358:    return ::testing::PrintToString(value);
    %%%%%:  358-block  0
call    0 never executed
        -:  359:  }
------------------
_ZN7testing8internal19FormatForComparisonIDnP11BoolLiteralE6FormatB5cxx11ERKDn:
function _ZN7testing8internal19FormatForComparisonIDnP11BoolLiteralE6FormatB5cxx11ERKDn called 0 returned 0% blocks executed 0%
    #####:  357:  static ::std::string Format(const ToPrint& value) {
    #####:  358:    return ::testing::PrintToString(value);
    %%%%%:  358-block  0
call    0 never executed
        -:  359:  }
------------------
_ZN7testing8internal19FormatForComparisonIbdE6FormatB5cxx11ERKb:
function _ZN7testing8internal19FormatForComparisonIbdE6FormatB5cxx11ERKb called 0 returned 0% blocks executed 0%
    #####:  357:  static ::std::string Format(const ToPrint& value) {
    #####:  358:    return ::testing::PrintToString(value);
    %%%%%:  358-block  0
call    0 never executed
        -:  359:  }
------------------
_ZN7testing8internal19FormatForComparisonIDnP15FunctionLiteralE6FormatB5cxx11ERKDn:
function _ZN7testing8internal19FormatForComparisonIDnP15FunctionLiteralE6FormatB5cxx11ERKDn called 0 returned 0% blocks executed 0%
    #####:  357:  static ::std::string Format(const ToPrint& value) {
    #####:  358:    return ::testing::PrintToString(value);
    %%%%%:  358-block  0
call    0 never executed
        -:  359:  }
------------------
_ZN7testing8internal19FormatForComparisonIP13NumberLiteralDnE6FormatB5cxx11ERKS3_:
function _ZN7testing8internal19FormatForComparisonIP13NumberLiteralDnE6FormatB5cxx11ERKS3_ called 0 returned 0% blocks executed 0%
    #####:  357:  static ::std::string Format(const ToPrint& value) {
    #####:  358:    return ::testing::PrintToString(value);
    %%%%%:  358-block  0
call    0 never executed
        -:  359:  }
------------------
_ZN7testing8internal19FormatForComparisonIDnP13NumberLiteralE6FormatB5cxx11ERKDn:
function _ZN7testing8internal19FormatForComparisonIDnP13NumberLiteralE6FormatB5cxx11ERKDn called 0 returned 0% blocks executed 0%
    #####:  357:  static ::std::string Format(const ToPrint& value) {
    #####:  358:    return ::testing::PrintToString(value);
    %%%%%:  358-block  0
call    0 never executed
        -:  359:  }
------------------
_ZN7testing8internal19FormatForComparisonIdiE6FormatB5cxx11ERKd:
function _ZN7testing8internal19FormatForComparisonIdiE6FormatB5cxx11ERKd called 0 returned 0% blocks executed 0%
    #####:  357:  static ::std::string Format(const ToPrint& value) {
    #####:  358:    return ::testing::PrintToString(value);
    %%%%%:  358-block  0
call    0 never executed
        -:  359:  }
------------------
_ZN7testing8internal19FormatForComparisonIidE6FormatB5cxx11ERKi:
function _ZN7testing8internal19FormatForComparisonIidE6FormatB5cxx11ERKi called 0 returned 0% blocks executed 0%
    #####:  357:  static ::std::string Format(const ToPrint& value) {
    #####:  358:    return ::testing::PrintToString(value);
    %%%%%:  358-block  0
call    0 never executed
        -:  359:  }
------------------
_ZN7testing8internal19FormatForComparisonINSt7__cxx1112basic_stringIcSt11char_traitsIcESaIcEEEA11_cE6FormatERKS7_:
function _ZN7testing8internal19FormatForComparisonINSt7__cxx1112basic_stringIcSt11char_traitsIcESaIcEEEA11_cE6FormatERKS7_ called 0 returned 0% blocks executed 0%
    #####:  357:  static ::std::string Format(const ToPrint& value) {
    #####:  358:    return ::testing::PrintToString(value);
    %%%%%:  358-block  0
call    0 never executed
        -:  359:  }
------------------
_ZN7testing8internal19FormatForComparisonIbbE6FormatB5cxx11ERKb:
function _ZN7testing8internal19FormatForComparisonIbbE6FormatB5cxx11ERKb called 0 returned 0% blocks executed 0%
    #####:  357:  static ::std::string Format(const ToPrint& value) {
    #####:  358:    return ::testing::PrintToString(value);
    %%%%%:  358-block  0
call    0 never executed
        -:  359:  }
------------------
_ZN7testing8internal19FormatForComparisonIdbE6FormatB5cxx11ERKd:
function _ZN7testing8internal19FormatForComparisonIdbE6FormatB5cxx11ERKd called 0 returned 0% blocks executed 0%
    #####:  357:  static ::std::string Format(const ToPrint& value) {
    #####:  358:    return ::testing::PrintToString(value);
    %%%%%:  358-block  0
call    0 never executed
        -:  359:  }
------------------
        -:  360:};
        -:  361:
        -:  362:// Array.
        -:  363:template <typename ToPrint, size_t N, typename OtherOperand>
        -:  364:class FormatForComparison<ToPrint[N], OtherOperand> {
        -:  365: public:
function _ZN7testing8internal19FormatForComparisonIA11_cNSt7__cxx1112basic_stringIcSt11char_traitsIcESaIcEEEE6FormatEPKc called 0 returned 0% blocks executed 0%
    #####:  366:  static ::std::string Format(const ToPrint* value) {
    #####:  367:    return FormatForComparison<const ToPrint*, OtherOperand>::Format(value);
    %%%%%:  367-block  0
call    0 never executed
        -:  368:  }
        -:  369:};
        -:  370:
        -:  371:// By default, print C string as pointers to be safe, as we don't know
        -:  372:// whether they actually point to a NUL-terminated string.
        -:  373:
        -:  374:#define GTEST_IMPL_FORMAT_C_STRING_AS_POINTER_(CharType)                \
        -:  375:  template <typename OtherOperand>                                      \
        -:  376:  class FormatForComparison<CharType*, OtherOperand> {                  \
        -:  377:   public:                                                              \
        -:  378:    static ::std::string Format(CharType* value) {                      \
        -:  379:      return ::testing::PrintToString(static_cast<const void*>(value)); \
        -:  380:    }                                                                   \
        -:  381:  }
        -:  382:
        -:  383:GTEST_IMPL_FORMAT_C_STRING_AS_POINTER_(char);
        -:  384:GTEST_IMPL_FORMAT_C_STRING_AS_POINTER_(const char);
        -:  385:GTEST_IMPL_FORMAT_C_STRING_AS_POINTER_(wchar_t);
        -:  386:GTEST_IMPL_FORMAT_C_STRING_AS_POINTER_(const wchar_t);
        -:  387:#ifdef __cpp_lib_char8_t
        -:  388:GTEST_IMPL_FORMAT_C_STRING_AS_POINTER_(char8_t);
        -:  389:GTEST_IMPL_FORMAT_C_STRING_AS_POINTER_(const char8_t);
        -:  390:#endif
        -:  391:GTEST_IMPL_FORMAT_C_STRING_AS_POINTER_(char16_t);
        -:  392:GTEST_IMPL_FORMAT_C_STRING_AS_POINTER_(const char16_t);
        -:  393:GTEST_IMPL_FORMAT_C_STRING_AS_POINTER_(char32_t);
        -:  394:GTEST_IMPL_FORMAT_C_STRING_AS_POINTER_(const char32_t);
        -:  395:
        -:  396:#undef GTEST_IMPL_FORMAT_C_STRING_AS_POINTER_
        -:  397:
        -:  398:// If a C string is compared with an STL string object, we know it's meant
        -:  399:// to point to a NUL-terminated string, and thus can print it as a string.
        -:  400:
        -:  401:#define GTEST_IMPL_FORMAT_C_STRING_AS_STRING_(CharType, OtherStringType) \
        -:  402:  template <>                                                            \
        -:  403:  class FormatForComparison<CharType*, OtherStringType> {                \
        -:  404:   public:                                                               \
        -:  405:    static ::std::string Format(CharType* value) {                       \
        -:  406:      return ::testing::PrintToString(value);                            \
        -:  407:    }                                                                    \
        -:  408:  }
        -:  409:
        -:  410:GTEST_IMPL_FORMAT_C_STRING_AS_STRING_(char, ::std::string);
function _ZN7testing8internal19FormatForComparisonIPKcNSt7__cxx1112basic_stringIcSt11char_traitsIcESaIcEEEE6FormatES3_ called 0 returned 0% blocks executed 0%
    #####:  411:GTEST_IMPL_FORMAT_C_STRING_AS_STRING_(const char, ::std::string);
    %%%%%:  411-block  0
call    0 never executed
        -:  412:#ifdef __cpp_lib_char8_t
        -:  413:GTEST_IMPL_FORMAT_C_STRING_AS_STRING_(char8_t, ::std::u8string);
        -:  414:GTEST_IMPL_FORMAT_C_STRING_AS_STRING_(const char8_t, ::std::u8string);
        -:  415:#endif
        -:  416:GTEST_IMPL_FORMAT_C_STRING_AS_STRING_(char16_t, ::std::u16string);
        -:  417:GTEST_IMPL_FORMAT_C_STRING_AS_STRING_(const char16_t, ::std::u16string);
        -:  418:GTEST_IMPL_FORMAT_C_STRING_AS_STRING_(char32_t, ::std::u32string);
        -:  419:GTEST_IMPL_FORMAT_C_STRING_AS_STRING_(const char32_t, ::std::u32string);
        -:  420:
        -:  421:#if GTEST_HAS_STD_WSTRING
        -:  422:GTEST_IMPL_FORMAT_C_STRING_AS_STRING_(wchar_t, ::std::wstring);
        -:  423:GTEST_IMPL_FORMAT_C_STRING_AS_STRING_(const wchar_t, ::std::wstring);
        -:  424:#endif
        -:  425:
        -:  426:#undef GTEST_IMPL_FORMAT_C_STRING_AS_STRING_
        -:  427:
        -:  428:// Formats a comparison assertion (e.g. ASSERT_EQ, EXPECT_LT, and etc)
        -:  429:// operand to be used in a failure message.  The type (but not value)
        -:  430:// of the other operand may affect the format.  This allows us to
        -:  431:// print a char* as a raw pointer when it is compared against another
        -:  432:// char* or void*, and print it as a C string when it is compared
        -:  433:// against an std::string object, for example.
        -:  434://
        -:  435:// INTERNAL IMPLEMENTATION - DO NOT USE IN A USER PROGRAM.
        -:  436:template <typename T1, typename T2>
    #####:  437:std::string FormatForComparisonFailureMessage(const T1& value,
        -:  438:                                              const T2& /* other_operand */) {
    #####:  439:  return FormatForComparison<T1, T2>::Format(value);
        -:  440:}
------------------
_ZN7testing8internal33FormatForComparisonFailureMessageIP15FunctionLiteralDnEENSt7__cxx1112basic_stringIcSt11char_traitsIcESaIcEEERKT_RKT0_:
function _ZN7testing8internal33FormatForComparisonFailureMessageIP15FunctionLiteralDnEENSt7__cxx1112basic_stringIcSt11char_traitsIcESaIcEEERKT_RKT0_ called 0 returned 0% blocks executed 0%
    #####:  437:std::string FormatForComparisonFailureMessage(const T1& value,
        -:  438:                                              const T2& /* other_operand */) {
    #####:  439:  return FormatForComparison<T1, T2>::Format(value);
    %%%%%:  439-block  0
call    0 never executed
        -:  440:}
------------------
_ZN7testing8internal33FormatForComparisonFailureMessageIyyEENSt7__cxx1112basic_stringIcSt11char_traitsIcESaIcEEERKT_RKT0_:
function _ZN7testing8internal33FormatForComparisonFailureMessageIyyEENSt7__cxx1112basic_stringIcSt11char_traitsIcESaIcEEERKT_RKT0_ called 0 returned 0% blocks executed 0%
    #####:  437:std::string FormatForComparisonFailureMessage(const T1& value,
        -:  438:                                              const T2& /* other_operand */) {
    #####:  439:  return FormatForComparison<T1, T2>::Format(value);
    %%%%%:  439-block  0
call    0 never executed
        -:  440:}
------------------
_ZN7testing8internal33FormatForComparisonFailureMessageISt10unique_ptrI7LiteralSt14default_deleteIS3_EEDnEENSt7__cxx1112basic_stringIcSt11char_traitsIcESaIcEEERKT_RKT0_:
function _ZN7testing8internal33FormatForComparisonFailureMessageISt10unique_ptrI7LiteralSt14default_deleteIS3_EEDnEENSt7__cxx1112basic_stringIcSt11char_traitsIcESaIcEEERKT_RKT0_ called 0 returned 0% blocks executed 0%
    #####:  437:std::string FormatForComparisonFailureMessage(const T1& value,
        -:  438:                                              const T2& /* other_operand */) {
    #####:  439:  return FormatForComparison<T1, T2>::Format(value);
    %%%%%:  439-block  0
call    0 never executed
        -:  440:}
------------------
_ZN7testing8internal33FormatForComparisonFailureMessageIDnSt10unique_ptrI7LiteralSt14default_deleteIS3_EEEENSt7__cxx1112basic_stringIcSt11char_traitsIcESaIcEEERKT_RKT0_:
function _ZN7testing8internal33FormatForComparisonFailureMessageIDnSt10unique_ptrI7LiteralSt14default_deleteIS3_EEEENSt7__cxx1112basic_stringIcSt11char_traitsIcESaIcEEERKT_RKT0_ called 0 returned 0% blocks executed 0%
    #####:  437:std::string FormatForComparisonFailureMessage(const T1& value,
        -:  438:                                              const T2& /* other_operand */) {
    #####:  439:  return FormatForComparison<T1, T2>::Format(value);
    %%%%%:  439-block  0
call    0 never executed
        -:  440:}
------------------
_ZN7testing8internal33FormatForComparisonFailureMessageIP10IntLiteralDnEENSt7__cxx1112basic_stringIcSt11char_traitsIcESaIcEEERKT_RKT0_:
function _ZN7testing8internal33FormatForComparisonFailureMessageIP10IntLiteralDnEENSt7__cxx1112basic_stringIcSt11char_traitsIcESaIcEEERKT_RKT0_ called 0 returned 0% blocks executed 0%
    #####:  437:std::string FormatForComparisonFailureMessage(const T1& value,
        -:  438:                                              const T2& /* other_operand */) {
    #####:  439:  return FormatForComparison<T1, T2>::Format(value);
    %%%%%:  439-block  0
call    0 never executed
        -:  440:}
------------------
_ZN7testing8internal33FormatForComparisonFailureMessageIDnP10IntLiteralEENSt7__cxx1112basic_stringIcSt11char_traitsIcESaIcEEERKT_RKT0_:
function _ZN7testing8internal33FormatForComparisonFailureMessageIDnP10IntLiteralEENSt7__cxx1112basic_stringIcSt11char_traitsIcESaIcEEERKT_RKT0_ called 0 returned 0% blocks executed 0%
    #####:  437:std::string FormatForComparisonFailureMessage(const T1& value,
        -:  438:                                              const T2& /* other_operand */) {
    #####:  439:  return FormatForComparison<T1, T2>::Format(value);
    %%%%%:  439-block  0
call    0 never executed
        -:  440:}
------------------
_ZN7testing8internal33FormatForComparisonFailureMessageIP13StringLiteralDnEENSt7__cxx1112basic_stringIcSt11char_traitsIcESaIcEEERKT_RKT0_:
function _ZN7testing8internal33FormatForComparisonFailureMessageIP13StringLiteralDnEENSt7__cxx1112basic_stringIcSt11char_traitsIcESaIcEEERKT_RKT0_ called 0 returned 0% blocks executed 0%
    #####:  437:std::string FormatForComparisonFailureMessage(const T1& value,
        -:  438:                                              const T2& /* other_operand */) {
    #####:  439:  return FormatForComparison<T1, T2>::Format(value);
    %%%%%:  439-block  0
call    0 never executed
        -:  440:}
------------------
_ZN7testing8internal33FormatForComparisonFailureMessageIDnP13StringLiteralEENSt7__cxx1112basic_stringIcSt11char_traitsIcESaIcEEERKT_RKT0_:
function _ZN7testing8internal33FormatForComparisonFailureMessageIDnP13StringLiteralEENSt7__cxx1112basic_stringIcSt11char_traitsIcESaIcEEERKT_RKT0_ called 0 returned 0% blocks executed 0%
    #####:  437:std::string FormatForComparisonFailureMessage(const T1& value,
        -:  438:                                              const T2& /* other_operand */) {
    #####:  439:  return FormatForComparison<T1, T2>::Format(value);
    %%%%%:  439-block  0
call    0 never executed
        -:  440:}
------------------
_ZN7testing8internal33FormatForComparisonFailureMessageIP11BoolLiteralDnEENSt7__cxx1112basic_stringIcSt11char_traitsIcESaIcEEERKT_RKT0_:
function _ZN7testing8internal33FormatForComparisonFailureMessageIP11BoolLiteralDnEENSt7__cxx1112basic_stringIcSt11char_traitsIcESaIcEEERKT_RKT0_ called 0 returned 0% blocks executed 0%
    #####:  437:std::string FormatForComparisonFailureMessage(const T1& value,
        -:  438:                                              const T2& /* other_operand */) {
    #####:  439:  return FormatForComparison<T1, T2>::Format(value);
    %%%%%:  439-block  0
call    0 never executed
        -:  440:}
------------------
_ZN7testing8internal33FormatForComparisonFailureMessageIDnP11BoolLiteralEENSt7__cxx1112basic_stringIcSt11char_traitsIcESaIcEEERKT_RKT0_:
function _ZN7testing8internal33FormatForComparisonFailureMessageIDnP11BoolLiteralEENSt7__cxx1112basic_stringIcSt11char_traitsIcESaIcEEERKT_RKT0_ called 0 returned 0% blocks executed 0%
    #####:  437:std::string FormatForComparisonFailureMessage(const T1& value,
        -:  438:                                              const T2& /* other_operand */) {
    #####:  439:  return FormatForComparison<T1, T2>::Format(value);
    %%%%%:  439-block  0
call    0 never executed
        -:  440:}
------------------
_ZN7testing8internal33FormatForComparisonFailureMessageIbdEENSt7__cxx1112basic_stringIcSt11char_traitsIcESaIcEEERKT_RKT0_:
function _ZN7testing8internal33FormatForComparisonFailureMessageIbdEENSt7__cxx1112basic_stringIcSt11char_traitsIcESaIcEEERKT_RKT0_ called 0 returned 0% blocks executed 0%
    #####:  437:std::string FormatForComparisonFailureMessage(const T1& value,
        -:  438:                                              const T2& /* other_operand */) {
    #####:  439:  return FormatForComparison<T1, T2>::Format(value);
    %%%%%:  439-block  0
call    0 never executed
        -:  440:}
------------------
_ZN7testing8internal33FormatForComparisonFailureMessageIDnP15FunctionLiteralEENSt7__cxx1112basic_stringIcSt11char_traitsIcESaIcEEERKT_RKT0_:
function _ZN7testing8internal33FormatForComparisonFailureMessageIDnP15FunctionLiteralEENSt7__cxx1112basic_stringIcSt11char_traitsIcESaIcEEERKT_RKT0_ called 0 returned 0% blocks executed 0%
    #####:  437:std::string FormatForComparisonFailureMessage(const T1& value,
        -:  438:                                              const T2& /* other_operand */) {
    #####:  439:  return FormatForComparison<T1, T2>::Format(value);
    %%%%%:  439-block  0
call    0 never executed
        -:  440:}
------------------
_ZN7testing8internal33FormatForComparisonFailureMessageIP13NumberLiteralDnEENSt7__cxx1112basic_stringIcSt11char_traitsIcESaIcEEERKT_RKT0_:
function _ZN7testing8internal33FormatForComparisonFailureMessageIP13NumberLiteralDnEENSt7__cxx1112basic_stringIcSt11char_traitsIcESaIcEEERKT_RKT0_ called 0 returned 0% blocks executed 0%
    #####:  437:std::string FormatForComparisonFailureMessage(const T1& value,
        -:  438:                                              const T2& /* other_operand */) {
    #####:  439:  return FormatForComparison<T1, T2>::Format(value);
    %%%%%:  439-block  0
call    0 never executed
        -:  440:}
------------------
_ZN7testing8internal33FormatForComparisonFailureMessageIDnP13NumberLiteralEENSt7__cxx1112basic_stringIcSt11char_traitsIcESaIcEEERKT_RKT0_:
function _ZN7testing8internal33FormatForComparisonFailureMessageIDnP13NumberLiteralEENSt7__cxx1112basic_stringIcSt11char_traitsIcESaIcEEERKT_RKT0_ called 0 returned 0% blocks executed 0%
    #####:  437:std::string FormatForComparisonFailureMessage(const T1& value,
        -:  438:                                              const T2& /* other_operand */) {
    #####:  439:  return FormatForComparison<T1, T2>::Format(value);
    %%%%%:  439-block  0
call    0 never executed
        -:  440:}
------------------
_ZN7testing8internal33FormatForComparisonFailureMessageIdiEENSt7__cxx1112basic_stringIcSt11char_traitsIcESaIcEEERKT_RKT0_:
function _ZN7testing8internal33FormatForComparisonFailureMessageIdiEENSt7__cxx1112basic_stringIcSt11char_traitsIcESaIcEEERKT_RKT0_ called 0 returned 0% blocks executed 0%
    #####:  437:std::string FormatForComparisonFailureMessage(const T1& value,
        -:  438:                                              const T2& /* other_operand */) {
    #####:  439:  return FormatForComparison<T1, T2>::Format(value);
    %%%%%:  439-block  0
call    0 never executed
        -:  440:}
------------------
_ZN7testing8internal33FormatForComparisonFailureMessageIidEENSt7__cxx1112basic_stringIcSt11char_traitsIcESaIcEEERKT_RKT0_:
function _ZN7testing8internal33FormatForComparisonFailureMessageIidEENSt7__cxx1112basic_stringIcSt11char_traitsIcESaIcEEERKT_RKT0_ called 0 returned 0% blocks executed 0%
    #####:  437:std::string FormatForComparisonFailureMessage(const T1& value,
        -:  438:                                              const T2& /* other_operand */) {
    #####:  439:  return FormatForComparison<T1, T2>::Format(value);
    %%%%%:  439-block  0
call    0 never executed
        -:  440:}
------------------
_ZN7testing8internal33FormatForComparisonFailureMessageINSt7__cxx1112basic_stringIcSt11char_traitsIcESaIcEEEA11_cEES7_RKT_RKT0_:
function _ZN7testing8internal33FormatForComparisonFailureMessageINSt7__cxx1112basic_stringIcSt11char_traitsIcESaIcEEEA11_cEES7_RKT_RKT0_ called 0 returned 0% blocks executed 0%
    #####:  437:std::string FormatForComparisonFailureMessage(const T1& value,
        -:  438:                                              const T2& /* other_operand */) {
    #####:  439:  return FormatForComparison<T1, T2>::Format(value);
    %%%%%:  439-block  0
call    0 never executed
        -:  440:}
------------------
_ZN7testing8internal33FormatForComparisonFailureMessageIA11_cNSt7__cxx1112basic_stringIcSt11char_traitsIcESaIcEEEEES8_RKT_RKT0_:
function _ZN7testing8internal33FormatForComparisonFailureMessageIA11_cNSt7__cxx1112basic_stringIcSt11char_traitsIcESaIcEEEEES8_RKT_RKT0_ called 0 returned 0% blocks executed 0%
    #####:  437:std::string FormatForComparisonFailureMessage(const T1& value,
        -:  438:                                              const T2& /* other_operand */) {
    #####:  439:  return FormatForComparison<T1, T2>::Format(value);
    %%%%%:  439-block  0
call    0 never executed
        -:  440:}
------------------
_ZN7testing8internal33FormatForComparisonFailureMessageIbbEENSt7__cxx1112basic_stringIcSt11char_traitsIcESaIcEEERKT_RKT0_:
function _ZN7testing8internal33FormatForComparisonFailureMessageIbbEENSt7__cxx1112basic_stringIcSt11char_traitsIcESaIcEEERKT_RKT0_ called 0 returned 0% blocks executed 0%
    #####:  437:std::string FormatForComparisonFailureMessage(const T1& value,
        -:  438:                                              const T2& /* other_operand */) {
    #####:  439:  return FormatForComparison<T1, T2>::Format(value);
    %%%%%:  439-block  0
call    0 never executed
        -:  440:}
------------------
_ZN7testing8internal33FormatForComparisonFailureMessageIdbEENSt7__cxx1112basic_stringIcSt11char_traitsIcESaIcEEERKT_RKT0_:
function _ZN7testing8internal33FormatForComparisonFailureMessageIdbEENSt7__cxx1112basic_stringIcSt11char_traitsIcESaIcEEERKT_RKT0_ called 0 returned 0% blocks executed 0%
    #####:  437:std::string FormatForComparisonFailureMessage(const T1& value,
        -:  438:                                              const T2& /* other_operand */) {
    #####:  439:  return FormatForComparison<T1, T2>::Format(value);
    %%%%%:  439-block  0
call    0 never executed
        -:  440:}
------------------
        -:  441:
        -:  442:// UniversalPrinter<T>::Print(value, ostream_ptr) prints the given
        -:  443:// value to the given ostream.  The caller must ensure that
        -:  444:// 'ostream_ptr' is not NULL, or the behavior is undefined.
        -:  445://
        -:  446:// We define UniversalPrinter as a class template (as opposed to a
        -:  447:// function template), as we need to partially specialize it for
        -:  448:// reference types, which cannot be done with function templates.
        -:  449:template <typename T>
        -:  450:class UniversalPrinter;
        -:  451:
        -:  452:// Prints the given value using the << operator if it has one;
        -:  453:// otherwise prints the bytes in it.  This is what
        -:  454:// UniversalPrinter<T>::Print() does when PrintTo() is not specialized
        -:  455:// or overloaded for type T.
        -:  456://
        -:  457:// A user can override this behavior for a class type Foo by defining
        -:  458:// an overload of PrintTo() in the namespace where Foo is defined.  We
        -:  459:// give the user this option as sometimes defining a << operator for
        -:  460:// Foo is not desirable (e.g. the coding style may prevent doing it,
        -:  461:// or there is already a << operator but it doesn't do what the user
        -:  462:// wants).
        -:  463:template <typename T>
    #####:  464:void PrintTo(const T& value, ::std::ostream* os) {
    #####:  465:  internal::PrintWithFallback(value, os);
    #####:  466:}
------------------
_ZN7testing8internal7PrintToI7LiteralEEvRKT_PSo:
function _ZN7testing8internal7PrintToI7LiteralEEvRKT_PSo called 0 returned 0% blocks executed 0%
    #####:  464:void PrintTo(const T& value, ::std::ostream* os) {
    #####:  465:  internal::PrintWithFallback(value, os);
    %%%%%:  465-block  0
call    0 never executed
    #####:  466:}
------------------
_ZN7testing8internal7PrintToIiEEvRKT_PSo:
function _ZN7testing8internal7PrintToIiEEvRKT_PSo called 0 returned 0% blocks executed 0%
    #####:  464:void PrintTo(const T& value, ::std::ostream* os) {
    #####:  465:  internal::PrintWithFallback(value, os);
    %%%%%:  465-block  0
call    0 never executed
    #####:  466:}
------------------
_ZN7testing8internal7PrintToIP13NumberLiteralEEvRKT_PSo:
function _ZN7testing8internal7PrintToIP13NumberLiteralEEvRKT_PSo called 0 returned 0% blocks executed 0%
    #####:  464:void PrintTo(const T& value, ::std::ostream* os) {
    #####:  465:  internal::PrintWithFallback(value, os);
    %%%%%:  465-block  0
call    0 never executed
    #####:  466:}
------------------
_ZN7testing8internal7PrintToIP15FunctionLiteralEEvRKT_PSo:
function _ZN7testing8internal7PrintToIP15FunctionLiteralEEvRKT_PSo called 0 returned 0% blocks executed 0%
    #####:  464:void PrintTo(const T& value, ::std::ostream* os) {
    #####:  465:  internal::PrintWithFallback(value, os);
    %%%%%:  465-block  0
call    0 never executed
    #####:  466:}
------------------
_ZN7testing8internal7PrintToIP11BoolLiteralEEvRKT_PSo:
function _ZN7testing8internal7PrintToIP11BoolLiteralEEvRKT_PSo called 0 returned 0% blocks executed 0%
    #####:  464:void PrintTo(const T& value, ::std::ostream* os) {
    #####:  465:  internal::PrintWithFallback(value, os);
    %%%%%:  465-block  0
call    0 never executed
    #####:  466:}
------------------
_ZN7testing8internal7PrintToIP13StringLiteralEEvRKT_PSo:
function _ZN7testing8internal7PrintToIP13StringLiteralEEvRKT_PSo called 0 returned 0% blocks executed 0%
    #####:  464:void PrintTo(const T& value, ::std::ostream* os) {
    #####:  465:  internal::PrintWithFallback(value, os);
    %%%%%:  465-block  0
call    0 never executed
    #####:  466:}
------------------
_ZN7testing8internal7PrintToIP10IntLiteralEEvRKT_PSo:
function _ZN7testing8internal7PrintToIP10IntLiteralEEvRKT_PSo called 0 returned 0% blocks executed 0%
    #####:  464:void PrintTo(const T& value, ::std::ostream* os) {
    #####:  465:  internal::PrintWithFallback(value, os);
    %%%%%:  465-block  0
call    0 never executed
    #####:  466:}
------------------
_ZN7testing8internal7PrintToIyEEvRKT_PSo:
function _ZN7testing8internal7PrintToIyEEvRKT_PSo called 0 returned 0% blocks executed 0%
    #####:  464:void PrintTo(const T& value, ::std::ostream* os) {
    #####:  465:  internal::PrintWithFallback(value, os);
    %%%%%:  465-block  0
call    0 never executed
    #####:  466:}
------------------
        -:  467:
        -:  468:// The following list of PrintTo() overloads tells
        -:  469:// UniversalPrinter<T>::Print() how to print standard types (built-in
        -:  470:// types, strings, plain arrays, and pointers).
        -:  471:
        -:  472:// Overloads for various char types.
        -:  473:GTEST_API_ void PrintTo(unsigned char c, ::std::ostream* os);
        -:  474:GTEST_API_ void PrintTo(signed char c, ::std::ostream* os);
        -:  475:inline void PrintTo(char c, ::std::ostream* os) {
        -:  476:  // When printing a plain char, we always treat it as unsigned.  This
        -:  477:  // way, the output won't be affected by whether the compiler thinks
        -:  478:  // char is signed or not.
        -:  479:  PrintTo(static_cast<unsigned char>(c), os);
        -:  480:}
        -:  481:
        -:  482:// Overloads for other simple built-in types.
function _ZN7testing8internal7PrintToEbPSo called 0 returned 0% blocks executed 0%
    #####:  483:inline void PrintTo(bool x, ::std::ostream* os) {
    #####:  484:  *os << (x ? "true" : "false");
    %%%%%:  484-block  0
branch  0 never executed (fallthrough)
branch  1 never executed
    %%%%%:  484-block  1
    %%%%%:  484-block  2
    %%%%%:  484-block  3
call    2 never executed
    #####:  485:}
        -:  486:
        -:  487:// Overload for wchar_t type.
        -:  488:// Prints a wchar_t as a symbol if it is printable or as its internal
        -:  489:// code otherwise and also as its decimal code (except for L'\0').
        -:  490:// The L'\0' char is printed as "L'\\0'". The decimal code is printed
        -:  491:// as signed integer when wchar_t is implemented by the compiler
        -:  492:// as a signed type and is printed as an unsigned integer when wchar_t
        -:  493:// is implemented as an unsigned type.
        -:  494:GTEST_API_ void PrintTo(wchar_t wc, ::std::ostream* os);
        -:  495:
        -:  496:GTEST_API_ void PrintTo(char32_t c, ::std::ostream* os);
        -:  497:inline void PrintTo(char16_t c, ::std::ostream* os) {
        -:  498:  PrintTo(ImplicitCast_<char32_t>(c), os);
        -:  499:}
        -:  500:#ifdef __cpp_lib_char8_t
        -:  501:inline void PrintTo(char8_t c, ::std::ostream* os) {
        -:  502:  PrintTo(ImplicitCast_<char32_t>(c), os);
        -:  503:}
        -:  504:#endif
        -:  505:
        -:  506:// gcc/clang __{u,}int128_t
        -:  507:#if defined(__SIZEOF_INT128__)
        -:  508:GTEST_API_ void PrintTo(__uint128_t v, ::std::ostream* os);
        -:  509:GTEST_API_ void PrintTo(__int128_t v, ::std::ostream* os);
        -:  510:#endif  // __SIZEOF_INT128__
        -:  511:
        -:  512:// The default resolution used to print floating-point values uses only
        -:  513:// 6 digits, which can be confusing if a test compares two values whose
        -:  514:// difference lies in the 7th digit.  So we'd like to print out numbers
        -:  515:// in full precision.
        -:  516:// However if the value is something simple like 1.1, full will print a
        -:  517:// long string like 1.100000001 due to floating-point numbers not using
        -:  518:// a base of 10.  This routiune returns an appropriate resolution for a
        -:  519:// given floating-point number, that is, 6 if it will be accurate, or a
        -:  520:// max_digits10 value (full precision) if it won't,  for values between
        -:  521:// 0.0001 and one million.
        -:  522:// It does this by computing what those digits would be (by multiplying
        -:  523:// by an appropriate power of 10), then dividing by that power again to
        -:  524:// see if gets the original value back.
        -:  525:// A similar algorithm applies for values larger than one million; note
        -:  526:// that for those values, we must divide to get a six-digit number, and
        -:  527:// then multiply to possibly get the original value again.
        -:  528:template <typename FloatType>
function _ZN7testing8internal21AppropriateResolutionIdEEiT_ called 0 returned 0% blocks executed 0%
    #####:  529:int AppropriateResolution(FloatType val) {
    #####:  530:  int full = std::numeric_limits<FloatType>::max_digits10;
    #####:  531:  if (val < 0) val = -val;
    %%%%%:  531-block  0
branch  0 never executed (fallthrough)
branch  1 never executed
    %%%%%:  531-block  1
        -:  532:
    #####:  533:  if (val < 1000000) {
    %%%%%:  533-block  0
branch  0 never executed (fallthrough)
branch  1 never executed
    #####:  534:    FloatType mulfor6 = 1e10;
    #####:  535:    if (val >= 100000.0) {  // 100,000 to 999,999
    %%%%%:  535-block  0
branch  0 never executed (fallthrough)
branch  1 never executed
    #####:  536:      mulfor6 = 1.0;
    %%%%%:  536-block  0
    #####:  537:    } else if (val >= 10000.0) {
    %%%%%:  537-block  0
branch  0 never executed (fallthrough)
branch  1 never executed
    #####:  538:      mulfor6 = 1e1;
    %%%%%:  538-block  0
    #####:  539:    } else if (val >= 1000.0) {
    %%%%%:  539-block  0
branch  0 never executed (fallthrough)
branch  1 never executed
    #####:  540:      mulfor6 = 1e2;
    %%%%%:  540-block  0
    #####:  541:    } else if (val >= 100.0) {
    %%%%%:  541-block  0
branch  0 never executed (fallthrough)
branch  1 never executed
    #####:  542:      mulfor6 = 1e3;
    %%%%%:  542-block  0
    #####:  543:    } else if (val >= 10.0) {
    %%%%%:  543-block  0
branch  0 never executed (fallthrough)
branch  1 never executed
    #####:  544:      mulfor6 = 1e4;
    %%%%%:  544-block  0
    #####:  545:    } else if (val >= 1.0) {
    %%%%%:  545-block  0
branch  0 never executed (fallthrough)
branch  1 never executed
    #####:  546:      mulfor6 = 1e5;
    %%%%%:  546-block  0
    #####:  547:    } else if (val >= 0.1) {
    %%%%%:  547-block  0
branch  0 never executed (fallthrough)
branch  1 never executed
    #####:  548:      mulfor6 = 1e6;
    %%%%%:  548-block  0
    #####:  549:    } else if (val >= 0.01) {
    %%%%%:  549-block  0
branch  0 never executed (fallthrough)
branch  1 never executed
    #####:  550:      mulfor6 = 1e7;
    %%%%%:  550-block  0
    #####:  551:    } else if (val >= 0.001) {
    %%%%%:  551-block  0
branch  0 never executed (fallthrough)
branch  1 never executed
    #####:  552:      mulfor6 = 1e8;
    %%%%%:  552-block  0
    #####:  553:    } else if (val >= 0.0001) {
    %%%%%:  553-block  0
branch  0 never executed (fallthrough)
branch  1 never executed
    #####:  554:      mulfor6 = 1e9;
    %%%%%:  554-block  0
        -:  555:    }
    #####:  556:    if (static_cast<FloatType>(static_cast<int32_t>(val * mulfor6 + 0.5)) /
    %%%%%:  556-block  0
branch  0 never executed (fallthrough)
branch  1 never executed
        -:  557:            mulfor6 ==
        -:  558:        val)
    #####:  559:      return 6;
    %%%%%:  559-block  0
    #####:  560:  } else if (val < 1e10) {
    %%%%%:  560-block  0
branch  0 never executed (fallthrough)
branch  1 never executed
    #####:  561:    FloatType divfor6 = 1.0;
    #####:  562:    if (val >= 1e9) {  // 1,000,000,000 to 9,999,999,999
    %%%%%:  562-block  0
branch  0 never executed (fallthrough)
branch  1 never executed
    #####:  563:      divfor6 = 10000;
    %%%%%:  563-block  0
    #####:  564:    } else if (val >= 1e8) {  // 100,000,000 to 999,999,999
    %%%%%:  564-block  0
branch  0 never executed (fallthrough)
branch  1 never executed
    #####:  565:      divfor6 = 1000;
    %%%%%:  565-block  0
    #####:  566:    } else if (val >= 1e7) {  // 10,000,000 to 99,999,999
    %%%%%:  566-block  0
branch  0 never executed (fallthrough)
branch  1 never executed
    #####:  567:      divfor6 = 100;
    %%%%%:  567-block  0
    #####:  568:    } else if (val >= 1e6) {  // 1,000,000 to 9,999,999
    %%%%%:  568-block  0
branch  0 never executed (fallthrough)
branch  1 never executed
    #####:  569:      divfor6 = 10;
    %%%%%:  569-block  0
        -:  570:    }
    #####:  571:    if (static_cast<FloatType>(static_cast<int32_t>(val / divfor6 + 0.5)) *
    %%%%%:  571-block  0
branch  0 never executed (fallthrough)
branch  1 never executed
        -:  572:            divfor6 ==
        -:  573:        val)
    #####:  574:      return 6;
    %%%%%:  574-block  0
        -:  575:  }
    #####:  576:  return full;
    %%%%%:  576-block  0
        -:  577:}
        -:  578:
        -:  579:inline void PrintTo(float f, ::std::ostream* os) {
        -:  580:  auto old_precision = os->precision();
        -:  581:  os->precision(AppropriateResolution(f));
        -:  582:  *os << f;
        -:  583:  os->precision(old_precision);
        -:  584:}
        -:  585:
function _ZN7testing8internal7PrintToEdPSo called 0 returned 0% blocks executed 0%
    #####:  586:inline void PrintTo(double d, ::std::ostream* os) {
    #####:  587:  auto old_precision = os->precision();
    %%%%%:  587-block  0
call    0 never executed
    #####:  588:  os->precision(AppropriateResolution(d));
call    0 never executed
call    1 never executed
    #####:  589:  *os << d;
call    0 never executed
    #####:  590:  os->precision(old_precision);
call    0 never executed
    #####:  591:}
        -:  592:
        -:  593:// Overloads for C strings.
        -:  594:GTEST_API_ void PrintTo(const char* s, ::std::ostream* os);
        -:  595:inline void PrintTo(char* s, ::std::ostream* os) {
        -:  596:  PrintTo(ImplicitCast_<const char*>(s), os);
        -:  597:}
        -:  598:
        -:  599:// signed/unsigned char is often used for representing binary data, so
        -:  600:// we print pointers to it as void* to be safe.
        -:  601:inline void PrintTo(const signed char* s, ::std::ostream* os) {
        -:  602:  PrintTo(ImplicitCast_<const void*>(s), os);
        -:  603:}
        -:  604:inline void PrintTo(signed char* s, ::std::ostream* os) {
        -:  605:  PrintTo(ImplicitCast_<const void*>(s), os);
        -:  606:}
        -:  607:inline void PrintTo(const unsigned char* s, ::std::ostream* os) {
        -:  608:  PrintTo(ImplicitCast_<const void*>(s), os);
        -:  609:}
        -:  610:inline void PrintTo(unsigned char* s, ::std::ostream* os) {
        -:  611:  PrintTo(ImplicitCast_<const void*>(s), os);
        -:  612:}
        -:  613:#ifdef __cpp_lib_char8_t
        -:  614:// Overloads for u8 strings.
        -:  615:GTEST_API_ void PrintTo(const char8_t* s, ::std::ostream* os);
        -:  616:inline void PrintTo(char8_t* s, ::std::ostream* os) {
        -:  617:  PrintTo(ImplicitCast_<const char8_t*>(s), os);
        -:  618:}
        -:  619:#endif
        -:  620:// Overloads for u16 strings.
        -:  621:GTEST_API_ void PrintTo(const char16_t* s, ::std::ostream* os);
        -:  622:inline void PrintTo(char16_t* s, ::std::ostream* os) {
        -:  623:  PrintTo(ImplicitCast_<const char16_t*>(s), os);
        -:  624:}
        -:  625:// Overloads for u32 strings.
        -:  626:GTEST_API_ void PrintTo(const char32_t* s, ::std::ostream* os);
        -:  627:inline void PrintTo(char32_t* s, ::std::ostream* os) {
        -:  628:  PrintTo(ImplicitCast_<const char32_t*>(s), os);
        -:  629:}
        -:  630:
        -:  631:// MSVC can be configured to define wchar_t as a typedef of unsigned
        -:  632:// short.  It defines _NATIVE_WCHAR_T_DEFINED when wchar_t is a native
        -:  633:// type.  When wchar_t is a typedef, defining an overload for const
        -:  634:// wchar_t* would cause unsigned short* be printed as a wide string,
        -:  635:// possibly causing invalid memory accesses.
        -:  636:#if !defined(_MSC_VER) || defined(_NATIVE_WCHAR_T_DEFINED)
        -:  637:// Overloads for wide C strings
        -:  638:GTEST_API_ void PrintTo(const wchar_t* s, ::std::ostream* os);
        -:  639:inline void PrintTo(wchar_t* s, ::std::ostream* os) {
        -:  640:  PrintTo(ImplicitCast_<const wchar_t*>(s), os);
        -:  641:}
        -:  642:#endif
        -:  643:
        -:  644:// Overload for C arrays.  Multi-dimensional arrays are printed
        -:  645:// properly.
        -:  646:
        -:  647:// Prints the given number of elements in an array, without printing
        -:  648:// the curly braces.
        -:  649:template <typename T>
        -:  650:void PrintRawArrayTo(const T a[], size_t count, ::std::ostream* os) {
        -:  651:  UniversalPrint(a[0], os);
        -:  652:  for (size_t i = 1; i != count; i++) {
        -:  653:    *os << ", ";
        -:  654:    UniversalPrint(a[i], os);
        -:  655:  }
        -:  656:}
        -:  657:
        -:  658:// Overloads for ::std::string.
        -:  659:GTEST_API_ void PrintStringTo(const ::std::string& s, ::std::ostream* os);
function _ZN7testing8internal7PrintToERKNSt7__cxx1112basic_stringIcSt11char_traitsIcESaIcEEEPSo called 0 returned 0% blocks executed 0%
    #####:  660:inline void PrintTo(const ::std::string& s, ::std::ostream* os) {
    #####:  661:  PrintStringTo(s, os);
    %%%%%:  661-block  0
call    0 never executed
    #####:  662:}
        -:  663:
        -:  664:// Overloads for ::std::u8string
        -:  665:#ifdef __cpp_lib_char8_t
        -:  666:GTEST_API_ void PrintU8StringTo(const ::std::u8string& s, ::std::ostream* os);
        -:  667:inline void PrintTo(const ::std::u8string& s, ::std::ostream* os) {
        -:  668:  PrintU8StringTo(s, os);
        -:  669:}
        -:  670:#endif
        -:  671:
        -:  672:// Overloads for ::std::u16string
        -:  673:GTEST_API_ void PrintU16StringTo(const ::std::u16string& s, ::std::ostream* os);
        -:  674:inline void PrintTo(const ::std::u16string& s, ::std::ostream* os) {
        -:  675:  PrintU16StringTo(s, os);
        -:  676:}
        -:  677:
        -:  678:// Overloads for ::std::u32string
        -:  679:GTEST_API_ void PrintU32StringTo(const ::std::u32string& s, ::std::ostream* os);
        -:  680:inline void PrintTo(const ::std::u32string& s, ::std::ostream* os) {
        -:  681:  PrintU32StringTo(s, os);
        -:  682:}
        -:  683:
        -:  684:// Overloads for ::std::wstring.
        -:  685:#if GTEST_HAS_STD_WSTRING
        -:  686:GTEST_API_ void PrintWideStringTo(const ::std::wstring& s, ::std::ostream* os);
        -:  687:inline void PrintTo(const ::std::wstring& s, ::std::ostream* os) {
        -:  688:  PrintWideStringTo(s, os);
        -:  689:}
        -:  690:#endif  // GTEST_HAS_STD_WSTRING
        -:  691:
        -:  692:#if GTEST_INTERNAL_HAS_STRING_VIEW
        -:  693:// Overload for internal::StringView.
        -:  694:inline void PrintTo(internal::StringView sp, ::std::ostream* os) {
[...]
    %%%%%: 1112-block  0
call    0 never executed
    #####: 1113:}
------------------
_ZN7testing8internal14UniversalPrintIP15FunctionLiteralEEvRKT_PSo:
function _ZN7testing8internal14UniversalPrintIP15FunctionLiteralEEvRKT_PSo called 0 returned 0% blocks executed 0%
    #####: 1108:void UniversalPrint(const T& value, ::std::ostream* os) {
        -: 1109:  // A workarond for the bug in VC++ 7.1 that prevents us from instantiating
        -: 1110:  // UniversalPrinter with T directly.
        -: 1111:  typedef T T1;
    #####: 1112:  UniversalPrinter<T1>::Print(value, os);
    %%%%%: 1112-block  0
call    0 never executed
    #####: 1113:}
------------------
_ZN7testing8internal14UniversalPrintIP11BoolLiteralEEvRKT_PSo:
function _ZN7testing8internal14UniversalPrintIP11BoolLiteralEEvRKT_PSo called 0 returned 0% blocks executed 0%
    #####: 1108:void UniversalPrint(const T& value, ::std::ostream* os) {
        -: 1109:  // A workarond for the bug in VC++ 7.1 that prevents us from instantiating
        -: 1110:  // UniversalPrinter with T directly.
        -: 1111:  typedef T T1;
    #####: 1112:  UniversalPrinter<T1>::Print(value, os);
    %%%%%: 1112-block  0
call    0 never executed
    #####: 1113:}
------------------
_ZN7testing8internal14UniversalPrintIP13StringLiteralEEvRKT_PSo:
function _ZN7testing8internal14UniversalPrintIP13StringLiteralEEvRKT_PSo called 0 returned 0% blocks executed 0%
    #####: 1108:void UniversalPrint(const T& value, ::std::ostream* os) {
        -: 1109:  // A workarond for the bug in VC++ 7.1 that prevents us from instantiating
        -: 1110:  // UniversalPrinter with T directly.
        -: 1111:  typedef T T1;
    #####: 1112:  UniversalPrinter<T1>::Print(value, os);
    %%%%%: 1112-block  0
call    0 never executed
    #####: 1113:}
------------------
_ZN7testing8internal14UniversalPrintIP10IntLiteralEEvRKT_PSo:
function _ZN7testing8internal14UniversalPrintIP10IntLiteralEEvRKT_PSo called 0 returned 0% blocks executed 0%
    #####: 1108:void UniversalPrint(const T& value, ::std::ostream* os) {
        -: 1109:  // A workarond for the bug in VC++ 7.1 that prevents us from instantiating
        -: 1110:  // UniversalPrinter with T directly.
        -: 1111:  typedef T T1;
    #####: 1112:  UniversalPrinter<T1>::Print(value, os);
    %%%%%: 1112-block  0
call    0 never executed
    #####: 1113:}
------------------
_ZN7testing8internal14UniversalPrintIDnEEvRKT_PSo:
function _ZN7testing8internal14UniversalPrintIDnEEvRKT_PSo called 0 returned 0% blocks executed 0%
    #####: 1108:void UniversalPrint(const T& value, ::std::ostream* os) {
        -: 1109:  // A workarond for the bug in VC++ 7.1 that prevents us from instantiating
        -: 1110:  // UniversalPrinter with T directly.
        -: 1111:  typedef T T1;
    #####: 1112:  UniversalPrinter<T1>::Print(value, os);
    %%%%%: 1112-block  0
call    0 never executed
    #####: 1113:}
------------------
_ZN7testing8internal14UniversalPrintISt10unique_ptrI7LiteralSt14default_deleteIS3_EEEEvRKT_PSo:
function _ZN7testing8internal14UniversalPrintISt10unique_ptrI7LiteralSt14default_deleteIS3_EEEEvRKT_PSo called 0 returned 0% blocks executed 0%
    #####: 1108:void UniversalPrint(const T& value, ::std::ostream* os) {
        -: 1109:  // A workarond for the bug in VC++ 7.1 that prevents us from instantiating
        -: 1110:  // UniversalPrinter with T directly.
        -: 1111:  typedef T T1;
    #####: 1112:  UniversalPrinter<T1>::Print(value, os);
    %%%%%: 1112-block  0
call    0 never executed
    #####: 1113:}
------------------
_ZN7testing8internal14UniversalPrintIyEEvRKT_PSo:
function _ZN7testing8internal14UniversalPrintIyEEvRKT_PSo called 0 returned 0% blocks executed 0%
    #####: 1108:void UniversalPrint(const T& value, ::std::ostream* os) {
        -: 1109:  // A workarond for the bug in VC++ 7.1 that prevents us from instantiating
        -: 1110:  // UniversalPrinter with T directly.
        -: 1111:  typedef T T1;
    #####: 1112:  UniversalPrinter<T1>::Print(value, os);
    %%%%%: 1112-block  0
call    0 never executed
    #####: 1113:}
------------------
_ZN7testing8internal14UniversalPrintINSt7__cxx1112basic_stringIcSt11char_traitsIcESaIcEEEEEvRKT_PSo:
function _ZN7testing8internal14UniversalPrintINSt7__cxx1112basic_stringIcSt11char_traitsIcESaIcEEEEEvRKT_PSo called 0 returned 0% blocks executed 0%
    #####: 1108:void UniversalPrint(const T& value, ::std::ostream* os) {
        -: 1109:  // A workarond for the bug in VC++ 7.1 that prevents us from instantiating
        -: 1110:  // UniversalPrinter with T directly.
        -: 1111:  typedef T T1;
    #####: 1112:  UniversalPrinter<T1>::Print(value, os);
    %%%%%: 1112-block  0
call    0 never executed
    #####: 1113:}
------------------
        -: 1114:
        -: 1115:typedef ::std::vector<::std::string> Strings;
        -: 1116:
        -: 1117:// Tersely prints the first N fields of a tuple to a string vector,
        -: 1118:// one element for each field.
        -: 1119:template <typename Tuple>
        -: 1120:void TersePrintPrefixToStrings(const Tuple&, std::integral_constant<size_t, 0>,
        -: 1121:                               Strings*) {}
        -: 1122:template <typename Tuple, size_t I>
        -: 1123:void TersePrintPrefixToStrings(const Tuple& t,
        -: 1124:                               std::integral_constant<size_t, I>,
        -: 1125:                               Strings* strings) {
        -: 1126:  TersePrintPrefixToStrings(t, std::integral_constant<size_t, I - 1>(),
        -: 1127:                            strings);
        -: 1128:  ::std::stringstream ss;
        -: 1129:  UniversalTersePrint(std::get<I - 1>(t), &ss);
        -: 1130:  strings->push_back(ss.str());
        -: 1131:}
        -: 1132:
        -: 1133:// Prints the fields of a tuple tersely to a string vector, one
        -: 1134:// element for each field.  See the comment before
        -: 1135:// UniversalTersePrint() for how we define "tersely".
        -: 1136:template <typename Tuple>
        -: 1137:Strings UniversalTersePrintTupleFieldsToStrings(const Tuple& value) {
        -: 1138:  Strings result;
        -: 1139:  TersePrintPrefixToStrings(
        -: 1140:      value, std::integral_constant<size_t, std::tuple_size<Tuple>::value>(),
        -: 1141:      &result);
        -: 1142:  return result;
        -: 1143:}
        -: 1144:
        -: 1145:}  // namespace internal
        -: 1146:
        -: 1147:template <typename T>
    #####: 1148:::std::string PrintToString(const T& value) {
    #####: 1149:  ::std::stringstream ss;
    #####: 1150:  internal::UniversalTersePrinter<T>::Print(value, &ss);
    #####: 1151:  return ss.str();
    #####: 1152:}
------------------
_ZN7testing13PrintToStringIbEENSt7__cxx1112basic_stringIcSt11char_traitsIcESaIcEEERKT_:
function _ZN7testing13PrintToStringIbEENSt7__cxx1112basic_stringIcSt11char_traitsIcESaIcEEERKT_ called 0 returned 0% blocks executed 0%
    #####: 1148:::std::string PrintToString(const T& value) {
    #####: 1149:  ::std::stringstream ss;
    %%%%%: 1149-block  0
call    0 never executed
branch  1 never executed (fallthrough)
branch  2 never executed (throw)
    #####: 1150:  internal::UniversalTersePrinter<T>::Print(value, &ss);
    %%%%%: 1150-block  0
call    0 never executed
branch  1 never executed (fallthrough)
branch  2 never executed (throw)
    #####: 1151:  return ss.str();
    %%%%%: 1151-block  0
call    0 never executed
branch  1 never executed (fallthrough)
branch  2 never executed (throw)
    %%%%%: 1151-block  1
    #####: 1152:}
    %%%%%: 1152-block  0
call    0 never executed
    $$$$$: 1152-block  1
call    1 never executed
------------------
_ZN7testing13PrintToStringINSt7__cxx1112basic_stringIcSt11char_traitsIcESaIcEEEEES6_RKT_:
function _ZN7testing13PrintToStringINSt7__cxx1112basic_stringIcSt11char_traitsIcESaIcEEEEES6_RKT_ called 0 returned 0% blocks executed 0%
    #####: 1148:::std::string PrintToString(const T& value) {
    #####: 1149:  ::std::stringstream ss;
    %%%%%: 1149-block  0
call    0 never executed
branch  1 never executed (fallthrough)
branch  2 never executed (throw)
    #####: 1150:  internal::UniversalTersePrinter<T>::Print(value, &ss);
    %%%%%: 1150-block  0
call    0 never executed
branch  1 never executed (fallthrough)
branch  2 never executed (throw)
    #####: 1151:  return ss.str();
    %%%%%: 1151-block  0
call    0 never executed
branch  1 never executed (fallthrough)
branch  2 never executed (throw)
    %%%%%: 1151-block  1
    #####: 1152:}
    %%%%%: 1152-block  0
call    0 never executed
    $$$$$: 1152-block  1
call    1 never executed
------------------
_ZN7testing13PrintToStringIiEENSt7__cxx1112basic_stringIcSt11char_traitsIcESaIcEEERKT_:
function _ZN7testing13PrintToStringIiEENSt7__cxx1112basic_stringIcSt11char_traitsIcESaIcEEERKT_ called 0 returned 0% blocks executed 0%
    #####: 1148:::std::string PrintToString(const T& value) {
    #####: 1149:  ::std::stringstream ss;
    %%%%%: 1149-block  0
call    0 never executed
branch  1 never executed (fallthrough)
branch  2 never executed (throw)
    #####: 1150:  internal::UniversalTersePrinter<T>::Print(value, &ss);
    %%%%%: 1150-block  0
call    0 never executed
branch  1 never executed (fallthrough)
branch  2 never executed (throw)
    #####: 1151:  return ss.str();
    %%%%%: 1151-block  0
call    0 never executed
branch  1 never executed (fallthrough)
branch  2 never executed (throw)
    %%%%%: 1151-block  1
    #####: 1152:}
    %%%%%: 1152-block  0
call    0 never executed
    $$$$$: 1152-block  1
call    1 never executed
------------------
_ZN7testing13PrintToStringIdEENSt7__cxx1112basic_stringIcSt11char_traitsIcESaIcEEERKT_:
function _ZN7testing13PrintToStringIdEENSt7__cxx1112basic_stringIcSt11char_traitsIcESaIcEEERKT_ called 0 returned 0% blocks executed 0%
    #####: 1148:::std::string PrintToString(const T& value) {
    #####: 1149:  ::std::stringstream ss;
    %%%%%: 1149-block  0
call    0 never executed
branch  1 never executed (fallthrough)
branch  2 never executed (throw)
    #####: 1150:  internal::UniversalTersePrinter<T>::Print(value, &ss);
    %%%%%: 1150-block  0
call    0 never executed
branch  1 never executed (fallthrough)
branch  2 never executed (throw)
    #####: 1151:  return ss.str();
    %%%%%: 1151-block  0
call    0 never executed
branch  1 never executed (fallthrough)
branch  2 never executed (throw)
    %%%%%: 1151-block  1
    #####: 1152:}
    %%%%%: 1152-block  0
call    0 never executed
    $$$$$: 1152-block  1
call    1 never executed
------------------
_ZN7testing13PrintToStringIP13NumberLiteralEENSt7__cxx1112basic_stringIcSt11char_traitsIcESaIcEEERKT_:
function _ZN7testing13PrintToStringIP13NumberLiteralEENSt7__cxx1112basic_stringIcSt11char_traitsIcESaIcEEERKT_ called 0 returned 0% blocks executed 0%
    #####: 1148:::std::string PrintToString(const T& value) {
    #####: 1149:  ::std::stringstream ss;
    %%%%%: 1149-block  0
call    0 never executed
branch  1 never executed (fallthrough)
branch  2 never executed (throw)
    #####: 1150:  internal::UniversalTersePrinter<T>::Print(value, &ss);
    %%%%%: 1150-block  0
call    0 never executed
branch  1 never executed (fallthrough)
branch  2 never executed (throw)
    #####: 1151:  return ss.str();
    %%%%%: 1151-block  0
call    0 never executed
branch  1 never executed (fallthrough)
branch  2 never executed (throw)
    %%%%%: 1151-block  1
    #####: 1152:}
    %%%%%: 1152-block  0
call    0 never executed
    $$$$$: 1152-block  1
call    1 never executed
------------------
_ZN7testing13PrintToStringIP15FunctionLiteralEENSt7__cxx1112basic_stringIcSt11char_traitsIcESaIcEEERKT_:
function _ZN7testing13PrintToStringIP15FunctionLiteralEENSt7__cxx1112basic_stringIcSt11char_traitsIcESaIcEEERKT_ called 0 returned 0% blocks executed 0%
    #####: 1148:::std::string PrintToString(const T& value) {
    #####: 1149:  ::std::stringstream ss;
    %%%%%: 1149-block  0
call    0 never executed
branch  1 never executed (fallthrough)
branch  2 never executed (throw)
    #####: 1150:  internal::UniversalTersePrinter<T>::Print(value, &ss);
    %%%%%: 1150-block  0
call    0 never executed
branch  1 never executed (fallthrough)
branch  2 never executed (throw)
    #####: 1151:  return ss.str();
    %%%%%: 1151-block  0
call    0 never executed
branch  1 never executed (fallthrough)
branch  2 never executed (throw)
    %%%%%: 1151-block  1
    #####: 1152:}
    %%%%%: 1152-block  0
call    0 never executed
    $$$$$: 1152-block  1
call    1 never executed
------------------
_ZN7testing13PrintToStringIP11BoolLiteralEENSt7__cxx1112basic_stringIcSt11char_traitsIcESaIcEEERKT_:
function _ZN7testing13PrintToStringIP11BoolLiteralEENSt7__cxx1112basic_stringIcSt11char_traitsIcESaIcEEERKT_ called 0 returned 0% blocks executed 0%
    #####: 1148:::std::string PrintToString(const T& value) {
    #####: 1149:  ::std::stringstream ss;
    %%%%%: 1149-block  0
call    0 never executed
branch  1 never executed (fallthrough)
branch  2 never executed (throw)
    #####: 1150:  internal::UniversalTersePrinter<T>::Print(value, &ss);
    %%%%%: 1150-block  0
call    0 never executed
branch  1 never executed (fallthrough)
branch  2 never executed (throw)
    #####: 1151:  return ss.str();
    %%%%%: 1151-block  0
call    0 never executed
branch  1 never executed (fallthrough)
branch  2 never executed (throw)
    %%%%%: 1151-block  1
    #####: 1152:}
    %%%%%: 1152-block  0
call    0 never executed
    $$$$$: 1152-block  1
call    1 never executed
------------------
_ZN7testing13PrintToStringIP13StringLiteralEENSt7__cxx1112basic_stringIcSt11char_traitsIcESaIcEEERKT_:
function _ZN7testing13PrintToStringIP13StringLiteralEENSt7__cxx1112basic_stringIcSt11char_traitsIcESaIcEEERKT_ called 0 returned 0% blocks executed 0%
    #####: 1148:::std::string PrintToString(const T& value) {
    #####: 1149:  ::std::stringstream ss;
    %%%%%: 1149-block  0
call    0 never executed
branch  1 never executed (fallthrough)
branch  2 never executed (throw)
    #####: 1150:  internal::UniversalTersePrinter<T>::Print(value, &ss);
    %%%%%: 1150-block  0
call    0 never executed
branch  1 never executed (fallthrough)
branch  2 never executed (throw)
    #####: 1151:  return ss.str();
    %%%%%: 1151-block  0
call    0 never executed
branch  1 never executed (fallthrough)
branch  2 never executed (throw)
    %%%%%: 1151-block  1
    #####: 1152:}
    %%%%%: 1152-block  0
call    0 never executed
    $$$$$: 1152-block  1
call    1 never executed
------------------
_ZN7testing13PrintToStringIP10IntLiteralEENSt7__cxx1112basic_stringIcSt11char_traitsIcESaIcEEERKT_:
function _ZN7testing13PrintToStringIP10IntLiteralEENSt7__cxx1112basic_stringIcSt11char_traitsIcESaIcEEERKT_ called 0 returned 0% blocks executed 0%
    #####: 1148:::std::string PrintToString(const T& value) {
    #####: 1149:  ::std::stringstream ss;
    %%%%%: 1149-block  0
call    0 never executed
branch  1 never executed (fallthrough)
branch  2 never executed (throw)
    #####: 1150:  internal::UniversalTersePrinter<T>::Print(value, &ss);
    %%%%%: 1150-block  0
call    0 never executed
branch  1 never executed (fallthrough)
branch  2 never executed (throw)
    #####: 1151:  return ss.str();
    %%%%%: 1151-block  0
call    0 never executed
branch  1 never executed (fallthrough)
branch  2 never executed (throw)
    %%%%%: 1151-block  1
    #####: 1152:}
    %%%%%: 1152-block  0
call    0 never executed
    $$$$$: 1152-block  1
call    1 never executed
------------------
_ZN7testing13PrintToStringIDnEENSt7__cxx1112basic_stringIcSt11char_traitsIcESaIcEEERKT_:
function _ZN7testing13PrintToStringIDnEENSt7__cxx1112basic_stringIcSt11char_traitsIcESaIcEEERKT_ called 0 returned 0% blocks executed 0%
    #####: 1148:::std::string PrintToString(const T& value) {
    #####: 1149:  ::std::stringstream ss;
    %%%%%: 1149-block  0
call    0 never executed
branch  1 never executed (fallthrough)
branch  2 never executed (throw)
    #####: 1150:  internal::UniversalTersePrinter<T>::Print(value, &ss);
    %%%%%: 1150-block  0
call    0 never executed
branch  1 never executed (fallthrough)
branch  2 never executed (throw)
    #####: 1151:  return ss.str();
    %%%%%: 1151-block  0
call    0 never executed
branch  1 never executed (fallthrough)
branch  2 never executed (throw)
    %%%%%: 1151-block  1
    #####: 1152:}
    %%%%%: 1152-block  0
call    0 never executed
    $$$$$: 1152-block  1
call    1 never executed
------------------
_ZN7testing13PrintToStringISt10unique_ptrI7LiteralSt14default_deleteIS2_EEEENSt7__cxx1112basic_stringIcSt11char_traitsIcESaIcEEERKT_:
function _ZN7testing13PrintToStringISt10unique_ptrI7LiteralSt14default_deleteIS2_EEEENSt7__cxx1112basic_stringIcSt11char_traitsIcESaIcEEERKT_ called 0 returned 0% blocks executed 0%
    #####: 1148:::std::string PrintToString(const T& value) {
    #####: 1149:  ::std::stringstream ss;
    %%%%%: 1149-block  0
call    0 never executed
branch  1 never executed (fallthrough)
branch  2 never executed (throw)
    #####: 1150:  internal::UniversalTersePrinter<T>::Print(value, &ss);
    %%%%%: 1150-block  0
call    0 never executed
branch  1 never executed (fallthrough)
branch  2 never executed (throw)
    #####: 1151:  return ss.str();
    %%%%%: 1151-block  0
call    0 never executed
branch  1 never executed (fallthrough)
branch  2 never executed (throw)
    %%%%%: 1151-block  1
    #####: 1152:}
    %%%%%: 1152-block  0
call    0 never executed
    $$$$$: 1152-block  1
call    1 never executed
------------------
_ZN7testing13PrintToStringIyEENSt7__cxx1112basic_stringIcSt11char_traitsIcESaIcEEERKT_:
function _ZN7testing13PrintToStringIyEENSt7__cxx1112basic_stringIcSt11char_traitsIcESaIcEEERKT_ called 0 returned 0% blocks executed 0%
    #####: 1148:::std::string PrintToString(const T& value) {
    #####: 1149:  ::std::stringstream ss;
    %%%%%: 1149-block  0
call    0 never executed
branch  1 never executed (fallthrough)
branch  2 never executed (throw)
    #####: 1150:  internal::UniversalTersePrinter<T>::Print(value, &ss);
    %%%%%: 1150-block  0
call    0 never executed
branch  1 never executed (fallthrough)
branch  2 never executed (throw)
    #####: 1151:  return ss.str();
    %%%%%: 1151-block  0
call    0 never executed
branch  1 never executed (fallthrough)
branch  2 never executed (throw)
    %%%%%: 1151-block  1
    #####: 1152:}
    %%%%%: 1152-block  0
call    0 never executed
    $$$$$: 1152-block  1
call    1 never executed
------------------
_ZN7testing13PrintToStringIPKcEENSt7__cxx1112basic_stringIcSt11char_traitsIcESaIcEEERKT_:
function _ZN7testing13PrintToStringIPKcEENSt7__cxx1112basic_stringIcSt11char_traitsIcESaIcEEERKT_ called 0 returned 0% blocks executed 0%
    #####: 1148:::std::string PrintToString(const T& value) {
    #####: 1149:  ::std::stringstream ss;
    %%%%%: 1149-block  0
call    0 never executed
branch  1 never executed (fallthrough)
branch  2 never executed (throw)
    #####: 1150:  internal::UniversalTersePrinter<T>::Print(value, &ss);
    %%%%%: 1150-block  0
call    0 never executed
branch  1 never executed (fallthrough)
branch  2 never executed (throw)
    #####: 1151:  return ss.str();
    %%%%%: 1151-block  0
call    0 never executed
branch  1 never executed (fallthrough)
branch  2 never executed (throw)
    %%%%%: 1151-block  1
    #####: 1152:}
    %%%%%: 1152-block  0
call    0 never executed
    $$$$$: 1152-block  1
call    1 never executed
------------------
        -: 1153:
        -: 1154:}  // namespace testing
        -: 1155:
        -: 1156:// Include any custom printer added by the local installation.
        -: 1157:// We must include this header at the end to make sure it can use the
        -: 1158:// declarations from this file.
        -: 1159:#include "gtest/internal/custom/gtest-printers.h"
        -: 1160:
        -: 1161:#endif  // GOOGLETEST_INCLUDE_GTEST_GTEST_PRINTERS_H_
