        -:    0:Source:D:/Project Workspace/Year3/VIS/googletest/googletest/include/gtest/internal/gtest-param-util.h
        -:    0:Graph:D:\Project Workspace\Year3\VIS\cmake-build-debug-coverage\tests\CMakeFiles\vis_tests.dir\TestLexer.cpp.gcno
        -:    0:Data:D:\Project Workspace\Year3\VIS\cmake-build-debug-coverage\tests\CMakeFiles\vis_tests.dir\TestLexer.cpp.gcda
        -:    0:Runs:1
        -:    1:// Copyright 2008 Google Inc.
        -:    2:// All Rights Reserved.
        -:    3://
        -:    4:// Redistribution and use in source and binary forms, with or without
        -:    5:// modification, are permitted provided that the following conditions are
        -:    6:// met:
        -:    7://
        -:    8://     * Redistributions of source code must retain the above copyright
        -:    9:// notice, this list of conditions and the following disclaimer.
        -:   10://     * Redistributions in binary form must reproduce the above
        -:   11:// copyright notice, this list of conditions and the following disclaimer
        -:   12:// in the documentation and/or other materials provided with the
        -:   13:// distribution.
        -:   14://     * Neither the name of Google Inc. nor the names of its
        -:   15:// contributors may be used to endorse or promote products derived from
        -:   16:// this software without specific prior written permission.
        -:   17://
        -:   18:// THIS SOFTWARE IS PROVIDED BY THE COPYRIGHT HOLDERS AND CONTRIBUTORS
        -:   19:// "AS IS" AND ANY EXPRESS OR IMPLIED WARRANTIES, INCLUDING, BUT NOT
        -:   20:// LIMITED TO, THE IMPLIED WARRANTIES OF MERCHANTABILITY AND FITNESS FOR
        -:   21:// A PARTICULAR PURPOSE ARE DISCLAIMED. IN NO EVENT SHALL THE COPYRIGHT
        -:   22:// OWNER OR CONTRIBUTORS BE LIABLE FOR ANY DIRECT, INDIRECT, INCIDENTAL,
        -:   23:// SPECIAL, EXEMPLARY, OR CONSEQUENTIAL DAMAGES (INCLUDING, BUT NOT
        -:   24:// LIMITED TO, PROCUREMENT OF SUBSTITUTE GOODS OR SERVICES; LOSS OF USE,
        -:   25:// DATA, OR PROFITS; OR BUSINESS INTERRUPTION) HOWEVER CAUSED AND ON ANY
        -:   26:// THEORY OF LIABILITY, WHETHER IN CONTRACT, STRICT LIABILITY, OR TORT
        -:   27:// (INCLUDING NEGLIGENCE OR OTHERWISE) ARISING IN ANY WAY OUT OF THE USE
        -:   28:// OF THIS SOFTWARE, EVEN IF ADVISED OF THE POSSIBILITY OF SUCH DAMAGE.
        -:   29:
        -:   30:// Type and function utilities for implementing parameterized tests.
        -:   31:
        -:   32:// IWYU pragma: private, include "gtest/gtest.h"
        -:   33:// IWYU pragma: friend gtest/.*
        -:   34:// IWYU pragma: friend gmock/.*
        -:   35:
        -:   36:#ifndef GOOGLETEST_INCLUDE_GTEST_INTERNAL_GTEST_PARAM_UTIL_H_
        -:   37:#define GOOGLETEST_INCLUDE_GTEST_INTERNAL_GTEST_PARAM_UTIL_H_
        -:   38:
        -:   39:#include <ctype.h>
        -:   40:
        -:   41:#include <cassert>
        -:   42:#include <iterator>
        -:   43:#include <map>
        -:   44:#include <memory>
        -:   45:#include <ostream>
        -:   46:#include <set>
        -:   47:#include <string>
        -:   48:#include <tuple>
        -:   49:#include <type_traits>
        -:   50:#include <utility>
        -:   51:#include <vector>
        -:   52:
        -:   53:#include "gtest/gtest-printers.h"
        -:   54:#include "gtest/gtest-test-part.h"
        -:   55:#include "gtest/internal/gtest-internal.h"
        -:   56:#include "gtest/internal/gtest-port.h"
        -:   57:
        -:   58:namespace testing {
        -:   59:// Input to a parameterized test name generator, describing a test parameter.
        -:   60:// Consists of the parameter value and the integer parameter index.
        -:   61:template <class ParamType>
        -:   62:struct TestParamInfo {
function _ZN7testing13TestParamInfoI10LexerInputEC1ERKS1_y called 204 returned 100% blocks executed 100%
      204:   63:  TestParamInfo(const ParamType& a_param, size_t an_index)
      204:   64:      : param(a_param), index(an_index) {}
      204:   64-block  0
call    0 returned 204
        -:   65:  ParamType param;
        -:   66:  size_t index;
        -:   67:};
        -:   68:
        -:   69:// A builtin parameterized test name generator which returns the result of
        -:   70:// testing::PrintToString.
        -:   71:struct PrintToStringParamName {
        -:   72:  template <class ParamType>
        -:   73:  std::string operator()(const TestParamInfo<ParamType>& info) const {
        -:   74:    return PrintToString(info.param);
        -:   75:  }
        -:   76:};
        -:   77:
        -:   78:namespace internal {
        -:   79:
        -:   80:// INTERNAL IMPLEMENTATION - DO NOT USE IN USER CODE.
        -:   81:// Utility Functions
        -:   82:
        -:   83:// Outputs a message explaining invalid registration of different
        -:   84:// fixture class for the same test suite. This may happen when
        -:   85:// TEST_P macro is used to define two tests with the same name
        -:   86:// but in different namespaces.
        -:   87:GTEST_API_ void ReportInvalidTestSuiteType(const char* test_suite_name,
        -:   88:                                           CodeLocation code_location);
        -:   89:
        -:   90:template <typename>
        -:   91:class ParamGeneratorInterface;
        -:   92:template <typename>
        -:   93:class ParamGenerator;
        -:   94:
        -:   95:// Interface for iterating over elements provided by an implementation
        -:   96:// of ParamGeneratorInterface<T>.
        -:   97:template <typename T>
        -:   98:class ParamIteratorInterface {
        -:   99: public:
function _ZN7testing8internal22ParamIteratorInterfaceI10LexerInputED2Ev called 216 returned 100% blocks executed 100%
      216:  100:  virtual ~ParamIteratorInterface() = default;
        -:  101:  // A pointer to the base generator instance.
        -:  102:  // Used only for the purposes of iterator comparison
        -:  103:  // to make sure that two iterators belong to the same generator.
        -:  104:  virtual const ParamGeneratorInterface<T>* BaseGenerator() const = 0;
        -:  105:  // Advances iterator to point to the next element
        -:  106:  // provided by the generator. The caller is responsible
        -:  107:  // for not calling Advance() on an iterator equal to
        -:  108:  // BaseGenerator()->End().
        -:  109:  virtual void Advance() = 0;
        -:  110:  // Clones the iterator object. Used for implementing copy semantics
        -:  111:  // of ParamIterator<T>.
        -:  112:  virtual ParamIteratorInterface* Clone() const = 0;
        -:  113:  // Dereferences the current iterator and provides (read-only) access
        -:  114:  // to the pointed value. It is the caller's responsibility not to call
        -:  115:  // Current() on an iterator equal to BaseGenerator()->End().
        -:  116:  // Used for implementing ParamGenerator<T>::operator*().
        -:  117:  virtual const T* Current() const = 0;
        -:  118:  // Determines whether the given iterator and other point to the same
        -:  119:  // element in the sequence generated by the generator.
        -:  120:  // Used for implementing ParamGenerator<T>::operator==().
        -:  121:  virtual bool Equals(const ParamIteratorInterface& other) const = 0;
        -:  122:};
        -:  123:
        -:  124:// Class iterating over elements provided by an implementation of
        -:  125:// ParamGeneratorInterface<T>. It wraps ParamIteratorInterface<T>
        -:  126:// and implements the const forward iterator concept.
        -:  127:template <typename T>
        -:  128:class ParamIterator {
        -:  129: public:
        -:  130:  typedef T value_type;
        -:  131:  typedef const T& reference;
        -:  132:  typedef ptrdiff_t difference_type;
        -:  133:
        -:  134:  // ParamIterator assumes ownership of the impl_ pointer.
        -:  135:  ParamIterator(const ParamIterator& other) : impl_(other.impl_->Clone()) {}
        -:  136:  ParamIterator& operator=(const ParamIterator& other) {
        -:  137:    if (this != &other) impl_.reset(other.impl_->Clone());
        -:  138:    return *this;
        -:  139:  }
        -:  140:
function _ZNK7testing8internal13ParamIteratorI10LexerInputEdeEv called 612 returned 100% blocks executed 100%
      612:  141:  const T& operator*() const { return *impl_->Current(); }
      612:  141-block  0
call    0 returned 612
call    1 returned 612
        -:  142:  const T* operator->() const { return impl_->Current(); }
        -:  143:  // Prefix version of operator++.
function _ZN7testing8internal13ParamIteratorI10LexerInputEppEv called 204 returned 100% blocks executed 100%
      204:  144:  ParamIterator& operator++() {
      204:  145:    impl_->Advance();
      204:  145-block  0
call    0 returned 204
call    1 returned 204
      204:  146:    return *this;
        -:  147:  }
        -:  148:  // Postfix version of operator++.
        -:  149:  ParamIterator operator++(int /*unused*/) {
        -:  150:    ParamIteratorInterface<T>* clone = impl_->Clone();
        -:  151:    impl_->Advance();
        -:  152:    return ParamIterator(clone);
        -:  153:  }
function _ZNK7testing8internal13ParamIteratorI10LexerInputEeqERKS3_ called 210 returned 100% blocks executed 100%
      210:  154:  bool operator==(const ParamIterator& other) const {
      210:  155:    return impl_.get() == other.impl_.get() || impl_->Equals(*other.impl_);
      210:  155-block  0
call    0 returned 210
call    1 returned 210
branch  2 taken 210 (fallthrough)
branch  3 taken 0
      210:  155-block  1
call    4 returned 210
call    5 returned 210
call    6 returned 210
branch  7 taken 6 (fallthrough)
branch  8 taken 204
        6:  155-block  2
      204:  155-block  3
      210:  155-block  4
        -:  156:  }
function _ZNK7testing8internal13ParamIteratorI10LexerInputEneERKS3_ called 210 returned 100% blocks executed 100%
      210:  157:  bool operator!=(const ParamIterator& other) const {
      210:  158:    return !(*this == other);
      210:  158-block  0
call    0 returned 210
        -:  159:  }
        -:  160:
        -:  161: private:
        -:  162:  friend class ParamGenerator<T>;
function _ZN7testing8internal13ParamIteratorI10LexerInputEC1EPNS0_22ParamIteratorInterfaceIS2_EE called 216 returned 100% blocks executed 100%
      216:  163:  explicit ParamIterator(ParamIteratorInterface<T>* impl) : impl_(impl) {}
      216:  163-block  0
call    0 returned 216
        -:  164:  std::unique_ptr<ParamIteratorInterface<T>> impl_;
        -:  165:};
        -:  166:
        -:  167:// ParamGeneratorInterface<T> is the binary interface to access generators
        -:  168:// defined in other translation units.
        -:  169:template <typename T>
        -:  170:class ParamGeneratorInterface {
        -:  171: public:
        -:  172:  typedef T ParamType;
        -:  173:
function _ZN7testing8internal23ParamGeneratorInterfaceI10LexerInputED2Ev called 6 returned 100% blocks executed 100%
        6:  174:  virtual ~ParamGeneratorInterface() = default;
        -:  175:
        -:  176:  // Generator interface definition
        -:  177:  virtual ParamIteratorInterface<T>* Begin() const = 0;
        -:  178:  virtual ParamIteratorInterface<T>* End() const = 0;
        -:  179:};
        -:  180:
        -:  181:// Wraps ParamGeneratorInterface<T> and provides general generator syntax
        -:  182:// compatible with the STL Container concept.
        -:  183:// This class implements copy initialization semantics and the contained
        -:  184:// ParamGeneratorInterface<T> instance is shared among all copies
        -:  185:// of the original object. This is possible because that instance is immutable.
        -:  186:template <typename T>
        -:  187:class ParamGenerator {
        -:  188: public:
        -:  189:  typedef ParamIterator<T> iterator;
        -:  190:
function _ZN7testing8internal14ParamGeneratorI10LexerInputEC1EPNS0_23ParamGeneratorInterfaceIS2_EE called 6 returned 100% blocks executed 100%
        6:  191:  explicit ParamGenerator(ParamGeneratorInterface<T>* impl) : impl_(impl) {}
        6:  191-block  0
call    0 returned 6
        -:  192:  ParamGenerator(const ParamGenerator& other) : impl_(other.impl_) {}
        -:  193:
        -:  194:  ParamGenerator& operator=(const ParamGenerator& other) {
        -:  195:    impl_ = other.impl_;
        -:  196:    return *this;
        -:  197:  }
        -:  198:
function _ZNK7testing8internal14ParamGeneratorI10LexerInputE5beginEv called 6 returned 100% blocks executed 100%
        6:  199:  iterator begin() const { return iterator(impl_->Begin()); }
        6:  199-block  0
call    0 returned 6
call    1 returned 6
call    2 returned 6
function _ZNK7testing8internal14ParamGeneratorI10LexerInputE3endEv called 210 returned 100% blocks executed 100%
      210:  200:  iterator end() const { return iterator(impl_->End()); }
      210:  200-block  0
call    0 returned 210
call    1 returned 210
call    2 returned 210
        -:  201:
        -:  202: private:
        -:  203:  std::shared_ptr<const ParamGeneratorInterface<T>> impl_;
        -:  204:};
        -:  205:
        -:  206:// Generates values from a range of two comparable values. Can be used to
        -:  207:// generate sequences of user-defined types that implement operator+() and
        -:  208:// operator<().
        -:  209:// This class is used in the Range() function.
        -:  210:template <typename T, typename IncrementT>
        -:  211:class RangeGenerator : public ParamGeneratorInterface<T> {
        -:  212: public:
        -:  213:  RangeGenerator(T begin, T end, IncrementT step)
        -:  214:      : begin_(begin),
        -:  215:        end_(end),
        -:  216:        step_(step),
        -:  217:        end_index_(CalculateEndIndex(begin, end, step)) {}
        -:  218:  ~RangeGenerator() override = default;
        -:  219:
        -:  220:  ParamIteratorInterface<T>* Begin() const override {
        -:  221:    return new Iterator(this, begin_, 0, step_);
        -:  222:  }
        -:  223:  ParamIteratorInterface<T>* End() const override {
        -:  224:    return new Iterator(this, end_, end_index_, step_);
        -:  225:  }
        -:  226:
        -:  227: private:
        -:  228:  class Iterator : public ParamIteratorInterface<T> {
        -:  229:   public:
        -:  230:    Iterator(const ParamGeneratorInterface<T>* base, T value, int index,
        -:  231:             IncrementT step)
        -:  232:        : base_(base), value_(value), index_(index), step_(step) {}
        -:  233:    ~Iterator() override = default;
        -:  234:
        -:  235:    const ParamGeneratorInterface<T>* BaseGenerator() const override {
        -:  236:      return base_;
        -:  237:    }
        -:  238:    void Advance() override {
        -:  239:      value_ = static_cast<T>(value_ + step_);
        -:  240:      index_++;
        -:  241:    }
        -:  242:    ParamIteratorInterface<T>* Clone() const override {
        -:  243:      return new Iterator(*this);
        -:  244:    }
        -:  245:    const T* Current() const override { return &value_; }
        -:  246:    bool Equals(const ParamIteratorInterface<T>& other) const override {
        -:  247:      // Having the same base generator guarantees that the other
        -:  248:      // iterator is of the same type and we can downcast.
        -:  249:      GTEST_CHECK_(BaseGenerator() == other.BaseGenerator())
        -:  250:          << "The program attempted to compare iterators "
        -:  251:          << "from different generators." << std::endl;
        -:  252:      const int other_index =
        -:  253:          CheckedDowncastToActualType<const Iterator>(&other)->index_;
        -:  254:      return index_ == other_index;
        -:  255:    }
        -:  256:
        -:  257:   private:
        -:  258:    Iterator(const Iterator& other)
        -:  259:        : ParamIteratorInterface<T>(),
        -:  260:          base_(other.base_),
        -:  261:          value_(other.value_),
        -:  262:          index_(other.index_),
        -:  263:          step_(other.step_) {}
        -:  264:
        -:  265:    // No implementation - assignment is unsupported.
        -:  266:    void operator=(const Iterator& other);
        -:  267:
        -:  268:    const ParamGeneratorInterface<T>* const base_;
        -:  269:    T value_;
        -:  270:    int index_;
        -:  271:    const IncrementT step_;
        -:  272:  };  // class RangeGenerator::Iterator
        -:  273:
        -:  274:  static int CalculateEndIndex(const T& begin, const T& end,
        -:  275:                               const IncrementT& step) {
        -:  276:    int end_index = 0;
        -:  277:    for (T i = begin; i < end; i = static_cast<T>(i + step)) end_index++;
        -:  278:    return end_index;
        -:  279:  }
        -:  280:
        -:  281:  // No implementation - assignment is unsupported.
        -:  282:  void operator=(const RangeGenerator& other);
        -:  283:
        -:  284:  const T begin_;
        -:  285:  const T end_;
        -:  286:  const IncrementT step_;
        -:  287:  // The index for the end() iterator. All the elements in the generated
        -:  288:  // sequence are indexed (0-based) to aid iterator comparison.
        -:  289:  const int end_index_;
        -:  290:};  // class RangeGenerator
        -:  291:
        -:  292:// Generates values from a pair of STL-style iterators. Used in the
        -:  293:// ValuesIn() function. The elements are copied from the source range
        -:  294:// since the source can be located on the stack, and the generator
        -:  295:// is likely to persist beyond that stack frame.
        -:  296:template <typename T>
        -:  297:class ValuesInIteratorRangeGenerator : public ParamGeneratorInterface<T> {
        -:  298: public:
        -:  299:  template <typename ForwardIterator>
function _ZN7testing8internal30ValuesInIteratorRangeGeneratorI10LexerInputEC1IN9__gnu_cxx17__normal_iteratorIPKS2_St6vectorIS2_SaIS2_EEEEEET_SD_ called 6 returned 100% blocks executed 64%
        6:  300:  ValuesInIteratorRangeGenerator(ForwardIterator begin, ForwardIterator end)
       18:  301:      : container_(begin, end) {}
        6:  301-block  0
call    0 returned 6
        6:  301-block  1
call    1 returned 6
branch  2 taken 6 (fallthrough)
branch  3 taken 0 (throw)
    $$$$$:  301-block  2
    $$$$$:  301-block  3
call    4 never executed
       12:  302:  ~ValuesInIteratorRangeGenerator() override = default;
------------------
_ZN7testing8internal30ValuesInIteratorRangeGeneratorI10LexerInputED0Ev:
function _ZN7testing8internal30ValuesInIteratorRangeGeneratorI10LexerInputED0Ev called 6 returned 100% blocks executed 100%
        6:  302:  ~ValuesInIteratorRangeGenerator() override = default;
        6:  302-block  0
call    0 returned 6
call    1 returned 6
------------------
_ZN7testing8internal30ValuesInIteratorRangeGeneratorI10LexerInputED1Ev:
function _ZN7testing8internal30ValuesInIteratorRangeGeneratorI10LexerInputED1Ev called 6 returned 100% blocks executed 100%
        6:  302:  ~ValuesInIteratorRangeGenerator() override = default;
        6:  302-block  0
call    0 returned 6
call    1 returned 6
------------------
        -:  303:
function _ZNK7testing8internal30ValuesInIteratorRangeGeneratorI10LexerInputE5BeginEv called 6 returned 100% blocks executed 100%
        6:  304:  ParamIteratorInterface<T>* Begin() const override {
        6:  305:    return new Iterator(this, container_.begin());
        6:  305-block  0
call    0 returned 6
call    1 returned 6
call    2 returned 6
        -:  306:  }
function _ZNK7testing8internal30ValuesInIteratorRangeGeneratorI10LexerInputE3EndEv called 210 returned 100% blocks executed 100%
      210:  307:  ParamIteratorInterface<T>* End() const override {
      210:  308:    return new Iterator(this, container_.end());
      210:  308-block  0
call    0 returned 210
call    1 returned 210
call    2 returned 210
        -:  309:  }
        -:  310:
        -:  311: private:
        -:  312:  typedef typename ::std::vector<T> ContainerType;
        -:  313:
        -:  314:  class Iterator : public ParamIteratorInterface<T> {
        -:  315:   public:
function _ZN7testing8internal30ValuesInIteratorRangeGeneratorI10LexerInputE8IteratorC1EPKNS0_23ParamGeneratorInterfaceIS2_EEN9__gnu_cxx17__normal_iteratorIPKS2_St6vectorIS2_SaIS2_EEEE called 216 returned 100% blocks executed 100%
      216:  316:    Iterator(const ParamGeneratorInterface<T>* base,
        -:  317:             typename ContainerType::const_iterator iterator)
      216:  318:        : base_(base), iterator_(iterator) {}
      216:  318-block  0
call    0 returned 216
call    1 returned 216
      432:  319:    ~Iterator() override = default;
------------------
_ZN7testing8internal30ValuesInIteratorRangeGeneratorI10LexerInputE8IteratorD0Ev:
function _ZN7testing8internal30ValuesInIteratorRangeGeneratorI10LexerInputE8IteratorD0Ev called 216 returned 100% blocks executed 100%
      216:  319:    ~Iterator() override = default;
      216:  319-block  0
call    0 returned 216
call    1 returned 216
------------------
_ZN7testing8internal30ValuesInIteratorRangeGeneratorI10LexerInputE8IteratorD1Ev:
function _ZN7testing8internal30ValuesInIteratorRangeGeneratorI10LexerInputE8IteratorD1Ev called 216 returned 100% blocks executed 100%
      216:  319:    ~Iterator() override = default;
      216:  319-block  0
call    0 returned 216
call    1 returned 216
------------------
        -:  320:
function _ZNK7testing8internal30ValuesInIteratorRangeGeneratorI10LexerInputE8Iterator13BaseGeneratorEv called 420 returned 100% blocks executed 100%
      420:  321:    const ParamGeneratorInterface<T>* BaseGenerator() const override {
      420:  322:      return base_;
      420:  322-block  0
        -:  323:    }
function _ZN7testing8internal30ValuesInIteratorRangeGeneratorI10LexerInputE8Iterator7AdvanceEv called 204 returned 100% blocks executed 100%
      204:  324:    void Advance() override {
      204:  325:      ++iterator_;
      204:  325-block  0
call    0 returned 204
      204:  326:      value_.reset();
call    0 returned 204
      204:  327:    }
function _ZNK7testing8internal30ValuesInIteratorRangeGeneratorI10LexerInputE8Iterator5CloneEv called 0 returned 0% blocks executed 0%
    #####:  328:    ParamIteratorInterface<T>* Clone() const override {
    #####:  329:      return new Iterator(*this);
    %%%%%:  329-block  0
call    0 never executed
call    1 never executed
        -:  330:    }
        -:  331:    // We need to use cached value referenced by iterator_ because *iterator_
        -:  332:    // can return a temporary object (and of type other then T), so just
        -:  333:    // having "return &*iterator_;" doesn't work.
        -:  334:    // value_ is updated here and not in Advance() because Advance()
        -:  335:    // can advance iterator_ beyond the end of the range, and we cannot
        -:  336:    // detect that fact. The client code, on the other hand, is
        -:  337:    // responsible for not calling Current() on an out-of-range iterator.
function _ZNK7testing8internal30ValuesInIteratorRangeGeneratorI10LexerInputE8Iterator7CurrentEv called 612 returned 100% blocks executed 82%
      612:  338:    const T* Current() const override {
      612:  339:      if (value_.get() == nullptr) value_.reset(new T(*iterator_));
      612:  339-block  0
call    0 returned 612
branch  1 taken 204 (fallthrough)
branch  2 taken 408
      204:  339-block  1
call    3 returned 204
call    4 returned 204
call    5 returned 204
branch  6 taken 204 (fallthrough)
branch  7 taken 0 (throw)
      204:  339-block  2
call    8 returned 204
    $$$$$:  339-block  3
branch  9 never executed (fallthrough)
branch 10 never executed
    $$$$$:  339-block  4
call   11 never executed
      612:  340:      return value_.get();
      612:  340-block  0
call    0 returned 612
        -:  341:    }
function _ZNK7testing8internal30ValuesInIteratorRangeGeneratorI10LexerInputE8Iterator6EqualsERKNS0_22ParamIteratorInterfaceIS2_EE called 210 returned 100% blocks executed 47%
      210:  342:    bool Equals(const ParamIteratorInterface<T>& other) const override {
        -:  343:      // Having the same base generator guarantees that the other
        -:  344:      // iterator is of the same type and we can downcast.
     210*:  345:      GTEST_CHECK_(BaseGenerator() == other.BaseGenerator())
      210:  345-block  0
call    0 returned 210
call    1 returned 210
call    2 returned 210
branch  3 taken 0 (fallthrough)
branch  4 taken 210
    %%%%%:  345-block  1
call    5 never executed
branch  6 never executed (fallthrough)
branch  7 never executed (throw)
    %%%%%:  345-block  2
call    8 never executed
    %%%%%:  345-block  3
call    9 never executed
    $$$$$:  345-block  4
call   10 never executed
        -:  346:          << "The program attempted to compare iterators "
    #####:  347:          << "from different generators." << std::endl;
call    0 never executed
branch  1 never executed (fallthrough)
branch  2 never executed (throw)
    %%%%%:  347-block  0
call    3 never executed
branch  4 never executed (fallthrough)
branch  5 never executed (throw)
    %%%%%:  347-block  1
call    6 never executed
branch  7 never executed (fallthrough)
branch  8 never executed (throw)
    %%%%%:  347-block  2
call    9 never executed
branch 10 never executed (fallthrough)
branch 11 never executed (throw)
      210:  348:      return iterator_ ==
      210:  349:             CheckedDowncastToActualType<const Iterator>(&other)->iterator_;
      210:  349-block  0
call    0 returned 210
call    1 returned 210
      210:  349-block  1
        -:  350:    }
        -:  351:
        -:  352:   private:
function _ZN7testing8internal30ValuesInIteratorRangeGeneratorI10LexerInputE8IteratorC1ERKS4_ called 0 returned 0% blocks executed 0%
    #####:  353:    Iterator(const Iterator& other)
        -:  354:        // The explicit constructor call suppresses a false warning
        -:  355:        // emitted by gcc when supplied with the -Wextra option.
        -:  356:        : ParamIteratorInterface<T>(),
    #####:  357:          base_(other.base_),
    #####:  358:          iterator_(other.iterator_) {}
    %%%%%:  358-block  0
call    0 never executed
call    1 never executed
        -:  359:
        -:  360:    const ParamGeneratorInterface<T>* const base_;
        -:  361:    typename ContainerType::const_iterator iterator_;
        -:  362:    // A cached value of *iterator_. We keep it here to allow access by
        -:  363:    // pointer in the wrapping iterator's operator->().
        -:  364:    // value_ needs to be mutable to be accessed in Current().
        -:  365:    // Use of std::unique_ptr helps manage cached value's lifetime,
        -:  366:    // which is bound by the lifespan of the iterator itself.
        -:  367:    mutable std::unique_ptr<const T> value_;
        -:  368:  };  // class ValuesInIteratorRangeGenerator::Iterator
        -:  369:
        -:  370:  // No implementation - assignment is unsupported.
        -:  371:  void operator=(const ValuesInIteratorRangeGenerator& other);
        -:  372:
        -:  373:  const ContainerType container_;
        -:  374:};  // class ValuesInIteratorRangeGenerator
        -:  375:
        -:  376:// INTERNAL IMPLEMENTATION - DO NOT USE IN USER CODE.
        -:  377://
        -:  378:// Default parameterized test name generator, returns a string containing the
        -:  379:// integer test parameter index.
        -:  380:template <class ParamType>
function _ZN7testing8internal16DefaultParamNameI10LexerInputEENSt7__cxx1112basic_stringIcSt11char_traitsIcESaIcEEERKNS_13TestParamInfoIT_EE called 204 returned 100% blocks executed 80%
      204:  381:std::string DefaultParamName(const TestParamInfo<ParamType>& info) {
      204:  382:  Message name_stream;
      204:  382-block  0
call    0 returned 204
branch  1 taken 204 (fallthrough)
branch  2 taken 0 (throw)
      204:  383:  name_stream << info.index;
      204:  383-block  0
call    0 returned 204
branch  1 taken 204 (fallthrough)
branch  2 taken 0 (throw)
      408:  384:  return name_stream.GetString();
      204:  384-block  0
call    0 returned 204
branch  1 taken 204 (fallthrough)
branch  2 taken 0 (throw)
      204:  384-block  1
      204:  385:}
      204:  385-block  0
call    0 returned 204
    $$$$$:  385-block  1
call    1 never executed
        -:  386:
        -:  387:template <typename T = int>
        -:  388:void TestNotEmpty() {
        -:  389:  static_assert(sizeof(T) == 0, "Empty arguments are not allowed.");
        -:  390:}
        -:  391:template <typename T = int>
function _ZN7testing8internal12TestNotEmptyIFNSt7__cxx1112basic_stringIcSt11char_traitsIcESaIcEEERKNS_13TestParamInfoI10LexerInputEEEEEvRKT_ called 0 returned 0% blocks executed 0%
    #####:  392:void TestNotEmpty(const T&) {}
        -:  393:
        -:  394:// INTERNAL IMPLEMENTATION - DO NOT USE IN USER CODE.
        -:  395://
        -:  396:// Stores a parameter value and later creates tests parameterized with that
        -:  397:// value.
        -:  398:template <class TestClass>
        -:  399:class ParameterizedTestFactory : public TestFactoryBase {
        -:  400: public:
        -:  401:  typedef typename TestClass::ParamType ParamType;
      204:  402:  explicit ParameterizedTestFactory(ParamType parameter)
      204:  403:      : parameter_(parameter) {}
------------------
_ZN7testing8internal24ParameterizedTestFactoryI40LexerTest_ProducesExpectedTokenType_TestEC1E10LexerInput:
function _ZN7testing8internal24ParameterizedTestFactoryI40LexerTest_ProducesExpectedTokenType_TestEC1E10LexerInput called 34 returned 100% blocks executed 80%
       34:  402:  explicit ParameterizedTestFactory(ParamType parameter)
       34:  403:      : parameter_(parameter) {}
       34:  403-block  0
call    0 returned 34
call    1 returned 34
branch  2 taken 34 (fallthrough)
branch  3 taken 0 (throw)
       34:  403-block  1
    $$$$$:  403-block  2
call    4 never executed
------------------
_ZN7testing8internal24ParameterizedTestFactoryI36LexerTest_TokenizeCommentedLine_TestEC1E10LexerInput:
function _ZN7testing8internal24ParameterizedTestFactoryI36LexerTest_TokenizeCommentedLine_TestEC1E10LexerInput called 34 returned 100% blocks executed 80%
       34:  402:  explicit ParameterizedTestFactory(ParamType parameter)
       34:  403:      : parameter_(parameter) {}
       34:  403-block  0
call    0 returned 34
call    1 returned 34
branch  2 taken 34 (fallthrough)
branch  3 taken 0 (throw)
       34:  403-block  1
    $$$$$:  403-block  2
call    4 never executed
------------------
_ZN7testing8internal24ParameterizedTestFactoryI34LexerTest_MakeNumberTokenFail_TestEC1E10LexerInput:
function _ZN7testing8internal24ParameterizedTestFactoryI34LexerTest_MakeNumberTokenFail_TestEC1E10LexerInput called 34 returned 100% blocks executed 80%
       34:  402:  explicit ParameterizedTestFactory(ParamType parameter)
       34:  403:      : parameter_(parameter) {}
       34:  403-block  0
call    0 returned 34
call    1 returned 34
branch  2 taken 34 (fallthrough)
branch  3 taken 0 (throw)
       34:  403-block  1
    $$$$$:  403-block  2
call    4 never executed
------------------
_ZN7testing8internal24ParameterizedTestFactoryI34LexerTest_MakeStringTokenFail_TestEC1E10LexerInput:
function _ZN7testing8internal24ParameterizedTestFactoryI34LexerTest_MakeStringTokenFail_TestEC1E10LexerInput called 34 returned 100% blocks executed 80%
       34:  402:  explicit ParameterizedTestFactory(ParamType parameter)
       34:  403:      : parameter_(parameter) {}
       34:  403-block  0
call    0 returned 34
call    1 returned 34
branch  2 taken 34 (fallthrough)
branch  3 taken 0 (throw)
       34:  403-block  1
    $$$$$:  403-block  2
call    4 never executed
------------------
_ZN7testing8internal24ParameterizedTestFactoryI37LexerTest_MakeNotEqualsTokenFail_TestEC1E10LexerInput:
function _ZN7testing8internal24ParameterizedTestFactoryI37LexerTest_MakeNotEqualsTokenFail_TestEC1E10LexerInput called 34 returned 100% blocks executed 80%
       34:  402:  explicit ParameterizedTestFactory(ParamType parameter)
       34:  403:      : parameter_(parameter) {}
       34:  403-block  0
call    0 returned 34
call    1 returned 34
branch  2 taken 34 (fallthrough)
branch  3 taken 0 (throw)
       34:  403-block  1
    $$$$$:  403-block  2
call    4 never executed
------------------
_ZN7testing8internal24ParameterizedTestFactoryI39LexerTest_TokenizeUnrecognisedChar_TestEC1E10LexerInput:
function _ZN7testing8internal24ParameterizedTestFactoryI39LexerTest_TokenizeUnrecognisedChar_TestEC1E10LexerInput called 34 returned 100% blocks executed 80%
       34:  402:  explicit ParameterizedTestFactory(ParamType parameter)
       34:  403:      : parameter_(parameter) {}
       34:  403-block  0
call    0 returned 34
call    1 returned 34
branch  2 taken 34 (fallthrough)
branch  3 taken 0 (throw)
       34:  403-block  1
    $$$$$:  403-block  2
call    4 never executed
------------------
      204:  404:  Test* CreateTest() override {
      204:  405:    TestClass::SetParam(&parameter_);
      204:  406:    return new TestClass();
        -:  407:  }
------------------
_ZN7testing8internal24ParameterizedTestFactoryI39LexerTest_TokenizeUnrecognisedChar_TestE10CreateTestEv:
function _ZN7testing8internal24ParameterizedTestFactoryI39LexerTest_TokenizeUnrecognisedChar_TestE10CreateTestEv called 34 returned 100% blocks executed 75%
       34:  404:  Test* CreateTest() override {
       34:  405:    TestClass::SetParam(&parameter_);
       34:  405-block  0
call    0 returned 34
       34:  406:    return new TestClass();
call    0 returned 34
call    1 returned 34
branch  2 taken 34 (fallthrough)
branch  3 taken 0 (throw)
       34:  406-block  0
       34:  406-block  1
    $$$$$:  406-block  2
branch  4 never executed (fallthrough)
branch  5 never executed
    $$$$$:  406-block  3
call    6 never executed
        -:  407:  }
------------------
_ZN7testing8internal24ParameterizedTestFactoryI37LexerTest_MakeNotEqualsTokenFail_TestE10CreateTestEv:
function _ZN7testing8internal24ParameterizedTestFactoryI37LexerTest_MakeNotEqualsTokenFail_TestE10CreateTestEv called 34 returned 100% blocks executed 75%
       34:  404:  Test* CreateTest() override {
       34:  405:    TestClass::SetParam(&parameter_);
       34:  405-block  0
call    0 returned 34
       34:  406:    return new TestClass();
call    0 returned 34
call    1 returned 34
branch  2 taken 34 (fallthrough)
branch  3 taken 0 (throw)
       34:  406-block  0
       34:  406-block  1
    $$$$$:  406-block  2
branch  4 never executed (fallthrough)
branch  5 never executed
    $$$$$:  406-block  3
call    6 never executed
        -:  407:  }
------------------
_ZN7testing8internal24ParameterizedTestFactoryI34LexerTest_MakeStringTokenFail_TestE10CreateTestEv:
function _ZN7testing8internal24ParameterizedTestFactoryI34LexerTest_MakeStringTokenFail_TestE10CreateTestEv called 34 returned 100% blocks executed 75%
       34:  404:  Test* CreateTest() override {
       34:  405:    TestClass::SetParam(&parameter_);
       34:  405-block  0
call    0 returned 34
       34:  406:    return new TestClass();
call    0 returned 34
call    1 returned 34
branch  2 taken 34 (fallthrough)
branch  3 taken 0 (throw)
       34:  406-block  0
       34:  406-block  1
    $$$$$:  406-block  2
branch  4 never executed (fallthrough)
branch  5 never executed
    $$$$$:  406-block  3
call    6 never executed
        -:  407:  }
------------------
_ZN7testing8internal24ParameterizedTestFactoryI34LexerTest_MakeNumberTokenFail_TestE10CreateTestEv:
function _ZN7testing8internal24ParameterizedTestFactoryI34LexerTest_MakeNumberTokenFail_TestE10CreateTestEv called 34 returned 100% blocks executed 75%
       34:  404:  Test* CreateTest() override {
       34:  405:    TestClass::SetParam(&parameter_);
       34:  405-block  0
call    0 returned 34
       34:  406:    return new TestClass();
call    0 returned 34
call    1 returned 34
branch  2 taken 34 (fallthrough)
branch  3 taken 0 (throw)
       34:  406-block  0
       34:  406-block  1
    $$$$$:  406-block  2
branch  4 never executed (fallthrough)
branch  5 never executed
    $$$$$:  406-block  3
call    6 never executed
        -:  407:  }
------------------
_ZN7testing8internal24ParameterizedTestFactoryI36LexerTest_TokenizeCommentedLine_TestE10CreateTestEv:
function _ZN7testing8internal24ParameterizedTestFactoryI36LexerTest_TokenizeCommentedLine_TestE10CreateTestEv called 34 returned 100% blocks executed 75%
       34:  404:  Test* CreateTest() override {
       34:  405:    TestClass::SetParam(&parameter_);
       34:  405-block  0
call    0 returned 34
       34:  406:    return new TestClass();
call    0 returned 34
call    1 returned 34
branch  2 taken 34 (fallthrough)
branch  3 taken 0 (throw)
       34:  406-block  0
       34:  406-block  1
    $$$$$:  406-block  2
branch  4 never executed (fallthrough)
branch  5 never executed
    $$$$$:  406-block  3
call    6 never executed
        -:  407:  }
------------------
_ZN7testing8internal24ParameterizedTestFactoryI40LexerTest_ProducesExpectedTokenType_TestE10CreateTestEv:
function _ZN7testing8internal24ParameterizedTestFactoryI40LexerTest_ProducesExpectedTokenType_TestE10CreateTestEv called 34 returned 100% blocks executed 75%
       34:  404:  Test* CreateTest() override {
       34:  405:    TestClass::SetParam(&parameter_);
       34:  405-block  0
call    0 returned 34
       34:  406:    return new TestClass();
call    0 returned 34
call    1 returned 34
branch  2 taken 34 (fallthrough)
branch  3 taken 0 (throw)
       34:  406-block  0
       34:  406-block  1
    $$$$$:  406-block  2
branch  4 never executed (fallthrough)
branch  5 never executed
    $$$$$:  406-block  3
call    6 never executed
        -:  407:  }
------------------
        -:  408:
        -:  409: private:
        -:  410:  const ParamType parameter_;
        -:  411:
        -:  412:  ParameterizedTestFactory(const ParameterizedTestFactory&) = delete;
        -:  413:  ParameterizedTestFactory& operator=(const ParameterizedTestFactory&) = delete;
        -:  414:};
        -:  415:
        -:  416:// INTERNAL IMPLEMENTATION - DO NOT USE IN USER CODE.
        -:  417://
        -:  418:// TestMetaFactoryBase is a base class for meta-factories that create
        -:  419:// test factories for passing into MakeAndRegisterTestInfo function.
        -:  420:template <class ParamType>
        -:  421:class TestMetaFactoryBase {
        -:  422: public:
function _ZN7testing8internal19TestMetaFactoryBaseI10LexerInputED2Ev called 0 returned 0% blocks executed 0%
    #####:  423:  virtual ~TestMetaFactoryBase() = default;
        -:  424:
        -:  425:  virtual TestFactoryBase* CreateTestFactory(ParamType parameter) = 0;
        -:  426:};
        -:  427:
        -:  428:// INTERNAL IMPLEMENTATION - DO NOT USE IN USER CODE.
        -:  429://
        -:  430:// TestMetaFactory creates test factories for passing into
        -:  431:// MakeAndRegisterTestInfo function. Since MakeAndRegisterTestInfo receives
        -:  432:// ownership of test factory pointer, same factory object cannot be passed
        -:  433:// into that method twice. But ParameterizedTestSuiteInfo is going to call
        -:  434:// it for each Test/Parameter value combination. Thus it needs meta factory
        -:  435:// creator class.
        -:  436:template <class TestSuite>
        -:  437:class TestMetaFactory
        -:  438:    : public TestMetaFactoryBase<typename TestSuite::ParamType> {
        -:  439: public:
        -:  440:  using ParamType = typename TestSuite::ParamType;
        -:  441:
        6:  442:  TestMetaFactory() = default;
------------------
_ZN7testing8internal15TestMetaFactoryI39LexerTest_TokenizeUnrecognisedChar_TestEC1Ev:
function _ZN7testing8internal15TestMetaFactoryI39LexerTest_TokenizeUnrecognisedChar_TestEC1Ev called 1 returned 100% blocks executed 100%
        1:  442:  TestMetaFactory() = default;
        1:  442-block  0
call    0 returned 1
------------------
_ZN7testing8internal15TestMetaFactoryI37LexerTest_MakeNotEqualsTokenFail_TestEC1Ev:
function _ZN7testing8internal15TestMetaFactoryI37LexerTest_MakeNotEqualsTokenFail_TestEC1Ev called 1 returned 100% blocks executed 100%
        1:  442:  TestMetaFactory() = default;
        1:  442-block  0
call    0 returned 1
------------------
_ZN7testing8internal15TestMetaFactoryI34LexerTest_MakeStringTokenFail_TestEC1Ev:
function _ZN7testing8internal15TestMetaFactoryI34LexerTest_MakeStringTokenFail_TestEC1Ev called 1 returned 100% blocks executed 100%
        1:  442:  TestMetaFactory() = default;
        1:  442-block  0
call    0 returned 1
------------------
_ZN7testing8internal15TestMetaFactoryI34LexerTest_MakeNumberTokenFail_TestEC1Ev:
function _ZN7testing8internal15TestMetaFactoryI34LexerTest_MakeNumberTokenFail_TestEC1Ev called 1 returned 100% blocks executed 100%
        1:  442:  TestMetaFactory() = default;
        1:  442-block  0
call    0 returned 1
------------------
_ZN7testing8internal15TestMetaFactoryI36LexerTest_TokenizeCommentedLine_TestEC1Ev:
function _ZN7testing8internal15TestMetaFactoryI36LexerTest_TokenizeCommentedLine_TestEC1Ev called 1 returned 100% blocks executed 100%
        1:  442:  TestMetaFactory() = default;
        1:  442-block  0
call    0 returned 1
------------------
_ZN7testing8internal15TestMetaFactoryI40LexerTest_ProducesExpectedTokenType_TestEC1Ev:
function _ZN7testing8internal15TestMetaFactoryI40LexerTest_ProducesExpectedTokenType_TestEC1Ev called 1 returned 100% blocks executed 100%
        1:  442:  TestMetaFactory() = default;
        1:  442-block  0
call    0 returned 1
------------------
        -:  443:
      204:  444:  TestFactoryBase* CreateTestFactory(ParamType parameter) override {
      204:  445:    return new ParameterizedTestFactory<TestSuite>(parameter);
        -:  446:  }
------------------
_ZN7testing8internal15TestMetaFactoryI40LexerTest_ProducesExpectedTokenType_TestE17CreateTestFactoryE10LexerInput:
function _ZN7testing8internal15TestMetaFactoryI40LexerTest_ProducesExpectedTokenType_TestE17CreateTestFactoryE10LexerInput called 34 returned 100% blocks executed 62%
       34:  444:  TestFactoryBase* CreateTestFactory(ParamType parameter) override {
       34:  445:    return new ParameterizedTestFactory<TestSuite>(parameter);
       34:  445-block  0
call    0 returned 34
call    1 returned 34
branch  2 taken 34 (fallthrough)
branch  3 taken 0 (throw)
       34:  445-block  1
call    4 returned 34
branch  5 taken 34 (fallthrough)
branch  6 taken 0 (throw)
       34:  445-block  2
       34:  445-block  3
call    7 returned 34
       34:  445-block  4
    $$$$$:  445-block  5
call    8 never executed
    $$$$$:  445-block  6
    $$$$$:  445-block  7
branch  9 never executed (fallthrough)
branch 10 never executed
    $$$$$:  445-block  8
call   11 never executed
        -:  446:  }
------------------
_ZN7testing8internal15TestMetaFactoryI36LexerTest_TokenizeCommentedLine_TestE17CreateTestFactoryE10LexerInput:
function _ZN7testing8internal15TestMetaFactoryI36LexerTest_TokenizeCommentedLine_TestE17CreateTestFactoryE10LexerInput called 34 returned 100% blocks executed 62%
       34:  444:  TestFactoryBase* CreateTestFactory(ParamType parameter) override {
       34:  445:    return new ParameterizedTestFactory<TestSuite>(parameter);
       34:  445-block  0
call    0 returned 34
call    1 returned 34
branch  2 taken 34 (fallthrough)
branch  3 taken 0 (throw)
       34:  445-block  1
call    4 returned 34
branch  5 taken 34 (fallthrough)
branch  6 taken 0 (throw)
       34:  445-block  2
       34:  445-block  3
call    7 returned 34
       34:  445-block  4
    $$$$$:  445-block  5
call    8 never executed
    $$$$$:  445-block  6
    $$$$$:  445-block  7
branch  9 never executed (fallthrough)
branch 10 never executed
    $$$$$:  445-block  8
call   11 never executed
        -:  446:  }
------------------
_ZN7testing8internal15TestMetaFactoryI34LexerTest_MakeNumberTokenFail_TestE17CreateTestFactoryE10LexerInput:
function _ZN7testing8internal15TestMetaFactoryI34LexerTest_MakeNumberTokenFail_TestE17CreateTestFactoryE10LexerInput called 34 returned 100% blocks executed 62%
       34:  444:  TestFactoryBase* CreateTestFactory(ParamType parameter) override {
       34:  445:    return new ParameterizedTestFactory<TestSuite>(parameter);
       34:  445-block  0
call    0 returned 34
call    1 returned 34
branch  2 taken 34 (fallthrough)
branch  3 taken 0 (throw)
       34:  445-block  1
call    4 returned 34
branch  5 taken 34 (fallthrough)
branch  6 taken 0 (throw)
       34:  445-block  2
       34:  445-block  3
call    7 returned 34
       34:  445-block  4
    $$$$$:  445-block  5
call    8 never executed
    $$$$$:  445-block  6
    $$$$$:  445-block  7
branch  9 never executed (fallthrough)
branch 10 never executed
    $$$$$:  445-block  8
call   11 never executed
        -:  446:  }
------------------
_ZN7testing8internal15TestMetaFactoryI34LexerTest_MakeStringTokenFail_TestE17CreateTestFactoryE10LexerInput:
function _ZN7testing8internal15TestMetaFactoryI34LexerTest_MakeStringTokenFail_TestE17CreateTestFactoryE10LexerInput called 34 returned 100% blocks executed 62%
       34:  444:  TestFactoryBase* CreateTestFactory(ParamType parameter) override {
       34:  445:    return new ParameterizedTestFactory<TestSuite>(parameter);
       34:  445-block  0
call    0 returned 34
call    1 returned 34
branch  2 taken 34 (fallthrough)
branch  3 taken 0 (throw)
       34:  445-block  1
call    4 returned 34
branch  5 taken 34 (fallthrough)
branch  6 taken 0 (throw)
       34:  445-block  2
       34:  445-block  3
call    7 returned 34
       34:  445-block  4
    $$$$$:  445-block  5
call    8 never executed
    $$$$$:  445-block  6
    $$$$$:  445-block  7
branch  9 never executed (fallthrough)
branch 10 never executed
    $$$$$:  445-block  8
call   11 never executed
        -:  446:  }
------------------
_ZN7testing8internal15TestMetaFactoryI37LexerTest_MakeNotEqualsTokenFail_TestE17CreateTestFactoryE10LexerInput:
function _ZN7testing8internal15TestMetaFactoryI37LexerTest_MakeNotEqualsTokenFail_TestE17CreateTestFactoryE10LexerInput called 34 returned 100% blocks executed 62%
       34:  444:  TestFactoryBase* CreateTestFactory(ParamType parameter) override {
       34:  445:    return new ParameterizedTestFactory<TestSuite>(parameter);
       34:  445-block  0
call    0 returned 34
call    1 returned 34
branch  2 taken 34 (fallthrough)
branch  3 taken 0 (throw)
       34:  445-block  1
call    4 returned 34
branch  5 taken 34 (fallthrough)
branch  6 taken 0 (throw)
       34:  445-block  2
       34:  445-block  3
call    7 returned 34
       34:  445-block  4
    $$$$$:  445-block  5
call    8 never executed
    $$$$$:  445-block  6
    $$$$$:  445-block  7
branch  9 never executed (fallthrough)
branch 10 never executed
    $$$$$:  445-block  8
call   11 never executed
        -:  446:  }
------------------
_ZN7testing8internal15TestMetaFactoryI39LexerTest_TokenizeUnrecognisedChar_TestE17CreateTestFactoryE10LexerInput:
function _ZN7testing8internal15TestMetaFactoryI39LexerTest_TokenizeUnrecognisedChar_TestE17CreateTestFactoryE10LexerInput called 34 returned 100% blocks executed 62%
       34:  444:  TestFactoryBase* CreateTestFactory(ParamType parameter) override {
       34:  445:    return new ParameterizedTestFactory<TestSuite>(parameter);
       34:  445-block  0
call    0 returned 34
call    1 returned 34
branch  2 taken 34 (fallthrough)
branch  3 taken 0 (throw)
       34:  445-block  1
call    4 returned 34
branch  5 taken 34 (fallthrough)
branch  6 taken 0 (throw)
       34:  445-block  2
       34:  445-block  3
call    7 returned 34
       34:  445-block  4
    $$$$$:  445-block  5
call    8 never executed
    $$$$$:  445-block  6
    $$$$$:  445-block  7
branch  9 never executed (fallthrough)
branch 10 never executed
    $$$$$:  445-block  8
call   11 never executed
        -:  446:  }
------------------
        -:  447:
        -:  448: private:
        -:  449:  TestMetaFactory(const TestMetaFactory&) = delete;
        -:  450:  TestMetaFactory& operator=(const TestMetaFactory&) = delete;
        -:  451:};
        -:  452:
        -:  453:// INTERNAL IMPLEMENTATION - DO NOT USE IN USER CODE.
        -:  454://
        -:  455:// ParameterizedTestSuiteInfoBase is a generic interface
        -:  456:// to ParameterizedTestSuiteInfo classes. ParameterizedTestSuiteInfoBase
        -:  457:// accumulates test information provided by TEST_P macro invocations
        -:  458:// and generators provided by INSTANTIATE_TEST_SUITE_P macro invocations
        -:  459:// and uses that information to register all resulting test instances
        -:  460:// in RegisterTests method. The ParameterizeTestSuiteRegistry class holds
        -:  461:// a collection of pointers to the ParameterizedTestSuiteInfo objects
        -:  462:// and calls RegisterTests() on each of them when asked.
        -:  463:class ParameterizedTestSuiteInfoBase {
        -:  464: public:
function _ZN7testing8internal30ParameterizedTestSuiteInfoBaseD2Ev called 0 returned 0% blocks executed 0%
    #####:  465:  virtual ~ParameterizedTestSuiteInfoBase() = default;
        -:  466:
        -:  467:  // Base part of test suite name for display purposes.
        -:  468:  virtual const std::string& GetTestSuiteName() const = 0;
        -:  469:  // Test suite id to verify identity.
        -:  470:  virtual TypeId GetTestSuiteTypeId() const = 0;
        -:  471:  // UnitTest class invokes this method to register tests in this
        -:  472:  // test suite right before running them in RUN_ALL_TESTS macro.
        -:  473:  // This method should not be called more than once on any single
        -:  474:  // instance of a ParameterizedTestSuiteInfoBase derived class.
        -:  475:  virtual void RegisterTests() = 0;
        -:  476:
        -:  477: protected:
function _ZN7testing8internal30ParameterizedTestSuiteInfoBaseC2Ev called 1 returned 100% blocks executed 100%
        1:  478:  ParameterizedTestSuiteInfoBase() {}
        -:  479:
        -:  480: private:
        -:  481:  ParameterizedTestSuiteInfoBase(const ParameterizedTestSuiteInfoBase&) =
        -:  482:      delete;
        -:  483:  ParameterizedTestSuiteInfoBase& operator=(
        -:  484:      const ParameterizedTestSuiteInfoBase&) = delete;
        -:  485:};
        -:  486:
        -:  487:// INTERNAL IMPLEMENTATION - DO NOT USE IN USER CODE.
        -:  488://
        -:  489:// Report a the name of a test_suit as safe to ignore
        -:  490:// as the side effect of construction of this type.
        -:  491:struct GTEST_API_ MarkAsIgnored {
        -:  492:  explicit MarkAsIgnored(const char* test_suite);
        -:  493:};
        -:  494:
        -:  495:GTEST_API_ void InsertSyntheticTestCase(const std::string& name,
        -:  496:                                        CodeLocation location, bool has_test_p);
        -:  497:
        -:  498:// INTERNAL IMPLEMENTATION - DO NOT USE IN USER CODE.
        -:  499://
        -:  500:// ParameterizedTestSuiteInfo accumulates tests obtained from TEST_P
        -:  501:// macro invocations for a particular test suite and generators
        -:  502:// obtained from INSTANTIATE_TEST_SUITE_P macro invocations for that
        -:  503:// test suite. It registers tests with all values generated by all
        -:  504:// generators when asked.
        -:  505:template <class TestSuite>
        -:  506:class ParameterizedTestSuiteInfo : public ParameterizedTestSuiteInfoBase {
        -:  507: public:
        -:  508:  // ParamType and GeneratorCreationFunc are private types but are required
        -:  509:  // for declarations of public methods AddTestPattern() and
        -:  510:  // AddTestSuiteInstantiation().
        -:  511:  using ParamType = typename TestSuite::ParamType;
        -:  512:  // A function that returns an instance of appropriate generator type.
        -:  513:  typedef ParamGenerator<ParamType>(GeneratorCreationFunc)();
        -:  514:  using ParamNameGeneratorFunc = std::string(const TestParamInfo<ParamType>&);
        -:  515:
function _ZN7testing8internal26ParameterizedTestSuiteInfoI9LexerTestEC1EPKcNS0_12CodeLocationE called 1 returned 100% blocks executed 62%
        1:  516:  explicit ParameterizedTestSuiteInfo(const char* name,
        -:  517:                                      CodeLocation code_location)
        3:  518:      : test_suite_name_(name), code_location_(code_location) {}
        1:  518-block  0
call    0 returned 1
        1:  518-block  1
call    1 returned 1
branch  2 taken 1 (fallthrough)
branch  3 taken 0 (throw)
call    4 returned 1
branch  5 taken 1 (fallthrough)
branch  6 taken 0 (throw)
        1:  518-block  2
call    7 returned 1
call    8 returned 1
    $$$$$:  518-block  3
    $$$$$:  518-block  4
call    9 never executed
    $$$$$:  518-block  5
call   10 never executed
        -:  519:
        -:  520:  // Test suite base name for display purposes.
function _ZNK7testing8internal26ParameterizedTestSuiteInfoI9LexerTestE16GetTestSuiteNameB5cxx11Ev called 6 returned 100% blocks executed 100%
        6:  521:  const std::string& GetTestSuiteName() const override {
        6:  522:    return test_suite_name_;
        6:  522-block  0
        -:  523:  }
        -:  524:  // Test suite id to verify identity.
function _ZNK7testing8internal26ParameterizedTestSuiteInfoI9LexerTestE18GetTestSuiteTypeIdEv called 210 returned 100% blocks executed 100%
      210:  525:  TypeId GetTestSuiteTypeId() const override { return GetTypeId<TestSuite>(); }
      210:  525-block  0
call    0 returned 210
        -:  526:  // TEST_P macro uses AddTestPattern() to record information
        -:  527:  // about a single test in a LocalTestInfo structure.
        -:  528:  // test_suite_name is the base name of the test suite (without invocation
        -:  529:  // prefix). test_base_name is the name of an individual test without
        -:  530:  // parameter index. For the test SequenceA/FooTest.DoBar/1 FooTest is
        -:  531:  // test suite base name and DoBar is test base name.
function _ZN7testing8internal26ParameterizedTestSuiteInfoI9LexerTestE14AddTestPatternEPKcS5_PNS0_19TestMetaFactoryBaseI10LexerInputEENS0_12CodeLocationE called 6 returned 100% blocks executed 53%
        6:  532:  void AddTestPattern(const char* test_suite_name, const char* test_base_name,
        -:  533:                      TestMetaFactoryBase<ParamType>* meta_factory,
        -:  534:                      CodeLocation code_location) {
        6:  535:    tests_.push_back(std::shared_ptr<TestInfo>(new TestInfo(
        6:  535-block  0
call    0 returned 6
branch  1 taken 6 (fallthrough)
branch  2 taken 0 (throw)
        6:  535-block  1
call    3 returned 6
branch  4 taken 6 (fallthrough)
branch  5 taken 0 (throw)
        6:  535-block  2
call    6 returned 6
branch  7 taken 6 (fallthrough)
branch  8 taken 0 (throw)
        6:  535-block  3
call    9 returned 6
branch 10 taken 6 (fallthrough)
branch 11 taken 0 (throw)
        6:  535-block  4
call   12 returned 6
branch 13 taken 6 (fallthrough)
branch 14 taken 0 (throw)
        6:  535-block  5
call   15 returned 6
call   16 returned 6
    $$$$$:  535-block  6
call   17 never executed
    $$$$$:  535-block  7
call   18 never executed
    $$$$$:  535-block  8
    $$$$$:  535-block  9
branch 19 never executed (fallthrough)
branch 20 never executed
    $$$$$:  535-block 10
call   21 never executed
        -:  536:        test_suite_name, test_base_name, meta_factory, code_location)));
        6:  537:  }
        -:  538:  // INSTANTIATE_TEST_SUITE_P macro uses AddGenerator() to record information
        -:  539:  // about a generator.
function _ZN7testing8internal26ParameterizedTestSuiteInfoI9LexerTestE25AddTestSuiteInstantiationERKNSt7__cxx1112basic_stringIcSt11char_traitsIcESaIcEEEPFNS0_14ParamGeneratorI10LexerInputEEvEPFS9_RKNS_13TestParamInfoISD_EEEPKci called 1 returned 100% blocks executed 75%
        1:  540:  int AddTestSuiteInstantiation(const std::string& instantiation_name,
        -:  541:                                GeneratorCreationFunc* func,
        -:  542:                                ParamNameGeneratorFunc* name_func,
        -:  543:                                const char* file, int line) {
        1:  544:    instantiations_.push_back(
        1:  544-block  0
call    0 returned 1
branch  1 taken 1 (fallthrough)
branch  2 taken 0 (throw)
        2:  545:        InstantiationInfo(instantiation_name, func, name_func, file, line));
        1:  545-block  0
call    0 returned 1
branch  1 taken 1 (fallthrough)
branch  2 taken 0 (throw)
        1:  545-block  1
call    3 returned 1
    $$$$$:  545-block  2
call    4 never executed
        1:  546:    return 0;  // Return value used only to run this method in namespace scope.
        1:  546-block  0
        -:  547:  }
        -:  548:  // UnitTest class invokes this method to register tests in this test suite
        -:  549:  // right before running tests in RUN_ALL_TESTS macro.
        -:  550:  // This method should not be called more than once on any single
        -:  551:  // instance of a ParameterizedTestSuiteInfoBase derived class.
        -:  552:  // UnitTest has a guard to prevent from calling this method more than once.
function _ZN7testing8internal26ParameterizedTestSuiteInfoI9LexerTestE13RegisterTestsEv called 1 returned 100% blocks executed 53%
        1:  553:  void RegisterTests() override {
        1:  554:    bool generated_instantiations = false;
        -:  555:
        7:  556:    for (typename TestInfoContainer::iterator test_it = tests_.begin();
        1:  556-block  0
call    0 returned 1
        6:  556-block  1
call    1 returned 6
    $$$$$:  556-block  2
call    2 never executed
        7:  557:         test_it != tests_.end(); ++test_it) {
call    0 returned 6
        7:  557-block  0
call    1 returned 7
call    2 returned 7
branch  3 taken 6
branch  4 taken 1 (fallthrough)
        6:  558:      std::shared_ptr<TestInfo> test_info = *test_it;
        6:  558-block  0
call    0 returned 6
call    1 returned 6
       12:  559:      for (typename InstantiationContainer::iterator gen_it =
call    0 returned 6
call    1 returned 6
call    2 returned 6
    $$$$$:  559-block  0
call    3 never executed
    $$$$$:  559-block  1
call    4 never executed
    $$$$$:  559-block  2
call    5 never executed
        6:  560:               instantiations_.begin();
call    0 returned 6
       12:  561:           gen_it != instantiations_.end(); ++gen_it) {
call    0 returned 6
       12:  561-block  0
call    1 returned 12
call    2 returned 12
branch  3 taken 6
branch  4 taken 6 (fallthrough)
        6:  562:        const std::string& instantiation_name = gen_it->name;
        6:  562-block  0
call    0 returned 6
        6:  563:        ParamGenerator<ParamType> generator((*gen_it->generator)());
call    0 returned 6
call    1 returned 6
branch  2 taken 6 (fallthrough)
branch  3 taken 0 (throw)
        6:  564:        ParamNameGeneratorFunc* name_func = gen_it->name_func;
        6:  564-block  0
call    0 returned 6
        6:  565:        const char* file = gen_it->file;
call    0 returned 6
        6:  566:        int line = gen_it->line;
call    0 returned 6
        -:  567:
        6:  568:        std::string test_suite_name;
call    0 returned 6
        6:  569:        if (!instantiation_name.empty())
call    0 returned 6
branch  1 taken 6 (fallthrough)
branch  2 taken 0
        6:  570:          test_suite_name = instantiation_name + "/";
        6:  570-block  0
call    0 returned 6
branch  1 taken 6 (fallthrough)
branch  2 taken 0 (throw)
        6:  570-block  1
call    3 returned 6
call    4 returned 6
    $$$$$:  570-block  2
        6:  571:        test_suite_name += test_info->test_suite_base_name;
        6:  571-block  0
call    0 returned 6
call    1 returned 6
branch  2 taken 6 (fallthrough)
branch  3 taken 0 (throw)
        -:  572:
        6:  573:        size_t i = 0;
        6:  574:        std::set<std::string> test_param_names;
        6:  574-block  0
call    0 returned 6
      420:  575:        for (typename ParamGenerator<ParamType>::iterator param_it =
call    0 returned 6
branch  1 taken 6 (fallthrough)
branch  2 taken 0 (throw)
        6:  575-block  0
call    3 returned 204
      204:  575-block  1
        6:  575-block  2
call    4 returned 6
    $$$$$:  575-block  3
call    5 never executed
    $$$$$:  575-block  4
call    6 never executed
    $$$$$:  575-block  5
call    7 never executed
        -:  576:                 generator.begin();
      414:  577:             param_it != generator.end(); ++param_it, ++i) {
call    0 returned 204
branch  1 taken 204 (fallthrough)
branch  2 taken 0 (throw)
      210:  577-block  0
call    3 returned 210
branch  4 taken 210 (fallthrough)
branch  5 taken 0 (throw)
      210:  577-block  1
call    6 returned 210
branch  7 taken 210 (fallthrough)
branch  8 taken 0 (throw)
      210:  577-block  2
call    9 returned 210
branch 10 taken 204
branch 11 taken 6 (fallthrough)
    $$$$$:  577-block  3
call   12 never executed
    $$$$$:  577-block  4
      204:  578:          generated_instantiations = true;
        -:  579:
      204:  580:          Message test_name_stream;
      204:  580-block  0
call    0 returned 204
branch  1 taken 204 (fallthrough)
branch  2 taken 0 (throw)
        -:  581:
      204:  582:          std::string param_name =
      204:  582-block  0
call    0 returned 204
branch  1 taken 204 (fallthrough)
branch  2 taken 0 (throw)
      408:  583:              name_func(TestParamInfo<ParamType>(*param_it, i));
      204:  583-block  0
call    0 returned 204
branch  1 taken 204 (fallthrough)
branch  2 taken 0 (throw)
      204:  583-block  1
call    3 returned 204
branch  4 taken 204 (fallthrough)
branch  5 taken 0 (throw)
      204:  583-block  2
call    6 returned 204
    $$$$$:  583-block  3
call    7 never executed
    $$$$$:  583-block  4
        -:  584:
     204*:  585:          GTEST_CHECK_(IsValidParamName(param_name))
call    0 returned 204
call    1 returned 204
branch  2 taken 204 (fallthrough)
branch  3 taken 0 (throw)
      204:  585-block  0
branch  4 taken 0 (fallthrough)
branch  5 taken 204
    %%%%%:  585-block  1
call    6 never executed
branch  7 never executed (fallthrough)
branch  8 never executed (throw)
    %%%%%:  585-block  2
call    9 never executed
    %%%%%:  585-block  3
call   10 never executed
    $$$$$:  585-block  4
call   11 never executed
    $$$$$:  585-block  5
        -:  586:              << "Parameterized test name '" << param_name
    #####:  587:              << "' is invalid, in " << file << " line " << line << std::endl;
call    0 never executed
branch  1 never executed (fallthrough)
branch  2 never executed (throw)
    %%%%%:  587-block  0
call    3 never executed
branch  4 never executed (fallthrough)
branch  5 never executed (throw)
    %%%%%:  587-block  1
call    6 never executed
branch  7 never executed (fallthrough)
branch  8 never executed (throw)
    %%%%%:  587-block  2
call    9 never executed
branch 10 never executed (fallthrough)
branch 11 never executed (throw)
    %%%%%:  587-block  3
call   12 never executed
branch 13 never executed (fallthrough)
branch 14 never executed (throw)
    %%%%%:  587-block  4
call   15 never executed
branch 16 never executed (fallthrough)
branch 17 never executed (throw)
    %%%%%:  587-block  5
call   18 never executed
branch 19 never executed (fallthrough)
branch 20 never executed (throw)
    %%%%%:  587-block  6
call   21 never executed
branch 22 never executed (fallthrough)
branch 23 never executed (throw)
        -:  588:
     204*:  589:          GTEST_CHECK_(test_param_names.count(param_name) == 0)
      204:  589-block  0
call    0 returned 204
branch  1 taken 204 (fallthrough)
branch  2 taken 0 (throw)
      204:  589-block  1
call    3 returned 204
branch  4 taken 204 (fallthrough)
branch  5 taken 0 (throw)
      204:  589-block  2
branch  6 taken 0 (fallthrough)
branch  7 taken 204
    %%%%%:  589-block  3
call    8 never executed
branch  9 never executed (fallthrough)
branch 10 never executed (throw)
    %%%%%:  589-block  4
call   11 never executed
    %%%%%:  589-block  5
call   12 never executed
    $$$$$:  589-block  6
call   13 never executed
    $$$$$:  589-block  7
        -:  590:              << "Duplicate parameterized test name '" << param_name << "', in "
    #####:  591:              << file << " line " << line << std::endl;
call    0 never executed
branch  1 never executed (fallthrough)
branch  2 never executed (throw)
    %%%%%:  591-block  0
call    3 never executed
branch  4 never executed (fallthrough)
branch  5 never executed (throw)
    %%%%%:  591-block  1
call    6 never executed
branch  7 never executed (fallthrough)
branch  8 never executed (throw)
    %%%%%:  591-block  2
call    9 never executed
branch 10 never executed (fallthrough)
branch 11 never executed (throw)
    %%%%%:  591-block  3
call   12 never executed
branch 13 never executed (fallthrough)
branch 14 never executed (throw)
    %%%%%:  591-block  4
call   15 never executed
branch 16 never executed (fallthrough)
branch 17 never executed (throw)
    %%%%%:  591-block  5
call   18 never executed
branch 19 never executed (fallthrough)
branch 20 never executed (throw)
    %%%%%:  591-block  6
call   21 never executed
branch 22 never executed (fallthrough)
branch 23 never executed (throw)
        -:  592:
      204:  593:          test_param_names.insert(param_name);
      204:  593-block  0
call    0 returned 204
branch  1 taken 204 (fallthrough)
branch  2 taken 0 (throw)
    $$$$$:  593-block  1
        -:  594:
      204:  595:          if (!test_info->test_base_name.empty()) {
      204:  595-block  0
call    0 returned 204
call    1 returned 204
branch  2 taken 204 (fallthrough)
branch  3 taken 0
      204:  596:            test_name_stream << test_info->test_base_name << "/";
      204:  596-block  0
call    0 returned 204
call    1 returned 204
branch  2 taken 204 (fallthrough)
branch  3 taken 0 (throw)
      204:  596-block  1
call    4 returned 204
branch  5 taken 204 (fallthrough)
branch  6 taken 0 (throw)
        -:  597:          }
      204:  598:          test_name_stream << param_name;
      204:  598-block  0
call    0 returned 204
branch  1 taken 204 (fallthrough)
branch  2 taken 0 (throw)
      408:  599:          MakeAndRegisterTestInfo(
      204:  599-block  0
call    0 returned 204
branch  1 taken 204 (fallthrough)
branch  2 taken 0 (throw)
      204:  599-block  1
call    3 returned 204
branch  4 taken 204 (fallthrough)
branch  5 taken 0 (throw)
      204:  599-block  2
call    6 returned 204
branch  7 taken 204 (fallthrough)
branch  8 taken 0 (throw)
      204:  599-block  3
call    9 returned 204
branch 10 taken 204 (fallthrough)
branch 11 taken 0 (throw)
      204:  599-block  4
call   12 returned 204
branch 13 taken 204 (fallthrough)
branch 14 taken 0 (throw)
      204:  599-block  5
call   15 returned 204
branch 16 taken 204 (fallthrough)
branch 17 taken 0 (throw)
      204:  599-block  6
call   18 returned 204
call   19 returned 204
branch 20 taken 204 (fallthrough)
branch 21 taken 0 (throw)
      204:  599-block  7
call   22 returned 204
call   23 returned 204
call   24 returned 204
branch 25 taken 204 (fallthrough)
branch 26 taken 0 (throw)
      204:  599-block  8
call   27 returned 204
call   28 returned 204
call   29 returned 204
call   30 returned 204
call   31 returned 204
    $$$$$:  599-block  9
call   32 never executed
    $$$$$:  599-block 10
    $$$$$:  599-block 11
call   33 never executed
    $$$$$:  599-block 12
    $$$$$:  599-block 13
call   34 never executed
    $$$$$:  599-block 14
    $$$$$:  599-block 15
call   35 never executed
    $$$$$:  599-block 16
        -:  600:              test_suite_name.c_str(), test_name_stream.GetString().c_str(),
        -:  601:              nullptr,  // No type parameter.
      204:  602:              PrintToString(*param_it).c_str(), test_info->code_location,
      204:  602-block  0
call    0 returned 204
call    1 returned 204
branch  2 taken 204 (fallthrough)
branch  3 taken 0 (throw)
      204:  603:              GetTestSuiteTypeId(),
      204:  603-block  0
call    0 returned 204
branch  1 taken 204 (fallthrough)
branch  2 taken 0 (throw)
        -:  604:              SuiteApiResolver<TestSuite>::GetSetUpCaseOrSuite(file, line),
        -:  605:              SuiteApiResolver<TestSuite>::GetTearDownCaseOrSuite(file, line),
      204:  606:              test_info->test_meta_factory->CreateTestFactory(*param_it));
      204:  606-block  0
call    0 returned 204
call    1 returned 204
call    2 returned 204
branch  3 taken 204 (fallthrough)
branch  4 taken 0 (throw)
        -:  607:        }  // for param_it
        -:  608:      }    // for gen_it
        -:  609:    }      // for test_it
        -:  610:
        1:  611:    if (!generated_instantiations) {
        1:  611-block  0
branch  0 taken 0 (fallthrough)
branch  1 taken 1
        -:  612:      // There are no generaotrs, or they all generate nothing ...
    #####:  613:      InsertSyntheticTestCase(GetTestSuiteName(), code_location_,
    %%%%%:  613-block  0
call    0 never executed
branch  1 never executed (fallthrough)
branch  2 never executed (throw)
    %%%%%:  613-block  1
call    3 never executed
branch  4 never executed (fallthrough)
branch  5 never executed (throw)
    %%%%%:  613-block  2
call    6 never executed
    $$$$$:  613-block  3
call    7 never executed
    #####:  614:                              !tests_.empty());
    %%%%%:  614-block  0
call    0 never executed
call    1 never executed
branch  2 never executed (fallthrough)
branch  3 never executed (throw)
        -:  615:    }
        1:  616:  }  // RegisterTests
        1:  616-block  0
        -:  617:
        -:  618: private:
        -:  619:  // LocalTestInfo structure keeps information about a single test registered
        -:  620:  // with TEST_P macro.
        -:  621:  struct TestInfo {
function _ZN7testing8internal26ParameterizedTestSuiteInfoI9LexerTestE8TestInfoC1EPKcS6_PNS0_19TestMetaFactoryBaseI10LexerInputEENS0_12CodeLocationE called 6 returned 100% blocks executed 52%
        6:  622:    TestInfo(const char* a_test_suite_base_name, const char* a_test_base_name,
        -:  623:             TestMetaFactoryBase<ParamType>* a_test_meta_factory,
        -:  624:             CodeLocation a_code_location)
       12:  625:        : test_suite_base_name(a_test_suite_base_name),
        6:  625-block  0
        6:  625-block  1
call    0 returned 6
branch  1 taken 6 (fallthrough)
branch  2 taken 0 (throw)
    $$$$$:  625-block  2
call    3 never executed
       12:  626:          test_base_name(a_test_base_name),
        6:  626-block  0
call    0 returned 6
branch  1 taken 6 (fallthrough)
branch  2 taken 0 (throw)
    $$$$$:  626-block  1
        6:  627:          test_meta_factory(a_test_meta_factory),
call    0 returned 6
        6:  628:          code_location(a_code_location) {}
call    0 returned 6
branch  1 taken 6 (fallthrough)
branch  2 taken 0 (throw)
        6:  628-block  0
    $$$$$:  628-block  1
call    3 never executed
    $$$$$:  628-block  2
call    4 never executed
    $$$$$:  628-block  3
call    5 never executed
        -:  629:
        -:  630:    const std::string test_suite_base_name;
        -:  631:    const std::string test_base_name;
        -:  632:    const std::unique_ptr<TestMetaFactoryBase<ParamType>> test_meta_factory;
        -:  633:    const CodeLocation code_location;
        -:  634:  };
        -:  635:  using TestInfoContainer = ::std::vector<std::shared_ptr<TestInfo>>;
        -:  636:  // Records data received from INSTANTIATE_TEST_SUITE_P macros:
        -:  637:  //  <Instantiation name, Sequence generator creation function,
        -:  638:  //     Name generator function, Source file, Source line>
        -:  639:  struct InstantiationInfo {
function _ZN7testing8internal26ParameterizedTestSuiteInfoI9LexerTestE17InstantiationInfoC1ERKNSt7__cxx1112basic_stringIcSt11char_traitsIcESaIcEEEPFNS0_14ParamGeneratorI10LexerInputEEvEPFSA_RKNS_13TestParamInfoISE_EEEPKci called 1 returned 100% blocks executed 100%
        1:  640:    InstantiationInfo(const std::string& name_in,
        -:  641:                      GeneratorCreationFunc* generator_in,
        -:  642:                      ParamNameGeneratorFunc* name_func_in, const char* file_in,
        -:  643:                      int line_in)
        1:  644:        : name(name_in),
        1:  644-block  0
call    0 returned 1
        1:  645:          generator(generator_in),
        1:  646:          name_func(name_func_in),
        1:  647:          file(file_in),
        1:  648:          line(line_in) {}
        -:  649:
        -:  650:    std::string name;
        -:  651:    GeneratorCreationFunc* generator;
        -:  652:    ParamNameGeneratorFunc* name_func;
        -:  653:    const char* file;
        -:  654:    int line;
        -:  655:  };
        -:  656:  typedef ::std::vector<InstantiationInfo> InstantiationContainer;
        -:  657:
function _ZN7testing8internal26ParameterizedTestSuiteInfoI9LexerTestE16IsValidParamNameERKNSt7__cxx1112basic_stringIcSt11char_traitsIcESaIcEEE called 204 returned 100% blocks executed 72%
      204:  658:  static bool IsValidParamName(const std::string& name) {
        -:  659:    // Check for empty string
     204*:  660:    if (name.empty()) return false;
      204:  660-block  0
call    0 returned 204
branch  1 taken 0 (fallthrough)
branch  2 taken 204
    %%%%%:  660-block  1
        -:  661:
        -:  662:    // Check for invalid characters
      552:  663:    for (std::string::size_type index = 0; index < name.size(); ++index) {
      204:  663-block  0
      348:  663-block  1
      552:  663-block  2
call    0 returned 552
branch  1 taken 348
branch  2 taken 204 (fallthrough)
     348*:  664:      if (!IsAlNum(name[index]) && name[index] != '_') return false;
      348:  664-block  0
call    0 returned 348
call    1 returned 348
branch  2 taken 0 (fallthrough)
branch  3 taken 348
    %%%%%:  664-block  1
call    4 never executed
branch  5 never executed (fallthrough)
branch  6 never executed
    %%%%%:  664-block  2
      348:  664-block  3
      348:  664-block  4
branch  7 taken 0 (fallthrough)
branch  8 taken 348
    %%%%%:  664-block  5
        -:  665:    }
        -:  666:
      204:  667:    return true;
      204:  667-block  0
        -:  668:  }
        -:  669:
        -:  670:  const std::string test_suite_name_;
        -:  671:  CodeLocation code_location_;
        -:  672:  TestInfoContainer tests_;
        -:  673:  InstantiationContainer instantiations_;
        -:  674:
        -:  675:  ParameterizedTestSuiteInfo(const ParameterizedTestSuiteInfo&) = delete;
        -:  676:  ParameterizedTestSuiteInfo& operator=(const ParameterizedTestSuiteInfo&) =
        -:  677:      delete;
        -:  678:};  // class ParameterizedTestSuiteInfo
        -:  679:
        -:  680://  Legacy API is deprecated but still available
        -:  681:#ifndef GTEST_REMOVE_LEGACY_TEST_CASEAPI_
        -:  682:template <class TestCase>
        -:  683:using ParameterizedTestCaseInfo = ParameterizedTestSuiteInfo<TestCase>;
        -:  684:#endif  //  GTEST_REMOVE_LEGACY_TEST_CASEAPI_
        -:  685:
        -:  686:// INTERNAL IMPLEMENTATION - DO NOT USE IN USER CODE.
        -:  687://
        -:  688:// ParameterizedTestSuiteRegistry contains a map of
        -:  689:// ParameterizedTestSuiteInfoBase classes accessed by test suite names. TEST_P
        -:  690:// and INSTANTIATE_TEST_SUITE_P macros use it to locate their corresponding
        -:  691:// ParameterizedTestSuiteInfo descriptors.
        -:  692:class ParameterizedTestSuiteRegistry {
        -:  693: public:
        -:  694:  ParameterizedTestSuiteRegistry() = default;
        -:  695:  ~ParameterizedTestSuiteRegistry() {
        -:  696:    for (auto& test_suite_info : test_suite_infos_) {
        -:  697:      delete test_suite_info;
        -:  698:    }
        -:  699:  }
        -:  700:
        -:  701:  // Looks up or creates and returns a structure containing information about
        -:  702:  // tests and instantiations of a particular test suite.
        -:  703:  template <class TestSuite>
function _ZN7testing8internal30ParameterizedTestSuiteRegistry25GetTestSuitePatternHolderI9LexerTestEEPNS0_26ParameterizedTestSuiteInfoIT_EEPKcNS0_12CodeLocationE called 7 returned 100% blocks executed 61%
        7:  704:  ParameterizedTestSuiteInfo<TestSuite>* GetTestSuitePatternHolder(
        -:  705:      const char* test_suite_name, CodeLocation code_location) {
        7:  706:    ParameterizedTestSuiteInfo<TestSuite>* typed_test_info = nullptr;
       7*:  707:    for (auto& test_suite_info : test_suite_infos_) {
        7:  707-block  0
call    0 returned 7
call    1 returned 7
        6:  707-block  1
call    2 returned 6
    %%%%%:  707-block  2
call    3 never executed
        7:  707-block  3
call    4 returned 7
branch  5 taken 6
branch  6 taken 1 (fallthrough)
        6:  708:      if (test_suite_info->GetTestSuiteName() == test_suite_name) {
call    0 returned 6
branch  1 taken 6 (fallthrough)
branch  2 taken 0 (throw)
        6:  708-block  0
call    3 returned 6
branch  4 taken 6 (fallthrough)
branch  5 taken 0 (throw)
        6:  708-block  1
branch  6 taken 6 (fallthrough)
branch  7 taken 0
        6:  709:        if (test_suite_info->GetTestSuiteTypeId() != GetTypeId<TestSuite>()) {
        6:  709-block  0
call    0 returned 6
branch  1 taken 6 (fallthrough)
branch  2 taken 0 (throw)
        6:  709-block  1
call    3 returned 6
branch  4 taken 0 (fallthrough)
branch  5 taken 6
        -:  710:          // Complain about incorrect usage of Google Test facilities
        -:  711:          // and terminate the program since we cannot guaranty correct
        -:  712:          // test suite setup and tear-down in this case.
    #####:  713:          ReportInvalidTestSuiteType(test_suite_name, code_location);
    %%%%%:  713-block  0
call    0 never executed
branch  1 never executed (fallthrough)
branch  2 never executed (throw)
    %%%%%:  713-block  1
call    3 never executed
branch  4 never executed (fallthrough)
branch  5 never executed (throw)
    %%%%%:  713-block  2
call    6 never executed
    $$$$$:  713-block  3
call    7 never executed
    $$$$$:  713-block  4
    #####:  714:          posix::Abort();
call    0 never executed
        -:  715:        } else {
        -:  716:          // At this point we are sure that the object we found is of the same
        -:  717:          // type we are looking for, so we downcast it to that type
        -:  718:          // without further checks.
        -:  719:          typed_test_info = CheckedDowncastToActualType<
        6:  720:              ParameterizedTestSuiteInfo<TestSuite>>(test_suite_info);
        6:  720-block  0
call    0 returned 6
branch  1 taken 6 (fallthrough)
[...]
        -:  761:class TypeParameterizedTestSuiteRegistry {
        -:  762: public:
        -:  763:  // Add a suite definition
        -:  764:  void RegisterTestSuite(const char* test_suite_name,
        -:  765:                         CodeLocation code_location);
        -:  766:
        -:  767:  // Add an instantiation of a suit.
        -:  768:  void RegisterInstantiation(const char* test_suite_name);
        -:  769:
        -:  770:  // For each suit repored as defined but not reported as instantiation,
        -:  771:  // emit a test that reports that fact (configurably, as an error).
        -:  772:  void CheckForInstantiations();
        -:  773:
        -:  774: private:
        -:  775:  struct TypeParameterizedTestSuiteInfo {
        -:  776:    explicit TypeParameterizedTestSuiteInfo(CodeLocation c)
        -:  777:        : code_location(c), instantiated(false) {}
        -:  778:
        -:  779:    CodeLocation code_location;
        -:  780:    bool instantiated;
        -:  781:  };
        -:  782:
        -:  783:  std::map<std::string, TypeParameterizedTestSuiteInfo> suites_;
        -:  784:};
        -:  785:
        -:  786:}  // namespace internal
        -:  787:
        -:  788:// Forward declarations of ValuesIn(), which is implemented in
        -:  789:// include/gtest/gtest-param-test.h.
        -:  790:template <class Container>
        -:  791:internal::ParamGenerator<typename Container::value_type> ValuesIn(
        -:  792:    const Container& container);
        -:  793:
        -:  794:namespace internal {
        -:  795:// Used in the Values() function to provide polymorphic capabilities.
        -:  796:
        -:  797:GTEST_DISABLE_MSC_WARNINGS_PUSH_(4100)
        -:  798:
        -:  799:template <typename... Ts>
        -:  800:class ValueArray {
        -:  801: public:
function _ZN7testing8internal10ValueArrayIJ10LexerInputS2_S2_S2_S2_S2_S2_S2_S2_S2_S2_S2_S2_S2_S2_S2_S2_S2_S2_S2_S2_S2_S2_S2_S2_S2_S2_S2_S2_S2_S2_S2_S2_S2_EEC1ES2_S2_S2_S2_S2_S2_S2_S2_S2_S2_S2_S2_S2_S2_S2_S2_S2_S2_S2_S2_S2_S2_S2_S2_S2_S2_S2_S2_S2_S2_S2_S2_S2_S2_ called 6 returned 100% blocks executed 100%
        6:  802:  explicit ValueArray(Ts... v) : v_(FlatTupleConstructTag{}, std::move(v)...) {}
        6:  802-block  0
call    0 returned 6
call    1 returned 6
call    2 returned 6
call    3 returned 6
call    4 returned 6
call    5 returned 6
call    6 returned 6
call    7 returned 6
call    8 returned 6
call    9 returned 6
call   10 returned 6
call   11 returned 6
call   12 returned 6
call   13 returned 6
call   14 returned 6
call   15 returned 6
call   16 returned 6
call   17 returned 6
call   18 returned 6
call   19 returned 6
call   20 returned 6
call   21 returned 6
call   22 returned 6
call   23 returned 6
call   24 returned 6
call   25 returned 6
call   26 returned 6
call   27 returned 6
call   28 returned 6
call   29 returned 6
call   30 returned 6
call   31 returned 6
call   32 returned 6
call   33 returned 6
call   34 returned 6
        -:  803:
        -:  804:  template <typename T>
function _ZNK7testing8internal10ValueArrayIJ10LexerInputS2_S2_S2_S2_S2_S2_S2_S2_S2_S2_S2_S2_S2_S2_S2_S2_S2_S2_S2_S2_S2_S2_S2_S2_S2_S2_S2_S2_S2_S2_S2_S2_S2_EEcvNS0_14ParamGeneratorIT_EEIS2_EEv called 6 returned 100% blocks executed 75%
        6:  805:  operator ParamGenerator<T>() const {  // NOLINT
        6:  806:    return ValuesIn(MakeVector<T>(MakeIndexSequence<sizeof...(Ts)>()));
        6:  806-block  0
call    0 returned 6
branch  1 taken 6 (fallthrough)
branch  2 taken 0 (throw)
        6:  806-block  1
call    3 returned 6
branch  4 taken 6 (fallthrough)
branch  5 taken 0 (throw)
        6:  806-block  2
call    6 returned 6
        6:  806-block  3
    $$$$$:  806-block  4
call    7 never executed
        -:  807:  }
        -:  808:
        -:  809: private:
        -:  810:  template <typename T, size_t... I>
function _ZNK7testing8internal10ValueArrayIJ10LexerInputS2_S2_S2_S2_S2_S2_S2_S2_S2_S2_S2_S2_S2_S2_S2_S2_S2_S2_S2_S2_S2_S2_S2_S2_S2_S2_S2_S2_S2_S2_S2_S2_S2_EE10MakeVectorIS2_JLy0ELy1ELy2ELy3ELy4ELy5ELy6ELy7ELy8ELy9ELy10ELy11ELy12ELy13ELy14ELy15ELy16ELy17ELy18ELy19ELy20ELy21ELy22ELy23ELy24ELy25ELy26ELy27ELy28ELy29ELy30ELy31ELy32ELy33EEEESt6vectorIT_SaIS6_EENS0_13IndexSequenceIJXspT0_EEEE called 6 returned 100% blocks executed 87%
        6:  811:  std::vector<T> MakeVector(IndexSequence<I...>) const {
      216:  812:    return std::vector<T>{static_cast<T>(v_.template Get<I>())...};
        6:  812-block  0
call    0 returned 6
branch  1 taken 6 (fallthrough)
branch  2 taken 0 (throw)
      210:  812-block  1
branch  3 taken 204 (fallthrough)
branch  4 taken 6
      204:  812-block  2
call    5 returned 204
        6:  812-block  3
        6:  812-block  4
    $$$$$:  812-block  5
    $$$$$:  812-block  6
    $$$$$:  812-block  7
branch  6 never executed (fallthrough)
branch  7 never executed
    $$$$$:  812-block  8
call    8 never executed
        6:  813:  }
        6:  813-block  0
call    0 returned 6
call    1 returned 6
branch  2 taken 6 (fallthrough)
branch  3 taken 0 (throw)
        6:  813-block  1
call    4 returned 6
call    5 returned 6
branch  6 taken 6 (fallthrough)
branch  7 taken 0 (throw)
        6:  813-block  2
call    8 returned 6
call    9 returned 6
branch 10 taken 6 (fallthrough)
branch 11 taken 0 (throw)
        6:  813-block  3
call   12 returned 6
call   13 returned 6
branch 14 taken 6 (fallthrough)
branch 15 taken 0 (throw)
        6:  813-block  4
call   16 returned 6
call   17 returned 6
branch 18 taken 6 (fallthrough)
branch 19 taken 0 (throw)
        6:  813-block  5
call   20 returned 6
call   21 returned 6
branch 22 taken 6 (fallthrough)
branch 23 taken 0 (throw)
        6:  813-block  6
call   24 returned 6
call   25 returned 6
branch 26 taken 6 (fallthrough)
branch 27 taken 0 (throw)
        6:  813-block  7
call   28 returned 6
call   29 returned 6
branch 30 taken 6 (fallthrough)
branch 31 taken 0 (throw)
        6:  813-block  8
call   32 returned 6
call   33 returned 6
branch 34 taken 6 (fallthrough)
branch 35 taken 0 (throw)
        6:  813-block  9
call   36 returned 6
call   37 returned 6
branch 38 taken 6 (fallthrough)
branch 39 taken 0 (throw)
        6:  813-block 10
call   40 returned 6
call   41 returned 6
branch 42 taken 6 (fallthrough)
branch 43 taken 0 (throw)
        6:  813-block 11
call   44 returned 6
call   45 returned 6
branch 46 taken 6 (fallthrough)
branch 47 taken 0 (throw)
        6:  813-block 12
call   48 returned 6
call   49 returned 6
branch 50 taken 6 (fallthrough)
branch 51 taken 0 (throw)
        6:  813-block 13
call   52 returned 6
call   53 returned 6
branch 54 taken 6 (fallthrough)
branch 55 taken 0 (throw)
        6:  813-block 14
call   56 returned 6
call   57 returned 6
branch 58 taken 6 (fallthrough)
branch 59 taken 0 (throw)
        6:  813-block 15
call   60 returned 6
call   61 returned 6
branch 62 taken 6 (fallthrough)
branch 63 taken 0 (throw)
        6:  813-block 16
call   64 returned 6
call   65 returned 6
branch 66 taken 6 (fallthrough)
branch 67 taken 0 (throw)
        6:  813-block 17
call   68 returned 6
call   69 returned 6
branch 70 taken 6 (fallthrough)
branch 71 taken 0 (throw)
        6:  813-block 18
call   72 returned 6
call   73 returned 6
branch 74 taken 6 (fallthrough)
branch 75 taken 0 (throw)
        6:  813-block 19
call   76 returned 6
call   77 returned 6
branch 78 taken 6 (fallthrough)
branch 79 taken 0 (throw)
        6:  813-block 20
call   80 returned 6
call   81 returned 6
branch 82 taken 6 (fallthrough)
branch 83 taken 0 (throw)
        6:  813-block 21
call   84 returned 6
call   85 returned 6
branch 86 taken 6 (fallthrough)
branch 87 taken 0 (throw)
        6:  813-block 22
call   88 returned 6
call   89 returned 6
branch 90 taken 6 (fallthrough)
branch 91 taken 0 (throw)
        6:  813-block 23
call   92 returned 6
call   93 returned 6
branch 94 taken 6 (fallthrough)
branch 95 taken 0 (throw)
        6:  813-block 24
call   96 returned 6
call   97 returned 6
branch 98 taken 6 (fallthrough)
branch 99 taken 0 (throw)
        6:  813-block 25
call   100 returned 6
call   101 returned 6
branch 102 taken 6 (fallthrough)
branch 103 taken 0 (throw)
        6:  813-block 26
call   104 returned 6
call   105 returned 6
branch 106 taken 6 (fallthrough)
branch 107 taken 0 (throw)
        6:  813-block 27
call   108 returned 6
call   109 returned 6
branch 110 taken 6 (fallthrough)
branch 111 taken 0 (throw)
        6:  813-block 28
call   112 returned 6
call   113 returned 6
branch 114 taken 6 (fallthrough)
branch 115 taken 0 (throw)
        6:  813-block 29
call   116 returned 6
call   117 returned 6
branch 118 taken 6 (fallthrough)
branch 119 taken 0 (throw)
        6:  813-block 30
call   120 returned 6
call   121 returned 6
branch 122 taken 6 (fallthrough)
branch 123 taken 0 (throw)
        6:  813-block 31
call   124 returned 6
call   125 returned 6
branch 126 taken 6 (fallthrough)
branch 127 taken 0 (throw)
        6:  813-block 32
call   128 returned 6
call   129 returned 6
branch 130 taken 6 (fallthrough)
branch 131 taken 0 (throw)
        6:  813-block 33
call   132 returned 6
call   133 returned 6
branch 134 taken 6 (fallthrough)
branch 135 taken 0 (throw)
        6:  813-block 34
    $$$$$:  813-block 35
branch 136 never executed (fallthrough)
branch 137 never executed
    $$$$$:  813-block 36
    $$$$$:  813-block 37
branch 138 never executed (fallthrough)
branch 139 never executed
    $$$$$:  813-block 38
call   140 never executed
        -:  814:
        -:  815:  FlatTuple<Ts...> v_;
        -:  816:};
        -:  817:
        -:  818:GTEST_DISABLE_MSC_WARNINGS_POP_()  // 4100
        -:  819:
        -:  820:template <typename... T>
        -:  821:class CartesianProductGenerator
        -:  822:    : public ParamGeneratorInterface<::std::tuple<T...>> {
        -:  823: public:
        -:  824:  typedef ::std::tuple<T...> ParamType;
        -:  825:
        -:  826:  CartesianProductGenerator(const std::tuple<ParamGenerator<T>...>& g)
        -:  827:      : generators_(g) {}
        -:  828:  ~CartesianProductGenerator() override = default;
        -:  829:
        -:  830:  ParamIteratorInterface<ParamType>* Begin() const override {
        -:  831:    return new Iterator(this, generators_, false);
        -:  832:  }
        -:  833:  ParamIteratorInterface<ParamType>* End() const override {
        -:  834:    return new Iterator(this, generators_, true);
        -:  835:  }
        -:  836:
        -:  837: private:
        -:  838:  template <class I>
        -:  839:  class IteratorImpl;
        -:  840:  template <size_t... I>
        -:  841:  class IteratorImpl<IndexSequence<I...>>
        -:  842:      : public ParamIteratorInterface<ParamType> {
        -:  843:   public:
        -:  844:    IteratorImpl(const ParamGeneratorInterface<ParamType>* base,
        -:  845:                 const std::tuple<ParamGenerator<T>...>& generators,
        -:  846:                 bool is_end)
        -:  847:        : base_(base),
        -:  848:          begin_(std::get<I>(generators).begin()...),
        -:  849:          end_(std::get<I>(generators).end()...),
        -:  850:          current_(is_end ? end_ : begin_) {
        -:  851:      ComputeCurrentValue();
        -:  852:    }
        -:  853:    ~IteratorImpl() override = default;
        -:  854:
        -:  855:    const ParamGeneratorInterface<ParamType>* BaseGenerator() const override {
        -:  856:      return base_;
        -:  857:    }
        -:  858:    // Advance should not be called on beyond-of-range iterators
        -:  859:    // so no component iterators must be beyond end of range, either.
        -:  860:    void Advance() override {
        -:  861:      assert(!AtEnd());
        -:  862:      // Advance the last iterator.
        -:  863:      ++std::get<sizeof...(T) - 1>(current_);
        -:  864:      // if that reaches end, propagate that up.
        -:  865:      AdvanceIfEnd<sizeof...(T) - 1>();
        -:  866:      ComputeCurrentValue();
        -:  867:    }
        -:  868:    ParamIteratorInterface<ParamType>* Clone() const override {
        -:  869:      return new IteratorImpl(*this);
        -:  870:    }
        -:  871:
        -:  872:    const ParamType* Current() const override { return current_value_.get(); }
        -:  873:
        -:  874:    bool Equals(const ParamIteratorInterface<ParamType>& other) const override {
        -:  875:      // Having the same base generator guarantees that the other
        -:  876:      // iterator is of the same type and we can downcast.
        -:  877:      GTEST_CHECK_(BaseGenerator() == other.BaseGenerator())
        -:  878:          << "The program attempted to compare iterators "
        -:  879:          << "from different generators." << std::endl;
        -:  880:      const IteratorImpl* typed_other =
        -:  881:          CheckedDowncastToActualType<const IteratorImpl>(&other);
        -:  882:
        -:  883:      // We must report iterators equal if they both point beyond their
        -:  884:      // respective ranges. That can happen in a variety of fashions,
        -:  885:      // so we have to consult AtEnd().
        -:  886:      if (AtEnd() && typed_other->AtEnd()) return true;
        -:  887:
        -:  888:      bool same = true;
        -:  889:      bool dummy[] = {
        -:  890:          (same = same && std::get<I>(current_) ==
        -:  891:                              std::get<I>(typed_other->current_))...};
        -:  892:      (void)dummy;
        -:  893:      return same;
        -:  894:    }
        -:  895:
        -:  896:   private:
        -:  897:    template <size_t ThisI>
        -:  898:    void AdvanceIfEnd() {
        -:  899:      if (std::get<ThisI>(current_) != std::get<ThisI>(end_)) return;
        -:  900:
        -:  901:      bool last = ThisI == 0;
        -:  902:      if (last) {
        -:  903:        // We are done. Nothing else to propagate.
        -:  904:        return;
        -:  905:      }
        -:  906:
        -:  907:      constexpr size_t NextI = ThisI - (ThisI != 0);
        -:  908:      std::get<ThisI>(current_) = std::get<ThisI>(begin_);
        -:  909:      ++std::get<NextI>(current_);
        -:  910:      AdvanceIfEnd<NextI>();
        -:  911:    }
        -:  912:
        -:  913:    void ComputeCurrentValue() {
        -:  914:      if (!AtEnd())
        -:  915:        current_value_ = std::make_shared<ParamType>(*std::get<I>(current_)...);
        -:  916:    }
        -:  917:    bool AtEnd() const {
        -:  918:      bool at_end = false;
        -:  919:      bool dummy[] = {
        -:  920:          (at_end = at_end || std::get<I>(current_) == std::get<I>(end_))...};
        -:  921:      (void)dummy;
        -:  922:      return at_end;
        -:  923:    }
        -:  924:
        -:  925:    const ParamGeneratorInterface<ParamType>* const base_;
        -:  926:    std::tuple<typename ParamGenerator<T>::iterator...> begin_;
        -:  927:    std::tuple<typename ParamGenerator<T>::iterator...> end_;
        -:  928:    std::tuple<typename ParamGenerator<T>::iterator...> current_;
        -:  929:    std::shared_ptr<ParamType> current_value_;
        -:  930:  };
        -:  931:
        -:  932:  using Iterator = IteratorImpl<typename MakeIndexSequence<sizeof...(T)>::type>;
        -:  933:
        -:  934:  std::tuple<ParamGenerator<T>...> generators_;
        -:  935:};
        -:  936:
        -:  937:template <class... Gen>
        -:  938:class CartesianProductHolder {
        -:  939: public:
        -:  940:  CartesianProductHolder(const Gen&... g) : generators_(g...) {}
        -:  941:  template <typename... T>
        -:  942:  operator ParamGenerator<::std::tuple<T...>>() const {
        -:  943:    return ParamGenerator<::std::tuple<T...>>(
        -:  944:        new CartesianProductGenerator<T...>(generators_));
        -:  945:  }
        -:  946:
        -:  947: private:
        -:  948:  std::tuple<Gen...> generators_;
        -:  949:};
        -:  950:
        -:  951:template <typename From, typename To>
        -:  952:class ParamGeneratorConverter : public ParamGeneratorInterface<To> {
        -:  953: public:
        -:  954:  ParamGeneratorConverter(ParamGenerator<From> gen)  // NOLINT
        -:  955:      : generator_(std::move(gen)) {}
        -:  956:
        -:  957:  ParamIteratorInterface<To>* Begin() const override {
        -:  958:    return new Iterator(this, generator_.begin(), generator_.end());
        -:  959:  }
        -:  960:  ParamIteratorInterface<To>* End() const override {
        -:  961:    return new Iterator(this, generator_.end(), generator_.end());
        -:  962:  }
        -:  963:
        -:  964: private:
        -:  965:  class Iterator : public ParamIteratorInterface<To> {
        -:  966:   public:
        -:  967:    Iterator(const ParamGeneratorInterface<To>* base, ParamIterator<From> it,
        -:  968:             ParamIterator<From> end)
        -:  969:        : base_(base), it_(it), end_(end) {
        -:  970:      if (it_ != end_) value_ = std::make_shared<To>(static_cast<To>(*it_));
        -:  971:    }
        -:  972:    ~Iterator() override = default;
        -:  973:
        -:  974:    const ParamGeneratorInterface<To>* BaseGenerator() const override {
        -:  975:      return base_;
        -:  976:    }
        -:  977:    void Advance() override {
        -:  978:      ++it_;
        -:  979:      if (it_ != end_) value_ = std::make_shared<To>(static_cast<To>(*it_));
        -:  980:    }
        -:  981:    ParamIteratorInterface<To>* Clone() const override {
        -:  982:      return new Iterator(*this);
        -:  983:    }
        -:  984:    const To* Current() const override { return value_.get(); }
        -:  985:    bool Equals(const ParamIteratorInterface<To>& other) const override {
        -:  986:      // Having the same base generator guarantees that the other
        -:  987:      // iterator is of the same type and we can downcast.
        -:  988:      GTEST_CHECK_(BaseGenerator() == other.BaseGenerator())
        -:  989:          << "The program attempted to compare iterators "
        -:  990:          << "from different generators." << std::endl;
        -:  991:      const ParamIterator<From> other_it =
        -:  992:          CheckedDowncastToActualType<const Iterator>(&other)->it_;
        -:  993:      return it_ == other_it;
        -:  994:    }
        -:  995:
        -:  996:   private:
        -:  997:    Iterator(const Iterator& other) = default;
        -:  998:
        -:  999:    const ParamGeneratorInterface<To>* const base_;
        -: 1000:    ParamIterator<From> it_;
        -: 1001:    ParamIterator<From> end_;
        -: 1002:    std::shared_ptr<To> value_;
        -: 1003:  };  // class ParamGeneratorConverter::Iterator
        -: 1004:
        -: 1005:  ParamGenerator<From> generator_;
        -: 1006:};  // class ParamGeneratorConverter
        -: 1007:
        -: 1008:template <class Gen>
        -: 1009:class ParamConverterGenerator {
        -: 1010: public:
        -: 1011:  ParamConverterGenerator(ParamGenerator<Gen> g)  // NOLINT
        -: 1012:      : generator_(std::move(g)) {}
        -: 1013:
        -: 1014:  template <typename T>
        -: 1015:  operator ParamGenerator<T>() const {  // NOLINT
        -: 1016:    return ParamGenerator<T>(new ParamGeneratorConverter<Gen, T>(generator_));
        -: 1017:  }
        -: 1018:
        -: 1019: private:
        -: 1020:  ParamGenerator<Gen> generator_;
        -: 1021:};
        -: 1022:
        -: 1023:}  // namespace internal
        -: 1024:}  // namespace testing
        -: 1025:
        -: 1026:#endif  // GOOGLETEST_INCLUDE_GTEST_INTERNAL_GTEST_PARAM_UTIL_H_
