        -:    0:Source:D:/Project Workspace/Year3/VIS/tests/TestParser.cpp
        -:    0:Graph:D:\Project Workspace\Year3\VIS\cmake-build-debug-coverage\tests\CMakeFiles\vis_tests.dir\TestParser.cpp.gcno
        -:    0:Data:D:\Project Workspace\Year3\VIS\cmake-build-debug-coverage\tests\CMakeFiles\vis_tests.dir\TestParser.cpp.gcda
        -:    0:Runs:1
        -:    1:#include <gmock/gmock.h>
        -:    2:#include <gtest/gtest.h>
        -:    3:#include "TestHelpers.h"
        -:    4:#include "Parser.h"
        -:    5:#include "Token.h"
        -:    6:#include "Node.h"
        -:    7:
        4:    8:TEST(ParserTest, ParsesSimpleVariableAssignment) {
        -:    9:
        -:   10:    std::vector<Token> tokens = {
        -:   11:        Token(TokenType::KEYWORD, dummyPos, "var"),
        -:   12:        Token(TokenType::IDENTIFIER, dummyPos, "x"),
        -:   13:        Token(TokenType::EQUALS, dummyPos),
    #####:   14:        Token(TokenType::INT, dummyPos, 42),
        -:   15:        Token(TokenType::EOL, dummyPos)
        7:   16:    };
        -:   17:
        5:   18:    std::map<int, std::vector<Token>> tokenMap = { {0, tokens}, {1, {Token(TokenType::EOF_, dummyPos)}} };
        -:   19:
        1:   20:    Parser parser(tokenMap);
        -:   21:
        -:   22:    // Act: Parse the tokens
        1:   23:    std::unique_ptr<Node> node = parser.parse();
        -:   24:
        -:   25:    // Assert: Check the returned Node
       1*:   26:    ASSERT_NE(node, nullptr);
       1*:   27:    EXPECT_EQ(node->getType(), NodeType::VarAssgnment);
        -:   28:
       1*:   29:    auto* varAssign = dynamic_cast<VarAssignment*>(node.get());
       1*:   30:    ASSERT_NE(varAssign, nullptr);
        -:   31:
       1*:   32:    EXPECT_EQ(std::get<std::string>(varAssign->getToken().getValue()), "x");
        -:   33:
       1*:   34:    auto* valueNode = dynamic_cast<Number*>(varAssign->getValue().get());
       1*:   35:    ASSERT_NE(valueNode, nullptr);
       1*:   36:    EXPECT_EQ(valueNode->getType(), NodeType::Number);
       1*:   37:    EXPECT_EQ(std::get<int>(valueNode->getToken().getValue()), 42);
        7:   38:}
------------------
_ZN46ParserTest_ParsesSimpleVariableAssignment_TestC1Ev:
function _ZN46ParserTest_ParsesSimpleVariableAssignment_TestC1Ev called 1 returned 100% blocks executed 100%
        1:    8:TEST(ParserTest, ParsesSimpleVariableAssignment) {
        1:    8-block  0
call    0 returned 1
------------------
_ZN46ParserTest_ParsesSimpleVariableAssignment_TestD0Ev:
function _ZN46ParserTest_ParsesSimpleVariableAssignment_TestD0Ev called 1 returned 100% blocks executed 100%
        1:    8:TEST(ParserTest, ParsesSimpleVariableAssignment) {
        1:    8-block  0
call    0 returned 1
call    1 returned 1
------------------
_ZN46ParserTest_ParsesSimpleVariableAssignment_TestD1Ev:
function _ZN46ParserTest_ParsesSimpleVariableAssignment_TestD1Ev called 1 returned 100% blocks executed 100%
        1:    8:TEST(ParserTest, ParsesSimpleVariableAssignment) {
        1:    8-block  0
call    0 returned 1
------------------
_ZN46ParserTest_ParsesSimpleVariableAssignment_Test8TestBodyEv:
function _ZN46ParserTest_ParsesSimpleVariableAssignment_Test8TestBodyEv called 1 returned 100% blocks executed 35%
        1:    8:TEST(ParserTest, ParsesSimpleVariableAssignment) {
        -:    9:
        -:   10:    std::vector<Token> tokens = {
        -:   11:        Token(TokenType::KEYWORD, dummyPos, "var"),
        -:   12:        Token(TokenType::IDENTIFIER, dummyPos, "x"),
        -:   13:        Token(TokenType::EQUALS, dummyPos),
    #####:   14:        Token(TokenType::INT, dummyPos, 42),
    $$$$$:   14-block  0
        -:   15:        Token(TokenType::EOL, dummyPos)
        7:   16:    };
        1:   16-block  0
call    0 returned 1
branch  1 taken 1 (fallthrough)
branch  2 taken 0 (throw)
        6:   16-block  1
branch  3 taken 5 (fallthrough)
branch  4 taken 1
        5:   16-block  2
call    5 returned 5
    $$$$$:   16-block  3
    $$$$$:   16-block  4
    $$$$$:   16-block  5
branch  6 never executed (fallthrough)
branch  7 never executed
    $$$$$:   16-block  6
call    8 never executed
    $$$$$:   16-block  7
        -:   17:
        5:   18:    std::map<int, std::vector<Token>> tokenMap = { {0, tokens}, {1, {Token(TokenType::EOF_, dummyPos)}} };
        1:   18-block  0
call    0 returned 1
branch  1 taken 1 (fallthrough)
branch  2 taken 0 (throw)
        3:   18-block  1
branch  3 taken 2 (fallthrough)
branch  4 taken 1
        2:   18-block  2
call    5 returned 2
        1:   18-block  3
call    6 returned 1
    $$$$$:   18-block  4
    $$$$$:   18-block  5
    $$$$$:   18-block  6
    $$$$$:   18-block  7
branch  7 never executed (fallthrough)
branch  8 never executed
    $$$$$:   18-block  8
call    9 never executed
    $$$$$:   18-block  9
    $$$$$:   18-block 10
call   10 never executed
    $$$$$:   18-block 11
    $$$$$:   18-block 12
    $$$$$:   18-block 13
        -:   19:
        1:   20:    Parser parser(tokenMap);
        1:   20-block  0
call    0 returned 1
branch  1 taken 1 (fallthrough)
branch  2 taken 0 (throw)
        1:   20-block  1
call    3 returned 1
    $$$$$:   20-block  2
call    4 never executed
    $$$$$:   20-block  3
        -:   21:
        -:   22:    // Act: Parse the tokens
        1:   23:    std::unique_ptr<Node> node = parser.parse();
call    0 returned 1
branch  1 taken 1 (fallthrough)
branch  2 taken 0 (throw)
        -:   24:
        -:   25:    // Assert: Check the returned Node
       1*:   26:    ASSERT_NE(node, nullptr);
        1:   26-block  0
call    0 returned 1
branch  1 taken 1 (fallthrough)
branch  2 taken 0 (throw)
        1:   26-block  1
call    3 returned 1
branch  4 taken 0 (fallthrough)
branch  5 taken 1
    %%%%%:   26-block  2
call    6 never executed
branch  7 never executed (fallthrough)
branch  8 never executed (throw)
    %%%%%:   26-block  3
call    9 never executed
call   10 never executed
branch 11 never executed (fallthrough)
branch 12 never executed (throw)
    %%%%%:   26-block  4
call   13 never executed
branch 14 never executed (fallthrough)
branch 15 never executed (throw)
    %%%%%:   26-block  5
call   16 never executed
call   17 never executed
        1:   26-block  6
        1:   26-block  7
call   18 returned 1
branch 19 taken 1 (fallthrough)
branch 20 taken 0
        1:   26-block  8
    $$$$$:   26-block  9
    $$$$$:   26-block 10
call   21 never executed
    $$$$$:   26-block 11
    $$$$$:   26-block 12
call   22 never executed
    $$$$$:   26-block 13
    $$$$$:   26-block 14
call   23 never executed
       1*:   27:    EXPECT_EQ(node->getType(), NodeType::VarAssgnment);
        1:   27-block  0
call    0 returned 1
call    1 returned 1
branch  2 taken 1 (fallthrough)
branch  3 taken 0 (throw)
        1:   27-block  1
call    4 returned 1
branch  5 taken 1 (fallthrough)
branch  6 taken 0 (throw)
        1:   27-block  2
call    7 returned 1
branch  8 taken 0 (fallthrough)
branch  9 taken 1
    %%%%%:   27-block  3
call   10 never executed
branch 11 never executed (fallthrough)
branch 12 never executed (throw)
    %%%%%:   27-block  4
call   13 never executed
call   14 never executed
branch 15 never executed (fallthrough)
branch 16 never executed (throw)
    %%%%%:   27-block  5
call   17 never executed
branch 18 never executed (fallthrough)
branch 19 never executed (throw)
    %%%%%:   27-block  6
call   20 never executed
call   21 never executed
        1:   27-block  7
call   22 returned 1
    $$$$$:   27-block  8
    $$$$$:   27-block  9
    $$$$$:   27-block 10
call   23 never executed
    $$$$$:   27-block 11
    $$$$$:   27-block 12
call   24 never executed
    $$$$$:   27-block 13
    $$$$$:   27-block 14
call   25 never executed
        -:   28:
       1*:   29:    auto* varAssign = dynamic_cast<VarAssignment*>(node.get());
call    0 returned 1
branch  1 taken 1 (fallthrough)
branch  2 taken 0
        1:   29-block  0
    %%%%%:   29-block  1
       1*:   30:    ASSERT_NE(varAssign, nullptr);
        1:   30-block  0
call    0 returned 1
branch  1 taken 1 (fallthrough)
branch  2 taken 0 (throw)
        1:   30-block  1
call    3 returned 1
branch  4 taken 0 (fallthrough)
branch  5 taken 1
    %%%%%:   30-block  2
call    6 never executed
branch  7 never executed (fallthrough)
branch  8 never executed (throw)
    %%%%%:   30-block  3
call    9 never executed
call   10 never executed
branch 11 never executed (fallthrough)
branch 12 never executed (throw)
    %%%%%:   30-block  4
call   13 never executed
branch 14 never executed (fallthrough)
branch 15 never executed (throw)
    %%%%%:   30-block  5
call   16 never executed
call   17 never executed
        1:   30-block  6
        1:   30-block  7
call   18 returned 1
branch 19 taken 1 (fallthrough)
branch 20 taken 0
        1:   30-block  8
    $$$$$:   30-block  9
    $$$$$:   30-block 10
call   21 never executed
    $$$$$:   30-block 11
    $$$$$:   30-block 12
call   22 never executed
    $$$$$:   30-block 13
    $$$$$:   30-block 14
call   23 never executed
        -:   31:
       1*:   32:    EXPECT_EQ(std::get<std::string>(varAssign->getToken().getValue()), "x");
        1:   32-block  0
call    0 returned 1
branch  1 taken 1 (fallthrough)
branch  2 taken 0 (throw)
        1:   32-block  1
call    3 returned 1
branch  4 taken 1 (fallthrough)
branch  5 taken 0 (throw)
        1:   32-block  2
call    6 returned 1
branch  7 taken 1 (fallthrough)
branch  8 taken 0 (throw)
        1:   32-block  3
call    9 returned 1
branch 10 taken 1 (fallthrough)
branch 11 taken 0 (throw)
        1:   32-block  4
call   12 returned 1
call   13 returned 1
call   14 returned 1
branch 15 taken 0 (fallthrough)
branch 16 taken 1
    %%%%%:   32-block  5
call   17 never executed
branch 18 never executed (fallthrough)
branch 19 never executed (throw)
    %%%%%:   32-block  6
call   20 never executed
call   21 never executed
branch 22 never executed (fallthrough)
branch 23 never executed (throw)
    %%%%%:   32-block  7
call   24 never executed
branch 25 never executed (fallthrough)
branch 26 never executed (throw)
    %%%%%:   32-block  8
call   27 never executed
call   28 never executed
        1:   32-block  9
call   29 returned 1
    $$$$$:   32-block 10
call   30 never executed
    $$$$$:   32-block 11
call   31 never executed
    $$$$$:   32-block 12
    $$$$$:   32-block 13
    $$$$$:   32-block 14
call   32 never executed
    $$$$$:   32-block 15
    $$$$$:   32-block 16
call   33 never executed
    $$$$$:   32-block 17
    $$$$$:   32-block 18
call   34 never executed
        -:   33:
       1*:   34:    auto* valueNode = dynamic_cast<Number*>(varAssign->getValue().get());
call    0 returned 1
branch  1 taken 1 (fallthrough)
branch  2 taken 0 (throw)
        1:   34-block  0
call    3 returned 1
branch  4 taken 1 (fallthrough)
branch  5 taken 0
        1:   34-block  1
    %%%%%:   34-block  2
       1*:   35:    ASSERT_NE(valueNode, nullptr);
        1:   35-block  0
call    0 returned 1
branch  1 taken 1 (fallthrough)
branch  2 taken 0 (throw)
        1:   35-block  1
call    3 returned 1
branch  4 taken 0 (fallthrough)
branch  5 taken 1
    %%%%%:   35-block  2
call    6 never executed
branch  7 never executed (fallthrough)
branch  8 never executed (throw)
    %%%%%:   35-block  3
call    9 never executed
call   10 never executed
branch 11 never executed (fallthrough)
branch 12 never executed (throw)
    %%%%%:   35-block  4
call   13 never executed
branch 14 never executed (fallthrough)
branch 15 never executed (throw)
    %%%%%:   35-block  5
call   16 never executed
call   17 never executed
        1:   35-block  6
        1:   35-block  7
call   18 returned 1
branch 19 taken 1 (fallthrough)
branch 20 taken 0
        1:   35-block  8
    $$$$$:   35-block  9
    $$$$$:   35-block 10
call   21 never executed
    $$$$$:   35-block 11
    $$$$$:   35-block 12
call   22 never executed
    $$$$$:   35-block 13
    $$$$$:   35-block 14
call   23 never executed
       1*:   36:    EXPECT_EQ(valueNode->getType(), NodeType::Number);
        1:   36-block  0
call    0 returned 1
branch  1 taken 1 (fallthrough)
branch  2 taken 0 (throw)
        1:   36-block  1
call    3 returned 1
branch  4 taken 1 (fallthrough)
branch  5 taken 0 (throw)
        1:   36-block  2
call    6 returned 1
branch  7 taken 0 (fallthrough)
branch  8 taken 1
    %%%%%:   36-block  3
call    9 never executed
branch 10 never executed (fallthrough)
branch 11 never executed (throw)
    %%%%%:   36-block  4
call   12 never executed
call   13 never executed
branch 14 never executed (fallthrough)
branch 15 never executed (throw)
    %%%%%:   36-block  5
call   16 never executed
branch 17 never executed (fallthrough)
branch 18 never executed (throw)
    %%%%%:   36-block  6
call   19 never executed
call   20 never executed
        1:   36-block  7
call   21 returned 1
    $$$$$:   36-block  8
    $$$$$:   36-block  9
    $$$$$:   36-block 10
call   22 never executed
    $$$$$:   36-block 11
    $$$$$:   36-block 12
call   23 never executed
    $$$$$:   36-block 13
    $$$$$:   36-block 14
call   24 never executed
       1*:   37:    EXPECT_EQ(std::get<int>(valueNode->getToken().getValue()), 42);
call    0 returned 1
branch  1 taken 1 (fallthrough)
branch  2 taken 0 (throw)
        1:   37-block  0
call    3 returned 1
branch  4 taken 1 (fallthrough)
branch  5 taken 0 (throw)
        1:   37-block  1
call    6 returned 1
branch  7 taken 1 (fallthrough)
branch  8 taken 0 (throw)
        1:   37-block  2
call    9 returned 1
branch 10 taken 1 (fallthrough)
branch 11 taken 0 (throw)
        1:   37-block  3
call   12 returned 1
call   13 returned 1
call   14 returned 1
branch 15 taken 0 (fallthrough)
branch 16 taken 1
    %%%%%:   37-block  4
call   17 never executed
branch 18 never executed (fallthrough)
branch 19 never executed (throw)
    %%%%%:   37-block  5
call   20 never executed
call   21 never executed
branch 22 never executed (fallthrough)
branch 23 never executed (throw)
    %%%%%:   37-block  6
call   24 never executed
branch 25 never executed (fallthrough)
branch 26 never executed (throw)
    %%%%%:   37-block  7
call   27 never executed
call   28 never executed
        1:   37-block  8
call   29 returned 1
    $$$$$:   37-block  9
call   30 never executed
    $$$$$:   37-block 10
call   31 never executed
    $$$$$:   37-block 11
    $$$$$:   37-block 12
    $$$$$:   37-block 13
    $$$$$:   37-block 14
call   32 never executed
    $$$$$:   37-block 15
    $$$$$:   37-block 16
call   33 never executed
    $$$$$:   37-block 17
    $$$$$:   37-block 18
call   34 never executed
        7:   38:}
        1:   38-block  0
call    0 returned 1
branch  1 taken 1 (fallthrough)
branch  2 taken 0 (throw)
        1:   38-block  1
call    3 returned 1
branch  4 taken 1 (fallthrough)
branch  5 taken 0 (throw)
        1:   38-block  2
call    6 returned 1
branch  7 taken 1 (fallthrough)
branch  8 taken 0 (throw)
        1:   38-block  3
call    9 returned 1
branch 10 taken 1 (fallthrough)
branch 11 taken 0 (throw)
        1:   38-block  4
call   12 returned 1
call   13 returned 1
branch 14 taken 1 (fallthrough)
branch 15 taken 0 (throw)
        1:   38-block  5
call   16 returned 1
call   17 returned 1
branch 18 taken 1 (fallthrough)
branch 19 taken 0 (throw)
        1:   38-block  6
call   20 returned 1
call   21 returned 1
branch 22 taken 1 (fallthrough)
branch 23 taken 0 (throw)
        1:   38-block  7
        1:   38-block  8
call   24 returned 1
call   25 returned 1
call   26 returned 1
call   27 returned 1
call   28 returned 1
call   29 returned 1
branch 30 taken 1 (fallthrough)
branch 31 taken 0 (throw)
        1:   38-block  9
call   32 returned 1
call   33 returned 1
branch 34 taken 1 (fallthrough)
branch 35 taken 0 (throw)
        1:   38-block 10
        1:   38-block 11
call   36 returned 1
branch 37 taken 1 (fallthrough)
branch 38 taken 0 (throw)
        1:   38-block 12
call   39 returned 1
branch 40 taken 1 (fallthrough)
branch 41 taken 0 (throw)
        1:   38-block 13
        1:   38-block 14
call   42 returned 1
        2:   38-block 15
branch 43 taken 1 (fallthrough)
branch 44 taken 1
        1:   38-block 16
call   45 returned 1
call   46 returned 1
branch 47 taken 1 (fallthrough)
branch 48 taken 0 (throw)
        1:   38-block 17
call   49 returned 1
branch 50 taken 1 (fallthrough)
branch 51 taken 0
        1:   38-block 18
        1:   38-block 19
call   52 returned 1
branch 53 taken 1 (fallthrough)
branch 54 taken 0
        1:   38-block 20
        1:   38-block 21
call   55 returned 1
branch 56 taken 1 (fallthrough)
branch 57 taken 0
        1:   38-block 22
        1:   38-block 23
call   58 returned 1
branch 59 taken 1 (fallthrough)
branch 60 taken 0
    $$$$$:   38-block 24
call   61 never executed
    $$$$$:   38-block 25
    $$$$$:   38-block 26
    $$$$$:   38-block 27
call   62 never executed
    $$$$$:   38-block 28
    $$$$$:   38-block 29
call   63 never executed
    $$$$$:   38-block 30
    $$$$$:   38-block 31
    $$$$$:   38-block 32
call   64 never executed
    $$$$$:   38-block 33
    $$$$$:   38-block 34
call   65 never executed
    $$$$$:   38-block 35
    $$$$$:   38-block 36
branch 66 never executed (fallthrough)
branch 67 never executed
    $$$$$:   38-block 37
    $$$$$:   38-block 38
branch 68 never executed (fallthrough)
branch 69 never executed
    $$$$$:   38-block 39
call   70 never executed
    $$$$$:   38-block 40
call   71 never executed
    $$$$$:   38-block 41
    $$$$$:   38-block 42
branch 72 never executed (fallthrough)
branch 73 never executed
    $$$$$:   38-block 43
call   74 never executed
    $$$$$:   38-block 44
    $$$$$:   38-block 45
    $$$$$:   38-block 46
branch 75 never executed (fallthrough)
branch 76 never executed
    $$$$$:   38-block 47
    $$$$$:   38-block 48
branch 77 never executed (fallthrough)
branch 78 never executed
    $$$$$:   38-block 49
call   79 never executed
    $$$$$:   38-block 50
    $$$$$:   38-block 51
    $$$$$:   38-block 52
branch 80 never executed (fallthrough)
branch 81 never executed
    $$$$$:   38-block 53
    $$$$$:   38-block 54
branch 82 never executed (fallthrough)
branch 83 never executed
    $$$$$:   38-block 55
call   84 never executed
    $$$$$:   38-block 56
call   85 never executed
    $$$$$:   38-block 57
call   86 never executed
    $$$$$:   38-block 58
call   87 never executed
    $$$$$:   38-block 59
call   88 never executed
------------------
        -:   39:
        4:   40:TEST(ParserTest, ParsesIncorrectSyntax) {
        -:   41:
        -:   42:    std::vector<Token> tokens = {
        -:   43:        Token(TokenType::KEYWORD, dummyPos, "var"),
        -:   44:        Token(TokenType::KEYWORD, dummyPos, "var"),
        -:   45:        Token(TokenType::EQUALS, dummyPos),
    #####:   46:        Token(TokenType::INT, dummyPos, 42),
        -:   47:        Token(TokenType::EOL, dummyPos)
        7:   48:    };
        5:   49:    std::map<int, std::vector<Token>> tokenMap = { {0, tokens}, {1, {Token(TokenType::EOF_, dummyPos)}} };
        1:   50:    Parser parser(tokenMap);
        -:   51:
        -:   52:    // Act: Parse the tokens
       1*:   53:    EXPECT_THROW(parser.parse(), InvalidSyntaxError);
        7:   54:}
------------------
_ZN37ParserTest_ParsesIncorrectSyntax_TestC1Ev:
function _ZN37ParserTest_ParsesIncorrectSyntax_TestC1Ev called 1 returned 100% blocks executed 100%
        1:   40:TEST(ParserTest, ParsesIncorrectSyntax) {
        1:   40-block  0
call    0 returned 1
------------------
_ZN37ParserTest_ParsesIncorrectSyntax_TestD0Ev:
function _ZN37ParserTest_ParsesIncorrectSyntax_TestD0Ev called 1 returned 100% blocks executed 100%
        1:   40:TEST(ParserTest, ParsesIncorrectSyntax) {
        1:   40-block  0
call    0 returned 1
call    1 returned 1
------------------
_ZN37ParserTest_ParsesIncorrectSyntax_TestD1Ev:
function _ZN37ParserTest_ParsesIncorrectSyntax_TestD1Ev called 1 returned 100% blocks executed 100%
        1:   40:TEST(ParserTest, ParsesIncorrectSyntax) {
        1:   40-block  0
call    0 returned 1
------------------
_ZN37ParserTest_ParsesIncorrectSyntax_Test8TestBodyEv:
function _ZN37ParserTest_ParsesIncorrectSyntax_Test8TestBodyEv called 1 returned 100% blocks executed 35%
        1:   40:TEST(ParserTest, ParsesIncorrectSyntax) {
        -:   41:
        -:   42:    std::vector<Token> tokens = {
        -:   43:        Token(TokenType::KEYWORD, dummyPos, "var"),
        -:   44:        Token(TokenType::KEYWORD, dummyPos, "var"),
        -:   45:        Token(TokenType::EQUALS, dummyPos),
    #####:   46:        Token(TokenType::INT, dummyPos, 42),
    $$$$$:   46-block  0
        -:   47:        Token(TokenType::EOL, dummyPos)
        7:   48:    };
        1:   48-block  0
call    0 returned 1
branch  1 taken 1 (fallthrough)
branch  2 taken 0 (throw)
        6:   48-block  1
branch  3 taken 5 (fallthrough)
branch  4 taken 1
        5:   48-block  2
call    5 returned 5
    $$$$$:   48-block  3
    $$$$$:   48-block  4
    $$$$$:   48-block  5
branch  6 never executed (fallthrough)
branch  7 never executed
    $$$$$:   48-block  6
call    8 never executed
    $$$$$:   48-block  7
        5:   49:    std::map<int, std::vector<Token>> tokenMap = { {0, tokens}, {1, {Token(TokenType::EOF_, dummyPos)}} };
        1:   49-block  0
call    0 returned 1
branch  1 taken 1 (fallthrough)
branch  2 taken 0 (throw)
        3:   49-block  1
branch  3 taken 2 (fallthrough)
branch  4 taken 1
        2:   49-block  2
call    5 returned 2
        1:   49-block  3
call    6 returned 1
    $$$$$:   49-block  4
    $$$$$:   49-block  5
    $$$$$:   49-block  6
    $$$$$:   49-block  7
branch  7 never executed (fallthrough)
branch  8 never executed
    $$$$$:   49-block  8
call    9 never executed
    $$$$$:   49-block  9
    $$$$$:   49-block 10
call   10 never executed
    $$$$$:   49-block 11
    $$$$$:   49-block 12
    $$$$$:   49-block 13
        1:   50:    Parser parser(tokenMap);
        1:   50-block  0
call    0 returned 1
branch  1 taken 1 (fallthrough)
branch  2 taken 0 (throw)
        1:   50-block  1
call    3 returned 1
    $$$$$:   50-block  2
call    4 never executed
    $$$$$:   50-block  3
        -:   51:
        -:   52:    // Act: Parse the tokens
       1*:   53:    EXPECT_THROW(parser.parse(), InvalidSyntaxError);
call    0 returned 1
call    1 returned 1
branch  2 taken 1 (fallthrough)
branch  3 taken 0
        1:   53-block  0
call    4 returned 1
branch  5 taken 1 (fallthrough)
branch  6 taken 0 (throw)
        1:   53-block  1
branch  7 taken 1 (fallthrough)
branch  8 taken 0
        1:   53-block  2
call    9 returned 1
branch 10 taken 0 (fallthrough)
branch 11 taken 1 (throw)
    %%%%%:   53-block  3
call   12 never executed
        1:   53-block  4
branch 13 taken 0 (fallthrough)
branch 14 taken 1
    %%%%%:   53-block  5
call   15 never executed
branch 16 never executed (fallthrough)
branch 17 never executed (throw)
    %%%%%:   53-block  6
    %%%%%:   53-block  7
call   18 never executed
branch 19 never executed (fallthrough)
branch 20 never executed (throw)
    %%%%%:   53-block  8
call   21 never executed
call   22 never executed
branch 23 never executed (fallthrough)
branch 24 never executed (throw)
    %%%%%:   53-block  9
call   25 never executed
branch 26 never executed (fallthrough)
branch 27 never executed (throw)
    %%%%%:   53-block 10
call   28 never executed
call   29 never executed
        1:   53-block 11
call   30 returned 1
        1:   53-block 12
        1:   53-block 13
branch 31 taken 1
branch 32 taken 0
branch 33 taken 0
        1:   53-block 14
call   34 returned 1
call   35 returned 1
branch 36 taken 1 (fallthrough)
branch 37 taken 0 (throw)
    $$$$$:   53-block 15
call   38 never executed
call   39 never executed
branch 40 never executed (fallthrough)
branch 41 never executed (throw)
    $$$$$:   53-block 16
call   42 never executed
branch 43 never executed (fallthrough)
branch 44 never executed (throw)
    $$$$$:   53-block 17
call   45 never executed
branch 46 never executed (fallthrough)
branch 47 never executed (throw)
    $$$$$:   53-block 18
call   48 never executed
call   49 never executed
branch 50 never executed (fallthrough)
branch 51 never executed (throw)
    $$$$$:   53-block 19
call   52 never executed
call   53 never executed
branch 54 never executed (fallthrough)
branch 55 never executed (throw)
    $$$$$:   53-block 20
call   56 never executed
branch 57 never executed (fallthrough)
branch 58 never executed (throw)
    $$$$$:   53-block 21
    $$$$$:   53-block 22
call   59 never executed
    $$$$$:   53-block 23
call   60 never executed
call   61 never executed
branch 62 never executed (fallthrough)
branch 63 never executed (throw)
    $$$$$:   53-block 24
    $$$$$:   53-block 25
call   64 never executed
branch 65 never executed (fallthrough)
branch 66 never executed (throw)
    $$$$$:   53-block 26
call   67 never executed
    $$$$$:   53-block 27
    $$$$$:   53-block 28
call   68 never executed
    $$$$$:   53-block 29
call   69 never executed
    $$$$$:   53-block 30
call   70 never executed
    $$$$$:   53-block 31
    $$$$$:   53-block 32
call   71 never executed
    $$$$$:   53-block 33
    $$$$$:   53-block 34
call   72 never executed
        7:   54:}
        1:   54-block  0
call    0 returned 1
branch  1 taken 1 (fallthrough)
branch  2 taken 0 (throw)
        1:   54-block  1
call    3 returned 1
branch  4 taken 1 (fallthrough)
branch  5 taken 0 (throw)
        1:   54-block  2
call    6 returned 1
branch  7 taken 1 (fallthrough)
branch  8 taken 0 (throw)
        1:   54-block  3
call    9 returned 1
branch 10 taken 1 (fallthrough)
branch 11 taken 0 (throw)
        1:   54-block  4
call   12 returned 1
call   13 returned 1
branch 14 taken 1 (fallthrough)
branch 15 taken 0 (throw)
        1:   54-block  5
call   16 returned 1
call   17 returned 1
branch 18 taken 1 (fallthrough)
branch 19 taken 0 (throw)
        1:   54-block  6
call   20 returned 1
call   21 returned 1
branch 22 taken 1 (fallthrough)
branch 23 taken 0 (throw)
        1:   54-block  7
        1:   54-block  8
call   24 returned 1
call   25 returned 1
call   26 returned 1
call   27 returned 1
call   28 returned 1
call   29 returned 1
branch 30 taken 1 (fallthrough)
branch 31 taken 0 (throw)
        1:   54-block  9
call   32 returned 1
call   33 returned 1
branch 34 taken 1 (fallthrough)
branch 35 taken 0 (throw)
        1:   54-block 10
        1:   54-block 11
call   36 returned 1
branch 37 taken 1 (fallthrough)
branch 38 taken 0 (throw)
        1:   54-block 12
call   39 returned 1
branch 40 taken 1 (fallthrough)
branch 41 taken 0 (throw)
        1:   54-block 13
        1:   54-block 14
call   42 returned 1
        2:   54-block 15
branch 43 taken 1 (fallthrough)
branch 44 taken 1
        1:   54-block 16
call   45 returned 1
call   46 returned 1
branch 47 taken 1 (fallthrough)
branch 48 taken 0 (throw)
call   49 returned 1
call   50 returned 1
call   51 returned 1
    $$$$$:   54-block 17
call   52 never executed
    $$$$$:   54-block 18
    $$$$$:   54-block 19
    $$$$$:   54-block 20
call   53 never executed
    $$$$$:   54-block 21
    $$$$$:   54-block 22
call   54 never executed
    $$$$$:   54-block 23
    $$$$$:   54-block 24
    $$$$$:   54-block 25
call   55 never executed
    $$$$$:   54-block 26
    $$$$$:   54-block 27
call   56 never executed
    $$$$$:   54-block 28
    $$$$$:   54-block 29
branch 57 never executed (fallthrough)
branch 58 never executed
    $$$$$:   54-block 30
    $$$$$:   54-block 31
branch 59 never executed (fallthrough)
branch 60 never executed
    $$$$$:   54-block 32
call   61 never executed
    $$$$$:   54-block 33
call   62 never executed
    $$$$$:   54-block 34
    $$$$$:   54-block 35
branch 63 never executed (fallthrough)
branch 64 never executed
    $$$$$:   54-block 36
call   65 never executed
    $$$$$:   54-block 37
    $$$$$:   54-block 38
    $$$$$:   54-block 39
branch 66 never executed (fallthrough)
branch 67 never executed
    $$$$$:   54-block 40
    $$$$$:   54-block 41
branch 68 never executed (fallthrough)
branch 69 never executed
    $$$$$:   54-block 42
call   70 never executed
    $$$$$:   54-block 43
    $$$$$:   54-block 44
    $$$$$:   54-block 45
branch 71 never executed (fallthrough)
branch 72 never executed
    $$$$$:   54-block 46
    $$$$$:   54-block 47
branch 73 never executed (fallthrough)
branch 74 never executed
    $$$$$:   54-block 48
call   75 never executed
    $$$$$:   54-block 49
call   76 never executed
    $$$$$:   54-block 50
call   77 never executed
    $$$$$:   54-block 51
call   78 never executed
------------------
        -:   55:
        4:   56:TEST(ParserTest, ParsesFuncCall) {
        -:   57:    std::vector<Token> tokens = {
        -:   58:        Token(TokenType::IDENTIFIER, dummyPos, "testName"),
        -:   59:        Token(TokenType::OPENPAREN, dummyPos),
        -:   60:        Token(TokenType::STRING, dummyPos, "test"),
        -:   61:        Token(TokenType::CLOSEPAREN, dummyPos),
        -:   62:        Token(TokenType::EOL, dummyPos)
        7:   63:    };
        -:   64:
        -:   65:    std::map<int, std::vector<Token>> tokenMap = {
    #####:   66:        {0, tokens},
    #####:   67:        {1, {Token(TokenType::EOF_, dummyPos)}}
        5:   68:    };
        -:   69:
        1:   70:    Parser parser(tokenMap);
        1:   71:    std::unique_ptr<Node> result = parser.parse();
        -:   72:
       1*:   73:    ASSERT_NE(result, nullptr);
       1*:   74:    EXPECT_EQ(result->getType(), NodeType::FuncCall);
        -:   75:
       1*:   76:    auto* call = dynamic_cast<FuncCall*>(result.get());
       1*:   77:    ASSERT_NE(call, nullptr);
        1:   78:    const auto& arguments = call->getArguments();
       1*:   79:    ASSERT_EQ(arguments.size(), 1);  // One expression inside the true block
        1:   80:    const Node* argument = arguments.at(0).get();
       1*:   81:    EXPECT_EQ(argument->getType(), NodeType::String);
        7:   82:}
------------------
_ZN30ParserTest_ParsesFuncCall_TestC1Ev:
function _ZN30ParserTest_ParsesFuncCall_TestC1Ev called 1 returned 100% blocks executed 100%
        1:   56:TEST(ParserTest, ParsesFuncCall) {
        1:   56-block  0
call    0 returned 1
------------------
_ZN30ParserTest_ParsesFuncCall_TestD0Ev:
function _ZN30ParserTest_ParsesFuncCall_TestD0Ev called 1 returned 100% blocks executed 100%
        1:   56:TEST(ParserTest, ParsesFuncCall) {
        1:   56-block  0
call    0 returned 1
call    1 returned 1
------------------
_ZN30ParserTest_ParsesFuncCall_TestD1Ev:
function _ZN30ParserTest_ParsesFuncCall_TestD1Ev called 1 returned 100% blocks executed 100%
        1:   56:TEST(ParserTest, ParsesFuncCall) {
        1:   56-block  0
call    0 returned 1
------------------
_ZN30ParserTest_ParsesFuncCall_Test8TestBodyEv:
function _ZN30ParserTest_ParsesFuncCall_Test8TestBodyEv called 1 returned 100% blocks executed 37%
        1:   56:TEST(ParserTest, ParsesFuncCall) {
        -:   57:    std::vector<Token> tokens = {
        -:   58:        Token(TokenType::IDENTIFIER, dummyPos, "testName"),
        -:   59:        Token(TokenType::OPENPAREN, dummyPos),
        -:   60:        Token(TokenType::STRING, dummyPos, "test"),
        -:   61:        Token(TokenType::CLOSEPAREN, dummyPos),
        -:   62:        Token(TokenType::EOL, dummyPos)
        7:   63:    };
        1:   63-block  0
call    0 returned 1
branch  1 taken 1 (fallthrough)
branch  2 taken 0 (throw)
        6:   63-block  1
branch  3 taken 5 (fallthrough)
branch  4 taken 1
        5:   63-block  2
call    5 returned 5
    $$$$$:   63-block  3
    $$$$$:   63-block  4
    $$$$$:   63-block  5
branch  6 never executed (fallthrough)
branch  7 never executed
    $$$$$:   63-block  6
call    8 never executed
    $$$$$:   63-block  7
        -:   64:
        -:   65:    std::map<int, std::vector<Token>> tokenMap = {
    #####:   66:        {0, tokens},
    $$$$$:   66-block  0
    #####:   67:        {1, {Token(TokenType::EOF_, dummyPos)}}
    $$$$$:   67-block  0
        5:   68:    };
        1:   68-block  0
call    0 returned 1
branch  1 taken 1 (fallthrough)
branch  2 taken 0 (throw)
        3:   68-block  1
branch  3 taken 2 (fallthrough)
branch  4 taken 1
        2:   68-block  2
call    5 returned 2
        1:   68-block  3
call    6 returned 1
    $$$$$:   68-block  4
    $$$$$:   68-block  5
    $$$$$:   68-block  6
    $$$$$:   68-block  7
branch  7 never executed (fallthrough)
branch  8 never executed
    $$$$$:   68-block  8
call    9 never executed
    $$$$$:   68-block  9
    $$$$$:   68-block 10
call   10 never executed
    $$$$$:   68-block 11
        -:   69:
        1:   70:    Parser parser(tokenMap);
        1:   70-block  0
call    0 returned 1
branch  1 taken 1 (fallthrough)
branch  2 taken 0 (throw)
        1:   70-block  1
call    3 returned 1
    $$$$$:   70-block  2
call    4 never executed
    $$$$$:   70-block  3
        1:   71:    std::unique_ptr<Node> result = parser.parse();
call    0 returned 1
branch  1 taken 1 (fallthrough)
branch  2 taken 0 (throw)
        -:   72:
       1*:   73:    ASSERT_NE(result, nullptr);
        1:   73-block  0
call    0 returned 1
branch  1 taken 1 (fallthrough)
branch  2 taken 0 (throw)
        1:   73-block  1
call    3 returned 1
branch  4 taken 0 (fallthrough)
branch  5 taken 1
    %%%%%:   73-block  2
call    6 never executed
branch  7 never executed (fallthrough)
branch  8 never executed (throw)
    %%%%%:   73-block  3
call    9 never executed
call   10 never executed
branch 11 never executed (fallthrough)
branch 12 never executed (throw)
    %%%%%:   73-block  4
call   13 never executed
branch 14 never executed (fallthrough)
branch 15 never executed (throw)
    %%%%%:   73-block  5
call   16 never executed
call   17 never executed
        1:   73-block  6
        1:   73-block  7
call   18 returned 1
branch 19 taken 1 (fallthrough)
branch 20 taken 0
        1:   73-block  8
    $$$$$:   73-block  9
    $$$$$:   73-block 10
call   21 never executed
    $$$$$:   73-block 11
    $$$$$:   73-block 12
call   22 never executed
    $$$$$:   73-block 13
    $$$$$:   73-block 14
call   23 never executed
       1*:   74:    EXPECT_EQ(result->getType(), NodeType::FuncCall);
        1:   74-block  0
call    0 returned 1
call    1 returned 1
branch  2 taken 1 (fallthrough)
branch  3 taken 0 (throw)
        1:   74-block  1
call    4 returned 1
branch  5 taken 1 (fallthrough)
branch  6 taken 0 (throw)
        1:   74-block  2
call    7 returned 1
branch  8 taken 0 (fallthrough)
branch  9 taken 1
    %%%%%:   74-block  3
call   10 never executed
branch 11 never executed (fallthrough)
branch 12 never executed (throw)
    %%%%%:   74-block  4
call   13 never executed
call   14 never executed
branch 15 never executed (fallthrough)
branch 16 never executed (throw)
    %%%%%:   74-block  5
call   17 never executed
branch 18 never executed (fallthrough)
branch 19 never executed (throw)
    %%%%%:   74-block  6
call   20 never executed
call   21 never executed
        1:   74-block  7
call   22 returned 1
    $$$$$:   74-block  8
    $$$$$:   74-block  9
    $$$$$:   74-block 10
call   23 never executed
    $$$$$:   74-block 11
    $$$$$:   74-block 12
call   24 never executed
    $$$$$:   74-block 13
    $$$$$:   74-block 14
call   25 never executed
        -:   75:
       1*:   76:    auto* call = dynamic_cast<FuncCall*>(result.get());
call    0 returned 1
branch  1 taken 1 (fallthrough)
branch  2 taken 0
        1:   76-block  0
    %%%%%:   76-block  1
       1*:   77:    ASSERT_NE(call, nullptr);
        1:   77-block  0
call    0 returned 1
branch  1 taken 1 (fallthrough)
branch  2 taken 0 (throw)
        1:   77-block  1
call    3 returned 1
branch  4 taken 0 (fallthrough)
branch  5 taken 1
    %%%%%:   77-block  2
call    6 never executed
branch  7 never executed (fallthrough)
branch  8 never executed (throw)
    %%%%%:   77-block  3
call    9 never executed
call   10 never executed
branch 11 never executed (fallthrough)
branch 12 never executed (throw)
    %%%%%:   77-block  4
call   13 never executed
branch 14 never executed (fallthrough)
branch 15 never executed (throw)
    %%%%%:   77-block  5
call   16 never executed
call   17 never executed
        1:   77-block  6
        1:   77-block  7
call   18 returned 1
branch 19 taken 1 (fallthrough)
branch 20 taken 0
        1:   77-block  8
    $$$$$:   77-block  9
    $$$$$:   77-block 10
call   21 never executed
    $$$$$:   77-block 11
    $$$$$:   77-block 12
call   22 never executed
    $$$$$:   77-block 13
    $$$$$:   77-block 14
call   23 never executed
        1:   78:    const auto& arguments = call->getArguments();
        1:   78-block  0
call    0 returned 1
branch  1 taken 1 (fallthrough)
branch  2 taken 0 (throw)
       1*:   79:    ASSERT_EQ(arguments.size(), 1);  // One expression inside the true block
        1:   79-block  0
call    0 returned 1
call    1 returned 1
branch  2 taken 1 (fallthrough)
branch  3 taken 0 (throw)
        1:   79-block  1
call    4 returned 1
branch  5 taken 0 (fallthrough)
branch  6 taken 1
    %%%%%:   79-block  2
call    7 never executed
branch  8 never executed (fallthrough)
branch  9 never executed (throw)
    %%%%%:   79-block  3
call   10 never executed
call   11 never executed
branch 12 never executed (fallthrough)
branch 13 never executed (throw)
    %%%%%:   79-block  4
call   14 never executed
branch 15 never executed (fallthrough)
branch 16 never executed (throw)
    %%%%%:   79-block  5
call   17 never executed
call   18 never executed
        1:   79-block  6
        1:   79-block  7
call   19 returned 1
branch 20 taken 1 (fallthrough)
branch 21 taken 0
        1:   79-block  8
    $$$$$:   79-block  9
    $$$$$:   79-block 10
    $$$$$:   79-block 11
call   22 never executed
    $$$$$:   79-block 12
    $$$$$:   79-block 13
call   23 never executed
    $$$$$:   79-block 14
    $$$$$:   79-block 15
call   24 never executed
        1:   80:    const Node* argument = arguments.at(0).get();
        1:   80-block  0
call    0 returned 1
branch  1 taken 1 (fallthrough)
branch  2 taken 0 (throw)
        1:   80-block  1
call    3 returned 1
       1*:   81:    EXPECT_EQ(argument->getType(), NodeType::String);
call    0 returned 1
branch  1 taken 1 (fallthrough)
branch  2 taken 0 (throw)
        1:   81-block  0
call    3 returned 1
branch  4 taken 1 (fallthrough)
branch  5 taken 0 (throw)
        1:   81-block  1
call    6 returned 1
branch  7 taken 0 (fallthrough)
branch  8 taken 1
    %%%%%:   81-block  2
call    9 never executed
branch 10 never executed (fallthrough)
branch 11 never executed (throw)
    %%%%%:   81-block  3
call   12 never executed
call   13 never executed
branch 14 never executed (fallthrough)
branch 15 never executed (throw)
    %%%%%:   81-block  4
call   16 never executed
branch 17 never executed (fallthrough)
branch 18 never executed (throw)
    %%%%%:   81-block  5
call   19 never executed
call   20 never executed
        1:   81-block  6
call   21 returned 1
    $$$$$:   81-block  7
    $$$$$:   81-block  8
    $$$$$:   81-block  9
call   22 never executed
    $$$$$:   81-block 10
    $$$$$:   81-block 11
call   23 never executed
    $$$$$:   81-block 12
    $$$$$:   81-block 13
call   24 never executed
        7:   82:}
        1:   82-block  0
call    0 returned 1
branch  1 taken 1 (fallthrough)
branch  2 taken 0 (throw)
        1:   82-block  1
call    3 returned 1
branch  4 taken 1 (fallthrough)
branch  5 taken 0 (throw)
        1:   82-block  2
call    6 returned 1
call    7 returned 1
branch  8 taken 1 (fallthrough)
branch  9 taken 0 (throw)
        1:   82-block  3
call   10 returned 1
branch 11 taken 1 (fallthrough)
branch 12 taken 0 (throw)
        1:   82-block  4
call   13 returned 1
branch 14 taken 1 (fallthrough)
branch 15 taken 0 (throw)
        1:   82-block  5
call   16 returned 1
call   17 returned 1
branch 18 taken 1 (fallthrough)
branch 19 taken 0 (throw)
        1:   82-block  6
call   20 returned 1
call   21 returned 1
branch 22 taken 1 (fallthrough)
branch 23 taken 0 (throw)
        1:   82-block  7
        1:   82-block  8
call   24 returned 1
call   25 returned 1
call   26 returned 1
call   27 returned 1
call   28 returned 1
call   29 returned 1
branch 30 taken 1 (fallthrough)
branch 31 taken 0 (throw)
        1:   82-block  9
call   32 returned 1
call   33 returned 1
branch 34 taken 1 (fallthrough)
branch 35 taken 0 (throw)
        1:   82-block 10
        1:   82-block 11
call   36 returned 1
branch 37 taken 1 (fallthrough)
branch 38 taken 0 (throw)
        1:   82-block 12
call   39 returned 1
branch 40 taken 1 (fallthrough)
branch 41 taken 0 (throw)
        1:   82-block 13
        1:   82-block 14
call   42 returned 1
        2:   82-block 15
branch 43 taken 1 (fallthrough)
branch 44 taken 1
        1:   82-block 16
call   45 returned 1
call   46 returned 1
branch 47 taken 1 (fallthrough)
branch 48 taken 0 (throw)
        1:   82-block 17
call   49 returned 1
branch 50 taken 1 (fallthrough)
branch 51 taken 0
        1:   82-block 18
        1:   82-block 19
call   52 returned 1
branch 53 taken 1 (fallthrough)
branch 54 taken 0
        1:   82-block 20
        1:   82-block 21
call   55 returned 1
branch 56 taken 1 (fallthrough)
branch 57 taken 0
        1:   82-block 22
        1:   82-block 23
call   58 returned 1
branch 59 taken 1 (fallthrough)
branch 60 taken 0
    $$$$$:   82-block 24
call   61 never executed
    $$$$$:   82-block 25
    $$$$$:   82-block 26
    $$$$$:   82-block 27
call   62 never executed
    $$$$$:   82-block 28
    $$$$$:   82-block 29
    $$$$$:   82-block 30
call   63 never executed
    $$$$$:   82-block 31
    $$$$$:   82-block 32
call   64 never executed
    $$$$$:   82-block 33
    $$$$$:   82-block 34
    $$$$$:   82-block 35
call   65 never executed
    $$$$$:   82-block 36
    $$$$$:   82-block 37
branch 66 never executed (fallthrough)
branch 67 never executed
    $$$$$:   82-block 38
    $$$$$:   82-block 39
branch 68 never executed (fallthrough)
branch 69 never executed
    $$$$$:   82-block 40
call   70 never executed
    $$$$$:   82-block 41
call   71 never executed
    $$$$$:   82-block 42
    $$$$$:   82-block 43
branch 72 never executed (fallthrough)
branch 73 never executed
    $$$$$:   82-block 44
call   74 never executed
    $$$$$:   82-block 45
    $$$$$:   82-block 46
    $$$$$:   82-block 47
branch 75 never executed (fallthrough)
branch 76 never executed
    $$$$$:   82-block 48
    $$$$$:   82-block 49
branch 77 never executed (fallthrough)
branch 78 never executed
    $$$$$:   82-block 50
call   79 never executed
    $$$$$:   82-block 51
    $$$$$:   82-block 52
    $$$$$:   82-block 53
branch 80 never executed (fallthrough)
branch 81 never executed
    $$$$$:   82-block 54
    $$$$$:   82-block 55
branch 82 never executed (fallthrough)
branch 83 never executed
    $$$$$:   82-block 56
call   84 never executed
    $$$$$:   82-block 57
call   85 never executed
    $$$$$:   82-block 58
call   86 never executed
    $$$$$:   82-block 59
call   87 never executed
    $$$$$:   82-block 60
call   88 never executed
------------------
        -:   83:
        4:   84:TEST(ParserTest, ParsesLibCallToOutWithString) {
        -:   85:
        -:   86:    std::vector<Token> tokens = {
        -:   87:        Token(TokenType::KEYWORD, dummyPos, "out"),
        -:   88:        Token(TokenType::OPENPAREN, dummyPos),
        -:   89:        Token(TokenType::STRING, dummyPos, "test"),
        -:   90:        Token(TokenType::CLOSEPAREN, dummyPos),
        -:   91:        Token(TokenType::EOL, dummyPos)
        7:   92:    };
        -:   93:
        -:   94:    std::map<int, std::vector<Token>> tokenMap = {
    #####:   95:        {0, tokens},
    #####:   96:        {1, {Token(TokenType::EOF_, dummyPos)}}
        5:   97:    };
        -:   98:
        1:   99:    Parser parser(tokenMap);
        1:  100:    std::unique_ptr<Node> result = parser.parse();
        -:  101:
       1*:  102:    ASSERT_NE(result, nullptr);
       1*:  103:    EXPECT_EQ(result->getType(), NodeType::LibCall);
        -:  104:
       1*:  105:    auto* call = dynamic_cast<LibCall*>(result.get());
       1*:  106:    ASSERT_NE(call, nullptr);
       1*:  107:    EXPECT_EQ(std::get<std::string>(call->getToken().getValue()), "out");
        7:  108:}
------------------
_ZN44ParserTest_ParsesLibCallToOutWithString_TestC1Ev:
function _ZN44ParserTest_ParsesLibCallToOutWithString_TestC1Ev called 1 returned 100% blocks executed 100%
        1:   84:TEST(ParserTest, ParsesLibCallToOutWithString) {
        1:   84-block  0
call    0 returned 1
------------------
_ZN44ParserTest_ParsesLibCallToOutWithString_TestD0Ev:
function _ZN44ParserTest_ParsesLibCallToOutWithString_TestD0Ev called 1 returned 100% blocks executed 100%
        1:   84:TEST(ParserTest, ParsesLibCallToOutWithString) {
        1:   84-block  0
call    0 returned 1
call    1 returned 1
------------------
_ZN44ParserTest_ParsesLibCallToOutWithString_TestD1Ev:
function _ZN44ParserTest_ParsesLibCallToOutWithString_TestD1Ev called 1 returned 100% blocks executed 100%
        1:   84:TEST(ParserTest, ParsesLibCallToOutWithString) {
        1:   84-block  0
call    0 returned 1
------------------
_ZN44ParserTest_ParsesLibCallToOutWithString_Test8TestBodyEv:
function _ZN44ParserTest_ParsesLibCallToOutWithString_Test8TestBodyEv called 1 returned 100% blocks executed 37%
        1:   84:TEST(ParserTest, ParsesLibCallToOutWithString) {
        -:   85:
        -:   86:    std::vector<Token> tokens = {
        -:   87:        Token(TokenType::KEYWORD, dummyPos, "out"),
        -:   88:        Token(TokenType::OPENPAREN, dummyPos),
        -:   89:        Token(TokenType::STRING, dummyPos, "test"),
        -:   90:        Token(TokenType::CLOSEPAREN, dummyPos),
        -:   91:        Token(TokenType::EOL, dummyPos)
        7:   92:    };
        1:   92-block  0
call    0 returned 1
branch  1 taken 1 (fallthrough)
branch  2 taken 0 (throw)
        6:   92-block  1
branch  3 taken 5 (fallthrough)
branch  4 taken 1
        5:   92-block  2
call    5 returned 5
    $$$$$:   92-block  3
    $$$$$:   92-block  4
    $$$$$:   92-block  5
branch  6 never executed (fallthrough)
branch  7 never executed
    $$$$$:   92-block  6
call    8 never executed
    $$$$$:   92-block  7
        -:   93:
        -:   94:    std::map<int, std::vector<Token>> tokenMap = {
    #####:   95:        {0, tokens},
    $$$$$:   95-block  0
    #####:   96:        {1, {Token(TokenType::EOF_, dummyPos)}}
    $$$$$:   96-block  0
        5:   97:    };
        1:   97-block  0
call    0 returned 1
branch  1 taken 1 (fallthrough)
branch  2 taken 0 (throw)
        3:   97-block  1
branch  3 taken 2 (fallthrough)
branch  4 taken 1
        2:   97-block  2
call    5 returned 2
        1:   97-block  3
call    6 returned 1
    $$$$$:   97-block  4
    $$$$$:   97-block  5
    $$$$$:   97-block  6
    $$$$$:   97-block  7
branch  7 never executed (fallthrough)
branch  8 never executed
    $$$$$:   97-block  8
call    9 never executed
    $$$$$:   97-block  9
    $$$$$:   97-block 10
call   10 never executed
    $$$$$:   97-block 11
        -:   98:
        1:   99:    Parser parser(tokenMap);
        1:   99-block  0
call    0 returned 1
branch  1 taken 1 (fallthrough)
branch  2 taken 0 (throw)
        1:   99-block  1
call    3 returned 1
    $$$$$:   99-block  2
call    4 never executed
    $$$$$:   99-block  3
        1:  100:    std::unique_ptr<Node> result = parser.parse();
call    0 returned 1
branch  1 taken 1 (fallthrough)
branch  2 taken 0 (throw)
        -:  101:
       1*:  102:    ASSERT_NE(result, nullptr);
        1:  102-block  0
call    0 returned 1
branch  1 taken 1 (fallthrough)
branch  2 taken 0 (throw)
        1:  102-block  1
call    3 returned 1
branch  4 taken 0 (fallthrough)
branch  5 taken 1
    %%%%%:  102-block  2
call    6 never executed
branch  7 never executed (fallthrough)
branch  8 never executed (throw)
    %%%%%:  102-block  3
call    9 never executed
call   10 never executed
branch 11 never executed (fallthrough)
branch 12 never executed (throw)
    %%%%%:  102-block  4
call   13 never executed
branch 14 never executed (fallthrough)
branch 15 never executed (throw)
    %%%%%:  102-block  5
call   16 never executed
call   17 never executed
        1:  102-block  6
        1:  102-block  7
call   18 returned 1
branch 19 taken 1 (fallthrough)
branch 20 taken 0
        1:  102-block  8
    $$$$$:  102-block  9
    $$$$$:  102-block 10
call   21 never executed
    $$$$$:  102-block 11
    $$$$$:  102-block 12
call   22 never executed
    $$$$$:  102-block 13
    $$$$$:  102-block 14
call   23 never executed
       1*:  103:    EXPECT_EQ(result->getType(), NodeType::LibCall);
        1:  103-block  0
call    0 returned 1
call    1 returned 1
branch  2 taken 1 (fallthrough)
branch  3 taken 0 (throw)
        1:  103-block  1
call    4 returned 1
branch  5 taken 1 (fallthrough)
branch  6 taken 0 (throw)
        1:  103-block  2
call    7 returned 1
branch  8 taken 0 (fallthrough)
branch  9 taken 1
    %%%%%:  103-block  3
call   10 never executed
branch 11 never executed (fallthrough)
branch 12 never executed (throw)
    %%%%%:  103-block  4
call   13 never executed
call   14 never executed
branch 15 never executed (fallthrough)
branch 16 never executed (throw)
    %%%%%:  103-block  5
call   17 never executed
branch 18 never executed (fallthrough)
branch 19 never executed (throw)
    %%%%%:  103-block  6
call   20 never executed
call   21 never executed
        1:  103-block  7
call   22 returned 1
    $$$$$:  103-block  8
    $$$$$:  103-block  9
    $$$$$:  103-block 10
call   23 never executed
    $$$$$:  103-block 11
    $$$$$:  103-block 12
call   24 never executed
    $$$$$:  103-block 13
    $$$$$:  103-block 14
call   25 never executed
        -:  104:
       1*:  105:    auto* call = dynamic_cast<LibCall*>(result.get());
call    0 returned 1
branch  1 taken 1 (fallthrough)
branch  2 taken 0
        1:  105-block  0
    %%%%%:  105-block  1
       1*:  106:    ASSERT_NE(call, nullptr);
        1:  106-block  0
call    0 returned 1
branch  1 taken 1 (fallthrough)
branch  2 taken 0 (throw)
        1:  106-block  1
call    3 returned 1
branch  4 taken 0 (fallthrough)
branch  5 taken 1
    %%%%%:  106-block  2
call    6 never executed
branch  7 never executed (fallthrough)
branch  8 never executed (throw)
    %%%%%:  106-block  3
call    9 never executed
call   10 never executed
branch 11 never executed (fallthrough)
branch 12 never executed (throw)
    %%%%%:  106-block  4
call   13 never executed
branch 14 never executed (fallthrough)
branch 15 never executed (throw)
    %%%%%:  106-block  5
call   16 never executed
call   17 never executed
        1:  106-block  6
        1:  106-block  7
call   18 returned 1
branch 19 taken 1 (fallthrough)
branch 20 taken 0
        1:  106-block  8
    $$$$$:  106-block  9
    $$$$$:  106-block 10
call   21 never executed
    $$$$$:  106-block 11
    $$$$$:  106-block 12
call   22 never executed
    $$$$$:  106-block 13
    $$$$$:  106-block 14
call   23 never executed
       1*:  107:    EXPECT_EQ(std::get<std::string>(call->getToken().getValue()), "out");
        1:  107-block  0
call    0 returned 1
branch  1 taken 1 (fallthrough)
branch  2 taken 0 (throw)
        1:  107-block  1
call    3 returned 1
branch  4 taken 1 (fallthrough)
branch  5 taken 0 (throw)
        1:  107-block  2
call    6 returned 1
branch  7 taken 1 (fallthrough)
branch  8 taken 0 (throw)
        1:  107-block  3
call    9 returned 1
branch 10 taken 1 (fallthrough)
branch 11 taken 0 (throw)
        1:  107-block  4
call   12 returned 1
call   13 returned 1
call   14 returned 1
branch 15 taken 0 (fallthrough)
branch 16 taken 1
    %%%%%:  107-block  5
call   17 never executed
branch 18 never executed (fallthrough)
branch 19 never executed (throw)
    %%%%%:  107-block  6
call   20 never executed
call   21 never executed
branch 22 never executed (fallthrough)
branch 23 never executed (throw)
    %%%%%:  107-block  7
call   24 never executed
branch 25 never executed (fallthrough)
branch 26 never executed (throw)
    %%%%%:  107-block  8
call   27 never executed
call   28 never executed
        1:  107-block  9
call   29 returned 1
    $$$$$:  107-block 10
call   30 never executed
    $$$$$:  107-block 11
call   31 never executed
    $$$$$:  107-block 12
    $$$$$:  107-block 13
    $$$$$:  107-block 14
call   32 never executed
    $$$$$:  107-block 15
    $$$$$:  107-block 16
call   33 never executed
    $$$$$:  107-block 17
    $$$$$:  107-block 18
call   34 never executed
        7:  108:}
        1:  108-block  0
call    0 returned 1
branch  1 taken 1 (fallthrough)
branch  2 taken 0 (throw)
        1:  108-block  1
call    3 returned 1
branch  4 taken 1 (fallthrough)
branch  5 taken 0 (throw)
        1:  108-block  2
call    6 returned 1
call    7 returned 1
branch  8 taken 1 (fallthrough)
branch  9 taken 0 (throw)
        1:  108-block  3
call   10 returned 1
branch 11 taken 1 (fallthrough)
branch 12 taken 0 (throw)
        1:  108-block  4
call   13 returned 1
branch 14 taken 1 (fallthrough)
branch 15 taken 0 (throw)
        1:  108-block  5
call   16 returned 1
call   17 returned 1
branch 18 taken 1 (fallthrough)
branch 19 taken 0 (throw)
        1:  108-block  6
call   20 returned 1
call   21 returned 1
branch 22 taken 1 (fallthrough)
branch 23 taken 0 (throw)
        1:  108-block  7
        1:  108-block  8
call   24 returned 1
call   25 returned 1
call   26 returned 1
call   27 returned 1
call   28 returned 1
call   29 returned 1
branch 30 taken 1 (fallthrough)
branch 31 taken 0 (throw)
        1:  108-block  9
call   32 returned 1
call   33 returned 1
branch 34 taken 1 (fallthrough)
branch 35 taken 0 (throw)
        1:  108-block 10
        1:  108-block 11
call   36 returned 1
branch 37 taken 1 (fallthrough)
branch 38 taken 0 (throw)
        1:  108-block 12
call   39 returned 1
branch 40 taken 1 (fallthrough)
branch 41 taken 0 (throw)
        1:  108-block 13
        1:  108-block 14
call   42 returned 1
        2:  108-block 15
branch 43 taken 1 (fallthrough)
branch 44 taken 1
        1:  108-block 16
call   45 returned 1
call   46 returned 1
branch 47 taken 1 (fallthrough)
branch 48 taken 0 (throw)
        1:  108-block 17
call   49 returned 1
branch 50 taken 1 (fallthrough)
branch 51 taken 0
        1:  108-block 18
        1:  108-block 19
call   52 returned 1
branch 53 taken 1 (fallthrough)
branch 54 taken 0
        1:  108-block 20
        1:  108-block 21
call   55 returned 1
branch 56 taken 1 (fallthrough)
branch 57 taken 0
        1:  108-block 22
        1:  108-block 23
call   58 returned 1
branch 59 taken 1 (fallthrough)
branch 60 taken 0
    $$$$$:  108-block 24
call   61 never executed
    $$$$$:  108-block 25
    $$$$$:  108-block 26
    $$$$$:  108-block 27
call   62 never executed
    $$$$$:  108-block 28
    $$$$$:  108-block 29
    $$$$$:  108-block 30
call   63 never executed
    $$$$$:  108-block 31
    $$$$$:  108-block 32
call   64 never executed
    $$$$$:  108-block 33
    $$$$$:  108-block 34
    $$$$$:  108-block 35
call   65 never executed
    $$$$$:  108-block 36
    $$$$$:  108-block 37
branch 66 never executed (fallthrough)
branch 67 never executed
    $$$$$:  108-block 38
    $$$$$:  108-block 39
branch 68 never executed (fallthrough)
branch 69 never executed
    $$$$$:  108-block 40
call   70 never executed
    $$$$$:  108-block 41
call   71 never executed
    $$$$$:  108-block 42
    $$$$$:  108-block 43
branch 72 never executed (fallthrough)
branch 73 never executed
    $$$$$:  108-block 44
call   74 never executed
    $$$$$:  108-block 45
    $$$$$:  108-block 46
    $$$$$:  108-block 47
branch 75 never executed (fallthrough)
branch 76 never executed
    $$$$$:  108-block 48
    $$$$$:  108-block 49
branch 77 never executed (fallthrough)
branch 78 never executed
    $$$$$:  108-block 50
call   79 never executed
    $$$$$:  108-block 51
    $$$$$:  108-block 52
    $$$$$:  108-block 53
branch 80 never executed (fallthrough)
branch 81 never executed
    $$$$$:  108-block 54
    $$$$$:  108-block 55
branch 82 never executed (fallthrough)
branch 83 never executed
    $$$$$:  108-block 56
call   84 never executed
    $$$$$:  108-block 57
call   85 never executed
    $$$$$:  108-block 58
call   86 never executed
    $$$$$:  108-block 59
call   87 never executed
    $$$$$:  108-block 60
call   88 never executed
------------------
        -:  109:
        4:  110:TEST(ParserTest, ParsesFuncDefinition) {
        -:  111:    std::vector<Token> tokenLine1 = {
        -:  112:        Token(TokenType::KEYWORD, dummyPos, "func"),
        -:  113:        Token(TokenType::IDENTIFIER, dummyPos, "testFunc"),
        -:  114:        Token(TokenType::OPENPAREN, dummyPos),
        -:  115:        Token(TokenType::CLOSEPAREN, dummyPos),
        -:  116:        Token(TokenType::OPENBRACE, dummyPos),
        -:  117:        Token(TokenType::EOL, dummyPos)
        8:  118:    };
        -:  119:    std::vector<Token> tokenLine2 = {
        -:  120:        Token(TokenType::KEYWORD, dummyPos, "return"),
    #####:  121:        Token(TokenType::INT, dummyPos, 5),
        -:  122:        Token(TokenType::EOL, dummyPos)
        5:  123:    };
        -:  124:    std::vector<Token> tokenLine3 = {
        -:  125:        Token(TokenType::CLOSEBRACE, dummyPos),
        -:  126:        Token(TokenType::EOL, dummyPos)
        4:  127:    };
        -:  128:    const std::map<int, std::vector<Token>> tokenMap =
        -:  129:        {
    #####:  130:        {0, tokenLine1},
    #####:  131:        {1, tokenLine2},
    #####:  132:        {2, tokenLine3},
    #####:  133:        {3, {Token(TokenType::EOF_, dummyPos)} }
        7:  134:        };
        -:  135:
        1:  136:    Parser parser(tokenMap);
        -:  137:    // Act: Parse the tokens
        1:  138:    const std::unique_ptr<Node> node = parser.parse();
        -:  139:
        -:  140:    // Assert: Check the returned Node
       1*:  141:    ASSERT_NE(node, nullptr);
       1*:  142:    EXPECT_EQ(node->getType(), NodeType::FuncDef);
        -:  143:
       1*:  144:    auto* funcDefinition = dynamic_cast<FuncDef*>(node.get());
       1*:  145:    ASSERT_NE(funcDefinition, nullptr);
       1*:  146:    EXPECT_EQ(funcDefinition->getName(), "testFunc");
       1*:  147:    EXPECT_EQ(funcDefinition->getArguments().size(), 0);
        -:  148:
        1:  149:    const auto& bodyNodes = funcDefinition->getFunctionBody();
       1*:  150:    ASSERT_EQ(bodyNodes.size(), 1);
        -:  151:
        1:  152:    const Node* bodyNode = bodyNodes.at(0).get();
       1*:  153:    ASSERT_NE(bodyNode, nullptr);
       1*:  154:    EXPECT_EQ(bodyNode->getType(), NodeType::ReturnCall);
        -:  155:
       1*:  156:    const ReturnCall* returnCast = dynamic_cast<const ReturnCall*>(bodyNode);
       1*:  157:    ASSERT_NE(returnCast, nullptr);
        -:  158:
        1:  159:    const Node* valueNode = returnCast->getExpression().get();
       1*:  160:    ASSERT_NE(valueNode, nullptr);
       1*:  161:    EXPECT_EQ(valueNode->getType(), NodeType::Number);
        -:  162:
       1*:  163:    const auto* numberNode = dynamic_cast<const Number*>(valueNode);
       1*:  164:    ASSERT_NE(numberNode, nullptr);
       1*:  165:    EXPECT_EQ(std::get<int>(numberNode->getToken().getValue()), 5);
        9:  166:}
------------------
_ZN36ParserTest_ParsesFuncDefinition_TestC1Ev:
function _ZN36ParserTest_ParsesFuncDefinition_TestC1Ev called 1 returned 100% blocks executed 100%
        1:  110:TEST(ParserTest, ParsesFuncDefinition) {
        1:  110-block  0
call    0 returned 1
------------------
_ZN36ParserTest_ParsesFuncDefinition_TestD0Ev:
function _ZN36ParserTest_ParsesFuncDefinition_TestD0Ev called 1 returned 100% blocks executed 100%
        1:  110:TEST(ParserTest, ParsesFuncDefinition) {
        1:  110-block  0
call    0 returned 1
call    1 returned 1
------------------
_ZN36ParserTest_ParsesFuncDefinition_TestD1Ev:
function _ZN36ParserTest_ParsesFuncDefinition_TestD1Ev called 1 returned 100% blocks executed 100%
        1:  110:TEST(ParserTest, ParsesFuncDefinition) {
        1:  110-block  0
call    0 returned 1
------------------
_ZN36ParserTest_ParsesFuncDefinition_Test8TestBodyEv:
function _ZN36ParserTest_ParsesFuncDefinition_Test8TestBodyEv called 1 returned 100% blocks executed 34%
        1:  110:TEST(ParserTest, ParsesFuncDefinition) {
        -:  111:    std::vector<Token> tokenLine1 = {
        -:  112:        Token(TokenType::KEYWORD, dummyPos, "func"),
        -:  113:        Token(TokenType::IDENTIFIER, dummyPos, "testFunc"),
        -:  114:        Token(TokenType::OPENPAREN, dummyPos),
        -:  115:        Token(TokenType::CLOSEPAREN, dummyPos),
        -:  116:        Token(TokenType::OPENBRACE, dummyPos),
        -:  117:        Token(TokenType::EOL, dummyPos)
        8:  118:    };
        1:  118-block  0
call    0 returned 1
branch  1 taken 1 (fallthrough)
branch  2 taken 0 (throw)
        7:  118-block  1
branch  3 taken 6 (fallthrough)
branch  4 taken 1
        6:  118-block  2
call    5 returned 6
    $$$$$:  118-block  3
    $$$$$:  118-block  4
    $$$$$:  118-block  5
branch  6 never executed (fallthrough)
branch  7 never executed
    $$$$$:  118-block  6
call    8 never executed
    $$$$$:  118-block  7
        -:  119:    std::vector<Token> tokenLine2 = {
        -:  120:        Token(TokenType::KEYWORD, dummyPos, "return"),
    #####:  121:        Token(TokenType::INT, dummyPos, 5),
    $$$$$:  121-block  0
        -:  122:        Token(TokenType::EOL, dummyPos)
        5:  123:    };
        1:  123-block  0
call    0 returned 1
branch  1 taken 1 (fallthrough)
branch  2 taken 0 (throw)
        4:  123-block  1
branch  3 taken 3 (fallthrough)
branch  4 taken 1
        3:  123-block  2
call    5 returned 3
    $$$$$:  123-block  3
    $$$$$:  123-block  4
    $$$$$:  123-block  5
branch  6 never executed (fallthrough)
branch  7 never executed
    $$$$$:  123-block  6
call    8 never executed
    $$$$$:  123-block  7
        -:  124:    std::vector<Token> tokenLine3 = {
        -:  125:        Token(TokenType::CLOSEBRACE, dummyPos),
        -:  126:        Token(TokenType::EOL, dummyPos)
        4:  127:    };
        1:  127-block  0
call    0 returned 1
branch  1 taken 1 (fallthrough)
branch  2 taken 0 (throw)
        3:  127-block  1
branch  3 taken 2 (fallthrough)
branch  4 taken 1
        2:  127-block  2
call    5 returned 2
    $$$$$:  127-block  3
    $$$$$:  127-block  4
    $$$$$:  127-block  5
branch  6 never executed (fallthrough)
branch  7 never executed
    $$$$$:  127-block  6
call    8 never executed
    $$$$$:  127-block  7
        -:  128:    const std::map<int, std::vector<Token>> tokenMap =
        -:  129:        {
    #####:  130:        {0, tokenLine1},
    $$$$$:  130-block  0
    #####:  131:        {1, tokenLine2},
    $$$$$:  131-block  0
    #####:  132:        {2, tokenLine3},
    $$$$$:  132-block  0
    #####:  133:        {3, {Token(TokenType::EOF_, dummyPos)} }
    $$$$$:  133-block  0
        7:  134:        };
        1:  134-block  0
call    0 returned 1
branch  1 taken 1 (fallthrough)
branch  2 taken 0 (throw)
        5:  134-block  1
branch  3 taken 4 (fallthrough)
branch  4 taken 1
        4:  134-block  2
call    5 returned 4
        1:  134-block  3
call    6 returned 1
    $$$$$:  134-block  4
    $$$$$:  134-block  5
    $$$$$:  134-block  6
    $$$$$:  134-block  7
branch  7 never executed (fallthrough)
branch  8 never executed
    $$$$$:  134-block  8
call    9 never executed
    $$$$$:  134-block  9
    $$$$$:  134-block 10
call   10 never executed
    $$$$$:  134-block 11
        -:  135:
        1:  136:    Parser parser(tokenMap);
        1:  136-block  0
call    0 returned 1
branch  1 taken 1 (fallthrough)
branch  2 taken 0 (throw)
        1:  136-block  1
call    3 returned 1
    $$$$$:  136-block  2
call    4 never executed
    $$$$$:  136-block  3
        -:  137:    // Act: Parse the tokens
        1:  138:    const std::unique_ptr<Node> node = parser.parse();
call    0 returned 1
branch  1 taken 1 (fallthrough)
branch  2 taken 0 (throw)
        -:  139:
        -:  140:    // Assert: Check the returned Node
       1*:  141:    ASSERT_NE(node, nullptr);
        1:  141-block  0
call    0 returned 1
branch  1 taken 1 (fallthrough)
branch  2 taken 0 (throw)
        1:  141-block  1
call    3 returned 1
branch  4 taken 0 (fallthrough)
branch  5 taken 1
    %%%%%:  141-block  2
call    6 never executed
branch  7 never executed (fallthrough)
branch  8 never executed (throw)
    %%%%%:  141-block  3
call    9 never executed
call   10 never executed
branch 11 never executed (fallthrough)
branch 12 never executed (throw)
    %%%%%:  141-block  4
call   13 never executed
branch 14 never executed (fallthrough)
branch 15 never executed (throw)
    %%%%%:  141-block  5
call   16 never executed
call   17 never executed
        1:  141-block  6
        1:  141-block  7
call   18 returned 1
branch 19 taken 1 (fallthrough)
branch 20 taken 0
        1:  141-block  8
    $$$$$:  141-block  9
    $$$$$:  141-block 10
call   21 never executed
    $$$$$:  141-block 11
    $$$$$:  141-block 12
call   22 never executed
    $$$$$:  141-block 13
    $$$$$:  141-block 14
call   23 never executed
       1*:  142:    EXPECT_EQ(node->getType(), NodeType::FuncDef);
        1:  142-block  0
call    0 returned 1
call    1 returned 1
branch  2 taken 1 (fallthrough)
branch  3 taken 0 (throw)
        1:  142-block  1
call    4 returned 1
branch  5 taken 1 (fallthrough)
branch  6 taken 0 (throw)
        1:  142-block  2
call    7 returned 1
branch  8 taken 0 (fallthrough)
branch  9 taken 1
    %%%%%:  142-block  3
call   10 never executed
branch 11 never executed (fallthrough)
branch 12 never executed (throw)
    %%%%%:  142-block  4
call   13 never executed
call   14 never executed
branch 15 never executed (fallthrough)
branch 16 never executed (throw)
    %%%%%:  142-block  5
call   17 never executed
branch 18 never executed (fallthrough)
branch 19 never executed (throw)
    %%%%%:  142-block  6
call   20 never executed
call   21 never executed
        1:  142-block  7
call   22 returned 1
    $$$$$:  142-block  8
    $$$$$:  142-block  9
    $$$$$:  142-block 10
call   23 never executed
    $$$$$:  142-block 11
    $$$$$:  142-block 12
call   24 never executed
    $$$$$:  142-block 13
    $$$$$:  142-block 14
call   25 never executed
        -:  143:
       1*:  144:    auto* funcDefinition = dynamic_cast<FuncDef*>(node.get());
call    0 returned 1
branch  1 taken 1 (fallthrough)
branch  2 taken 0
        1:  144-block  0
    %%%%%:  144-block  1
       1*:  145:    ASSERT_NE(funcDefinition, nullptr);
        1:  145-block  0
call    0 returned 1
branch  1 taken 1 (fallthrough)
branch  2 taken 0 (throw)
        1:  145-block  1
call    3 returned 1
branch  4 taken 0 (fallthrough)
branch  5 taken 1
    %%%%%:  145-block  2
call    6 never executed
branch  7 never executed (fallthrough)
branch  8 never executed (throw)
    %%%%%:  145-block  3
call    9 never executed
call   10 never executed
branch 11 never executed (fallthrough)
branch 12 never executed (throw)
    %%%%%:  145-block  4
call   13 never executed
branch 14 never executed (fallthrough)
branch 15 never executed (throw)
    %%%%%:  145-block  5
call   16 never executed
call   17 never executed
        1:  145-block  6
        1:  145-block  7
call   18 returned 1
branch 19 taken 1 (fallthrough)
branch 20 taken 0
        1:  145-block  8
    $$$$$:  145-block  9
    $$$$$:  145-block 10
call   21 never executed
    $$$$$:  145-block 11
    $$$$$:  145-block 12
call   22 never executed
    $$$$$:  145-block 13
    $$$$$:  145-block 14
call   23 never executed
       1*:  146:    EXPECT_EQ(funcDefinition->getName(), "testFunc");
        1:  146-block  0
call    0 returned 1
branch  1 taken 1 (fallthrough)
branch  2 taken 0 (throw)
        1:  146-block  1
call    3 returned 1
branch  4 taken 1 (fallthrough)
branch  5 taken 0 (throw)
        1:  146-block  2
call    6 returned 1
call    7 returned 1
branch  8 taken 0 (fallthrough)
branch  9 taken 1
    %%%%%:  146-block  3
call   10 never executed
branch 11 never executed (fallthrough)
branch 12 never executed (throw)
    %%%%%:  146-block  4
call   13 never executed
call   14 never executed
branch 15 never executed (fallthrough)
branch 16 never executed (throw)
    %%%%%:  146-block  5
call   17 never executed
branch 18 never executed (fallthrough)
branch 19 never executed (throw)
    %%%%%:  146-block  6
call   20 never executed
call   21 never executed
        1:  146-block  7
call   22 returned 1
    $$$$$:  146-block  8
call   23 never executed
    $$$$$:  146-block  9
    $$$$$:  146-block 10
call   24 never executed
    $$$$$:  146-block 11
    $$$$$:  146-block 12
call   25 never executed
    $$$$$:  146-block 13
    $$$$$:  146-block 14
call   26 never executed
       1*:  147:    EXPECT_EQ(funcDefinition->getArguments().size(), 0);
call    0 returned 1
branch  1 taken 1 (fallthrough)
branch  2 taken 0 (throw)
        1:  147-block  0
call    3 returned 1
call    4 returned 1
branch  5 taken 1 (fallthrough)
branch  6 taken 0 (throw)
        1:  147-block  1
call    7 returned 1
branch  8 taken 0 (fallthrough)
branch  9 taken 1
    %%%%%:  147-block  2
call   10 never executed
branch 11 never executed (fallthrough)
branch 12 never executed (throw)
    %%%%%:  147-block  3
call   13 never executed
call   14 never executed
branch 15 never executed (fallthrough)
branch 16 never executed (throw)
    %%%%%:  147-block  4
call   17 never executed
branch 18 never executed (fallthrough)
branch 19 never executed (throw)
    %%%%%:  147-block  5
call   20 never executed
call   21 never executed
        1:  147-block  6
call   22 returned 1
    $$$$$:  147-block  7
    $$$$$:  147-block  8
    $$$$$:  147-block  9
call   23 never executed
    $$$$$:  147-block 10
    $$$$$:  147-block 11
call   24 never executed
    $$$$$:  147-block 12
    $$$$$:  147-block 13
call   25 never executed
        -:  148:
        1:  149:    const auto& bodyNodes = funcDefinition->getFunctionBody();
call    0 returned 1
branch  1 taken 1 (fallthrough)
branch  2 taken 0 (throw)
       1*:  150:    ASSERT_EQ(bodyNodes.size(), 1);
        1:  150-block  0
call    0 returned 1
call    1 returned 1
branch  2 taken 1 (fallthrough)
branch  3 taken 0 (throw)
        1:  150-block  1
call    4 returned 1
branch  5 taken 0 (fallthrough)
branch  6 taken 1
    %%%%%:  150-block  2
call    7 never executed
branch  8 never executed (fallthrough)
branch  9 never executed (throw)
    %%%%%:  150-block  3
call   10 never executed
call   11 never executed
branch 12 never executed (fallthrough)
branch 13 never executed (throw)
    %%%%%:  150-block  4
call   14 never executed
branch 15 never executed (fallthrough)
branch 16 never executed (throw)
    %%%%%:  150-block  5
call   17 never executed
call   18 never executed
        1:  150-block  6
        1:  150-block  7
call   19 returned 1
branch 20 taken 1 (fallthrough)
branch 21 taken 0
        1:  150-block  8
    $$$$$:  150-block  9
    $$$$$:  150-block 10
    $$$$$:  150-block 11
call   22 never executed
    $$$$$:  150-block 12
    $$$$$:  150-block 13
call   23 never executed
    $$$$$:  150-block 14
    $$$$$:  150-block 15
call   24 never executed
        -:  151:
        1:  152:    const Node* bodyNode = bodyNodes.at(0).get();
        1:  152-block  0
call    0 returned 1
branch  1 taken 1 (fallthrough)
branch  2 taken 0 (throw)
        1:  152-block  1
call    3 returned 1
       1*:  153:    ASSERT_NE(bodyNode, nullptr);
call    0 returned 1
branch  1 taken 1 (fallthrough)
branch  2 taken 0 (throw)
        1:  153-block  0
call    3 returned 1
branch  4 taken 0 (fallthrough)
branch  5 taken 1
    %%%%%:  153-block  1
call    6 never executed
branch  7 never executed (fallthrough)
branch  8 never executed (throw)
    %%%%%:  153-block  2
call    9 never executed
call   10 never executed
branch 11 never executed (fallthrough)
branch 12 never executed (throw)
    %%%%%:  153-block  3
call   13 never executed
branch 14 never executed (fallthrough)
branch 15 never executed (throw)
    %%%%%:  153-block  4
call   16 never executed
call   17 never executed
        1:  153-block  5
        1:  153-block  6
call   18 returned 1
branch 19 taken 1 (fallthrough)
branch 20 taken 0
        1:  153-block  7
    $$$$$:  153-block  8
    $$$$$:  153-block  9
call   21 never executed
    $$$$$:  153-block 10
    $$$$$:  153-block 11
call   22 never executed
    $$$$$:  153-block 12
    $$$$$:  153-block 13
call   23 never executed
       1*:  154:    EXPECT_EQ(bodyNode->getType(), NodeType::ReturnCall);
        1:  154-block  0
call    0 returned 1
branch  1 taken 1 (fallthrough)
branch  2 taken 0 (throw)
        1:  154-block  1
call    3 returned 1
branch  4 taken 1 (fallthrough)
branch  5 taken 0 (throw)
        1:  154-block  2
call    6 returned 1
branch  7 taken 0 (fallthrough)
branch  8 taken 1
    %%%%%:  154-block  3
call    9 never executed
branch 10 never executed (fallthrough)
branch 11 never executed (throw)
    %%%%%:  154-block  4
call   12 never executed
call   13 never executed
branch 14 never executed (fallthrough)
branch 15 never executed (throw)
    %%%%%:  154-block  5
call   16 never executed
branch 17 never executed (fallthrough)
branch 18 never executed (throw)
    %%%%%:  154-block  6
call   19 never executed
call   20 never executed
        1:  154-block  7
call   21 returned 1
    $$$$$:  154-block  8
    $$$$$:  154-block  9
    $$$$$:  154-block 10
call   22 never executed
    $$$$$:  154-block 11
    $$$$$:  154-block 12
call   23 never executed
    $$$$$:  154-block 13
    $$$$$:  154-block 14
call   24 never executed
        -:  155:
       1*:  156:    const ReturnCall* returnCast = dynamic_cast<const ReturnCall*>(bodyNode);
branch  0 taken 1 (fallthrough)
branch  1 taken 0
        1:  156-block  0
    %%%%%:  156-block  1
       1*:  157:    ASSERT_NE(returnCast, nullptr);
        1:  157-block  0
call    0 returned 1
branch  1 taken 1 (fallthrough)
branch  2 taken 0 (throw)
        1:  157-block  1
call    3 returned 1
branch  4 taken 0 (fallthrough)
branch  5 taken 1
    %%%%%:  157-block  2
call    6 never executed
branch  7 never executed (fallthrough)
branch  8 never executed (throw)
    %%%%%:  157-block  3
call    9 never executed
call   10 never executed
branch 11 never executed (fallthrough)
branch 12 never executed (throw)
    %%%%%:  157-block  4
call   13 never executed
branch 14 never executed (fallthrough)
branch 15 never executed (throw)
    %%%%%:  157-block  5
call   16 never executed
call   17 never executed
        1:  157-block  6
        1:  157-block  7
call   18 returned 1
branch 19 taken 1 (fallthrough)
branch 20 taken 0
        1:  157-block  8
    $$$$$:  157-block  9
    $$$$$:  157-block 10
call   21 never executed
    $$$$$:  157-block 11
    $$$$$:  157-block 12
call   22 never executed
    $$$$$:  157-block 13
    $$$$$:  157-block 14
call   23 never executed
        -:  158:
        1:  159:    const Node* valueNode = returnCast->getExpression().get();
        1:  159-block  0
call    0 returned 1
branch  1 taken 1 (fallthrough)
branch  2 taken 0 (throw)
        1:  159-block  1
call    3 returned 1
       1*:  160:    ASSERT_NE(valueNode, nullptr);
call    0 returned 1
branch  1 taken 1 (fallthrough)
branch  2 taken 0 (throw)
        1:  160-block  0
call    3 returned 1
branch  4 taken 0 (fallthrough)
branch  5 taken 1
    %%%%%:  160-block  1
call    6 never executed
branch  7 never executed (fallthrough)
branch  8 never executed (throw)
    %%%%%:  160-block  2
call    9 never executed
call   10 never executed
branch 11 never executed (fallthrough)
branch 12 never executed (throw)
    %%%%%:  160-block  3
call   13 never executed
branch 14 never executed (fallthrough)
branch 15 never executed (throw)
    %%%%%:  160-block  4
call   16 never executed
call   17 never executed
        1:  160-block  5
        1:  160-block  6
call   18 returned 1
branch 19 taken 1 (fallthrough)
branch 20 taken 0
        1:  160-block  7
    $$$$$:  160-block  8
    $$$$$:  160-block  9
call   21 never executed
    $$$$$:  160-block 10
    $$$$$:  160-block 11
call   22 never executed
    $$$$$:  160-block 12
    $$$$$:  160-block 13
call   23 never executed
       1*:  161:    EXPECT_EQ(valueNode->getType(), NodeType::Number);
        1:  161-block  0
call    0 returned 1
branch  1 taken 1 (fallthrough)
branch  2 taken 0 (throw)
        1:  161-block  1
call    3 returned 1
branch  4 taken 1 (fallthrough)
branch  5 taken 0 (throw)
        1:  161-block  2
call    6 returned 1
branch  7 taken 0 (fallthrough)
branch  8 taken 1
    %%%%%:  161-block  3
call    9 never executed
branch 10 never executed (fallthrough)
branch 11 never executed (throw)
    %%%%%:  161-block  4
call   12 never executed
call   13 never executed
branch 14 never executed (fallthrough)
branch 15 never executed (throw)
    %%%%%:  161-block  5
call   16 never executed
branch 17 never executed (fallthrough)
branch 18 never executed (throw)
    %%%%%:  161-block  6
call   19 never executed
call   20 never executed
        1:  161-block  7
call   21 returned 1
    $$$$$:  161-block  8
    $$$$$:  161-block  9
    $$$$$:  161-block 10
call   22 never executed
    $$$$$:  161-block 11
    $$$$$:  161-block 12
call   23 never executed
    $$$$$:  161-block 13
    $$$$$:  161-block 14
call   24 never executed
        -:  162:
       1*:  163:    const auto* numberNode = dynamic_cast<const Number*>(valueNode);
branch  0 taken 1 (fallthrough)
branch  1 taken 0
        1:  163-block  0
    %%%%%:  163-block  1
       1*:  164:    ASSERT_NE(numberNode, nullptr);
        1:  164-block  0
call    0 returned 1
branch  1 taken 1 (fallthrough)
branch  2 taken 0 (throw)
        1:  164-block  1
call    3 returned 1
branch  4 taken 0 (fallthrough)
branch  5 taken 1
    %%%%%:  164-block  2
call    6 never executed
branch  7 never executed (fallthrough)
branch  8 never executed (throw)
    %%%%%:  164-block  3
call    9 never executed
call   10 never executed
branch 11 never executed (fallthrough)
branch 12 never executed (throw)
    %%%%%:  164-block  4
call   13 never executed
branch 14 never executed (fallthrough)
branch 15 never executed (throw)
    %%%%%:  164-block  5
call   16 never executed
call   17 never executed
        1:  164-block  6
        1:  164-block  7
call   18 returned 1
branch 19 taken 1 (fallthrough)
branch 20 taken 0
        1:  164-block  8
    $$$$$:  164-block  9
    $$$$$:  164-block 10
call   21 never executed
    $$$$$:  164-block 11
    $$$$$:  164-block 12
call   22 never executed
    $$$$$:  164-block 13
    $$$$$:  164-block 14
call   23 never executed
       1*:  165:    EXPECT_EQ(std::get<int>(numberNode->getToken().getValue()), 5);
        1:  165-block  0
call    0 returned 1
branch  1 taken 1 (fallthrough)
branch  2 taken 0 (throw)
        1:  165-block  1
call    3 returned 1
branch  4 taken 1 (fallthrough)
branch  5 taken 0 (throw)
        1:  165-block  2
call    6 returned 1
branch  7 taken 1 (fallthrough)
branch  8 taken 0 (throw)
        1:  165-block  3
call    9 returned 1
branch 10 taken 1 (fallthrough)
branch 11 taken 0 (throw)
        1:  165-block  4
call   12 returned 1
call   13 returned 1
call   14 returned 1
branch 15 taken 0 (fallthrough)
branch 16 taken 1
    %%%%%:  165-block  5
call   17 never executed
[...]
    %%%%%:  442-block  3
call    9 never executed
call   10 never executed
branch 11 never executed (fallthrough)
branch 12 never executed (throw)
    %%%%%:  442-block  4
call   13 never executed
branch 14 never executed (fallthrough)
branch 15 never executed (throw)
    %%%%%:  442-block  5
call   16 never executed
call   17 never executed
        1:  442-block  6
        1:  442-block  7
call   18 returned 1
branch 19 taken 1 (fallthrough)
branch 20 taken 0
        1:  442-block  8
    $$$$$:  442-block  9
    $$$$$:  442-block 10
call   21 never executed
    $$$$$:  442-block 11
    $$$$$:  442-block 12
call   22 never executed
    $$$$$:  442-block 13
    $$$$$:  442-block 14
call   23 never executed
        -:  443:
       1*:  444:    EXPECT_EQ(leftOperand->getType(), NodeType::Number);
        1:  444-block  0
call    0 returned 1
branch  1 taken 1 (fallthrough)
branch  2 taken 0 (throw)
        1:  444-block  1
call    3 returned 1
branch  4 taken 1 (fallthrough)
branch  5 taken 0 (throw)
        1:  444-block  2
call    6 returned 1
branch  7 taken 0 (fallthrough)
branch  8 taken 1
    %%%%%:  444-block  3
call    9 never executed
branch 10 never executed (fallthrough)
branch 11 never executed (throw)
    %%%%%:  444-block  4
call   12 never executed
call   13 never executed
branch 14 never executed (fallthrough)
branch 15 never executed (throw)
    %%%%%:  444-block  5
call   16 never executed
branch 17 never executed (fallthrough)
branch 18 never executed (throw)
    %%%%%:  444-block  6
call   19 never executed
call   20 never executed
        1:  444-block  7
call   21 returned 1
    $$$$$:  444-block  8
    $$$$$:  444-block  9
    $$$$$:  444-block 10
call   22 never executed
    $$$$$:  444-block 11
    $$$$$:  444-block 12
call   23 never executed
    $$$$$:  444-block 13
    $$$$$:  444-block 14
call   24 never executed
       1*:  445:    EXPECT_EQ(rightOperand->getType(), NodeType::Number);
call    0 returned 1
branch  1 taken 1 (fallthrough)
branch  2 taken 0 (throw)
        1:  445-block  0
call    3 returned 1
branch  4 taken 1 (fallthrough)
branch  5 taken 0 (throw)
        1:  445-block  1
call    6 returned 1
branch  7 taken 0 (fallthrough)
branch  8 taken 1
    %%%%%:  445-block  2
call    9 never executed
branch 10 never executed (fallthrough)
branch 11 never executed (throw)
    %%%%%:  445-block  3
call   12 never executed
call   13 never executed
branch 14 never executed (fallthrough)
branch 15 never executed (throw)
    %%%%%:  445-block  4
call   16 never executed
branch 17 never executed (fallthrough)
branch 18 never executed (throw)
    %%%%%:  445-block  5
call   19 never executed
call   20 never executed
        1:  445-block  6
call   21 returned 1
    $$$$$:  445-block  7
    $$$$$:  445-block  8
    $$$$$:  445-block  9
call   22 never executed
    $$$$$:  445-block 10
    $$$$$:  445-block 11
call   23 never executed
    $$$$$:  445-block 12
    $$$$$:  445-block 13
call   24 never executed
        -:  446:
       1*:  447:    const auto* leftNum = dynamic_cast<const Number*>(leftOperand);
branch  0 taken 1 (fallthrough)
branch  1 taken 0
        1:  447-block  0
    %%%%%:  447-block  1
       1*:  448:    const auto* rightNum = dynamic_cast<const Number*>(rightOperand);
        1:  448-block  0
branch  0 taken 1 (fallthrough)
branch  1 taken 0
        1:  448-block  1
    %%%%%:  448-block  2
       1*:  449:    ASSERT_NE(leftNum, nullptr);
        1:  449-block  0
call    0 returned 1
branch  1 taken 1 (fallthrough)
branch  2 taken 0 (throw)
        1:  449-block  1
call    3 returned 1
branch  4 taken 0 (fallthrough)
branch  5 taken 1
    %%%%%:  449-block  2
call    6 never executed
branch  7 never executed (fallthrough)
branch  8 never executed (throw)
    %%%%%:  449-block  3
call    9 never executed
call   10 never executed
branch 11 never executed (fallthrough)
branch 12 never executed (throw)
    %%%%%:  449-block  4
call   13 never executed
branch 14 never executed (fallthrough)
branch 15 never executed (throw)
    %%%%%:  449-block  5
call   16 never executed
call   17 never executed
        1:  449-block  6
        1:  449-block  7
call   18 returned 1
branch 19 taken 1 (fallthrough)
branch 20 taken 0
        1:  449-block  8
    $$$$$:  449-block  9
    $$$$$:  449-block 10
call   21 never executed
    $$$$$:  449-block 11
    $$$$$:  449-block 12
call   22 never executed
    $$$$$:  449-block 13
    $$$$$:  449-block 14
call   23 never executed
       1*:  450:    ASSERT_NE(rightNum, nullptr);
        1:  450-block  0
call    0 returned 1
branch  1 taken 1 (fallthrough)
branch  2 taken 0 (throw)
        1:  450-block  1
call    3 returned 1
branch  4 taken 0 (fallthrough)
branch  5 taken 1
    %%%%%:  450-block  2
call    6 never executed
branch  7 never executed (fallthrough)
branch  8 never executed (throw)
    %%%%%:  450-block  3
call    9 never executed
call   10 never executed
branch 11 never executed (fallthrough)
branch 12 never executed (throw)
    %%%%%:  450-block  4
call   13 never executed
branch 14 never executed (fallthrough)
branch 15 never executed (throw)
    %%%%%:  450-block  5
call   16 never executed
call   17 never executed
        1:  450-block  6
        1:  450-block  7
call   18 returned 1
branch 19 taken 1 (fallthrough)
branch 20 taken 0
        1:  450-block  8
    $$$$$:  450-block  9
    $$$$$:  450-block 10
call   21 never executed
    $$$$$:  450-block 11
    $$$$$:  450-block 12
call   22 never executed
    $$$$$:  450-block 13
    $$$$$:  450-block 14
call   23 never executed
        -:  451:
       1*:  452:    EXPECT_EQ(std::get<int>(leftNum->getToken().getValue()), 1);
        1:  452-block  0
call    0 returned 1
branch  1 taken 1 (fallthrough)
branch  2 taken 0 (throw)
        1:  452-block  1
call    3 returned 1
branch  4 taken 1 (fallthrough)
branch  5 taken 0 (throw)
        1:  452-block  2
call    6 returned 1
branch  7 taken 1 (fallthrough)
branch  8 taken 0 (throw)
        1:  452-block  3
call    9 returned 1
branch 10 taken 1 (fallthrough)
branch 11 taken 0 (throw)
        1:  452-block  4
call   12 returned 1
call   13 returned 1
call   14 returned 1
branch 15 taken 0 (fallthrough)
branch 16 taken 1
    %%%%%:  452-block  5
call   17 never executed
branch 18 never executed (fallthrough)
branch 19 never executed (throw)
    %%%%%:  452-block  6
call   20 never executed
call   21 never executed
branch 22 never executed (fallthrough)
branch 23 never executed (throw)
    %%%%%:  452-block  7
call   24 never executed
branch 25 never executed (fallthrough)
branch 26 never executed (throw)
    %%%%%:  452-block  8
call   27 never executed
call   28 never executed
        1:  452-block  9
call   29 returned 1
    $$$$$:  452-block 10
call   30 never executed
    $$$$$:  452-block 11
call   31 never executed
    $$$$$:  452-block 12
    $$$$$:  452-block 13
    $$$$$:  452-block 14
    $$$$$:  452-block 15
call   32 never executed
    $$$$$:  452-block 16
    $$$$$:  452-block 17
call   33 never executed
    $$$$$:  452-block 18
    $$$$$:  452-block 19
call   34 never executed
       1*:  453:    EXPECT_EQ(std::get<int>(rightNum->getToken().getValue()), 2);
call    0 returned 1
branch  1 taken 1 (fallthrough)
branch  2 taken 0 (throw)
        1:  453-block  0
call    3 returned 1
branch  4 taken 1 (fallthrough)
branch  5 taken 0 (throw)
        1:  453-block  1
call    6 returned 1
branch  7 taken 1 (fallthrough)
branch  8 taken 0 (throw)
        1:  453-block  2
call    9 returned 1
branch 10 taken 1 (fallthrough)
branch 11 taken 0 (throw)
        1:  453-block  3
call   12 returned 1
call   13 returned 1
call   14 returned 1
branch 15 taken 0 (fallthrough)
branch 16 taken 1
    %%%%%:  453-block  4
call   17 never executed
branch 18 never executed (fallthrough)
branch 19 never executed (throw)
    %%%%%:  453-block  5
call   20 never executed
call   21 never executed
branch 22 never executed (fallthrough)
branch 23 never executed (throw)
    %%%%%:  453-block  6
call   24 never executed
branch 25 never executed (fallthrough)
branch 26 never executed (throw)
    %%%%%:  453-block  7
call   27 never executed
call   28 never executed
        1:  453-block  8
call   29 returned 1
    $$$$$:  453-block  9
call   30 never executed
    $$$$$:  453-block 10
call   31 never executed
    $$$$$:  453-block 11
    $$$$$:  453-block 12
    $$$$$:  453-block 13
    $$$$$:  453-block 14
call   32 never executed
    $$$$$:  453-block 15
    $$$$$:  453-block 16
call   33 never executed
    $$$$$:  453-block 17
    $$$$$:  453-block 18
call   34 never executed
        -:  454:
        -:  455:    // Check that the binary operator is PLUS
       1*:  456:    EXPECT_EQ(trueBinOp->getOperatorNode().getToken().getType(), TokenType::PLUS);
call    0 returned 1
branch  1 taken 1 (fallthrough)
branch  2 taken 0 (throw)
        1:  456-block  0
call    3 returned 1
branch  4 taken 1 (fallthrough)
branch  5 taken 0 (throw)
        1:  456-block  1
call    6 returned 1
branch  7 taken 1 (fallthrough)
branch  8 taken 0 (throw)
        1:  456-block  2
call    9 returned 1
branch 10 taken 1 (fallthrough)
branch 11 taken 0 (throw)
        1:  456-block  3
call   12 returned 1
call   13 returned 1
call   14 returned 1
branch 15 taken 0 (fallthrough)
branch 16 taken 1
    %%%%%:  456-block  4
call   17 never executed
branch 18 never executed (fallthrough)
branch 19 never executed (throw)
    %%%%%:  456-block  5
call   20 never executed
call   21 never executed
branch 22 never executed (fallthrough)
branch 23 never executed (throw)
    %%%%%:  456-block  6
call   24 never executed
branch 25 never executed (fallthrough)
branch 26 never executed (throw)
    %%%%%:  456-block  7
call   27 never executed
call   28 never executed
        1:  456-block  8
call   29 returned 1
    $$$$$:  456-block  9
call   30 never executed
    $$$$$:  456-block 10
call   31 never executed
    $$$$$:  456-block 11
    $$$$$:  456-block 12
    $$$$$:  456-block 13
    $$$$$:  456-block 14
    $$$$$:  456-block 15
call   32 never executed
    $$$$$:  456-block 16
    $$$$$:  456-block 17
call   33 never executed
    $$$$$:  456-block 18
    $$$$$:  456-block 19
call   34 never executed
        9:  457:}
        1:  457-block  0
call    0 returned 1
branch  1 taken 1 (fallthrough)
branch  2 taken 0 (throw)
        1:  457-block  1
call    3 returned 1
branch  4 taken 1 (fallthrough)
branch  5 taken 0 (throw)
        1:  457-block  2
call    6 returned 1
call    7 returned 1
branch  8 taken 1 (fallthrough)
branch  9 taken 0 (throw)
        1:  457-block  3
call   10 returned 1
branch 11 taken 1 (fallthrough)
branch 12 taken 0 (throw)
        1:  457-block  4
call   13 returned 1
branch 14 taken 1 (fallthrough)
branch 15 taken 0 (throw)
        1:  457-block  5
call   16 returned 1
branch 17 taken 1 (fallthrough)
branch 18 taken 0 (throw)
        1:  457-block  6
call   19 returned 1
branch 20 taken 1 (fallthrough)
branch 21 taken 0 (throw)
        1:  457-block  7
call   22 returned 1
call   23 returned 1
branch 24 taken 1 (fallthrough)
branch 25 taken 0 (throw)
        1:  457-block  8
call   26 returned 1
call   27 returned 1
branch 28 taken 1 (fallthrough)
branch 29 taken 0 (throw)
        1:  457-block  9
call   30 returned 1
call   31 returned 1
branch 32 taken 1 (fallthrough)
branch 33 taken 0 (throw)
        1:  457-block 10
call   34 returned 1
branch 35 taken 1 (fallthrough)
branch 36 taken 0 (throw)
        1:  457-block 11
call   37 returned 1
branch 38 taken 1 (fallthrough)
branch 39 taken 0 (throw)
        1:  457-block 12
call   40 returned 1
call   41 returned 1
branch 42 taken 1 (fallthrough)
branch 43 taken 0 (throw)
        1:  457-block 13
call   44 returned 1
call   45 returned 1
branch 46 taken 1 (fallthrough)
branch 47 taken 0 (throw)
        1:  457-block 14
call   48 returned 1
call   49 returned 1
branch 50 taken 1 (fallthrough)
branch 51 taken 0 (throw)
        1:  457-block 15
call   52 returned 1
branch 53 taken 1 (fallthrough)
branch 54 taken 0 (throw)
        1:  457-block 16
call   55 returned 1
branch 56 taken 1 (fallthrough)
branch 57 taken 0 (throw)
        1:  457-block 17
call   58 returned 1
branch 59 taken 1 (fallthrough)
branch 60 taken 0 (throw)
        1:  457-block 18
call   61 returned 1
branch 62 taken 1 (fallthrough)
branch 63 taken 0 (throw)
        1:  457-block 19
call   64 returned 1
call   65 returned 1
branch 66 taken 1 (fallthrough)
branch 67 taken 0 (throw)
        1:  457-block 20
call   68 returned 1
call   69 returned 1
branch 70 taken 1 (fallthrough)
branch 71 taken 0 (throw)
        1:  457-block 21
call   72 returned 1
call   73 returned 1
branch 74 taken 1 (fallthrough)
branch 75 taken 0 (throw)
        1:  457-block 22
call   76 returned 1
call   77 returned 1
branch 78 taken 1 (fallthrough)
branch 79 taken 0 (throw)
        1:  457-block 23
        1:  457-block 24
call   80 returned 1
call   81 returned 1
call   82 returned 1
call   83 returned 1
call   84 returned 1
call   85 returned 1
call   86 returned 1
call   87 returned 1
call   88 returned 1
call   89 returned 1
call   90 returned 1
call   91 returned 1
call   92 returned 1
call   93 returned 1
call   94 returned 1
call   95 returned 1
call   96 returned 1
call   97 returned 1
call   98 returned 1
branch 99 taken 1 (fallthrough)
branch 100 taken 0 (throw)
        1:  457-block 25
call   101 returned 1
call   102 returned 1
branch 103 taken 1 (fallthrough)
branch 104 taken 0 (throw)
        1:  457-block 26
call   105 returned 1
call   106 returned 1
branch 107 taken 1 (fallthrough)
branch 108 taken 0 (throw)
        1:  457-block 27
call   109 returned 1
call   110 returned 1
branch 111 taken 1 (fallthrough)
branch 112 taken 0 (throw)
        1:  457-block 28
        1:  457-block 29
call   113 returned 1
call   114 returned 1
call   115 returned 1
call   116 returned 1
call   117 returned 1
call   118 returned 1
branch 119 taken 1 (fallthrough)
branch 120 taken 0 (throw)
        1:  457-block 30
call   121 returned 1
call   122 returned 1
branch 123 taken 1 (fallthrough)
branch 124 taken 0 (throw)
        1:  457-block 31
        1:  457-block 32
call   125 returned 1
call   126 returned 1
call   127 returned 1
branch 128 taken 1 (fallthrough)
branch 129 taken 0 (throw)
        1:  457-block 33
call   130 returned 1
branch 131 taken 1 (fallthrough)
branch 132 taken 0 (throw)
        1:  457-block 34
call   133 returned 1
branch 134 taken 1 (fallthrough)
branch 135 taken 0 (throw)
        1:  457-block 35
call   136 returned 1
call   137 returned 1
branch 138 taken 1 (fallthrough)
branch 139 taken 0 (throw)
        1:  457-block 36
        1:  457-block 37
call   140 returned 1
branch 141 taken 1 (fallthrough)
branch 142 taken 0 (throw)
        1:  457-block 38
call   143 returned 1
branch 144 taken 1 (fallthrough)
branch 145 taken 0 (throw)
        1:  457-block 39
        1:  457-block 40
call   146 returned 1
        2:  457-block 41
branch 147 taken 1 (fallthrough)
branch 148 taken 1
        1:  457-block 42
call   149 returned 1
call   150 returned 1
branch 151 taken 1 (fallthrough)
branch 152 taken 0 (throw)
        1:  457-block 43
call   153 returned 1
branch 154 taken 1 (fallthrough)
branch 155 taken 0
        1:  457-block 44
        1:  457-block 45
call   156 returned 1
branch 157 taken 1 (fallthrough)
branch 158 taken 0
        1:  457-block 46
        1:  457-block 47
call   159 returned 1
branch 160 taken 1 (fallthrough)
branch 161 taken 0
        1:  457-block 48
        1:  457-block 49
call   162 returned 1
branch 163 taken 1 (fallthrough)
branch 164 taken 0
        1:  457-block 50
        1:  457-block 51
call   165 returned 1
branch 166 taken 1 (fallthrough)
branch 167 taken 0
        1:  457-block 52
        1:  457-block 53
call   168 returned 1
branch 169 taken 1 (fallthrough)
branch 170 taken 0
    $$$$$:  457-block 54
call   171 never executed
    $$$$$:  457-block 55
    $$$$$:  457-block 56
    $$$$$:  457-block 57
call   172 never executed
    $$$$$:  457-block 58
    $$$$$:  457-block 59
    $$$$$:  457-block 60
call   173 never executed
    $$$$$:  457-block 61
    $$$$$:  457-block 62
    $$$$$:  457-block 63
call   174 never executed
    $$$$$:  457-block 64
    $$$$$:  457-block 65
    $$$$$:  457-block 66
call   175 never executed
    $$$$$:  457-block 67
    $$$$$:  457-block 68
call   176 never executed
    $$$$$:  457-block 69
    $$$$$:  457-block 70
call   177 never executed
    $$$$$:  457-block 71
    $$$$$:  457-block 72
    $$$$$:  457-block 73
call   178 never executed
    $$$$$:  457-block 74
    $$$$$:  457-block 75
call   179 never executed
    $$$$$:  457-block 76
    $$$$$:  457-block 77
    $$$$$:  457-block 78
call   180 never executed
    $$$$$:  457-block 79
    $$$$$:  457-block 80
call   181 never executed
    $$$$$:  457-block 81
    $$$$$:  457-block 82
    $$$$$:  457-block 83
call   182 never executed
    $$$$$:  457-block 84
    $$$$$:  457-block 85
call   183 never executed
    $$$$$:  457-block 86
    $$$$$:  457-block 87
    $$$$$:  457-block 88
call   184 never executed
    $$$$$:  457-block 89
    $$$$$:  457-block 90
call   185 never executed
    $$$$$:  457-block 91
    $$$$$:  457-block 92
call   186 never executed
    $$$$$:  457-block 93
    $$$$$:  457-block 94
    $$$$$:  457-block 95
call   187 never executed
    $$$$$:  457-block 96
    $$$$$:  457-block 97
branch 188 never executed (fallthrough)
branch 189 never executed
    $$$$$:  457-block 98
    $$$$$:  457-block 99
branch 190 never executed (fallthrough)
branch 191 never executed
    $$$$$:  457-block 100
call   192 never executed
    $$$$$:  457-block 101
call   193 never executed
    $$$$$:  457-block 102
    $$$$$:  457-block 103
    $$$$$:  457-block 104
call   194 never executed
    $$$$$:  457-block 105
    $$$$$:  457-block 106
call   195 never executed
    $$$$$:  457-block 107
    $$$$$:  457-block 108
    $$$$$:  457-block 109
call   196 never executed
    $$$$$:  457-block 110
    $$$$$:  457-block 111
branch 197 never executed (fallthrough)
branch 198 never executed
    $$$$$:  457-block 112
    $$$$$:  457-block 113
branch 199 never executed (fallthrough)
branch 200 never executed
    $$$$$:  457-block 114
call   201 never executed
    $$$$$:  457-block 115
call   202 never executed
    $$$$$:  457-block 116
    $$$$$:  457-block 117
    $$$$$:  457-block 118
call   203 never executed
    $$$$$:  457-block 119
    $$$$$:  457-block 120
    $$$$$:  457-block 121
branch 204 never executed (fallthrough)
branch 205 never executed
    $$$$$:  457-block 122
    $$$$$:  457-block 123
branch 206 never executed (fallthrough)
branch 207 never executed
    $$$$$:  457-block 124
call   208 never executed
    $$$$$:  457-block 125
call   209 never executed
    $$$$$:  457-block 126
    $$$$$:  457-block 127
branch 210 never executed (fallthrough)
branch 211 never executed
    $$$$$:  457-block 128
call   212 never executed
    $$$$$:  457-block 129
    $$$$$:  457-block 130
    $$$$$:  457-block 131
branch 213 never executed (fallthrough)
branch 214 never executed
    $$$$$:  457-block 132
    $$$$$:  457-block 133
branch 215 never executed (fallthrough)
branch 216 never executed
    $$$$$:  457-block 134
call   217 never executed
    $$$$$:  457-block 135
    $$$$$:  457-block 136
    $$$$$:  457-block 137
branch 218 never executed (fallthrough)
branch 219 never executed
    $$$$$:  457-block 138
    $$$$$:  457-block 139
branch 220 never executed (fallthrough)
branch 221 never executed
    $$$$$:  457-block 140
call   222 never executed
    $$$$$:  457-block 141
call   223 never executed
    $$$$$:  457-block 142
call   224 never executed
    $$$$$:  457-block 143
call   225 never executed
    $$$$$:  457-block 144
call   226 never executed
    $$$$$:  457-block 145
call   227 never executed
    $$$$$:  457-block 146
call   228 never executed
------------------
        -:  458:
        -:  459:
        -:  460:
