        -:    0:Source:D:/Project Workspace/Year3/VIS/tests/TestLexer.cpp
        -:    0:Graph:D:\Project Workspace\Year3\VIS\cmake-build-debug-coverage\tests\CMakeFiles\vis_tests.dir\TestLexer.cpp.gcno
        -:    0:Data:D:\Project Workspace\Year3\VIS\cmake-build-debug-coverage\tests\CMakeFiles\vis_tests.dir\TestLexer.cpp.gcda
        -:    0:Runs:1
        -:    1:#include <Error.h>
        -:    2:#include <gtest/gtest.h>
        -:    3:#include <sstream>
        -:    4:#include "Lexer.h"
        -:    5:#include "Token.h"
        -:    6:
        -:    7:struct LexerInput {
        -:    8:    std::string input;
        -:    9:    TokenType expectedType;
        -:   10:    ValueLiteral expectedValue;
        -:   11:};
        -:   12:
        -:   13:class LexerTest : public ::testing::TestWithParam<LexerInput> {};
        -:   14:
        -:   15:
     696*:   16:INSTANTIATE_TEST_SUITE_P(AllTokenTypes,
------------------
_ZL46gtest_AllTokenTypesLexerTest_EvalGenerateName_RKN7testing13TestParamInfoI10LexerInputEE:
function _ZL46gtest_AllTokenTypesLexerTest_EvalGenerateName_RKN7testing13TestParamInfoI10LexerInputEE called 204 returned 100% blocks executed 1%
     204*:   16:INSTANTIATE_TEST_SUITE_P(AllTokenTypes,
      204:   16-block  0
call    0 returned 204
branch  1 taken 0 (fallthrough)
branch  2 taken 204
    %%%%%:   16-block  1
call    3 never executed
    %%%%%:   16-block  2
call    4 never executed
branch  5 never executed (fallthrough)
branch  6 never executed (throw)
    %%%%%:   16-block  3
    %%%%%:   16-block  4
call    7 never executed
branch  8 never executed (fallthrough)
branch  9 never executed (throw)
    %%%%%:   16-block  5
    %%%%%:   16-block  6
call   10 never executed
branch 11 never executed (fallthrough)
branch 12 never executed (throw)
    %%%%%:   16-block  7
    %%%%%:   16-block  8
call   13 never executed
branch 14 never executed (fallthrough)
branch 15 never executed (throw)
    %%%%%:   16-block  9
    %%%%%:   16-block 10
call   16 never executed
branch 17 never executed (fallthrough)
branch 18 never executed (throw)
    %%%%%:   16-block 11
    %%%%%:   16-block 12
call   19 never executed
branch 20 never executed (fallthrough)
branch 21 never executed (throw)
    %%%%%:   16-block 13
    %%%%%:   16-block 14
call   22 never executed
branch 23 never executed (fallthrough)
branch 24 never executed (throw)
    %%%%%:   16-block 15
    %%%%%:   16-block 16
call   25 never executed
branch 26 never executed (fallthrough)
branch 27 never executed (throw)
    %%%%%:   16-block 17
    %%%%%:   16-block 18
call   28 never executed
branch 29 never executed (fallthrough)
branch 30 never executed (throw)
    %%%%%:   16-block 19
call   31 never executed
    %%%%%:   16-block 20
call   32 never executed
branch 33 never executed (fallthrough)
branch 34 never executed (throw)
    %%%%%:   16-block 21
    %%%%%:   16-block 22
call   35 never executed
branch 36 never executed (fallthrough)
branch 37 never executed (throw)
    %%%%%:   16-block 23
call   38 never executed
    %%%%%:   16-block 24
call   39 never executed
branch 40 never executed (fallthrough)
branch 41 never executed (throw)
    %%%%%:   16-block 25
    %%%%%:   16-block 26
call   42 never executed
branch 43 never executed (fallthrough)
branch 44 never executed (throw)
    %%%%%:   16-block 27
call   45 never executed
    %%%%%:   16-block 28
call   46 never executed
branch 47 never executed (fallthrough)
branch 48 never executed (throw)
    %%%%%:   16-block 29
    %%%%%:   16-block 30
call   49 never executed
branch 50 never executed (fallthrough)
branch 51 never executed (throw)
    %%%%%:   16-block 31
call   52 never executed
    %%%%%:   16-block 32
call   53 never executed
branch 54 never executed (fallthrough)
branch 55 never executed (throw)
    %%%%%:   16-block 33
    %%%%%:   16-block 34
call   56 never executed
branch 57 never executed (fallthrough)
branch 58 never executed (throw)
    %%%%%:   16-block 35
call   59 never executed
    %%%%%:   16-block 36
call   60 never executed
branch 61 never executed (fallthrough)
branch 62 never executed (throw)
    %%%%%:   16-block 37
    %%%%%:   16-block 38
call   63 never executed
branch 64 never executed (fallthrough)
branch 65 never executed (throw)
    %%%%%:   16-block 39
call   66 never executed
    %%%%%:   16-block 40
call   67 never executed
branch 68 never executed (fallthrough)
branch 69 never executed (throw)
    %%%%%:   16-block 41
    %%%%%:   16-block 42
call   70 never executed
branch 71 never executed (fallthrough)
branch 72 never executed (throw)
    %%%%%:   16-block 43
call   73 never executed
    %%%%%:   16-block 44
call   74 never executed
branch 75 never executed (fallthrough)
branch 76 never executed (throw)
    %%%%%:   16-block 45
    %%%%%:   16-block 46
call   77 never executed
branch 78 never executed (fallthrough)
branch 79 never executed (throw)
    %%%%%:   16-block 47
call   80 never executed
    %%%%%:   16-block 48
call   81 never executed
branch 82 never executed (fallthrough)
branch 83 never executed (throw)
    %%%%%:   16-block 49
    %%%%%:   16-block 50
call   84 never executed
branch 85 never executed (fallthrough)
branch 86 never executed (throw)
    %%%%%:   16-block 51
call   87 never executed
    %%%%%:   16-block 52
call   88 never executed
branch 89 never executed (fallthrough)
branch 90 never executed (throw)
    %%%%%:   16-block 53
    %%%%%:   16-block 54
call   91 never executed
branch 92 never executed (fallthrough)
branch 93 never executed (throw)
    %%%%%:   16-block 55
call   94 never executed
    %%%%%:   16-block 56
call   95 never executed
branch 96 never executed (fallthrough)
branch 97 never executed (throw)
    %%%%%:   16-block 57
    %%%%%:   16-block 58
call   98 never executed
branch 99 never executed (fallthrough)
branch 100 never executed (throw)
    %%%%%:   16-block 59
call   101 never executed
    %%%%%:   16-block 60
call   102 never executed
branch 103 never executed (fallthrough)
branch 104 never executed (throw)
    %%%%%:   16-block 61
    %%%%%:   16-block 62
call   105 never executed
branch 106 never executed (fallthrough)
branch 107 never executed (throw)
    %%%%%:   16-block 63
call   108 never executed
    %%%%%:   16-block 64
call   109 never executed
branch 110 never executed (fallthrough)
branch 111 never executed (throw)
    %%%%%:   16-block 65
    %%%%%:   16-block 66
call   112 never executed
branch 113 never executed (fallthrough)
branch 114 never executed (throw)
    %%%%%:   16-block 67
    %%%%%:   16-block 68
call   115 never executed
branch 116 never executed (fallthrough)
branch 117 never executed (throw)
    %%%%%:   16-block 69
    %%%%%:   16-block 70
call   118 never executed
branch 119 never executed (fallthrough)
branch 120 never executed (throw)
    %%%%%:   16-block 71
    %%%%%:   16-block 72
call   121 never executed
branch 122 never executed (fallthrough)
branch 123 never executed (throw)
    %%%%%:   16-block 73
    %%%%%:   16-block 74
call   124 never executed
branch 125 never executed (fallthrough)
branch 126 never executed (throw)
    %%%%%:   16-block 75
    %%%%%:   16-block 76
call   127 never executed
branch 128 never executed (fallthrough)
branch 129 never executed (throw)
    %%%%%:   16-block 77
    %%%%%:   16-block 78
call   130 never executed
branch 131 never executed (fallthrough)
branch 132 never executed (throw)
    %%%%%:   16-block 79
    %%%%%:   16-block 80
call   133 never executed
branch 134 never executed (fallthrough)
branch 135 never executed (throw)
    %%%%%:   16-block 81
    %%%%%:   16-block 82
call   136 never executed
branch 137 never executed (fallthrough)
branch 138 never executed (throw)
    %%%%%:   16-block 83
    %%%%%:   16-block 84
call   139 never executed
branch 140 never executed (fallthrough)
branch 141 never executed (throw)
    %%%%%:   16-block 85
    %%%%%:   16-block 86
call   142 never executed
branch 143 never executed (fallthrough)
branch 144 never executed (throw)
    %%%%%:   16-block 87
    %%%%%:   16-block 88
call   145 never executed
branch 146 never executed (fallthrough)
branch 147 never executed (throw)
    %%%%%:   16-block 89
    %%%%%:   16-block 90
call   148 never executed
branch 149 never executed (fallthrough)
branch 150 never executed (throw)
    %%%%%:   16-block 91
call   151 never executed
    %%%%%:   16-block 92
call   152 never executed
branch 153 never executed (fallthrough)
branch 154 never executed (throw)
    %%%%%:   16-block 93
    %%%%%:   16-block 94
call   155 never executed
branch 156 never executed (fallthrough)
branch 157 never executed (throw)
    %%%%%:   16-block 95
call   158 never executed
branch 159 never executed (fallthrough)
branch 160 never executed (throw)
    %%%%%:   16-block 96
call   161 never executed
branch 162 never executed (fallthrough)
branch 163 never executed (throw)
    %%%%%:   16-block 97
call   164 never executed
call   165 never executed
call   166 never executed
call   167 never executed
call   168 never executed
call   169 never executed
call   170 never executed
call   171 never executed
call   172 never executed
call   173 never executed
call   174 never executed
call   175 never executed
call   176 never executed
call   177 never executed
call   178 never executed
call   179 never executed
call   180 never executed
call   181 never executed
call   182 never executed
call   183 never executed
call   184 never executed
call   185 never executed
call   186 never executed
call   187 never executed
call   188 never executed
call   189 never executed
call   190 never executed
call   191 never executed
call   192 never executed
call   193 never executed
call   194 never executed
call   195 never executed
call   196 never executed
call   197 never executed
call   198 never executed
call   199 never executed
call   200 never executed
call   201 never executed
call   202 never executed
call   203 never executed
call   204 never executed
call   205 never executed
call   206 never executed
call   207 never executed
call   208 never executed
call   209 never executed
call   210 never executed
call   211 never executed
call   212 never executed
call   213 never executed
call   214 never executed
call   215 never executed
call   216 never executed
call   217 never executed
call   218 never executed
call   219 never executed
call   220 never executed
call   221 never executed
call   222 never executed
call   223 never executed
call   224 never executed
call   225 never executed
      204:   16-block 98
call   226 returned 204
    $$$$$:   16-block 99
call   227 never executed
    $$$$$:   16-block 100
call   228 never executed
    $$$$$:   16-block 101
branch 229 never executed (fallthrough)
branch 230 never executed
    $$$$$:   16-block 102
call   231 never executed
    $$$$$:   16-block 103
    $$$$$:   16-block 104
    $$$$$:   16-block 105
call   232 never executed
    $$$$$:   16-block 106
branch 233 never executed (fallthrough)
branch 234 never executed
    $$$$$:   16-block 107
call   235 never executed
    $$$$$:   16-block 108
    $$$$$:   16-block 109
    $$$$$:   16-block 110
call   236 never executed
    $$$$$:   16-block 111
call   237 never executed
    $$$$$:   16-block 112
    $$$$$:   16-block 113
    $$$$$:   16-block 114
branch 238 never executed (fallthrough)
branch 239 never executed
    $$$$$:   16-block 115
call   240 never executed
    $$$$$:   16-block 116
    $$$$$:   16-block 117
    $$$$$:   16-block 118
call   241 never executed
    $$$$$:   16-block 119
branch 242 never executed (fallthrough)
branch 243 never executed
    $$$$$:   16-block 120
call   244 never executed
    $$$$$:   16-block 121
    $$$$$:   16-block 122
    $$$$$:   16-block 123
call   245 never executed
    $$$$$:   16-block 124
branch 246 never executed (fallthrough)
branch 247 never executed
    $$$$$:   16-block 125
call   248 never executed
    $$$$$:   16-block 126
    $$$$$:   16-block 127
    $$$$$:   16-block 128
call   249 never executed
    $$$$$:   16-block 129
branch 250 never executed (fallthrough)
branch 251 never executed
    $$$$$:   16-block 130
call   252 never executed
    $$$$$:   16-block 131
    $$$$$:   16-block 132
    $$$$$:   16-block 133
call   253 never executed
    $$$$$:   16-block 134
branch 254 never executed (fallthrough)
branch 255 never executed
    $$$$$:   16-block 135
call   256 never executed
    $$$$$:   16-block 136
    $$$$$:   16-block 137
    $$$$$:   16-block 138
call   257 never executed
    $$$$$:   16-block 139
branch 258 never executed (fallthrough)
branch 259 never executed
    $$$$$:   16-block 140
call   260 never executed
    $$$$$:   16-block 141
    $$$$$:   16-block 142
    $$$$$:   16-block 143
call   261 never executed
    $$$$$:   16-block 144
branch 262 never executed (fallthrough)
branch 263 never executed
    $$$$$:   16-block 145
call   264 never executed
    $$$$$:   16-block 146
    $$$$$:   16-block 147
    $$$$$:   16-block 148
call   265 never executed
    $$$$$:   16-block 149
branch 266 never executed (fallthrough)
branch 267 never executed
    $$$$$:   16-block 150
call   268 never executed
    $$$$$:   16-block 151
    $$$$$:   16-block 152
    $$$$$:   16-block 153
call   269 never executed
    $$$$$:   16-block 154
branch 270 never executed (fallthrough)
branch 271 never executed
    $$$$$:   16-block 155
call   272 never executed
    $$$$$:   16-block 156
    $$$$$:   16-block 157
    $$$$$:   16-block 158
call   273 never executed
    $$$$$:   16-block 159
branch 274 never executed (fallthrough)
branch 275 never executed
    $$$$$:   16-block 160
call   276 never executed
    $$$$$:   16-block 161
    $$$$$:   16-block 162
    $$$$$:   16-block 163
call   277 never executed
    $$$$$:   16-block 164
branch 278 never executed (fallthrough)
branch 279 never executed
    $$$$$:   16-block 165
call   280 never executed
    $$$$$:   16-block 166
    $$$$$:   16-block 167
    $$$$$:   16-block 168
call   281 never executed
    $$$$$:   16-block 169
branch 282 never executed (fallthrough)
branch 283 never executed
    $$$$$:   16-block 170
call   284 never executed
    $$$$$:   16-block 171
    $$$$$:   16-block 172
    $$$$$:   16-block 173
call   285 never executed
    $$$$$:   16-block 174
branch 286 never executed (fallthrough)
branch 287 never executed
    $$$$$:   16-block 175
call   288 never executed
    $$$$$:   16-block 176
    $$$$$:   16-block 177
    $$$$$:   16-block 178
call   289 never executed
    $$$$$:   16-block 179
call   290 never executed
    $$$$$:   16-block 180
    $$$$$:   16-block 181
    $$$$$:   16-block 182
branch 291 never executed (fallthrough)
branch 292 never executed
    $$$$$:   16-block 183
call   293 never executed
    $$$$$:   16-block 184
    $$$$$:   16-block 185
    $$$$$:   16-block 186
call   294 never executed
    $$$$$:   16-block 187
call   295 never executed
    $$$$$:   16-block 188
    $$$$$:   16-block 189
    $$$$$:   16-block 190
branch 296 never executed (fallthrough)
branch 297 never executed
    $$$$$:   16-block 191
call   298 never executed
    $$$$$:   16-block 192
    $$$$$:   16-block 193
    $$$$$:   16-block 194
call   299 never executed
    $$$$$:   16-block 195
call   300 never executed
    $$$$$:   16-block 196
    $$$$$:   16-block 197
    $$$$$:   16-block 198
branch 301 never executed (fallthrough)
branch 302 never executed
    $$$$$:   16-block 199
call   303 never executed
    $$$$$:   16-block 200
    $$$$$:   16-block 201
    $$$$$:   16-block 202
call   304 never executed
    $$$$$:   16-block 203
call   305 never executed
    $$$$$:   16-block 204
    $$$$$:   16-block 205
    $$$$$:   16-block 206
branch 306 never executed (fallthrough)
branch 307 never executed
    $$$$$:   16-block 207
call   308 never executed
    $$$$$:   16-block 208
    $$$$$:   16-block 209
    $$$$$:   16-block 210
call   309 never executed
    $$$$$:   16-block 211
call   310 never executed
    $$$$$:   16-block 212
    $$$$$:   16-block 213
    $$$$$:   16-block 214
branch 311 never executed (fallthrough)
branch 312 never executed
    $$$$$:   16-block 215
call   313 never executed
    $$$$$:   16-block 216
    $$$$$:   16-block 217
    $$$$$:   16-block 218
call   314 never executed
    $$$$$:   16-block 219
call   315 never executed
    $$$$$:   16-block 220
    $$$$$:   16-block 221
    $$$$$:   16-block 222
branch 316 never executed (fallthrough)
branch 317 never executed
    $$$$$:   16-block 223
call   318 never executed
    $$$$$:   16-block 224
    $$$$$:   16-block 225
    $$$$$:   16-block 226
call   319 never executed
    $$$$$:   16-block 227
call   320 never executed
    $$$$$:   16-block 228
    $$$$$:   16-block 229
    $$$$$:   16-block 230
branch 321 never executed (fallthrough)
branch 322 never executed
    $$$$$:   16-block 231
call   323 never executed
    $$$$$:   16-block 232
    $$$$$:   16-block 233
    $$$$$:   16-block 234
call   324 never executed
    $$$$$:   16-block 235
call   325 never executed
    $$$$$:   16-block 236
    $$$$$:   16-block 237
    $$$$$:   16-block 238
branch 326 never executed (fallthrough)
branch 327 never executed
    $$$$$:   16-block 239
call   328 never executed
    $$$$$:   16-block 240
    $$$$$:   16-block 241
    $$$$$:   16-block 242
call   329 never executed
    $$$$$:   16-block 243
call   330 never executed
    $$$$$:   16-block 244
    $$$$$:   16-block 245
    $$$$$:   16-block 246
branch 331 never executed (fallthrough)
branch 332 never executed
    $$$$$:   16-block 247
call   333 never executed
    $$$$$:   16-block 248
    $$$$$:   16-block 249
    $$$$$:   16-block 250
call   334 never executed
    $$$$$:   16-block 251
call   335 never executed
    $$$$$:   16-block 252
    $$$$$:   16-block 253
    $$$$$:   16-block 254
branch 336 never executed (fallthrough)
branch 337 never executed
    $$$$$:   16-block 255
call   338 never executed
    $$$$$:   16-block 256
    $$$$$:   16-block 257
    $$$$$:   16-block 258
call   339 never executed
    $$$$$:   16-block 259
call   340 never executed
    $$$$$:   16-block 260
    $$$$$:   16-block 261
    $$$$$:   16-block 262
branch 341 never executed (fallthrough)
branch 342 never executed
    $$$$$:   16-block 263
call   343 never executed
    $$$$$:   16-block 264
    $$$$$:   16-block 265
    $$$$$:   16-block 266
call   344 never executed
    $$$$$:   16-block 267
call   345 never executed
    $$$$$:   16-block 268
    $$$$$:   16-block 269
    $$$$$:   16-block 270
branch 346 never executed (fallthrough)
branch 347 never executed
    $$$$$:   16-block 271
call   348 never executed
    $$$$$:   16-block 272
    $$$$$:   16-block 273
    $$$$$:   16-block 274
call   349 never executed
    $$$$$:   16-block 275
branch 350 never executed (fallthrough)
branch 351 never executed
    $$$$$:   16-block 276
call   352 never executed
    $$$$$:   16-block 277
    $$$$$:   16-block 278
    $$$$$:   16-block 279
call   353 never executed
    $$$$$:   16-block 280
branch 354 never executed (fallthrough)
branch 355 never executed
    $$$$$:   16-block 281
call   356 never executed
    $$$$$:   16-block 282
    $$$$$:   16-block 283
    $$$$$:   16-block 284
call   357 never executed
    $$$$$:   16-block 285
branch 358 never executed (fallthrough)
branch 359 never executed
    $$$$$:   16-block 286
call   360 never executed
    $$$$$:   16-block 287
    $$$$$:   16-block 288
    $$$$$:   16-block 289
call   361 never executed
    $$$$$:   16-block 290
branch 362 never executed (fallthrough)
branch 363 never executed
    $$$$$:   16-block 291
call   364 never executed
    $$$$$:   16-block 292
    $$$$$:   16-block 293
    $$$$$:   16-block 294
call   365 never executed
    $$$$$:   16-block 295
branch 366 never executed (fallthrough)
branch 367 never executed
    $$$$$:   16-block 296
call   368 never executed
    $$$$$:   16-block 297
    $$$$$:   16-block 298
    $$$$$:   16-block 299
call   369 never executed
    $$$$$:   16-block 300
branch 370 never executed (fallthrough)
branch 371 never executed
    $$$$$:   16-block 301
call   372 never executed
    $$$$$:   16-block 302
    $$$$$:   16-block 303
    $$$$$:   16-block 304
call   373 never executed
    $$$$$:   16-block 305
branch 374 never executed (fallthrough)
branch 375 never executed
    $$$$$:   16-block 306
call   376 never executed
    $$$$$:   16-block 307
    $$$$$:   16-block 308
    $$$$$:   16-block 309
------------------
_ZL43gtest_AllTokenTypesLexerTest_EvalGenerator_v:
function _ZL43gtest_AllTokenTypesLexerTest_EvalGenerator_v called 6 returned 100% blocks executed 40%
      492:   16:INSTANTIATE_TEST_SUITE_P(AllTokenTypes,
        6:   16-block  0
        6:   16-block  1
call    0 returned 6
branch  1 taken 6 (fallthrough)
branch  2 taken 0 (throw)
        6:   16-block  2
        6:   16-block  3
call    3 returned 6
branch  4 taken 6 (fallthrough)
branch  5 taken 0 (throw)
        6:   16-block  4
        6:   16-block  5
call    6 returned 6
branch  7 taken 6 (fallthrough)
branch  8 taken 0 (throw)
        6:   16-block  6
        6:   16-block  7
call    9 returned 6
branch 10 taken 6 (fallthrough)
branch 11 taken 0 (throw)
        6:   16-block  8
        6:   16-block  9
call   12 returned 6
branch 13 taken 6 (fallthrough)
branch 14 taken 0 (throw)
        6:   16-block 10
        6:   16-block 11
call   15 returned 6
branch 16 taken 6 (fallthrough)
branch 17 taken 0 (throw)
        6:   16-block 12
        6:   16-block 13
call   18 returned 6
branch 19 taken 6 (fallthrough)
branch 20 taken 0 (throw)
        6:   16-block 14
        6:   16-block 15
call   21 returned 6
branch 22 taken 6 (fallthrough)
branch 23 taken 0 (throw)
        6:   16-block 16
        6:   16-block 17
call   24 returned 6
branch 25 taken 6 (fallthrough)
branch 26 taken 0 (throw)
        6:   16-block 18
call   27 returned 6
        6:   16-block 19
call   28 returned 6
branch 29 taken 6 (fallthrough)
branch 30 taken 0 (throw)
        6:   16-block 20
        6:   16-block 21
call   31 returned 6
branch 32 taken 6 (fallthrough)
branch 33 taken 0 (throw)
        6:   16-block 22
call   34 returned 6
        6:   16-block 23
call   35 returned 6
branch 36 taken 6 (fallthrough)
branch 37 taken 0 (throw)
        6:   16-block 24
        6:   16-block 25
call   38 returned 6
branch 39 taken 6 (fallthrough)
branch 40 taken 0 (throw)
        6:   16-block 26
call   41 returned 6
        6:   16-block 27
call   42 returned 6
branch 43 taken 6 (fallthrough)
branch 44 taken 0 (throw)
        6:   16-block 28
        6:   16-block 29
call   45 returned 6
branch 46 taken 6 (fallthrough)
branch 47 taken 0 (throw)
        6:   16-block 30
call   48 returned 6
        6:   16-block 31
call   49 returned 6
branch 50 taken 6 (fallthrough)
branch 51 taken 0 (throw)
        6:   16-block 32
        6:   16-block 33
call   52 returned 6
branch 53 taken 6 (fallthrough)
branch 54 taken 0 (throw)
        6:   16-block 34
call   55 returned 6
        6:   16-block 35
call   56 returned 6
branch 57 taken 6 (fallthrough)
branch 58 taken 0 (throw)
        6:   16-block 36
        6:   16-block 37
call   59 returned 6
branch 60 taken 6 (fallthrough)
branch 61 taken 0 (throw)
        6:   16-block 38
call   62 returned 6
        6:   16-block 39
call   63 returned 6
branch 64 taken 6 (fallthrough)
branch 65 taken 0 (throw)
        6:   16-block 40
        6:   16-block 41
call   66 returned 6
branch 67 taken 6 (fallthrough)
branch 68 taken 0 (throw)
        6:   16-block 42
call   69 returned 6
        6:   16-block 43
call   70 returned 6
branch 71 taken 6 (fallthrough)
branch 72 taken 0 (throw)
        6:   16-block 44
        6:   16-block 45
call   73 returned 6
branch 74 taken 6 (fallthrough)
branch 75 taken 0 (throw)
        6:   16-block 46
call   76 returned 6
        6:   16-block 47
call   77 returned 6
branch 78 taken 6 (fallthrough)
branch 79 taken 0 (throw)
        6:   16-block 48
        6:   16-block 49
call   80 returned 6
branch 81 taken 6 (fallthrough)
branch 82 taken 0 (throw)
        6:   16-block 50
call   83 returned 6
        6:   16-block 51
call   84 returned 6
branch 85 taken 6 (fallthrough)
branch 86 taken 0 (throw)
        6:   16-block 52
        6:   16-block 53
call   87 returned 6
branch 88 taken 6 (fallthrough)
branch 89 taken 0 (throw)
        6:   16-block 54
call   90 returned 6
        6:   16-block 55
call   91 returned 6
branch 92 taken 6 (fallthrough)
branch 93 taken 0 (throw)
        6:   16-block 56
        6:   16-block 57
call   94 returned 6
branch 95 taken 6 (fallthrough)
branch 96 taken 0 (throw)
        6:   16-block 58
call   97 returned 6
        6:   16-block 59
call   98 returned 6
branch 99 taken 6 (fallthrough)
branch 100 taken 0 (throw)
        6:   16-block 60
        6:   16-block 61
call   101 returned 6
branch 102 taken 6 (fallthrough)
branch 103 taken 0 (throw)
        6:   16-block 62
call   104 returned 6
        6:   16-block 63
call   105 returned 6
branch 106 taken 6 (fallthrough)
branch 107 taken 0 (throw)
        6:   16-block 64
        6:   16-block 65
call   108 returned 6
branch 109 taken 6 (fallthrough)
branch 110 taken 0 (throw)
        6:   16-block 66
        6:   16-block 67
call   111 returned 6
branch 112 taken 6 (fallthrough)
branch 113 taken 0 (throw)
        6:   16-block 68
        6:   16-block 69
call   114 returned 6
branch 115 taken 6 (fallthrough)
branch 116 taken 0 (throw)
        6:   16-block 70
        6:   16-block 71
call   117 returned 6
branch 118 taken 6 (fallthrough)
branch 119 taken 0 (throw)
        6:   16-block 72
        6:   16-block 73
call   120 returned 6
branch 121 taken 6 (fallthrough)
branch 122 taken 0 (throw)
        6:   16-block 74
        6:   16-block 75
call   123 returned 6
branch 124 taken 6 (fallthrough)
branch 125 taken 0 (throw)
        6:   16-block 76
        6:   16-block 77
call   126 returned 6
branch 127 taken 6 (fallthrough)
branch 128 taken 0 (throw)
        6:   16-block 78
        6:   16-block 79
call   129 returned 6
branch 130 taken 6 (fallthrough)
branch 131 taken 0 (throw)
        6:   16-block 80
        6:   16-block 81
call   132 returned 6
branch 133 taken 6 (fallthrough)
branch 134 taken 0 (throw)
        6:   16-block 82
        6:   16-block 83
call   135 returned 6
branch 136 taken 6 (fallthrough)
branch 137 taken 0 (throw)
        6:   16-block 84
        6:   16-block 85
call   138 returned 6
branch 139 taken 6 (fallthrough)
branch 140 taken 0 (throw)
        6:   16-block 86
        6:   16-block 87
call   141 returned 6
branch 142 taken 6 (fallthrough)
branch 143 taken 0 (throw)
        6:   16-block 88
        6:   16-block 89
call   144 returned 6
branch 145 taken 6 (fallthrough)
branch 146 taken 0 (throw)
        6:   16-block 90
call   147 returned 6
        6:   16-block 91
call   148 returned 6
branch 149 taken 6 (fallthrough)
branch 150 taken 0 (throw)
        6:   16-block 92
        6:   16-block 93
call   151 returned 6
branch 152 taken 6 (fallthrough)
branch 153 taken 0 (throw)
        6:   16-block 94
call   154 returned 6
branch 155 taken 6 (fallthrough)
branch 156 taken 0 (throw)
        6:   16-block 95
call   157 returned 6
branch 158 taken 6 (fallthrough)
branch 159 taken 0 (throw)
        6:   16-block 96
        6:   16-block 97
call   160 returned 6
call   161 returned 6
call   162 returned 6
call   163 returned 6
call   164 returned 6
call   165 returned 6
call   166 returned 6
call   167 returned 6
call   168 returned 6
call   169 returned 6
call   170 returned 6
call   171 returned 6
call   172 returned 6
call   173 returned 6
call   174 returned 6
call   175 returned 6
call   176 returned 6
call   177 returned 6
call   178 returned 6
call   179 returned 6
call   180 returned 6
call   181 returned 6
call   182 returned 6
call   183 returned 6
call   184 returned 6
call   185 returned 6
call   186 returned 6
call   187 returned 6
call   188 returned 6
call   189 returned 6
call   190 returned 6
call   191 returned 6
call   192 returned 6
call   193 returned 6
call   194 returned 6
call   195 returned 6
call   196 returned 6
call   197 returned 6
call   198 returned 6
call   199 returned 6
call   200 returned 6
call   201 returned 6
call   202 returned 6
call   203 returned 6
call   204 returned 6
call   205 returned 6
call   206 returned 6
call   207 returned 6
call   208 returned 6
call   209 returned 6
call   210 returned 6
call   211 returned 6
call   212 returned 6
call   213 returned 6
call   214 returned 6
call   215 returned 6
call   216 returned 6
call   217 returned 6
call   218 returned 6
call   219 returned 6
call   220 returned 6
        6:   16-block 98
    $$$$$:   16-block 99
call   221 never executed
    $$$$$:   16-block 100
call   222 never executed
    $$$$$:   16-block 101
branch 223 never executed (fallthrough)
branch 224 never executed
    $$$$$:   16-block 102
call   225 never executed
    $$$$$:   16-block 103
    $$$$$:   16-block 104
    $$$$$:   16-block 105
call   226 never executed
    $$$$$:   16-block 106
branch 227 never executed (fallthrough)
branch 228 never executed
    $$$$$:   16-block 107
call   229 never executed
    $$$$$:   16-block 108
    $$$$$:   16-block 109
    $$$$$:   16-block 110
call   230 never executed
    $$$$$:   16-block 111
call   231 never executed
    $$$$$:   16-block 112
    $$$$$:   16-block 113
    $$$$$:   16-block 114
branch 232 never executed (fallthrough)
branch 233 never executed
    $$$$$:   16-block 115
call   234 never executed
    $$$$$:   16-block 116
    $$$$$:   16-block 117
    $$$$$:   16-block 118
call   235 never executed
    $$$$$:   16-block 119
branch 236 never executed (fallthrough)
branch 237 never executed
    $$$$$:   16-block 120
call   238 never executed
    $$$$$:   16-block 121
    $$$$$:   16-block 122
    $$$$$:   16-block 123
call   239 never executed
    $$$$$:   16-block 124
branch 240 never executed (fallthrough)
branch 241 never executed
    $$$$$:   16-block 125
call   242 never executed
    $$$$$:   16-block 126
    $$$$$:   16-block 127
    $$$$$:   16-block 128
call   243 never executed
    $$$$$:   16-block 129
branch 244 never executed (fallthrough)
branch 245 never executed
    $$$$$:   16-block 130
call   246 never executed
    $$$$$:   16-block 131
    $$$$$:   16-block 132
    $$$$$:   16-block 133
call   247 never executed
    $$$$$:   16-block 134
branch 248 never executed (fallthrough)
branch 249 never executed
    $$$$$:   16-block 135
call   250 never executed
    $$$$$:   16-block 136
    $$$$$:   16-block 137
    $$$$$:   16-block 138
call   251 never executed
    $$$$$:   16-block 139
branch 252 never executed (fallthrough)
branch 253 never executed
    $$$$$:   16-block 140
call   254 never executed
    $$$$$:   16-block 141
    $$$$$:   16-block 142
    $$$$$:   16-block 143
call   255 never executed
    $$$$$:   16-block 144
branch 256 never executed (fallthrough)
branch 257 never executed
    $$$$$:   16-block 145
call   258 never executed
    $$$$$:   16-block 146
    $$$$$:   16-block 147
    $$$$$:   16-block 148
call   259 never executed
    $$$$$:   16-block 149
branch 260 never executed (fallthrough)
branch 261 never executed
    $$$$$:   16-block 150
call   262 never executed
    $$$$$:   16-block 151
    $$$$$:   16-block 152
    $$$$$:   16-block 153
call   263 never executed
    $$$$$:   16-block 154
branch 264 never executed (fallthrough)
branch 265 never executed
    $$$$$:   16-block 155
call   266 never executed
    $$$$$:   16-block 156
    $$$$$:   16-block 157
    $$$$$:   16-block 158
call   267 never executed
    $$$$$:   16-block 159
branch 268 never executed (fallthrough)
branch 269 never executed
    $$$$$:   16-block 160
call   270 never executed
    $$$$$:   16-block 161
    $$$$$:   16-block 162
    $$$$$:   16-block 163
call   271 never executed
    $$$$$:   16-block 164
branch 272 never executed (fallthrough)
branch 273 never executed
    $$$$$:   16-block 165
call   274 never executed
    $$$$$:   16-block 166
    $$$$$:   16-block 167
    $$$$$:   16-block 168
call   275 never executed
    $$$$$:   16-block 169
branch 276 never executed (fallthrough)
branch 277 never executed
    $$$$$:   16-block 170
call   278 never executed
    $$$$$:   16-block 171
    $$$$$:   16-block 172
    $$$$$:   16-block 173
call   279 never executed
    $$$$$:   16-block 174
branch 280 never executed (fallthrough)
branch 281 never executed
    $$$$$:   16-block 175
call   282 never executed
    $$$$$:   16-block 176
    $$$$$:   16-block 177
    $$$$$:   16-block 178
call   283 never executed
    $$$$$:   16-block 179
call   284 never executed
    $$$$$:   16-block 180
    $$$$$:   16-block 181
    $$$$$:   16-block 182
branch 285 never executed (fallthrough)
branch 286 never executed
    $$$$$:   16-block 183
call   287 never executed
    $$$$$:   16-block 184
    $$$$$:   16-block 185
    $$$$$:   16-block 186
call   288 never executed
    $$$$$:   16-block 187
call   289 never executed
    $$$$$:   16-block 188
    $$$$$:   16-block 189
    $$$$$:   16-block 190
branch 290 never executed (fallthrough)
branch 291 never executed
    $$$$$:   16-block 191
call   292 never executed
    $$$$$:   16-block 192
    $$$$$:   16-block 193
    $$$$$:   16-block 194
call   293 never executed
    $$$$$:   16-block 195
call   294 never executed
    $$$$$:   16-block 196
    $$$$$:   16-block 197
    $$$$$:   16-block 198
branch 295 never executed (fallthrough)
branch 296 never executed
    $$$$$:   16-block 199
call   297 never executed
    $$$$$:   16-block 200
    $$$$$:   16-block 201
    $$$$$:   16-block 202
call   298 never executed
    $$$$$:   16-block 203
call   299 never executed
    $$$$$:   16-block 204
    $$$$$:   16-block 205
    $$$$$:   16-block 206
branch 300 never executed (fallthrough)
branch 301 never executed
    $$$$$:   16-block 207
call   302 never executed
    $$$$$:   16-block 208
    $$$$$:   16-block 209
    $$$$$:   16-block 210
call   303 never executed
    $$$$$:   16-block 211
call   304 never executed
    $$$$$:   16-block 212
    $$$$$:   16-block 213
    $$$$$:   16-block 214
branch 305 never executed (fallthrough)
branch 306 never executed
    $$$$$:   16-block 215
call   307 never executed
    $$$$$:   16-block 216
    $$$$$:   16-block 217
    $$$$$:   16-block 218
call   308 never executed
    $$$$$:   16-block 219
call   309 never executed
    $$$$$:   16-block 220
    $$$$$:   16-block 221
    $$$$$:   16-block 222
branch 310 never executed (fallthrough)
branch 311 never executed
    $$$$$:   16-block 223
call   312 never executed
    $$$$$:   16-block 224
    $$$$$:   16-block 225
    $$$$$:   16-block 226
call   313 never executed
    $$$$$:   16-block 227
call   314 never executed
    $$$$$:   16-block 228
    $$$$$:   16-block 229
    $$$$$:   16-block 230
branch 315 never executed (fallthrough)
branch 316 never executed
    $$$$$:   16-block 231
call   317 never executed
    $$$$$:   16-block 232
    $$$$$:   16-block 233
    $$$$$:   16-block 234
call   318 never executed
    $$$$$:   16-block 235
call   319 never executed
    $$$$$:   16-block 236
    $$$$$:   16-block 237
    $$$$$:   16-block 238
branch 320 never executed (fallthrough)
branch 321 never executed
    $$$$$:   16-block 239
call   322 never executed
    $$$$$:   16-block 240
    $$$$$:   16-block 241
    $$$$$:   16-block 242
call   323 never executed
    $$$$$:   16-block 243
call   324 never executed
    $$$$$:   16-block 244
    $$$$$:   16-block 245
    $$$$$:   16-block 246
branch 325 never executed (fallthrough)
branch 326 never executed
    $$$$$:   16-block 247
call   327 never executed
    $$$$$:   16-block 248
    $$$$$:   16-block 249
    $$$$$:   16-block 250
call   328 never executed
    $$$$$:   16-block 251
call   329 never executed
    $$$$$:   16-block 252
    $$$$$:   16-block 253
    $$$$$:   16-block 254
branch 330 never executed (fallthrough)
branch 331 never executed
    $$$$$:   16-block 255
call   332 never executed
    $$$$$:   16-block 256
    $$$$$:   16-block 257
    $$$$$:   16-block 258
call   333 never executed
    $$$$$:   16-block 259
call   334 never executed
    $$$$$:   16-block 260
    $$$$$:   16-block 261
    $$$$$:   16-block 262
branch 335 never executed (fallthrough)
branch 336 never executed
    $$$$$:   16-block 263
call   337 never executed
    $$$$$:   16-block 264
    $$$$$:   16-block 265
    $$$$$:   16-block 266
call   338 never executed
    $$$$$:   16-block 267
call   339 never executed
    $$$$$:   16-block 268
    $$$$$:   16-block 269
    $$$$$:   16-block 270
branch 340 never executed (fallthrough)
branch 341 never executed
    $$$$$:   16-block 271
call   342 never executed
    $$$$$:   16-block 272
    $$$$$:   16-block 273
    $$$$$:   16-block 274
call   343 never executed
    $$$$$:   16-block 275
branch 344 never executed (fallthrough)
branch 345 never executed
    $$$$$:   16-block 276
call   346 never executed
    $$$$$:   16-block 277
    $$$$$:   16-block 278
    $$$$$:   16-block 279
call   347 never executed
    $$$$$:   16-block 280
branch 348 never executed (fallthrough)
branch 349 never executed
    $$$$$:   16-block 281
call   350 never executed
    $$$$$:   16-block 282
    $$$$$:   16-block 283
    $$$$$:   16-block 284
call   351 never executed
    $$$$$:   16-block 285
branch 352 never executed (fallthrough)
branch 353 never executed
    $$$$$:   16-block 286
call   354 never executed
    $$$$$:   16-block 287
    $$$$$:   16-block 288
    $$$$$:   16-block 289
call   355 never executed
    $$$$$:   16-block 290
branch 356 never executed (fallthrough)
branch 357 never executed
    $$$$$:   16-block 291
call   358 never executed
    $$$$$:   16-block 292
    $$$$$:   16-block 293
    $$$$$:   16-block 294
call   359 never executed
    $$$$$:   16-block 295
branch 360 never executed (fallthrough)
branch 361 never executed
    $$$$$:   16-block 296
call   362 never executed
    $$$$$:   16-block 297
    $$$$$:   16-block 298
    $$$$$:   16-block 299
call   363 never executed
    $$$$$:   16-block 300
branch 364 never executed (fallthrough)
branch 365 never executed
    $$$$$:   16-block 301
call   366 never executed
    $$$$$:   16-block 302
    $$$$$:   16-block 303
    $$$$$:   16-block 304
call   367 never executed
    $$$$$:   16-block 305
branch 368 never executed (fallthrough)
branch 369 never executed
    $$$$$:   16-block 306
call   370 never executed
    $$$$$:   16-block 307
    $$$$$:   16-block 308
------------------
        -:   17:    LexerTest,
        -:   18:    ::testing::Values(
        -:   19:        // Primitives
        -:   20:        LexerInput{"42", TokenType::INT, 42},
        -:   21:        LexerInput{"3.14", TokenType::FLOAT, 3.14f},
        -:   22:        LexerInput{"\"hello\"", TokenType::STRING, std::string("hello")},
        -:   23:        // Operators
        -:   24:        LexerInput{"+", TokenType::PLUS, {}},
        -:   25:        LexerInput{"-", TokenType::MINUS, {}},
        -:   26:        LexerInput{"*", TokenType::MUL, {}},
        -:   27:        LexerInput{"/", TokenType::DIV, {}},
        -:   28:        LexerInput{"%", TokenType::MOD, {}},
        -:   29:        LexerInput{"++", TokenType::INCREMENT, {}},
        -:   30:        LexerInput{"--", TokenType::DECREMENT, {}},
        -:   31:        // Symbols
        -:   32:        LexerInput{"(", TokenType::OPENPAREN, {}},
        -:   33:        LexerInput{")", TokenType::CLOSEPAREN, {}},
        -:   34:        LexerInput{"{", TokenType::OPENBRACE, {}},
        -:   35:        LexerInput{"}", TokenType::CLOSEBRACE, {}},
        -:   36:        LexerInput{",", TokenType::SEPERATOR, {}},
        -:   37:        // Keywords and identifiers
        -:   38:        LexerInput{"var", TokenType::KEYWORD, std::string("var")},
        -:   39:        LexerInput{"if", TokenType::KEYWORD, std::string("if")},
        -:   40:        LexerInput{"else", TokenType::KEYWORD, std::string("else")},
        -:   41:        LexerInput{"while", TokenType::KEYWORD, std::string("while")},
        -:   42:        LexerInput{"for", TokenType::KEYWORD, std::string("for")},
        -:   43:        LexerInput{"func", TokenType::KEYWORD, std::string("func")},
        -:   44:        LexerInput{"return", TokenType::KEYWORD, std::string("return")},
        -:   45:        LexerInput{"not", TokenType::KEYWORD, std::string("not")},
        -:   46:        LexerInput{"and", TokenType::KEYWORD, std::string("and")},
        -:   47:        LexerInput{"or", TokenType::KEYWORD, std::string("or")},
        -:   48:        LexerInput{"out", TokenType::KEYWORD, std::string("out")},
        -:   49:        LexerInput{"x", TokenType::IDENTIFIER, std::string("x")},
        -:   50:        // Comparators and assignment
        -:   51:        LexerInput{"=", TokenType::EQUALS, {}},
        -:   52:        LexerInput{"==", TokenType::TRUEEQUALS, {}},
        -:   53:        LexerInput{"!=", TokenType::NOTEQUAL, {}},
        -:   54:        LexerInput{"<", TokenType::LESSTHAN, {}},
        -:   55:        LexerInput{">", TokenType::GREATERTHAN, {}},
        -:   56:        LexerInput{"<=", TokenType::LESSEQUAL, {}},
        -:   57:        LexerInput{">=", TokenType::GREATEREQUAL, {}}
        -:   58:    )
        -:   59:);
        -:   60:
       73:   61:TEST_P(LexerTest, ProducesExpectedTokenType) {
       34:   62:    const LexerInput& param = GetParam();
        -:   63:
       34:   64:    std::istringstream stream(param.input);
       34:   65:    PositionHandler ph("mock.vis", stream);
       34:   66:    Lexer lexer(ph);
        -:   67:
       34:   68:    auto tokens = lexer.tokenise();
       34:   69:    const auto& line = tokens.begin()->second;
        -:   70:
      34*:   71:    ASSERT_FALSE(line.empty());
        -:   72:
       34:   73:    const Token& token = line[0];
      34*:   74:    EXPECT_EQ(token.getType(), param.expectedType) << "Input: " << param.input;
        -:   75:
       34:   76:    const auto& actualValue = token.getValue();
       34:   77:    const auto& expectedValue = param.expectedValue;
        -:   78:
       34:   79:    if (!std::holds_alternative<std::monostate>(expectedValue)) {
      15*:   80:        ASSERT_EQ(actualValue.index(), expectedValue.index()) << "Mismatched ValueLiteral type for input: " << param.input;
        -:   81:
       15:   82:        if (std::holds_alternative<int>(expectedValue)) {
       1*:   83:            EXPECT_EQ(std::get<int>(actualValue), std::get<int>(expectedValue));
       14:   84:        } else if (std::holds_alternative<float>(expectedValue)) {
       1*:   85:            EXPECT_FLOAT_EQ(std::get<float>(actualValue), std::get<float>(expectedValue));
       13:   86:        } else if (std::holds_alternative<std::string>(expectedValue)) {
      13*:   87:            EXPECT_EQ(std::get<std::string>(actualValue), std::get<std::string>(expectedValue));
    #####:   88:        } else if (std::holds_alternative<bool>(expectedValue)) {
    #####:   89:            EXPECT_EQ(std::get<bool>(actualValue), std::get<bool>(expectedValue));
        -:   90:        }
        -:   91:    }
       34:   92:}
------------------
_ZN40LexerTest_ProducesExpectedTokenType_Test8TestBodyEv:
function _ZN40LexerTest_ProducesExpectedTokenType_Test8TestBodyEv called 34 returned 100% blocks executed 35%
       34:   61:TEST_P(LexerTest, ProducesExpectedTokenType) {
       34:   62:    const LexerInput& param = GetParam();
       34:   62-block  0
call    0 returned 34
branch  1 taken 34 (fallthrough)
branch  2 taken 0 (throw)
        -:   63:
       34:   64:    std::istringstream stream(param.input);
       34:   64-block  0
call    0 returned 34
branch  1 taken 34 (fallthrough)
branch  2 taken 0 (throw)
       34:   65:    PositionHandler ph("mock.vis", stream);
       34:   65-block  0
call    0 returned 34
branch  1 taken 34 (fallthrough)
branch  2 taken 0 (throw)
       34:   65-block  1
call    3 returned 34
branch  4 taken 34 (fallthrough)
branch  5 taken 0 (throw)
       34:   65-block  2
call    6 returned 34
    $$$$$:   65-block  3
call    7 never executed
    $$$$$:   65-block  4
    $$$$$:   65-block  5
       34:   66:    Lexer lexer(ph);
call    0 returned 34
branch  1 taken 34 (fallthrough)
branch  2 taken 0 (throw)
        -:   67:
       34:   68:    auto tokens = lexer.tokenise();
       34:   68-block  0
call    0 returned 34
branch  1 taken 34 (fallthrough)
branch  2 taken 0 (throw)
       34:   69:    const auto& line = tokens.begin()->second;
       34:   69-block  0
call    0 returned 34
call    1 returned 34
        -:   70:
      34*:   71:    ASSERT_FALSE(line.empty());
call    0 returned 34
call    1 returned 34
call    2 returned 34
branch  3 taken 0 (fallthrough)
branch  4 taken 34
    %%%%%:   71-block  0
call    5 never executed
branch  6 never executed (fallthrough)
branch  7 never executed (throw)
    %%%%%:   71-block  1
call    8 never executed
branch  9 never executed (fallthrough)
branch 10 never executed (throw)
    %%%%%:   71-block  2
call   11 never executed
call   12 never executed
branch 13 never executed (fallthrough)
branch 14 never executed (throw)
    %%%%%:   71-block  3
call   15 never executed
branch 16 never executed (fallthrough)
branch 17 never executed (throw)
    %%%%%:   71-block  4
call   18 never executed
call   19 never executed
call   20 never executed
       34:   71-block  5
       34:   71-block  6
call   21 returned 34
branch 22 taken 34 (fallthrough)
branch 23 taken 0
       34:   71-block  7
    $$$$$:   71-block  8
call   24 never executed
    $$$$$:   71-block  9
call   25 never executed
    $$$$$:   71-block 10
    $$$$$:   71-block 11
    $$$$$:   71-block 12
call   26 never executed
    $$$$$:   71-block 13
    $$$$$:   71-block 14
call   27 never executed
        -:   72:
       34:   73:    const Token& token = line[0];
       34:   73-block  0
call    0 returned 34
      34*:   74:    EXPECT_EQ(token.getType(), param.expectedType) << "Input: " << param.input;
call    0 returned 34
branch  1 taken 34 (fallthrough)
branch  2 taken 0 (throw)
       34:   74-block  0
call    3 returned 34
branch  4 taken 34 (fallthrough)
branch  5 taken 0 (throw)
       34:   74-block  1
call    6 returned 34
branch  7 taken 0 (fallthrough)
branch  8 taken 34
    %%%%%:   74-block  2
call    9 never executed
branch 10 never executed (fallthrough)
branch 11 never executed (throw)
    %%%%%:   74-block  3
call   12 never executed
branch 13 never executed (fallthrough)
branch 14 never executed (throw)
    %%%%%:   74-block  4
call   15 never executed
branch 16 never executed (fallthrough)
branch 17 never executed (throw)
    %%%%%:   74-block  5
call   18 never executed
call   19 never executed
branch 20 never executed (fallthrough)
branch 21 never executed (throw)
    %%%%%:   74-block  6
call   22 never executed
branch 23 never executed (fallthrough)
branch 24 never executed (throw)
    %%%%%:   74-block  7
call   25 never executed
call   26 never executed
       34:   74-block  8
call   27 returned 34
    $$$$$:   74-block  9
    $$$$$:   74-block 10
call   28 never executed
    $$$$$:   74-block 11
    $$$$$:   74-block 12
call   29 never executed
    $$$$$:   74-block 13
    $$$$$:   74-block 14
call   30 never executed
        -:   75:
       34:   76:    const auto& actualValue = token.getValue();
call    0 returned 34
branch  1 taken 34 (fallthrough)
branch  2 taken 0 (throw)
    $$$$$:   76-block  0
call    3 never executed
       34:   77:    const auto& expectedValue = param.expectedValue;
        -:   78:
       34:   79:    if (!std::holds_alternative<std::monostate>(expectedValue)) {
       34:   79-block  0
call    0 returned 34
branch  1 taken 15 (fallthrough)
branch  2 taken 19
      15*:   80:        ASSERT_EQ(actualValue.index(), expectedValue.index()) << "Mismatched ValueLiteral type for input: " << param.input;
       15:   80-block  0
call    0 returned 15
call    1 returned 15
call    2 returned 15
branch  3 taken 15 (fallthrough)
branch  4 taken 0 (throw)
       15:   80-block  1
call    5 returned 15
branch  6 taken 0 (fallthrough)
branch  7 taken 15
    %%%%%:   80-block  2
call    8 never executed
branch  9 never executed (fallthrough)
branch 10 never executed (throw)
    %%%%%:   80-block  3
call   11 never executed
branch 12 never executed (fallthrough)
branch 13 never executed (throw)
    %%%%%:   80-block  4
call   14 never executed
branch 15 never executed (fallthrough)
branch 16 never executed (throw)
    %%%%%:   80-block  5
call   17 never executed
call   18 never executed
branch 19 never executed (fallthrough)
branch 20 never executed (throw)
    %%%%%:   80-block  6
call   21 never executed
branch 22 never executed (fallthrough)
branch 23 never executed (throw)
    %%%%%:   80-block  7
call   24 never executed
call   25 never executed
       15:   80-block  8
       15:   80-block  9
call   26 returned 15
branch 27 taken 15 (fallthrough)
branch 28 taken 0
       15:   80-block 10
    $$$$$:   80-block 11
    $$$$$:   80-block 12
    $$$$$:   80-block 13
call   29 never executed
    $$$$$:   80-block 14
    $$$$$:   80-block 15
call   30 never executed
    $$$$$:   80-block 16
    $$$$$:   80-block 17
call   31 never executed
        -:   81:
       15:   82:        if (std::holds_alternative<int>(expectedValue)) {
       15:   82-block  0
call    0 returned 15
branch  1 taken 1
branch  2 taken 14
       1*:   83:            EXPECT_EQ(std::get<int>(actualValue), std::get<int>(expectedValue));
        1:   83-block  0
call    0 returned 1
branch  1 taken 1 (fallthrough)
branch  2 taken 0 (throw)
        1:   83-block  1
call    3 returned 1
branch  4 taken 1 (fallthrough)
branch  5 taken 0 (throw)
        1:   83-block  2
call    6 returned 1
branch  7 taken 1 (fallthrough)
branch  8 taken 0 (throw)
        1:   83-block  3
call    9 returned 1
branch 10 taken 0 (fallthrough)
branch 11 taken 1
    %%%%%:   83-block  4
call   12 never executed
branch 13 never executed (fallthrough)
branch 14 never executed (throw)
    %%%%%:   83-block  5
call   15 never executed
call   16 never executed
branch 17 never executed (fallthrough)
branch 18 never executed (throw)
    %%%%%:   83-block  6
call   19 never executed
branch 20 never executed (fallthrough)
branch 21 never executed (throw)
    %%%%%:   83-block  7
call   22 never executed
call   23 never executed
        1:   83-block  8
call   24 returned 1
    $$$$$:   83-block  9
call   25 never executed
    $$$$$:   83-block 10
    $$$$$:   83-block 11
call   26 never executed
    $$$$$:   83-block 12
    $$$$$:   83-block 13
call   27 never executed
       14:   84:        } else if (std::holds_alternative<float>(expectedValue)) {
       14:   84-block  0
call    0 returned 14
branch  1 taken 1 (fallthrough)
branch  2 taken 13
       1*:   85:            EXPECT_FLOAT_EQ(std::get<float>(actualValue), std::get<float>(expectedValue));
        1:   85-block  0
call    0 returned 1
branch  1 taken 1 (fallthrough)
branch  2 taken 0 (throw)
        1:   85-block  1
call    3 returned 1
branch  4 taken 1 (fallthrough)
branch  5 taken 0 (throw)
        1:   85-block  2
call    6 returned 1
branch  7 taken 1 (fallthrough)
branch  8 taken 0 (throw)
        1:   85-block  3
call    9 returned 1
branch 10 taken 0 (fallthrough)
branch 11 taken 1
    %%%%%:   85-block  4
call   12 never executed
branch 13 never executed (fallthrough)
branch 14 never executed (throw)
    %%%%%:   85-block  5
call   15 never executed
call   16 never executed
branch 17 never executed (fallthrough)
branch 18 never executed (throw)
    %%%%%:   85-block  6
call   19 never executed
branch 20 never executed (fallthrough)
branch 21 never executed (throw)
    %%%%%:   85-block  7
call   22 never executed
call   23 never executed
        1:   85-block  8
call   24 returned 1
    $$$$$:   85-block  9
call   25 never executed
    $$$$$:   85-block 10
    $$$$$:   85-block 11
call   26 never executed
    $$$$$:   85-block 12
    $$$$$:   85-block 13
call   27 never executed
       13:   86:        } else if (std::holds_alternative<std::string>(expectedValue)) {
       13:   86-block  0
call    0 returned 13
branch  1 taken 13 (fallthrough)
branch  2 taken 0
      13*:   87:            EXPECT_EQ(std::get<std::string>(actualValue), std::get<std::string>(expectedValue));
       13:   87-block  0
call    0 returned 13
branch  1 taken 13 (fallthrough)
branch  2 taken 0 (throw)
       13:   87-block  1
call    3 returned 13
branch  4 taken 13 (fallthrough)
branch  5 taken 0 (throw)
       13:   87-block  2
call    6 returned 13
branch  7 taken 13 (fallthrough)
branch  8 taken 0 (throw)
       13:   87-block  3
call    9 returned 13
branch 10 taken 0 (fallthrough)
branch 11 taken 13
    %%%%%:   87-block  4
call   12 never executed
branch 13 never executed (fallthrough)
branch 14 never executed (throw)
    %%%%%:   87-block  5
call   15 never executed
call   16 never executed
branch 17 never executed (fallthrough)
branch 18 never executed (throw)
    %%%%%:   87-block  6
call   19 never executed
branch 20 never executed (fallthrough)
branch 21 never executed (throw)
    %%%%%:   87-block  7
call   22 never executed
call   23 never executed
       13:   87-block  8
call   24 returned 13
    $$$$$:   87-block  9
call   25 never executed
    $$$$$:   87-block 10
    $$$$$:   87-block 11
call   26 never executed
    $$$$$:   87-block 12
    $$$$$:   87-block 13
call   27 never executed
    #####:   88:        } else if (std::holds_alternative<bool>(expectedValue)) {
    %%%%%:   88-block  0
call    0 never executed
branch  1 never executed (fallthrough)
branch  2 never executed
    #####:   89:            EXPECT_EQ(std::get<bool>(actualValue), std::get<bool>(expectedValue));
    %%%%%:   89-block  0
call    0 never executed
branch  1 never executed (fallthrough)
branch  2 never executed (throw)
    %%%%%:   89-block  1
call    3 never executed
branch  4 never executed (fallthrough)
branch  5 never executed (throw)
    %%%%%:   89-block  2
call    6 never executed
branch  7 never executed (fallthrough)
branch  8 never executed (throw)
    %%%%%:   89-block  3
call    9 never executed
branch 10 never executed (fallthrough)
branch 11 never executed
    %%%%%:   89-block  4
call   12 never executed
branch 13 never executed (fallthrough)
branch 14 never executed (throw)
    %%%%%:   89-block  5
call   15 never executed
call   16 never executed
branch 17 never executed (fallthrough)
branch 18 never executed (throw)
    %%%%%:   89-block  6
call   19 never executed
branch 20 never executed (fallthrough)
branch 21 never executed (throw)
    %%%%%:   89-block  7
call   22 never executed
call   23 never executed
    %%%%%:   89-block  8
call   24 never executed
    $$$$$:   89-block  9
call   25 never executed
    $$$$$:   89-block 10
    $$$$$:   89-block 11
call   26 never executed
    $$$$$:   89-block 12
    $$$$$:   89-block 13
call   27 never executed
        -:   90:        }
        -:   91:    }
       34:   92:}
       34:   92-block  0
       34:   92-block  1
call    0 returned 34
branch  1 taken 34 (fallthrough)
branch  2 taken 0
       34:   92-block  2
       34:   92-block  3
call    3 returned 34
branch  4 taken 34 (fallthrough)
branch  5 taken 0
       34:   92-block  4
       34:   92-block  5
call    6 returned 34
branch  7 taken 34 (fallthrough)
branch  8 taken 0
    $$$$$:   92-block  6
call    9 never executed
    $$$$$:   92-block  7
call   10 never executed
    $$$$$:   92-block  8
call   11 never executed
------------------
_ZN40LexerTest_ProducesExpectedTokenType_Test13AddToRegistryEv:
function _ZN40LexerTest_ProducesExpectedTokenType_Test13AddToRegistryEv called 1 returned 100% blocks executed 53%
        5:   61:TEST_P(LexerTest, ProducesExpectedTokenType) {
        1:   61-block  0
call    0 returned 1
call    1 returned 1
        1:   61-block  1
call    2 returned 1
branch  3 taken 1 (fallthrough)
branch  4 taken 0 (throw)
        1:   61-block  2
call    5 returned 1
branch  6 taken 1 (fallthrough)
branch  7 taken 0 (throw)
        1:   61-block  3
call    8 returned 1
branch  9 taken 1 (fallthrough)
branch 10 taken 0 (throw)
        1:   61-block  4
        1:   61-block  5
call   11 returned 1
branch 12 taken 1 (fallthrough)
branch 13 taken 0 (throw)
        1:   61-block  6
call   14 returned 1
branch 15 taken 1 (fallthrough)
branch 16 taken 0 (throw)
        1:   61-block  7
call   17 returned 1
branch 18 taken 1 (fallthrough)
branch 19 taken 0 (throw)
        1:   61-block  8
call   20 returned 1
call   21 returned 1
branch 22 taken 1 (fallthrough)
branch 23 taken 0 (throw)
        1:   61-block  9
call   24 returned 1
call   25 returned 1
call   26 returned 1
call   27 returned 1
        1:   61-block 10
    $$$$$:   61-block 11
branch 28 never executed (fallthrough)
branch 29 never executed
    $$$$$:   61-block 12
call   30 never executed
    $$$$$:   61-block 13
call   31 never executed
    $$$$$:   61-block 14
call   32 never executed
    $$$$$:   61-block 15
    $$$$$:   61-block 16
    $$$$$:   61-block 17
    $$$$$:   61-block 18
call   33 never executed
    $$$$$:   61-block 19
call   34 never executed
    $$$$$:   61-block 20
    $$$$$:   61-block 21
------------------
_ZN40LexerTest_ProducesExpectedTokenType_TestC1Ev:
function _ZN40LexerTest_ProducesExpectedTokenType_TestC1Ev called 34 returned 100% blocks executed 100%
       34:   61:TEST_P(LexerTest, ProducesExpectedTokenType) {
       34:   61-block  0
call    0 returned 34
------------------
        -:   93:
       73:   94:TEST_P(LexerTest, TokenizeCommentedLine) {
       68:   95:    std::istringstream stream("x - 7 ~ this is a comment");
       34:   96:    PositionHandler ph("mock.vis", stream);
       34:   97:    const Lexer lexer = Lexer(ph);
       34:   98:    auto tokens = lexer.tokenise();
      34*:   99:    ASSERT_EQ(tokens.size(), 2);
       34:  100:    const auto& line = tokens.at(0);
      34*:  101:    ASSERT_EQ(line.size(), 4);
        -:  102:
      34*:  103:    EXPECT_EQ(line[0].getType(), TokenType::IDENTIFIER);
      34*:  104:    EXPECT_EQ(std::get<std::string>(line[0].getValue()), "x");
        -:  105:
      34*:  106:    EXPECT_EQ(line[1].getType(), TokenType::MINUS);
        -:  107:
      34*:  108:    EXPECT_EQ(line[2].getType(), TokenType::INT);
      34*:  109:    EXPECT_EQ(std::get<int>(line[2].getValue()), 7);
        -:  110:
      34*:  111:    EXPECT_EQ(line[3].getType(), TokenType::EOL);
       34:  112:}
------------------
_ZN36LexerTest_TokenizeCommentedLine_Test8TestBodyEv:
function _ZN36LexerTest_TokenizeCommentedLine_Test8TestBodyEv called 34 returned 100% blocks executed 33%
       34:   94:TEST_P(LexerTest, TokenizeCommentedLine) {
       34:   94-block  0
       68:   95:    std::istringstream stream("x - 7 ~ this is a comment");
       34:   95-block  0
call    0 returned 34
branch  1 taken 34 (fallthrough)
branch  2 taken 0 (throw)
       34:   95-block  1
call    3 returned 34
branch  4 taken 34 (fallthrough)
branch  5 taken 0 (throw)
       34:   95-block  2
call    6 returned 34
    $$$$$:   95-block  3
call    7 never executed
    $$$$$:   95-block  4
    $$$$$:   95-block  5
       34:   96:    PositionHandler ph("mock.vis", stream);
       34:   96-block  0
call    0 returned 34
branch  1 taken 34 (fallthrough)
branch  2 taken 0 (throw)
       34:   96-block  1
call    3 returned 34
branch  4 taken 34 (fallthrough)
branch  5 taken 0 (throw)
       34:   96-block  2
call    6 returned 34
    $$$$$:   96-block  3
call    7 never executed
    $$$$$:   96-block  4
    $$$$$:   96-block  5
       34:   97:    const Lexer lexer = Lexer(ph);
call    0 returned 34
branch  1 taken 34 (fallthrough)
branch  2 taken 0 (throw)
       34:   98:    auto tokens = lexer.tokenise();
       34:   98-block  0
call    0 returned 34
branch  1 taken 34 (fallthrough)
branch  2 taken 0 (throw)
      34*:   99:    ASSERT_EQ(tokens.size(), 2);
       34:   99-block  0
call    0 returned 34
call    1 returned 34
branch  2 taken 34 (fallthrough)
branch  3 taken 0 (throw)
       34:   99-block  1
call    4 returned 34
branch  5 taken 0 (fallthrough)
branch  6 taken 34
    %%%%%:   99-block  2
call    7 never executed
branch  8 never executed (fallthrough)
branch  9 never executed (throw)
    %%%%%:   99-block  3
call   10 never executed
call   11 never executed
branch 12 never executed (fallthrough)
branch 13 never executed (throw)
    %%%%%:   99-block  4
call   14 never executed
branch 15 never executed (fallthrough)
branch 16 never executed (throw)
    %%%%%:   99-block  5
call   17 never executed
call   18 never executed
       34:   99-block  6
       34:   99-block  7
call   19 returned 34
branch 20 taken 34 (fallthrough)
branch 21 taken 0
       34:   99-block  8
    $$$$$:   99-block  9
    $$$$$:   99-block 10
    $$$$$:   99-block 11
call   22 never executed
    $$$$$:   99-block 12
    $$$$$:   99-block 13
call   23 never executed
    $$$$$:   99-block 14
    $$$$$:   99-block 15
call   24 never executed
       34:  100:    const auto& line = tokens.at(0);
       34:  100-block  0
call    0 returned 34
branch  1 taken 34 (fallthrough)
branch  2 taken 0 (throw)
    $$$$$:  100-block  1
      34*:  101:    ASSERT_EQ(line.size(), 4);
       34:  101-block  0
call    0 returned 34
call    1 returned 34
branch  2 taken 34 (fallthrough)
branch  3 taken 0 (throw)
       34:  101-block  1
call    4 returned 34
branch  5 taken 0 (fallthrough)
branch  6 taken 34
    %%%%%:  101-block  2
call    7 never executed
branch  8 never executed (fallthrough)
branch  9 never executed (throw)
    %%%%%:  101-block  3
call   10 never executed
call   11 never executed
branch 12 never executed (fallthrough)
branch 13 never executed (throw)
    %%%%%:  101-block  4
call   14 never executed
branch 15 never executed (fallthrough)
branch 16 never executed (throw)
    %%%%%:  101-block  5
call   17 never executed
call   18 never executed
       34:  101-block  6
       34:  101-block  7
call   19 returned 34
branch 20 taken 34 (fallthrough)
branch 21 taken 0
       34:  101-block  8
    $$$$$:  101-block  9
    $$$$$:  101-block 10
    $$$$$:  101-block 11
call   22 never executed
    $$$$$:  101-block 12
    $$$$$:  101-block 13
call   23 never executed
    $$$$$:  101-block 14
    $$$$$:  101-block 15
call   24 never executed
        -:  102:
      34*:  103:    EXPECT_EQ(line[0].getType(), TokenType::IDENTIFIER);
       34:  103-block  0
call    0 returned 34
call    1 returned 34
branch  2 taken 34 (fallthrough)
branch  3 taken 0 (throw)
       34:  103-block  1
call    4 returned 34
branch  5 taken 34 (fallthrough)
branch  6 taken 0 (throw)
       34:  103-block  2
call    7 returned 34
branch  8 taken 0 (fallthrough)
branch  9 taken 34
    %%%%%:  103-block  3
call   10 never executed
branch 11 never executed (fallthrough)
branch 12 never executed (throw)
    %%%%%:  103-block  4
call   13 never executed
call   14 never executed
branch 15 never executed (fallthrough)
branch 16 never executed (throw)
    %%%%%:  103-block  5
call   17 never executed
branch 18 never executed (fallthrough)
branch 19 never executed (throw)
    %%%%%:  103-block  6
call   20 never executed
call   21 never executed
       34:  103-block  7
call   22 returned 34
    $$$$$:  103-block  8
    $$$$$:  103-block  9
    $$$$$:  103-block 10
call   23 never executed
    $$$$$:  103-block 11
    $$$$$:  103-block 12
call   24 never executed
    $$$$$:  103-block 13
    $$$$$:  103-block 14
call   25 never executed
      34*:  104:    EXPECT_EQ(std::get<std::string>(line[0].getValue()), "x");
call    0 returned 34
call    1 returned 34
branch  2 taken 34 (fallthrough)
branch  3 taken 0 (throw)
       34:  104-block  0
call    4 returned 34
branch  5 taken 34 (fallthrough)
branch  6 taken 0 (throw)
       34:  104-block  1
call    7 returned 34
branch  8 taken 34 (fallthrough)
branch  9 taken 0 (throw)
       34:  104-block  2
call   10 returned 34
call   11 returned 34
branch 12 taken 0 (fallthrough)
branch 13 taken 34
    %%%%%:  104-block  3
call   14 never executed
branch 15 never executed (fallthrough)
branch 16 never executed (throw)
    %%%%%:  104-block  4
call   17 never executed
call   18 never executed
branch 19 never executed (fallthrough)
branch 20 never executed (throw)
    %%%%%:  104-block  5
call   21 never executed
branch 22 never executed (fallthrough)
branch 23 never executed (throw)
    %%%%%:  104-block  6
call   24 never executed
call   25 never executed
       34:  104-block  7
call   26 returned 34
    $$$$$:  104-block  8
call   27 never executed
    $$$$$:  104-block  9
    $$$$$:  104-block 10
call   28 never executed
    $$$$$:  104-block 11
    $$$$$:  104-block 12
call   29 never executed
    $$$$$:  104-block 13
    $$$$$:  104-block 14
call   30 never executed
        -:  105:
      34*:  106:    EXPECT_EQ(line[1].getType(), TokenType::MINUS);
call    0 returned 34
call    1 returned 34
branch  2 taken 34 (fallthrough)
branch  3 taken 0 (throw)
       34:  106-block  0
call    4 returned 34
branch  5 taken 34 (fallthrough)
branch  6 taken 0 (throw)
       34:  106-block  1
call    7 returned 34
branch  8 taken 0 (fallthrough)
branch  9 taken 34
    %%%%%:  106-block  2
call   10 never executed
branch 11 never executed (fallthrough)
branch 12 never executed (throw)
    %%%%%:  106-block  3
call   13 never executed
call   14 never executed
branch 15 never executed (fallthrough)
branch 16 never executed (throw)
    %%%%%:  106-block  4
call   17 never executed
branch 18 never executed (fallthrough)
branch 19 never executed (throw)
    %%%%%:  106-block  5
call   20 never executed
call   21 never executed
       34:  106-block  6
call   22 returned 34
    $$$$$:  106-block  7
    $$$$$:  106-block  8
    $$$$$:  106-block  9
call   23 never executed
    $$$$$:  106-block 10
    $$$$$:  106-block 11
call   24 never executed
    $$$$$:  106-block 12
    $$$$$:  106-block 13
call   25 never executed
        -:  107:
      34*:  108:    EXPECT_EQ(line[2].getType(), TokenType::INT);
call    0 returned 34
call    1 returned 34
branch  2 taken 34 (fallthrough)
branch  3 taken 0 (throw)
       34:  108-block  0
call    4 returned 34
branch  5 taken 34 (fallthrough)
branch  6 taken 0 (throw)
       34:  108-block  1
call    7 returned 34
branch  8 taken 0 (fallthrough)
branch  9 taken 34
    %%%%%:  108-block  2
call   10 never executed
branch 11 never executed (fallthrough)
branch 12 never executed (throw)
    %%%%%:  108-block  3
call   13 never executed
call   14 never executed
branch 15 never executed (fallthrough)
branch 16 never executed (throw)
    %%%%%:  108-block  4
call   17 never executed
branch 18 never executed (fallthrough)
branch 19 never executed (throw)
    %%%%%:  108-block  5
call   20 never executed
call   21 never executed
       34:  108-block  6
call   22 returned 34
    $$$$$:  108-block  7
    $$$$$:  108-block  8
    $$$$$:  108-block  9
call   23 never executed
    $$$$$:  108-block 10
    $$$$$:  108-block 11
call   24 never executed
    $$$$$:  108-block 12
    $$$$$:  108-block 13
call   25 never executed
      34*:  109:    EXPECT_EQ(std::get<int>(line[2].getValue()), 7);
call    0 returned 34
call    1 returned 34
branch  2 taken 34 (fallthrough)
branch  3 taken 0 (throw)
       34:  109-block  0
call    4 returned 34
branch  5 taken 34 (fallthrough)
branch  6 taken 0 (throw)
       34:  109-block  1
call    7 returned 34
branch  8 taken 34 (fallthrough)
branch  9 taken 0 (throw)
       34:  109-block  2
call   10 returned 34
call   11 returned 34
branch 12 taken 0 (fallthrough)
branch 13 taken 34
    %%%%%:  109-block  3
call   14 never executed
branch 15 never executed (fallthrough)
branch 16 never executed (throw)
    %%%%%:  109-block  4
call   17 never executed
call   18 never executed
branch 19 never executed (fallthrough)
branch 20 never executed (throw)
    %%%%%:  109-block  5
call   21 never executed
branch 22 never executed (fallthrough)
branch 23 never executed (throw)
    %%%%%:  109-block  6
call   24 never executed
call   25 never executed
       34:  109-block  7
call   26 returned 34
    $$$$$:  109-block  8
call   27 never executed
    $$$$$:  109-block  9
    $$$$$:  109-block 10
    $$$$$:  109-block 11
call   28 never executed
    $$$$$:  109-block 12
    $$$$$:  109-block 13
call   29 never executed
    $$$$$:  109-block 14
    $$$$$:  109-block 15
call   30 never executed
        -:  110:
      34*:  111:    EXPECT_EQ(line[3].getType(), TokenType::EOL);
call    0 returned 34
call    1 returned 34
branch  2 taken 34 (fallthrough)
branch  3 taken 0 (throw)
       34:  111-block  0
call    4 returned 34
branch  5 taken 34 (fallthrough)
branch  6 taken 0 (throw)
       34:  111-block  1
call    7 returned 34
branch  8 taken 0 (fallthrough)
branch  9 taken 34
    %%%%%:  111-block  2
call   10 never executed
branch 11 never executed (fallthrough)
branch 12 never executed (throw)
    %%%%%:  111-block  3
call   13 never executed
call   14 never executed
branch 15 never executed (fallthrough)
branch 16 never executed (throw)
    %%%%%:  111-block  4
call   17 never executed
branch 18 never executed (fallthrough)
branch 19 never executed (throw)
    %%%%%:  111-block  5
call   20 never executed
call   21 never executed
       34:  111-block  6
call   22 returned 34
    $$$$$:  111-block  7
    $$$$$:  111-block  8
    $$$$$:  111-block  9
call   23 never executed
    $$$$$:  111-block 10
    $$$$$:  111-block 11
call   24 never executed
    $$$$$:  111-block 12
    $$$$$:  111-block 13
call   25 never executed
       34:  112:}
       34:  112-block  0
call    0 returned 34
branch  1 taken 34 (fallthrough)
branch  2 taken 0
       34:  112-block  1
       34:  112-block  2
call    3 returned 34
branch  4 taken 34 (fallthrough)
branch  5 taken 0
       34:  112-block  3
       34:  112-block  4
call    6 returned 34
branch  7 taken 34 (fallthrough)
branch  8 taken 0
    $$$$$:  112-block  5
call    9 never executed
    $$$$$:  112-block  6
call   10 never executed
    $$$$$:  112-block  7
call   11 never executed
------------------
_ZN36LexerTest_TokenizeCommentedLine_Test13AddToRegistryEv:
function _ZN36LexerTest_TokenizeCommentedLine_Test13AddToRegistryEv called 1 returned 100% blocks executed 53%
        5:   94:TEST_P(LexerTest, TokenizeCommentedLine) {
        1:   94-block  0
call    0 returned 1
call    1 returned 1
        1:   94-block  1
call    2 returned 1
branch  3 taken 1 (fallthrough)
branch  4 taken 0 (throw)
        1:   94-block  2
call    5 returned 1
branch  6 taken 1 (fallthrough)
branch  7 taken 0 (throw)
        1:   94-block  3
call    8 returned 1
branch  9 taken 1 (fallthrough)
branch 10 taken 0 (throw)
        1:   94-block  4
        1:   94-block  5
call   11 returned 1
branch 12 taken 1 (fallthrough)
branch 13 taken 0 (throw)
        1:   94-block  6
call   14 returned 1
branch 15 taken 1 (fallthrough)
branch 16 taken 0 (throw)
        1:   94-block  7
call   17 returned 1
branch 18 taken 1 (fallthrough)
branch 19 taken 0 (throw)
        1:   94-block  8
call   20 returned 1
call   21 returned 1
branch 22 taken 1 (fallthrough)
branch 23 taken 0 (throw)
        1:   94-block  9
call   24 returned 1
call   25 returned 1
call   26 returned 1
call   27 returned 1
        1:   94-block 10
    $$$$$:   94-block 11
branch 28 never executed (fallthrough)
branch 29 never executed
    $$$$$:   94-block 12
call   30 never executed
    $$$$$:   94-block 13
call   31 never executed
    $$$$$:   94-block 14
call   32 never executed
    $$$$$:   94-block 15
    $$$$$:   94-block 16
    $$$$$:   94-block 17
    $$$$$:   94-block 18
call   33 never executed
    $$$$$:   94-block 19
call   34 never executed
    $$$$$:   94-block 20
    $$$$$:   94-block 21
------------------
_ZN36LexerTest_TokenizeCommentedLine_TestC1Ev:
function _ZN36LexerTest_TokenizeCommentedLine_TestC1Ev called 34 returned 100% blocks executed 100%
       34:   94:TEST_P(LexerTest, TokenizeCommentedLine) {
       34:   94-block  0
call    0 returned 34
------------------
        -:  113:
       73:  114:TEST_P(LexerTest, MakeNumberTokenFail) {
       68:  115:    std::istringstream stream("5.5.5");
       34:  116:    PositionHandler ph("mock.vis", stream);
       34:  117:    const Lexer lexer = Lexer(ph);
      34*:  118:    EXPECT_THROW(lexer.tokenise(), IllegalCharError);
       34:  119:}
------------------
_ZN34LexerTest_MakeNumberTokenFail_Test8TestBodyEv:
function _ZN34LexerTest_MakeNumberTokenFail_Test8TestBodyEv called 34 returned 100% blocks executed 33%
       34:  114:TEST_P(LexerTest, MakeNumberTokenFail) {
       34:  114-block  0
       68:  115:    std::istringstream stream("5.5.5");
       34:  115-block  0
call    0 returned 34
branch  1 taken 34 (fallthrough)
branch  2 taken 0 (throw)
       34:  115-block  1
call    3 returned 34
branch  4 taken 34 (fallthrough)
branch  5 taken 0 (throw)
       34:  115-block  2
call    6 returned 34
    $$$$$:  115-block  3
call    7 never executed
    $$$$$:  115-block  4
    $$$$$:  115-block  5
       34:  116:    PositionHandler ph("mock.vis", stream);
       34:  116-block  0
call    0 returned 34
branch  1 taken 34 (fallthrough)
branch  2 taken 0 (throw)
       34:  116-block  1
call    3 returned 34
branch  4 taken 34 (fallthrough)
branch  5 taken 0 (throw)
       34:  116-block  2
call    6 returned 34
    $$$$$:  116-block  3
call    7 never executed
    $$$$$:  116-block  4
    $$$$$:  116-block  5
       34:  117:    const Lexer lexer = Lexer(ph);
call    0 returned 34
branch  1 taken 34 (fallthrough)
branch  2 taken 0 (throw)
      34*:  118:    EXPECT_THROW(lexer.tokenise(), IllegalCharError);
       34:  118-block  0
call    0 returned 34
call    1 returned 34
branch  2 taken 34 (fallthrough)
branch  3 taken 0
       34:  118-block  1
call    4 returned 34
branch  5 taken 34 (fallthrough)
branch  6 taken 0 (throw)
       34:  118-block  2
branch  7 taken 34 (fallthrough)
branch  8 taken 0
       34:  118-block  3
call    9 returned 34
branch 10 taken 0 (fallthrough)
branch 11 taken 34 (throw)
    %%%%%:  118-block  4
call   12 never executed
       34:  118-block  5
branch 13 taken 0 (fallthrough)
branch 14 taken 34
    %%%%%:  118-block  6
call   15 never executed
branch 16 never executed (fallthrough)
branch 17 never executed (throw)
    %%%%%:  118-block  7
    %%%%%:  118-block  8
call   18 never executed
branch 19 never executed (fallthrough)
branch 20 never executed (throw)
    %%%%%:  118-block  9
call   21 never executed
call   22 never executed
branch 23 never executed (fallthrough)
branch 24 never executed (throw)
    %%%%%:  118-block 10
call   25 never executed
branch 26 never executed (fallthrough)
branch 27 never executed (throw)
    %%%%%:  118-block 11
call   28 never executed
call   29 never executed
       34:  118-block 12
call   30 returned 34
       34:  118-block 13
       34:  118-block 14
branch 31 taken 34
branch 32 taken 0
branch 33 taken 0
       34:  118-block 15
call   34 returned 34
call   35 returned 34
branch 36 taken 34 (fallthrough)
branch 37 taken 0 (throw)
    $$$$$:  118-block 16
call   38 never executed
call   39 never executed
branch 40 never executed (fallthrough)
branch 41 never executed (throw)
    $$$$$:  118-block 17
call   42 never executed
branch 43 never executed (fallthrough)
branch 44 never executed (throw)
    $$$$$:  118-block 18
call   45 never executed
branch 46 never executed (fallthrough)
branch 47 never executed (throw)
    $$$$$:  118-block 19
call   48 never executed
call   49 never executed
branch 50 never executed (fallthrough)
branch 51 never executed (throw)
    $$$$$:  118-block 20
call   52 never executed
call   53 never executed
branch 54 never executed (fallthrough)
branch 55 never executed (throw)
    $$$$$:  118-block 21
call   56 never executed
branch 57 never executed (fallthrough)
branch 58 never executed (throw)
    $$$$$:  118-block 22
    $$$$$:  118-block 23
call   59 never executed
    $$$$$:  118-block 24
call   60 never executed
call   61 never executed
branch 62 never executed (fallthrough)
branch 63 never executed (throw)
    $$$$$:  118-block 25
    $$$$$:  118-block 26
call   64 never executed
branch 65 never executed (fallthrough)
branch 66 never executed (throw)
    $$$$$:  118-block 27
call   67 never executed
    $$$$$:  118-block 28
    $$$$$:  118-block 29
call   68 never executed
    $$$$$:  118-block 30
call   69 never executed
    $$$$$:  118-block 31
call   70 never executed
    $$$$$:  118-block 32
    $$$$$:  118-block 33
call   71 never executed
    $$$$$:  118-block 34
    $$$$$:  118-block 35
call   72 never executed
       34:  119:}
call    0 returned 34
call    1 returned 34
    $$$$$:  119-block  0
call    2 never executed
    $$$$$:  119-block  1
call    3 never executed
------------------
_ZN34LexerTest_MakeNumberTokenFail_Test13AddToRegistryEv:
function _ZN34LexerTest_MakeNumberTokenFail_Test13AddToRegistryEv called 1 returned 100% blocks executed 53%
        5:  114:TEST_P(LexerTest, MakeNumberTokenFail) {
        1:  114-block  0
call    0 returned 1
call    1 returned 1
        1:  114-block  1
call    2 returned 1
branch  3 taken 1 (fallthrough)
branch  4 taken 0 (throw)
        1:  114-block  2
call    5 returned 1
branch  6 taken 1 (fallthrough)
branch  7 taken 0 (throw)
        1:  114-block  3
call    8 returned 1
branch  9 taken 1 (fallthrough)
branch 10 taken 0 (throw)
        1:  114-block  4
        1:  114-block  5
call   11 returned 1
branch 12 taken 1 (fallthrough)
branch 13 taken 0 (throw)
        1:  114-block  6
call   14 returned 1
branch 15 taken 1 (fallthrough)
branch 16 taken 0 (throw)
        1:  114-block  7
call   17 returned 1
branch 18 taken 1 (fallthrough)
branch 19 taken 0 (throw)
        1:  114-block  8
call   20 returned 1
call   21 returned 1
branch 22 taken 1 (fallthrough)
branch 23 taken 0 (throw)
        1:  114-block  9
call   24 returned 1
call   25 returned 1
call   26 returned 1
call   27 returned 1
        1:  114-block 10
    $$$$$:  114-block 11
branch 28 never executed (fallthrough)
branch 29 never executed
    $$$$$:  114-block 12
call   30 never executed
    $$$$$:  114-block 13
call   31 never executed
    $$$$$:  114-block 14
call   32 never executed
    $$$$$:  114-block 15
    $$$$$:  114-block 16
    $$$$$:  114-block 17
    $$$$$:  114-block 18
call   33 never executed
    $$$$$:  114-block 19
call   34 never executed
    $$$$$:  114-block 20
    $$$$$:  114-block 21
------------------
_ZN34LexerTest_MakeNumberTokenFail_TestC1Ev:
function _ZN34LexerTest_MakeNumberTokenFail_TestC1Ev called 34 returned 100% blocks executed 100%
       34:  114:TEST_P(LexerTest, MakeNumberTokenFail) {
       34:  114-block  0
call    0 returned 34
------------------
        -:  120:
       73:  121:TEST_P(LexerTest, MakeStringTokenFail) {
       68:  122:    std::istringstream stream("\"testString");
       34:  123:    PositionHandler ph("mock.vis", stream);
       34:  124:    const Lexer lexer = Lexer(ph);
      34*:  125:    EXPECT_THROW(lexer.tokenise(), InvalidSyntaxError);
       34:  126:}
------------------
_ZN34LexerTest_MakeStringTokenFail_Test8TestBodyEv:
function _ZN34LexerTest_MakeStringTokenFail_Test8TestBodyEv called 34 returned 100% blocks executed 33%
       34:  121:TEST_P(LexerTest, MakeStringTokenFail) {
       34:  121-block  0
       68:  122:    std::istringstream stream("\"testString");
       34:  122-block  0
call    0 returned 34
branch  1 taken 34 (fallthrough)
branch  2 taken 0 (throw)
       34:  122-block  1
call    3 returned 34
branch  4 taken 34 (fallthrough)
branch  5 taken 0 (throw)
       34:  122-block  2
call    6 returned 34
    $$$$$:  122-block  3
call    7 never executed
    $$$$$:  122-block  4
    $$$$$:  122-block  5
       34:  123:    PositionHandler ph("mock.vis", stream);
       34:  123-block  0
call    0 returned 34
branch  1 taken 34 (fallthrough)
branch  2 taken 0 (throw)
       34:  123-block  1
call    3 returned 34
branch  4 taken 34 (fallthrough)
branch  5 taken 0 (throw)
       34:  123-block  2
call    6 returned 34
    $$$$$:  123-block  3
call    7 never executed
    $$$$$:  123-block  4
    $$$$$:  123-block  5
       34:  124:    const Lexer lexer = Lexer(ph);
call    0 returned 34
branch  1 taken 34 (fallthrough)
branch  2 taken 0 (throw)
      34*:  125:    EXPECT_THROW(lexer.tokenise(), InvalidSyntaxError);
       34:  125-block  0
call    0 returned 34
call    1 returned 34
branch  2 taken 34 (fallthrough)
branch  3 taken 0
       34:  125-block  1
call    4 returned 34
branch  5 taken 34 (fallthrough)
branch  6 taken 0 (throw)
       34:  125-block  2
branch  7 taken 34 (fallthrough)
branch  8 taken 0
       34:  125-block  3
call    9 returned 34
branch 10 taken 0 (fallthrough)
branch 11 taken 34 (throw)
    %%%%%:  125-block  4
call   12 never executed
       34:  125-block  5
branch 13 taken 0 (fallthrough)
branch 14 taken 34
    %%%%%:  125-block  6
call   15 never executed
branch 16 never executed (fallthrough)
branch 17 never executed (throw)
    %%%%%:  125-block  7
    %%%%%:  125-block  8
call   18 never executed
branch 19 never executed (fallthrough)
branch 20 never executed (throw)
    %%%%%:  125-block  9
call   21 never executed
call   22 never executed
branch 23 never executed (fallthrough)
branch 24 never executed (throw)
    %%%%%:  125-block 10
call   25 never executed
branch 26 never executed (fallthrough)
branch 27 never executed (throw)
    %%%%%:  125-block 11
call   28 never executed
call   29 never executed
       34:  125-block 12
call   30 returned 34
       34:  125-block 13
       34:  125-block 14
branch 31 taken 34
branch 32 taken 0
branch 33 taken 0
       34:  125-block 15
call   34 returned 34
call   35 returned 34
branch 36 taken 34 (fallthrough)
branch 37 taken 0 (throw)
    $$$$$:  125-block 16
call   38 never executed
call   39 never executed
branch 40 never executed (fallthrough)
branch 41 never executed (throw)
    $$$$$:  125-block 17
call   42 never executed
branch 43 never executed (fallthrough)
branch 44 never executed (throw)
    $$$$$:  125-block 18
call   45 never executed
branch 46 never executed (fallthrough)
branch 47 never executed (throw)
    $$$$$:  125-block 19
call   48 never executed
call   49 never executed
branch 50 never executed (fallthrough)
branch 51 never executed (throw)
    $$$$$:  125-block 20
call   52 never executed
call   53 never executed
branch 54 never executed (fallthrough)
branch 55 never executed (throw)
    $$$$$:  125-block 21
call   56 never executed
branch 57 never executed (fallthrough)
branch 58 never executed (throw)
    $$$$$:  125-block 22
    $$$$$:  125-block 23
call   59 never executed
    $$$$$:  125-block 24
call   60 never executed
call   61 never executed
branch 62 never executed (fallthrough)
branch 63 never executed (throw)
    $$$$$:  125-block 25
    $$$$$:  125-block 26
call   64 never executed
branch 65 never executed (fallthrough)
branch 66 never executed (throw)
    $$$$$:  125-block 27
call   67 never executed
    $$$$$:  125-block 28
    $$$$$:  125-block 29
call   68 never executed
    $$$$$:  125-block 30
call   69 never executed
    $$$$$:  125-block 31
call   70 never executed
    $$$$$:  125-block 32
    $$$$$:  125-block 33
call   71 never executed
    $$$$$:  125-block 34
    $$$$$:  125-block 35
call   72 never executed
       34:  126:}
call    0 returned 34
call    1 returned 34
    $$$$$:  126-block  0
call    2 never executed
    $$$$$:  126-block  1
call    3 never executed
------------------
_ZN34LexerTest_MakeStringTokenFail_Test13AddToRegistryEv:
function _ZN34LexerTest_MakeStringTokenFail_Test13AddToRegistryEv called 1 returned 100% blocks executed 53%
        5:  121:TEST_P(LexerTest, MakeStringTokenFail) {
        1:  121-block  0
call    0 returned 1
call    1 returned 1
        1:  121-block  1
call    2 returned 1
branch  3 taken 1 (fallthrough)
branch  4 taken 0 (throw)
        1:  121-block  2
call    5 returned 1
branch  6 taken 1 (fallthrough)
branch  7 taken 0 (throw)
        1:  121-block  3
call    8 returned 1
branch  9 taken 1 (fallthrough)
branch 10 taken 0 (throw)
        1:  121-block  4
        1:  121-block  5
call   11 returned 1
branch 12 taken 1 (fallthrough)
branch 13 taken 0 (throw)
        1:  121-block  6
call   14 returned 1
branch 15 taken 1 (fallthrough)
branch 16 taken 0 (throw)
        1:  121-block  7
call   17 returned 1
branch 18 taken 1 (fallthrough)
branch 19 taken 0 (throw)
        1:  121-block  8
call   20 returned 1
call   21 returned 1
branch 22 taken 1 (fallthrough)
branch 23 taken 0 (throw)
        1:  121-block  9
call   24 returned 1
call   25 returned 1
call   26 returned 1
call   27 returned 1
        1:  121-block 10
    $$$$$:  121-block 11
branch 28 never executed (fallthrough)
branch 29 never executed
    $$$$$:  121-block 12
call   30 never executed
    $$$$$:  121-block 13
call   31 never executed
    $$$$$:  121-block 14
call   32 never executed
    $$$$$:  121-block 15
    $$$$$:  121-block 16
    $$$$$:  121-block 17
    $$$$$:  121-block 18
call   33 never executed
    $$$$$:  121-block 19
call   34 never executed
    $$$$$:  121-block 20
    $$$$$:  121-block 21
------------------
_ZN34LexerTest_MakeStringTokenFail_TestC1Ev:
function _ZN34LexerTest_MakeStringTokenFail_TestC1Ev called 34 returned 100% blocks executed 100%
       34:  121:TEST_P(LexerTest, MakeStringTokenFail) {
       34:  121-block  0
call    0 returned 34
------------------
        -:  127:
       73:  128:TEST_P(LexerTest, MakeNotEqualsTokenFail) {
       68:  129:    std::istringstream stream("!");
       34:  130:    PositionHandler ph("mock.vis", stream);
       34:  131:    const Lexer lexer = Lexer(ph);
      34*:  132:    EXPECT_THROW(lexer.tokenise(), ExpectedCharError);
       34:  133:}
------------------
_ZN37LexerTest_MakeNotEqualsTokenFail_Test8TestBodyEv:
function _ZN37LexerTest_MakeNotEqualsTokenFail_Test8TestBodyEv called 34 returned 100% blocks executed 33%
       34:  128:TEST_P(LexerTest, MakeNotEqualsTokenFail) {
       34:  128-block  0
       68:  129:    std::istringstream stream("!");
       34:  129-block  0
call    0 returned 34
branch  1 taken 34 (fallthrough)
branch  2 taken 0 (throw)
       34:  129-block  1
call    3 returned 34
branch  4 taken 34 (fallthrough)
branch  5 taken 0 (throw)
       34:  129-block  2
call    6 returned 34
    $$$$$:  129-block  3
call    7 never executed
    $$$$$:  129-block  4
    $$$$$:  129-block  5
       34:  130:    PositionHandler ph("mock.vis", stream);
       34:  130-block  0
call    0 returned 34
branch  1 taken 34 (fallthrough)
branch  2 taken 0 (throw)
       34:  130-block  1
call    3 returned 34
branch  4 taken 34 (fallthrough)
branch  5 taken 0 (throw)
       34:  130-block  2
call    6 returned 34
    $$$$$:  130-block  3
call    7 never executed
    $$$$$:  130-block  4
    $$$$$:  130-block  5
       34:  131:    const Lexer lexer = Lexer(ph);
call    0 returned 34
branch  1 taken 34 (fallthrough)
branch  2 taken 0 (throw)
      34*:  132:    EXPECT_THROW(lexer.tokenise(), ExpectedCharError);
       34:  132-block  0
call    0 returned 34
call    1 returned 34
branch  2 taken 34 (fallthrough)
branch  3 taken 0
       34:  132-block  1
call    4 returned 34
branch  5 taken 34 (fallthrough)
branch  6 taken 0 (throw)
       34:  132-block  2
branch  7 taken 34 (fallthrough)
branch  8 taken 0
       34:  132-block  3
call    9 returned 34
branch 10 taken 0 (fallthrough)
branch 11 taken 34 (throw)
    %%%%%:  132-block  4
call   12 never executed
       34:  132-block  5
branch 13 taken 0 (fallthrough)
branch 14 taken 34
    %%%%%:  132-block  6
call   15 never executed
branch 16 never executed (fallthrough)
branch 17 never executed (throw)
    %%%%%:  132-block  7
    %%%%%:  132-block  8
call   18 never executed
branch 19 never executed (fallthrough)
branch 20 never executed (throw)
    %%%%%:  132-block  9
call   21 never executed
call   22 never executed
branch 23 never executed (fallthrough)
branch 24 never executed (throw)
    %%%%%:  132-block 10
call   25 never executed
branch 26 never executed (fallthrough)
branch 27 never executed (throw)
    %%%%%:  132-block 11
call   28 never executed
call   29 never executed
       34:  132-block 12
call   30 returned 34
       34:  132-block 13
       34:  132-block 14
branch 31 taken 34
branch 32 taken 0
branch 33 taken 0
       34:  132-block 15
call   34 returned 34
call   35 returned 34
branch 36 taken 34 (fallthrough)
branch 37 taken 0 (throw)
    $$$$$:  132-block 16
call   38 never executed
call   39 never executed
branch 40 never executed (fallthrough)
branch 41 never executed (throw)
    $$$$$:  132-block 17
call   42 never executed
branch 43 never executed (fallthrough)
branch 44 never executed (throw)
    $$$$$:  132-block 18
call   45 never executed
branch 46 never executed (fallthrough)
branch 47 never executed (throw)
    $$$$$:  132-block 19
call   48 never executed
call   49 never executed
branch 50 never executed (fallthrough)
branch 51 never executed (throw)
    $$$$$:  132-block 20
call   52 never executed
call   53 never executed
branch 54 never executed (fallthrough)
branch 55 never executed (throw)
    $$$$$:  132-block 21
call   56 never executed
branch 57 never executed (fallthrough)
branch 58 never executed (throw)
    $$$$$:  132-block 22
    $$$$$:  132-block 23
call   59 never executed
    $$$$$:  132-block 24
call   60 never executed
call   61 never executed
branch 62 never executed (fallthrough)
branch 63 never executed (throw)
    $$$$$:  132-block 25
    $$$$$:  132-block 26
call   64 never executed
branch 65 never executed (fallthrough)
branch 66 never executed (throw)
    $$$$$:  132-block 27
call   67 never executed
    $$$$$:  132-block 28
    $$$$$:  132-block 29
call   68 never executed
    $$$$$:  132-block 30
call   69 never executed
    $$$$$:  132-block 31
call   70 never executed
    $$$$$:  132-block 32
    $$$$$:  132-block 33
call   71 never executed
    $$$$$:  132-block 34
    $$$$$:  132-block 35
call   72 never executed
       34:  133:}
call    0 returned 34
call    1 returned 34
    $$$$$:  133-block  0
call    2 never executed
    $$$$$:  133-block  1
call    3 never executed
------------------
_ZN37LexerTest_MakeNotEqualsTokenFail_Test13AddToRegistryEv:
function _ZN37LexerTest_MakeNotEqualsTokenFail_Test13AddToRegistryEv called 1 returned 100% blocks executed 53%
        5:  128:TEST_P(LexerTest, MakeNotEqualsTokenFail) {
        1:  128-block  0
call    0 returned 1
call    1 returned 1
        1:  128-block  1
call    2 returned 1
branch  3 taken 1 (fallthrough)
branch  4 taken 0 (throw)
        1:  128-block  2
call    5 returned 1
branch  6 taken 1 (fallthrough)
branch  7 taken 0 (throw)
        1:  128-block  3
call    8 returned 1
branch  9 taken 1 (fallthrough)
branch 10 taken 0 (throw)
        1:  128-block  4
        1:  128-block  5
call   11 returned 1
branch 12 taken 1 (fallthrough)
branch 13 taken 0 (throw)
        1:  128-block  6
call   14 returned 1
branch 15 taken 1 (fallthrough)
branch 16 taken 0 (throw)
        1:  128-block  7
call   17 returned 1
branch 18 taken 1 (fallthrough)
branch 19 taken 0 (throw)
        1:  128-block  8
call   20 returned 1
call   21 returned 1
branch 22 taken 1 (fallthrough)
branch 23 taken 0 (throw)
        1:  128-block  9
call   24 returned 1
call   25 returned 1
call   26 returned 1
call   27 returned 1
        1:  128-block 10
    $$$$$:  128-block 11
branch 28 never executed (fallthrough)
branch 29 never executed
    $$$$$:  128-block 12
call   30 never executed
    $$$$$:  128-block 13
call   31 never executed
    $$$$$:  128-block 14
call   32 never executed
    $$$$$:  128-block 15
    $$$$$:  128-block 16
    $$$$$:  128-block 17
    $$$$$:  128-block 18
call   33 never executed
    $$$$$:  128-block 19
call   34 never executed
    $$$$$:  128-block 20
    $$$$$:  128-block 21
------------------
_ZN37LexerTest_MakeNotEqualsTokenFail_TestC1Ev:
function _ZN37LexerTest_MakeNotEqualsTokenFail_TestC1Ev called 34 returned 100% blocks executed 100%
       34:  128:TEST_P(LexerTest, MakeNotEqualsTokenFail) {
       34:  128-block  0
call    0 returned 34
------------------
        -:  134:
       73:  135:TEST_P(LexerTest, TokenizeUnrecognisedChar) {
       68:  136:    std::istringstream stream("|");
       34:  137:    PositionHandler ph("mock.vis", stream);
       34:  138:    const Lexer lexer = Lexer(ph);
      34*:  139:    EXPECT_THROW(lexer.tokenise(), IllegalCharError);
        -:  140:
       34:  141:}
------------------
_ZN39LexerTest_TokenizeUnrecognisedChar_Test8TestBodyEv:
function _ZN39LexerTest_TokenizeUnrecognisedChar_Test8TestBodyEv called 34 returned 100% blocks executed 33%
       34:  135:TEST_P(LexerTest, TokenizeUnrecognisedChar) {
       34:  135-block  0
       68:  136:    std::istringstream stream("|");
       34:  136-block  0
call    0 returned 34
branch  1 taken 34 (fallthrough)
branch  2 taken 0 (throw)
       34:  136-block  1
call    3 returned 34
branch  4 taken 34 (fallthrough)
branch  5 taken 0 (throw)
       34:  136-block  2
call    6 returned 34
    $$$$$:  136-block  3
call    7 never executed
    $$$$$:  136-block  4
    $$$$$:  136-block  5
       34:  137:    PositionHandler ph("mock.vis", stream);
       34:  137-block  0
call    0 returned 34
branch  1 taken 34 (fallthrough)
branch  2 taken 0 (throw)
       34:  137-block  1
call    3 returned 34
branch  4 taken 34 (fallthrough)
branch  5 taken 0 (throw)
       34:  137-block  2
call    6 returned 34
    $$$$$:  137-block  3
call    7 never executed
    $$$$$:  137-block  4
    $$$$$:  137-block  5
       34:  138:    const Lexer lexer = Lexer(ph);
call    0 returned 34
branch  1 taken 34 (fallthrough)
branch  2 taken 0 (throw)
      34*:  139:    EXPECT_THROW(lexer.tokenise(), IllegalCharError);
       34:  139-block  0
call    0 returned 34
call    1 returned 34
branch  2 taken 34 (fallthrough)
branch  3 taken 0
       34:  139-block  1
call    4 returned 34
branch  5 taken 34 (fallthrough)
branch  6 taken 0 (throw)
       34:  139-block  2
branch  7 taken 34 (fallthrough)
branch  8 taken 0
       34:  139-block  3
call    9 returned 34
branch 10 taken 0 (fallthrough)
branch 11 taken 34 (throw)
    %%%%%:  139-block  4
call   12 never executed
       34:  139-block  5
branch 13 taken 0 (fallthrough)
branch 14 taken 34
    %%%%%:  139-block  6
call   15 never executed
branch 16 never executed (fallthrough)
branch 17 never executed (throw)
    %%%%%:  139-block  7
    %%%%%:  139-block  8
call   18 never executed
branch 19 never executed (fallthrough)
branch 20 never executed (throw)
    %%%%%:  139-block  9
call   21 never executed
call   22 never executed
branch 23 never executed (fallthrough)
branch 24 never executed (throw)
    %%%%%:  139-block 10
call   25 never executed
branch 26 never executed (fallthrough)
branch 27 never executed (throw)
    %%%%%:  139-block 11
call   28 never executed
call   29 never executed
       34:  139-block 12
call   30 returned 34
       34:  139-block 13
       34:  139-block 14
branch 31 taken 34
branch 32 taken 0
branch 33 taken 0
       34:  139-block 15
call   34 returned 34
call   35 returned 34
branch 36 taken 34 (fallthrough)
branch 37 taken 0 (throw)
    $$$$$:  139-block 16
call   38 never executed
call   39 never executed
branch 40 never executed (fallthrough)
branch 41 never executed (throw)
    $$$$$:  139-block 17
call   42 never executed
branch 43 never executed (fallthrough)
branch 44 never executed (throw)
    $$$$$:  139-block 18
call   45 never executed
branch 46 never executed (fallthrough)
branch 47 never executed (throw)
    $$$$$:  139-block 19
call   48 never executed
call   49 never executed
branch 50 never executed (fallthrough)
branch 51 never executed (throw)
    $$$$$:  139-block 20
call   52 never executed
call   53 never executed
branch 54 never executed (fallthrough)
branch 55 never executed (throw)
    $$$$$:  139-block 21
call   56 never executed
branch 57 never executed (fallthrough)
branch 58 never executed (throw)
    $$$$$:  139-block 22
    $$$$$:  139-block 23
call   59 never executed
    $$$$$:  139-block 24
call   60 never executed
call   61 never executed
branch 62 never executed (fallthrough)
branch 63 never executed (throw)
    $$$$$:  139-block 25
    $$$$$:  139-block 26
call   64 never executed
branch 65 never executed (fallthrough)
branch 66 never executed (throw)
    $$$$$:  139-block 27
call   67 never executed
    $$$$$:  139-block 28
    $$$$$:  139-block 29
call   68 never executed
    $$$$$:  139-block 30
call   69 never executed
    $$$$$:  139-block 31
call   70 never executed
    $$$$$:  139-block 32
    $$$$$:  139-block 33
call   71 never executed
    $$$$$:  139-block 34
    $$$$$:  139-block 35
call   72 never executed
        -:  140:
       34:  141:}
call    0 returned 34
call    1 returned 34
    $$$$$:  141-block  0
call    2 never executed
    $$$$$:  141-block  1
call    3 never executed
------------------
_ZN39LexerTest_TokenizeUnrecognisedChar_Test13AddToRegistryEv:
function _ZN39LexerTest_TokenizeUnrecognisedChar_Test13AddToRegistryEv called 1 returned 100% blocks executed 53%
        5:  135:TEST_P(LexerTest, TokenizeUnrecognisedChar) {
        1:  135-block  0
call    0 returned 1
call    1 returned 1
        1:  135-block  1
call    2 returned 1
branch  3 taken 1 (fallthrough)
branch  4 taken 0 (throw)
        1:  135-block  2
call    5 returned 1
branch  6 taken 1 (fallthrough)
branch  7 taken 0 (throw)
        1:  135-block  3
call    8 returned 1
branch  9 taken 1 (fallthrough)
branch 10 taken 0 (throw)
        1:  135-block  4
        1:  135-block  5
call   11 returned 1
branch 12 taken 1 (fallthrough)
branch 13 taken 0 (throw)
        1:  135-block  6
call   14 returned 1
branch 15 taken 1 (fallthrough)
branch 16 taken 0 (throw)
        1:  135-block  7
call   17 returned 1
branch 18 taken 1 (fallthrough)
branch 19 taken 0 (throw)
        1:  135-block  8
call   20 returned 1
call   21 returned 1
branch 22 taken 1 (fallthrough)
branch 23 taken 0 (throw)
        1:  135-block  9
call   24 returned 1
call   25 returned 1
call   26 returned 1
call   27 returned 1
        1:  135-block 10
    $$$$$:  135-block 11
branch 28 never executed (fallthrough)
branch 29 never executed
    $$$$$:  135-block 12
call   30 never executed
    $$$$$:  135-block 13
call   31 never executed
    $$$$$:  135-block 14
call   32 never executed
    $$$$$:  135-block 15
    $$$$$:  135-block 16
    $$$$$:  135-block 17
    $$$$$:  135-block 18
call   33 never executed
    $$$$$:  135-block 19
call   34 never executed
    $$$$$:  135-block 20
    $$$$$:  135-block 21
------------------
_ZN39LexerTest_TokenizeUnrecognisedChar_TestC1Ev:
function _ZN39LexerTest_TokenizeUnrecognisedChar_TestC1Ev called 34 returned 100% blocks executed 100%
       34:  135:TEST_P(LexerTest, TokenizeUnrecognisedChar) {
       34:  135-block  0
call    0 returned 34
------------------
        -:  142:
        -:  143:
